timestamp: 2022-06-04T23:57:49.182034
CREATE TABLE "auth_user"(
    "id" INTEGER PRIMARY KEY AUTOINCREMENT,
    "username" CHAR(512) UNIQUE,
    "email" CHAR(512) UNIQUE,
    "password" CHAR(512),
    "first_name" CHAR(512),
    "last_name" CHAR(512),
    "sso_id" CHAR(512),
    "action_token" CHAR(512),
    "last_password_change" TIMESTAMP
);
success!
timestamp: 2022-06-04T23:57:49.196087
CREATE TABLE "auth_user_tag_groups"(
    "id" INTEGER PRIMARY KEY AUTOINCREMENT,
    "tagpath" CHAR(512),
    "record_id" INTEGER REFERENCES "auth_user" ("id") ON DELETE CASCADE  
);
success!
timestamp: 2022-06-04T23:57:49.212569
CREATE TABLE "person"(
    "id" INTEGER PRIMARY KEY AUTOINCREMENT,
    "name" CHAR(512),
    "job" CHAR(512)
);
success!
timestamp: 2022-06-04T23:57:49.223924
CREATE TABLE "superhero"(
    "id" INTEGER PRIMARY KEY AUTOINCREMENT,
    "name" CHAR(512),
    "real_identity" INTEGER REFERENCES "person" ("id") ON DELETE CASCADE  
);
success!
timestamp: 2022-06-04T23:57:49.232572
CREATE TABLE "superpower"(
    "id" INTEGER PRIMARY KEY AUTOINCREMENT,
    "description" CHAR(512)
);
success!
timestamp: 2022-06-04T23:57:49.244882
CREATE TABLE "tag"(
    "id" INTEGER PRIMARY KEY AUTOINCREMENT,
    "superhero" INTEGER REFERENCES "superhero" ("id") ON DELETE CASCADE  ,
    "superpower" INTEGER REFERENCES "superpower" ("id") ON DELETE CASCADE  ,
    "strength" INTEGER
);
success!
timestamp: 2022-06-04T23:57:49.256459
CREATE TABLE "product"(
    "id" INTEGER PRIMARY KEY AUTOINCREMENT,
    "product_name" CHAR(512),
    "product_quantity" INTEGER,
    "product_cost" DOUBLE,
    "mail_order" CHAR(1),
    "created_by" CHAR(512),
    "creation_date" TIMESTAMP
);
success!
timestamp: 2022-06-04T23:57:49.263882
CREATE TABLE "thing"(
    "id" INTEGER PRIMARY KEY AUTOINCREMENT,
    "name" CHAR(512),
    "color" CHAR(512),
    "is_ready" CHAR(1),
    "time_created" TIME,
    "date_created" DATE,
    "timetime_created" TIMESTAMP
);
success!
timestamp: 2022-06-05T00:04:50.822112
CREATE TABLE "vue_form_table"(
    "id" INTEGER PRIMARY KEY AUTOINCREMENT,
    "first_name" CHAR(512),
    "last_name" CHAR(512),
    "read" CHAR(1),
    "animal" CHAR(512),
    "arrival_time" TIMESTAMP,
    "date_of_birth" DATE,
    "narrative" TEXT
);
success!
