'http://momentjs.com/guides/#/warnings/js-date/ for more info.'
"http://www.w3.org/1999/xhtml"
"http://a1.twimg.com/profile_images/113868655/schrei_twitter_reasonably_small.jpg"
"http://www.google.de"
"http://www.google.de/logo.jpg"
"http://www.google.com"
"http://www.w3.org/2000/svg"
"http://www.w3.org/1999/xlink"
"https://player.vimeo.com/video/"
"https://cdn.plyr.io/2.0.17/plyr.svg"
"https://cdn.plyr.io/static/blank.mp4"
"https://player.vimeo.com/api/player.js"
"https://www.youtube.com/iframe_api"
"https://w.soundcloud.com/player/api.js"
'https://cdn.rawgit.com/highcharts/highcharts/057b672172ccc6c08fe7dbb27fc17ebca3f5b770/samples/data/usdeur.json'
"https://thebulletin.org/2006/july/global-nuclear-stockpiles-1945-2006"
"https://www.armscontrol.org/factsheets/Nuclearweaponswhohaswhat"
"http://www.bohemiancoding.com/sketch/ns"
"http://example.com/img/picture.jpg"
"http://svgjs.com/svgjs"
"http://www.w3.org/2000/xmlns/"
'http://www.w3.org/1999/xhtml'
'https://sweetalert2.github.io/#ajax-request'
"http://www.macromedia.com/go/getflashplayer"
"http://schemas.openxmlformats.org/package/2006/relationships"
"http://schemas.openxmlformats.org/officeDocument/2006/relationships/officeDocument"
"http://schemas.openxmlformats.org/officeDocument/2006/relationships/worksheet"
"http://schemas.openxmlformats.org/officeDocument/2006/relationships/styles"
"http://schemas.openxmlformats.org/package/2006/content-types"
"http://schemas.openxmlformats.org/spreadsheetml/2006/main"
"http://schemas.openxmlformats.org/officeDocument/2006/relationships"
"http://schemas.openxmlformats.org/markup-compatibility/2006"
"http://schemas.microsoft.com/office/spreadsheetml/2009/9/ac"
"http://www.highcharts.com"
'http://www.w3.org/2000/svg'
'http://www.w3.org/1999/xlink'
'http://www.highcharts.com'
