deskapp/faq.html
deskapp/404.html
deskapp/500.html
deskapp/403.html
deskapp/400.html
deskapp/503.html
deskapp/chat.html
deskapp/blog.html
deskapp/login.html
deskapp/index.html
deskapp/blank.html
deskapp/index3.html
deskapp/index2.html
deskapp/ui-tabs.html
deskapp/themify.html
deskapp/sitemap.html
deskapp/profile.html
deskapp/product.html
deskapp/invoice.html
deskapp/gallery.html
deskapp/ui-cards.html
deskapp/register.html
deskapp/ionicons.html
deskapp/calendar.html
deskapp/ui-modals.html
deskapp/highchart.html
deskapp/datatable.html
deskapp/ui-buttons.html
deskapp/knob-chart.html
deskapp/jvectormap.html
deskapp/foundation.html
deskapp/form-basic.html
deskapp/apexcharts.html
deskapp/ui-timeline.html
deskapp/ui-carousel.html
deskapp/form-wizard.html
deskapp/custom-icon.html
deskapp/basic-table.html
deskapp/blog-detail.html
deskapp/video-player.html
deskapp/introduction.html
deskapp/html5-editor.html
deskapp/form-pickers.html
deskapp/font-awesome.html
deskapp/ui-typography.html
deskapp/ui-list-group.html
deskapp/pricing-table.html
deskapp/image-cropper.html
deskapp/ui-sweet-alert.html
deskapp/ui-progressbar.html
deskapp/ui-cards-hover.html
deskapp/reset-password.html
deskapp/product-detail.html
deskapp/image-dropzone.html
deskapp/color-settings.html
deskapp/ui-range-slider.html
deskapp/ui-notification.html
deskapp/getting-started.html
deskapp/forgot-password.html
deskapp/contact-directory.html
deskapp/ui-tooltip-popover.html
deskapp/third-party-plugins.html
deskapp/advanced-components.html
src/plugins/bootstrap-select/test.html
deskapp/src/plugins/bootstrap-select/test.html
LICENSE
README.md
favicon.ico
gulpfile.js
package.json
sr_in_html.yml
deskapp/LICENSE
package-lock.json
ISSUE_TEMPLATE.md
deskapp/README.md
src/images/img.jpg
CODE_OF_CONDUCT.md
src/images/plyr.svg
src/images/img5.jpg
src/images/img4.jpg
src/images/img3.jpg
src/images/img2.jpg
src/images/img1.jpg
src/images/demo.svg
src/images/edge.png
deskapp/gulpfile.js
src/styles/media.css
src/styles/style.css
src/styles/theme.css
src/images/opera.png
deskapp/package.json
src/scripts/moment.js
src/images/safari.png
src/images/photo9.jpg
src/images/photo8.jpg
src/images/photo5.jpg
src/images/photo7.jpg
src/images/photo4.jpg
src/images/person.svg
src/images/photo1.jpg
src/images/photo3.jpg
src/images/photo6.jpg
src/images/photo2.jpg
src/images/github.svg
src/images/cancel.svg
src/images/chrome.png
src/scripts/setting.js
src/images/upgrade.svg
src/images/success.png
src/images/firefox.png
vendors/images/wave.png
vendors/images/tick.svg
vendors/images/plyr.svg
vendors/images/demo.svg
vendors/images/cross.png
src/images/product-5.jpg
src/images/product-4.jpg
src/images/product-2.jpg
src/images/product-3.jpg
src/images/product-1.jpg
src/images/page-icon.svg
src/images/logo-icon.png
src/images/menu-icon.svg
src/images/icon-Cash.png
src/images/briefcase.svg
src/images/chat-img2.jpg
src/images/chat-img1.jpg
vendors/scripts/script.js
vendors/images/photo7.jpg
vendors/images/cancel.svg
src/scripts/jquery.min.js
src/images/new-loader.gif
src/images/modal-img3.jpg
src/images/modal-img2.jpg
src/images/modal-img1.jpg
src/images/icon-debit.png
src/images/banner-img.png
deskapp/package-lock.json
deskapp/ISSUE_TEMPLATE.md
vendors/fonts/dropways.css
src/images/coming-soon.png
deskapp/src/images/img.jpg
deskapp/CODE_OF_CONDUCT.md
vendors/styles/core.min.css
vendors/scripts/core.min.js
src/images/remedy-amico.svg
src/images/product-img4.jpg
src/images/product-img3.jpg
src/images/product-img2.jpg
src/images/product-img1.jpg
src/images/medicine-bro.svg
src/images/deskapp-logo.svg
deskapp/src/images/wave.png
deskapp/src/images/tick.svg
deskapp/src/images/plyr.svg
deskapp/src/images/img5.jpg
deskapp/src/images/img4.jpg
deskapp/src/images/img3.jpg
deskapp/src/images/img2.jpg
deskapp/src/images/img1.jpg
deskapp/src/images/demo.svg
deskapp/src/images/edge.png
vendors/styles/style.min.css
vendors/styles/icon-font.css
vendors/images/page-icon.svg
vendors/images/logo-icon.png
vendors/images/menu-icon.svg
src/scripts/clipboard.min.js
src/images/profile-photo.jpg
src/images/favicon-16x16.png
src/images/favicon-32x32.png
deskapp/src/styles/style.css
deskapp/src/styles/theme.css
deskapp/src/styles/media.css
deskapp/src/images/opera.png
deskapp/src/images/cross.png
vendors/images/new-loader.gif
vendors/images/check-mark.png
vendors/fonts/FontAwesome.otf
src/images/login-page-img.png
deskapp/src/scripts/moment.js
deskapp/src/images/safari.png
deskapp/src/images/photo9.jpg
deskapp/src/images/photo8.jpg
deskapp/src/images/photo5.jpg
deskapp/src/images/photo7.jpg
deskapp/src/images/photo4.jpg
deskapp/src/images/photo6.jpg
deskapp/src/images/person.svg
deskapp/src/images/photo1.jpg
deskapp/src/images/photo3.jpg
deskapp/src/images/photo2.jpg
deskapp/src/images/github.svg
deskapp/src/images/cancel.svg
deskapp/src/images/chrome.png
src/plugins/plyr/dist/plyr.svg
src/images/upload-file-img.jpg
src/images/paper-map-cuate.svg
src/images/forgot-password.png
deskapp/vendors/images/img.jpg
deskapp/src/scripts/setting.js
deskapp/src/images/upgrade.svg
deskapp/src/images/success.png
deskapp/src/images/firefox.png
vendors/images/caution-sign.png
src/images/apple-touch-icon.png
src/fonts/dropways/dropways.ttf
src/fonts/dropways/dropways.svg
src/fonts/dropways/dropways.eot
src/fonts/dropways/dropways.css
deskapp/vendors/styles/core.css
deskapp/vendors/scripts/core.js
deskapp/vendors/images/wave.png
deskapp/vendors/images/tick.svg
deskapp/vendors/images/plyr.svg
deskapp/vendors/images/img5.jpg
deskapp/vendors/images/img4.jpg
deskapp/vendors/images/img3.jpg
deskapp/vendors/images/img2.jpg
deskapp/vendors/images/img1.jpg
deskapp/vendors/images/demo.svg
deskapp/vendors/images/edge.png
src/images/register-page-img.png
src/images/internet-explorer.png
src/fonts/dropways/dropways.woff
deskapp/vendors/styles/style.css
deskapp/vendors/images/opera.png
deskapp/vendors/images/cross.png
deskapp/src/images/product-5.jpg
deskapp/src/images/product-4.jpg
deskapp/src/images/product-2.jpg
deskapp/src/images/product-3.jpg
deskapp/src/images/product-1.jpg
deskapp/src/images/page-icon.svg
deskapp/src/images/logo-icon.png
deskapp/src/images/menu-icon.svg
deskapp/src/images/icon-Cash.png
deskapp/src/images/briefcase.svg
deskapp/src/images/chat-img2.jpg
deskapp/src/images/chat-img1.jpg
src/images/layout/header-dark.png
src/images/icon-online-wallet.png
src/images/deskapp-logo-white.svg
deskapp/vendors/scripts/script.js
deskapp/vendors/images/safari.png
deskapp/vendors/images/photo9.jpg
deskapp/vendors/images/photo8.jpg
deskapp/vendors/images/photo5.jpg
deskapp/vendors/images/photo7.jpg
deskapp/vendors/images/photo6.jpg
deskapp/vendors/images/person.svg
deskapp/vendors/images/photo1.jpg
deskapp/vendors/images/photo3.jpg
deskapp/vendors/images/photo2.jpg
deskapp/vendors/images/photo4.jpg
deskapp/vendors/images/github.svg
deskapp/vendors/images/chrome.png
deskapp/vendors/images/cancel.svg
deskapp/vendors/fonts/themify.svg
deskapp/vendors/fonts/themify.ttf
deskapp/vendors/fonts/themify.eot
deskapp/src/scripts/jquery.min.js
deskapp/src/images/new-loader.gif
deskapp/src/images/modal-img3.jpg
deskapp/src/images/modal-img2.jpg
deskapp/src/images/modal-img1.jpg
deskapp/src/images/icon-debit.png
deskapp/src/images/check-mark.png
deskapp/src/images/banner-img.png
vendors/fonts/foundation-icons.css
src/plugins/bootstrap/bootstrap.js
src/images/layout/header-white.png
src/images/layout/sidebar-dark.png
deskapp/vendors/scripts/process.js
deskapp/vendors/images/upgrade.svg
deskapp/vendors/images/success.png
deskapp/vendors/images/firefox.png
deskapp/vendors/fonts/themify.woff
deskapp/vendors/fonts/ionicons.ttf
deskapp/vendors/fonts/ionicons.svg
deskapp/vendors/fonts/ionicons.eot
deskapp/vendors/fonts/dropways.ttf
deskapp/vendors/fonts/dropways.svg
deskapp/vendors/fonts/dropways.eot
deskapp/vendors/fonts/dropways.css
deskapp/src/images/coming-soon.png
vendors/images/check-mark-green.png
src/plugins/bootstrap/popper.min.js
src/plugins/bootstrap/bootstrap.css
src/plugins/dropzone/src/basic.scss
src/images/layout/sidebar-white.png
deskapp/vendors/styles/core.min.css
deskapp/vendors/scripts/core.min.js
deskapp/vendors/fonts/ionicons.woff
deskapp/vendors/fonts/dropways.woff
deskapp/src/plugins/slick/slick.css
deskapp/src/images/remedy-amico.svg
deskapp/src/images/product-img4.jpg
deskapp/src/images/product-img3.jpg
deskapp/src/images/product-img2.jpg
deskapp/src/images/product-img1.jpg
deskapp/src/images/medicine-bro.svg
deskapp/src/images/deskapp-logo.svg
deskapp/src/images/caution-sign.png
vendors/images/internet-explorer.png
deskapp/vendors/styles/style.min.css
deskapp/vendors/styles/icon-font.css
deskapp/vendors/scripts/dashboard.js
deskapp/vendors/images/product-5.jpg
deskapp/vendors/images/product-4.jpg
deskapp/vendors/images/product-2.jpg
deskapp/vendors/images/product-3.jpg
deskapp/vendors/images/product-1.jpg
deskapp/vendors/images/page-icon.svg
deskapp/vendors/images/logo-icon.png
deskapp/vendors/images/menu-icon.svg
deskapp/vendors/images/icon-Cash.png
deskapp/vendors/images/chat-img2.jpg
deskapp/vendors/images/chat-img1.jpg
deskapp/vendors/images/briefcase.svg
deskapp/src/scripts/clipboard.min.js
deskapp/src/images/profile-photo.jpg
deskapp/src/images/favicon-16x16.png
deskapp/src/images/favicon-32x32.png
src/plugins/apexcharts/apexcharts.css
deskapp/vendors/scripts/script.min.js
deskapp/vendors/scripts/dashboard3.js
deskapp/vendors/scripts/dashboard2.js
deskapp/vendors/images/new-loader.gif
deskapp/vendors/images/modal-img1.jpg
deskapp/vendors/images/modal-img3.jpg
deskapp/vendors/images/modal-img2.jpg
deskapp/vendors/images/icon-debit.png
deskapp/vendors/images/check-mark.png
deskapp/vendors/images/banner-img.png
deskapp/vendors/fonts/FontAwesome.otf
deskapp/src/plugins/plyr/dist/plyr.js
deskapp/src/images/login-page-img.png
src/plugins/timedropper/timedropper.js
src/plugins/bootstrap/bootstrap.min.js
src/plugins/select2/dist/js/select2.js
src/plugins/select2/dist/js/i18n/tk.js
src/plugins/select2/dist/js/i18n/tr.js
src/plugins/select2/dist/js/i18n/sv.js
src/plugins/select2/dist/js/i18n/sk.js
src/plugins/select2/dist/js/i18n/vi.js
src/plugins/select2/dist/js/i18n/uk.js
src/plugins/select2/dist/js/i18n/sr.js
src/plugins/select2/dist/js/i18n/sl.js
src/plugins/select2/dist/js/i18n/ps.js
src/plugins/select2/dist/js/i18n/ro.js
src/plugins/select2/dist/js/i18n/pl.js
src/plugins/select2/dist/js/i18n/th.js
src/plugins/select2/dist/js/i18n/ja.js
src/plugins/select2/dist/js/i18n/hy.js
src/plugins/select2/dist/js/i18n/is.js
src/plugins/select2/dist/js/i18n/pt.js
src/plugins/select2/dist/js/i18n/ru.js
src/plugins/select2/dist/js/i18n/lv.js
src/plugins/select2/dist/js/i18n/nl.js
src/plugins/select2/dist/js/i18n/id.js
src/plugins/select2/dist/js/i18n/mk.js
src/plugins/select2/dist/js/i18n/ms.js
src/plugins/select2/dist/js/i18n/it.js
src/plugins/select2/dist/js/i18n/lt.js
src/plugins/select2/dist/js/i18n/nb.js
src/plugins/select2/dist/js/i18n/ko.js
src/plugins/select2/dist/js/i18n/km.js
src/plugins/select2/dist/js/i18n/hu.js
src/plugins/select2/dist/js/i18n/el.js
src/plugins/select2/dist/js/i18n/gl.js
src/plugins/select2/dist/js/i18n/et.js
src/plugins/select2/dist/js/i18n/fr.js
src/plugins/select2/dist/js/i18n/fi.js
src/plugins/select2/dist/js/i18n/en.js
src/plugins/select2/dist/js/i18n/hr.js
src/plugins/select2/dist/js/i18n/eu.js
src/plugins/select2/dist/js/i18n/es.js
src/plugins/select2/dist/js/i18n/fa.js
src/plugins/select2/dist/js/i18n/he.js
src/plugins/select2/dist/js/i18n/de.js
src/plugins/select2/dist/js/i18n/da.js
src/plugins/select2/dist/js/i18n/bs.js
src/plugins/select2/dist/js/i18n/az.js
src/plugins/select2/dist/js/i18n/ar.js
src/plugins/select2/dist/js/i18n/bg.js
src/plugins/select2/dist/js/i18n/hi.js
src/plugins/select2/dist/js/i18n/af.js
src/plugins/select2/dist/js/i18n/ca.js
src/plugins/select2/dist/js/i18n/cs.js
src/plugins/dropzone/src/dropzone.scss
src/plugins/datatables/js/jszip.min.js
deskapp/vendors/scripts/colorpicker.js
deskapp/vendors/images/coming-soon.png
deskapp/src/plugins/slick/slick.min.js
deskapp/src/plugins/plyr/dist/plyr.svg
deskapp/src/plugins/plyr/dist/plyr.css
deskapp/src/images/upload-file-img.jpg
deskapp/src/images/paper-map-cuate.svg
deskapp/src/images/forgot-password.png
src/plugins/timedropper/timedropper.css
src/plugins/bootstrap/bootstrap.min.css
src/plugins/select2/dist/js/i18n/hsb.js
src/plugins/select2/dist/js/i18n/dsb.js
deskapp/vendors/images/remedy-amico.svg
deskapp/vendors/images/product-img4.jpg
deskapp/vendors/images/product-img3.jpg
deskapp/vendors/images/product-img2.jpg
deskapp/vendors/images/product-img1.jpg
deskapp/vendors/images/medicine-bro.svg
deskapp/vendors/images/deskapp-logo.svg
deskapp/vendors/images/caution-sign.png
deskapp/src/images/apple-touch-icon.png
deskapp/src/images/check-mark-green.png
deskapp/src/fonts/dropways/dropways.ttf
deskapp/src/fonts/dropways/dropways.svg
deskapp/src/fonts/dropways/dropways.eot
deskapp/src/fonts/dropways/dropways.css
src/plugins/select2/dist/css/select2.css
deskapp/vendors/styles/icon-font.min.css
deskapp/vendors/scripts/steps-setting.js
deskapp/vendors/images/profile-photo.jpg
deskapp/vendors/images/favicon-16x16.png
deskapp/vendors/images/favicon-32x32.png
deskapp/src/images/register-page-img.png
deskapp/src/images/internet-explorer.png
deskapp/src/fonts/dropways/dropways.woff
src/plugins/bootstrap-select/js/.jshintrc
src/plugins/select2/dist/js/i18n/pt-BR.js
src/plugins/select2/dist/js/i18n/zh-CN.js
src/plugins/select2/dist/js/i18n/zh-TW.js
src/plugins/highlight.js/src/highlight.js
src/plugins/cropperjs/dist/cropper.esm.js
src/plugins/cropperjs/dist/cropper.min.js
src/fonts/themify-icons/fonts/themify.svg
src/fonts/themify-icons/fonts/themify.ttf
src/fonts/themify-icons/fonts/themify.eot
src/fonts/themify-icons/themify-icons.css
deskapp/vendors/images/login-page-img.png
deskapp/src/images/layout/header-dark.png
deskapp/src/images/icon-online-wallet.png
deskapp/src/images/deskapp-logo-white.svg
src/plugins/timedropper/timedropper.min.js
src/plugins/select2/dist/js/select2.min.js
src/plugins/cropperjs/dist/cropper.min.css
src/fonts/themify-icons/fonts/themify.woff
src/fonts/ionicons-master/css/ionicons.css
deskapp/vendors/scripts/layout-settings.js
deskapp/vendors/images/upload-file-img.jpg
deskapp/vendors/images/paper-map-cuate.svg
deskapp/vendors/images/forgot-password.png
deskapp/vendors/fonts/foundation-icons.ttf
deskapp/vendors/fonts/foundation-icons.svg
deskapp/vendors/fonts/foundation-icons.eot
deskapp/vendors/fonts/foundation-icons.css
deskapp/src/plugins/bootstrap/bootstrap.js
deskapp/src/images/layout/header-white.png
deskapp/src/images/layout/sidebar-dark.png
src/plugins/jvectormap/jquery-jvectormap.js
src/plugins/timedropper/timedropper.min.css
src/plugins/select2/dist/js/select2.full.js
src/plugins/select2/dist/js/i18n/sr-Cyrl.js
src/fonts/font-awesome/css/font-awesome.css
deskapp/vendors/scripts/calendar-setting.js
deskapp/vendors/images/check-mark-green.png
deskapp/vendors/images/apple-touch-icon.png
deskapp/vendors/fonts/foundation-icons.woff
deskapp/src/plugins/bootstrap/popper.min.js
deskapp/src/plugins/bootstrap/bootstrap.css
deskapp/src/plugins/dropzone/src/basic.scss
deskapp/src/images/layout/sidebar-white.png
src/plugins/jvectormap/jquery-jvectormap.css
src/plugins/select2/dist/css/select2.min.css
src/plugins/cropperjs/dist/cropper.common.js
src/fonts/ionicons-master/fonts/ionicons.ttf
src/fonts/ionicons-master/fonts/ionicons.svg
src/fonts/ionicons-master/fonts/ionicons.eot
src/fonts/font-awesome/fonts/FontAwesome.otf
deskapp/vendors/scripts/highchart-setting.js
deskapp/vendors/scripts/datatable-setting.js
deskapp/vendors/images/register-page-img.png
deskapp/vendors/images/internet-explorer.png
deskapp/src/plugins/dropzone/src/dropzone.js
vendors/fonts/themify-icons/themify-icons.css
src/fonts/ionicons-master/fonts/ionicons.woff
deskapp/vendors/scripts/jvectormap-setting.js
deskapp/vendors/scripts/knob-chart-setting.js
deskapp/vendors/scripts/apexcharts-setting.js
deskapp/vendors/images/layout/header-dark.png
deskapp/vendors/images/icon-online-wallet.png
deskapp/vendors/images/deskapp-logo-white.svg
deskapp/vendors/fonts/fontawesome-webfont.ttf
deskapp/vendors/fonts/fontawesome-webfont.svg
deskapp/vendors/fonts/fontawesome-webfont.eot
deskapp/src/plugins/apexcharts/apexcharts.css
deskapp/src/plugins/dropzone/src/dropzone.css
deskapp/src/plugins/cropperjs/dist/cropper.js
vendors/fonts/ionicons-master/css/ionicons.css
src/plugins/highlight.js/src/highlight.pack.js
src/fonts/ionicons-master/css/ionicons.min.css
deskapp/vendors/scripts/advanced-components.js
deskapp/vendors/images/layout/header-white.png
deskapp/vendors/images/layout/sidebar-dark.png
deskapp/vendors/fonts/fontawesome-webfont.woff
deskapp/src/plugins/timedropper/timedropper.js
deskapp/src/plugins/bootstrap/bootstrap.min.js
deskapp/src/plugins/switchery/switchery.min.js
deskapp/src/plugins/select2/dist/js/select2.js
deskapp/src/plugins/select2/dist/js/i18n/tk.js
deskapp/src/plugins/select2/dist/js/i18n/tr.js
deskapp/src/plugins/select2/dist/js/i18n/vi.js
deskapp/src/plugins/select2/dist/js/i18n/uk.js
deskapp/src/plugins/select2/dist/js/i18n/sv.js
deskapp/src/plugins/select2/dist/js/i18n/sk.js
deskapp/src/plugins/select2/dist/js/i18n/sr.js
deskapp/src/plugins/select2/dist/js/i18n/sl.js
deskapp/src/plugins/select2/dist/js/i18n/ps.js
deskapp/src/plugins/select2/dist/js/i18n/ro.js
deskapp/src/plugins/select2/dist/js/i18n/pl.js
deskapp/src/plugins/select2/dist/js/i18n/th.js
deskapp/src/plugins/select2/dist/js/i18n/pt.js
deskapp/src/plugins/select2/dist/js/i18n/ru.js
deskapp/src/plugins/select2/dist/js/i18n/ja.js
deskapp/src/plugins/select2/dist/js/i18n/hy.js
deskapp/src/plugins/select2/dist/js/i18n/is.js
deskapp/src/plugins/select2/dist/js/i18n/lv.js
deskapp/src/plugins/select2/dist/js/i18n/nl.js
deskapp/src/plugins/select2/dist/js/i18n/id.js
deskapp/src/plugins/select2/dist/js/i18n/mk.js
deskapp/src/plugins/select2/dist/js/i18n/ms.js
deskapp/src/plugins/select2/dist/js/i18n/it.js
deskapp/src/plugins/select2/dist/js/i18n/lt.js
deskapp/src/plugins/select2/dist/js/i18n/nb.js
deskapp/src/plugins/select2/dist/js/i18n/ko.js
deskapp/src/plugins/select2/dist/js/i18n/km.js
deskapp/src/plugins/select2/dist/js/i18n/hu.js
deskapp/src/plugins/select2/dist/js/i18n/el.js
deskapp/src/plugins/select2/dist/js/i18n/gl.js
deskapp/src/plugins/select2/dist/js/i18n/et.js
deskapp/src/plugins/select2/dist/js/i18n/fr.js
deskapp/src/plugins/select2/dist/js/i18n/fi.js
deskapp/src/plugins/select2/dist/js/i18n/en.js
deskapp/src/plugins/select2/dist/js/i18n/hr.js
deskapp/src/plugins/select2/dist/js/i18n/eu.js
deskapp/src/plugins/select2/dist/js/i18n/es.js
deskapp/src/plugins/select2/dist/js/i18n/fa.js
deskapp/src/plugins/select2/dist/js/i18n/he.js
deskapp/src/plugins/select2/dist/js/i18n/de.js
deskapp/src/plugins/select2/dist/js/i18n/hi.js
deskapp/src/plugins/select2/dist/js/i18n/da.js
deskapp/src/plugins/select2/dist/js/i18n/bs.js
deskapp/src/plugins/select2/dist/js/i18n/az.js
deskapp/src/plugins/select2/dist/js/i18n/ar.js
deskapp/src/plugins/select2/dist/js/i18n/bg.js
deskapp/src/plugins/select2/dist/js/i18n/af.js
deskapp/src/plugins/select2/dist/js/i18n/ca.js
deskapp/src/plugins/select2/dist/js/i18n/cs.js
deskapp/src/plugins/dropzone/src/dropzone.scss
deskapp/src/plugins/datatables/js/vfs_fonts.js
deskapp/src/plugins/datatables/js/jszip.min.js
deskapp/src/plugins/cropperjs/dist/cropper.css
vendors/fonts/font-awesome/css/font-awesome.css
src/plugins/select2/dist/js/select2.full.min.js
src/fonts/foundation-icons/foundation-icons.ttf
src/fonts/foundation-icons/foundation-icons.svg
src/fonts/foundation-icons/foundation-icons.eot
src/fonts/foundation-icons/foundation-icons.css
src/fonts/font-awesome/css/font-awesome.min.css
deskapp/vendors/scripts/range-slider-setting.js
deskapp/vendors/images/layout/sidebar-white.png
deskapp/vendors/fonts/fontawesome-webfont.woff2
deskapp/src/plugins/timedropper/timedropper.css
deskapp/src/plugins/bootstrap/bootstrap.min.css
deskapp/src/plugins/switchery/switchery.min.css
deskapp/src/plugins/sweetalert2/sweetalert2.css
deskapp/src/plugins/select2/dist/js/i18n/hsb.js
deskapp/src/plugins/select2/dist/js/i18n/dsb.js
src/plugins/bootstrap-select/bootstrap-select.js
src/plugins/fancybox/dist/jquery.fancybox.min.js
src/plugins/air-datepicker/dist/js/datepicker.js
src/fonts/foundation-icons/foundation-icons.woff
deskapp/src/plugins/apexcharts/apexcharts.min.js
deskapp/src/plugins/select2/dist/css/select2.css
deskapp/src/plugins/jquery-steps/jquery.steps.js
deskapp/src/plugins/datatables/js/pdfmake.min.js
src/plugins/bootstrap-select/bootstrap-select.css
src/plugins/fancybox/dist/jquery.fancybox.min.css
deskapp/src/plugins/bootstrap-select/js/.jshintrc
deskapp/src/plugins/fullcalendar/fullcalendar.css
deskapp/src/plugins/select2/dist/js/i18n/zh-CN.js
deskapp/src/plugins/select2/dist/js/i18n/zh-TW.js
deskapp/src/plugins/select2/dist/js/i18n/pt-BR.js
deskapp/src/plugins/jquery-steps/jquery.steps.css
deskapp/src/plugins/highlight.js/src/highlight.js
deskapp/src/plugins/cropperjs/dist/cropper.min.js
deskapp/src/plugins/cropperjs/dist/cropper.esm.js
deskapp/src/fonts/themify-icons/fonts/themify.ttf
deskapp/src/fonts/themify-icons/fonts/themify.svg
deskapp/src/fonts/themify-icons/fonts/themify.eot
deskapp/src/fonts/themify-icons/themify-icons.css
vendors/fonts/ionicons-master/css/ionicons.min.css
src/plugins/highcharts-6.0.7/code/highcharts-3d.js
src/plugins/air-datepicker/dist/css/datepicker.css
deskapp/src/plugins/timedropper/timedropper.min.js
deskapp/src/plugins/sweetalert2/sweetalert2.all.js
deskapp/src/plugins/select2/dist/js/select2.min.js
deskapp/src/plugins/datatables/images/sort_asc.png
deskapp/src/plugins/cropperjs/dist/cropper.min.css
deskapp/src/plugins/cropperjs/dist/cropper-init.js
deskapp/src/fonts/themify-icons/fonts/themify.woff
deskapp/src/fonts/ionicons-master/css/ionicons.css
vendors/fonts/font-awesome/css/font-awesome.min.css
src/plugins/bootstrap-select/js/i18n/defaults-eu.js
src/plugins/bootstrap-select/js/bootstrap-select.js
src/plugins/highcharts-6.0.7/code/highcharts.src.js
src/plugins/highcharts-6.0.7/code/highcharts.js.map
deskapp/src/plugins/jvectormap/jquery-jvectormap.js
deskapp/src/plugins/timedropper/timedropper.min.css
deskapp/src/plugins/sweetalert2/sweet-alert.init.js
deskapp/src/plugins/select2/dist/js/select2.full.js
deskapp/src/plugins/select2/dist/js/i18n/sr-Cyrl.js
deskapp/src/plugins/datatables/images/sort_both.png
deskapp/src/plugins/datatables/images/sort_desc.png
deskapp/src/fonts/font-awesome/css/font-awesome.css
src/plugins/bootstrap-select/bootstrap-select.min.js
src/plugins/wysihtml5-master/dist/wysihtml5-0.3.0.js
src/plugins/datatables/css/jquery.dataTables.min.css
src/plugins/air-datepicker/dist/js/datepicker.min.js
src/fonts/font-awesome/fonts/fontawesome-webfont.ttf
src/fonts/font-awesome/fonts/fontawesome-webfont.svg
src/fonts/font-awesome/fonts/fontawesome-webfont.eot
deskapp/src/plugins/jvectormap/jquery-jvectormap.css
deskapp/src/plugins/fullcalendar/fullcalendar.min.js
deskapp/src/plugins/select2/dist/css/select2.min.css
deskapp/src/plugins/fancybox/dist/jquery.fancybox.js
deskapp/src/plugins/cropperjs/dist/cropper.common.js
deskapp/src/fonts/ionicons-master/fonts/ionicons.ttf
deskapp/src/fonts/ionicons-master/fonts/ionicons.svg
deskapp/src/fonts/ionicons-master/fonts/ionicons.eot
deskapp/src/fonts/font-awesome/fonts/FontAwesome.otf
src/plugins/bootstrap-select/bootstrap-select.min.css
src/fonts/font-awesome/fonts/fontawesome-webfont.woff
deskapp/vendors/fonts/themify-icons/themify-icons.css
deskapp/src/plugins/fancybox/dist/jquery.fancybox.css
deskapp/src/fonts/ionicons-master/fonts/ionicons.woff
src/plugins/bootstrap-select/js/i18n/defaults-ua_UA.js
src/plugins/bootstrap-select/js/i18n/defaults-ru_RU.js
src/plugins/bootstrap-select/js/i18n/defaults-ro_RO.js
src/plugins/bootstrap-select/js/i18n/defaults-zh_CN.js
src/plugins/bootstrap-select/js/i18n/defaults-zh_TW.js
src/plugins/bootstrap-select/js/i18n/defaults-vi_VN.js
src/plugins/bootstrap-select/js/i18n/defaults-tr_TR.js
src/plugins/bootstrap-select/js/i18n/defaults-sv_SE.js
src/plugins/bootstrap-select/js/i18n/defaults-kh_KM.js
src/plugins/bootstrap-select/js/i18n/defaults-sl_SI.js
src/plugins/bootstrap-select/js/i18n/defaults-sk_SK.js
src/plugins/bootstrap-select/js/i18n/defaults-pt_BR.js
src/plugins/bootstrap-select/js/i18n/defaults-pt_PT.js
src/plugins/bootstrap-select/js/i18n/defaults-id_ID.js
src/plugins/bootstrap-select/js/i18n/defaults-nl_NL.js
src/plugins/bootstrap-select/js/i18n/defaults-ko_KR.js
src/plugins/bootstrap-select/js/i18n/defaults-nb_NO.js
src/plugins/bootstrap-select/js/i18n/defaults-ja_JP.js
src/plugins/bootstrap-select/js/i18n/defaults-lt_LT.js
src/plugins/bootstrap-select/js/i18n/defaults-it_IT.js
src/plugins/bootstrap-select/js/i18n/defaults-pl_PL.js
src/plugins/bootstrap-select/js/i18n/defaults-da_DK.js
src/plugins/bootstrap-select/js/i18n/defaults-en_US.js
src/plugins/bootstrap-select/js/i18n/defaults-fi_FI.js
src/plugins/bootstrap-select/js/i18n/defaults-ar_AR.js
src/plugins/bootstrap-select/js/i18n/defaults-hu_HU.js
src/plugins/bootstrap-select/js/i18n/defaults-bg_BG.js
src/plugins/bootstrap-select/js/i18n/defaults-de_DE.js
src/plugins/bootstrap-select/js/i18n/defaults-es_CL.js
src/plugins/bootstrap-select/js/i18n/defaults-es_ES.js
src/plugins/bootstrap-select/js/i18n/defaults-fr_FR.js
src/plugins/bootstrap-select/js/i18n/defaults-et_EE.js
src/plugins/bootstrap-select/js/i18n/defaults-cs_CZ.js
src/plugins/bootstrap-select/js/i18n/defaults-fa_IR.js
src/plugins/highlight.js/src/styles/solarized-dark.css
src/plugins/highcharts-6.0.7/code/highcharts-3d.src.js
src/plugins/highcharts-6.0.7/code/highcharts-3d.js.map
src/plugins/air-datepicker/dist/css/datepicker.min.css
src/fonts/font-awesome/fonts/fontawesome-webfont.woff2
deskapp/vendors/fonts/ionicons-master/css/ionicons.css
deskapp/src/plugins/highlight.js/src/highlight.pack.js
deskapp/src/plugins/datatables/js/buttons.print.min.js
deskapp/src/plugins/datatables/js/buttons.flash.min.js
deskapp/src/plugins/datatables/js/buttons.html5.min.js
deskapp/src/fonts/ionicons-master/css/ionicons.min.css
deskapp/vendors/fonts/font-awesome/css/font-awesome.css
deskapp/src/plugins/select2/dist/js/select2.full.min.js
deskapp/src/plugins/highcharts-6.0.7/code/highcharts.js
deskapp/src/fonts/foundation-icons/foundation-icons.ttf
deskapp/src/fonts/foundation-icons/foundation-icons.svg
deskapp/src/fonts/foundation-icons/foundation-icons.eot
deskapp/src/fonts/foundation-icons/foundation-icons.css
deskapp/src/fonts/font-awesome/css/font-awesome.min.css
src/plugins/bootstrap-select/js/i18n/defaults-cro_CRO.js
src/plugins/bootstrap-select/dist/js/i18n/defaults-eu.js
src/plugins/bootstrap-select/dist/js/bootstrap-select.js
src/plugins/highcharts-6.0.7/code/highcharts-more.src.js
src/plugins/highcharts-6.0.7/code/highcharts-more.js.map
src/plugins/datatables/css/responsive.dataTables.min.css
src/plugins/air-datepicker/dist/js/i18n/datepicker.ro.js
src/plugins/air-datepicker/dist/js/i18n/datepicker.nl.js
src/plugins/air-datepicker/dist/js/i18n/datepicker.hu.js
src/plugins/air-datepicker/dist/js/i18n/datepicker.pl.js
src/plugins/air-datepicker/dist/js/i18n/datepicker.fr.js
src/plugins/air-datepicker/dist/js/i18n/datepicker.fi.js
src/plugins/air-datepicker/dist/js/i18n/datepicker.es.js
src/plugins/air-datepicker/dist/js/i18n/datepicker.en.js
src/plugins/air-datepicker/dist/js/i18n/datepicker.de.js
src/plugins/air-datepicker/dist/js/i18n/datepicker.zh.js
src/plugins/air-datepicker/dist/js/i18n/datepicker.sk.js
src/plugins/air-datepicker/dist/js/i18n/datepicker.pt.js
src/plugins/air-datepicker/dist/js/i18n/datepicker.da.js
src/plugins/air-datepicker/dist/js/i18n/datepicker.cs.js
deskapp/src/plugins/bootstrap-select/bootstrap-select.js
deskapp/src/plugins/fancybox/dist/jquery.fancybox.min.js
deskapp/src/plugins/air-datepicker/dist/js/datepicker.js
deskapp/src/fonts/foundation-icons/foundation-icons.woff
deskapp/src/plugins/bootstrap-select/bootstrap-select.css
deskapp/src/plugins/jQuery-Knob-master/jquery.knob.min.js
deskapp/src/plugins/jquery-asColor/dist/jquery-asColor.js
deskapp/src/plugins/fancybox/dist/jquery.fancybox.min.css
src/plugins/bootstrap-select/dist/css/bootstrap-select.css
deskapp/vendors/fonts/ionicons-master/css/ionicons.min.css
deskapp/src/plugins/jvectormap/jquery-jvectormap-2.0.3.css
deskapp/src/plugins/highcharts-6.0.7/code/highcharts-3d.js
deskapp/src/plugins/datatables/js/jquery.dataTables.min.js
deskapp/src/plugins/air-datepicker/dist/css/datepicker.css
src/plugins/bootstrap-select/dist/js/i18n/defaults-zh_CN.js
src/plugins/bootstrap-select/dist/js/i18n/defaults-sl_SI.js
src/plugins/bootstrap-select/dist/js/i18n/defaults-zh_TW.js
src/plugins/bootstrap-select/dist/js/i18n/defaults-sk_SK.js
src/plugins/bootstrap-select/dist/js/i18n/defaults-ua_UA.js
src/plugins/bootstrap-select/dist/js/i18n/defaults-vi_VN.js
src/plugins/bootstrap-select/dist/js/i18n/defaults-tr_TR.js
src/plugins/bootstrap-select/dist/js/i18n/defaults-sv_SE.js
src/plugins/bootstrap-select/dist/js/i18n/defaults-ru_RU.js
src/plugins/bootstrap-select/dist/js/i18n/defaults-ro_RO.js
src/plugins/bootstrap-select/dist/js/i18n/defaults-pt_BR.js
src/plugins/bootstrap-select/dist/js/i18n/defaults-pt_PT.js
src/plugins/bootstrap-select/dist/js/i18n/defaults-pl_PL.js
src/plugins/bootstrap-select/dist/js/i18n/defaults-nl_NL.js
src/plugins/bootstrap-select/dist/js/i18n/defaults-ko_KR.js
src/plugins/bootstrap-select/dist/js/i18n/defaults-nb_NO.js
src/plugins/bootstrap-select/dist/js/i18n/defaults-lt_LT.js
src/plugins/bootstrap-select/dist/js/i18n/defaults-lv_LV.js
src/plugins/bootstrap-select/dist/js/i18n/defaults-hr_HR.js
src/plugins/bootstrap-select/dist/js/i18n/defaults-kh_KM.js
src/plugins/bootstrap-select/dist/js/i18n/defaults-hu_HU.js
src/plugins/bootstrap-select/dist/js/i18n/defaults-id_ID.js
src/plugins/bootstrap-select/dist/js/i18n/defaults-ja_JP.js
src/plugins/bootstrap-select/dist/js/i18n/defaults-it_IT.js
src/plugins/bootstrap-select/dist/js/i18n/defaults-fi_FI.js
src/plugins/bootstrap-select/dist/js/i18n/defaults-fr_FR.js
src/plugins/bootstrap-select/dist/js/i18n/defaults-en_US.js
src/plugins/bootstrap-select/dist/js/i18n/defaults-de_DE.js
src/plugins/bootstrap-select/dist/js/i18n/defaults-et_EE.js
src/plugins/bootstrap-select/dist/js/i18n/defaults-fa_IR.js
src/plugins/bootstrap-select/dist/js/i18n/defaults-es_CL.js
src/plugins/bootstrap-select/dist/js/i18n/defaults-es_ES.js
src/plugins/bootstrap-select/dist/js/i18n/defaults-da_DK.js
src/plugins/bootstrap-select/dist/js/i18n/defaults-ar_AR.js
src/plugins/bootstrap-select/dist/js/i18n/defaults-bg_BG.js
src/plugins/bootstrap-select/dist/js/i18n/defaults-am_ET.js
src/plugins/bootstrap-select/dist/js/i18n/defaults-cs_CZ.js
src/plugins/air-datepicker/dist/js/i18n/datepicker.pt-BR.js
deskapp/vendors/fonts/font-awesome/css/font-awesome.min.css
deskapp/src/plugins/bootstrap-select/js/i18n/defaults-eu.js
deskapp/src/plugins/bootstrap-select/js/bootstrap-select.js
deskapp/src/plugins/ion-rangeslider/css/ion.rangeSlider.css
deskapp/src/plugins/highcharts-6.0.7/code/highcharts.src.js
deskapp/src/plugins/highcharts-6.0.7/code/highcharts.js.map
deskapp/src/plugins/datatables/js/dataTables.buttons.min.js
deskapp/src/plugins/datatables/js/buttons.bootstrap4.min.js
deskapp/src/plugins/datatables/images/sort_asc_disabled.png
src/plugins/bootstrap-select/dist/js/i18n/defaults-eu.min.js
src/plugins/bootstrap-select/dist/js/i18n/defaults-eu.js.map
src/plugins/bootstrap-select/dist/js/bootstrap-select.js.map
src/plugins/bootstrap-select/dist/js/bootstrap-select.min.js
deskapp/src/plugins/bootstrap-select/bootstrap-select.min.js
deskapp/src/plugins/wysihtml5-master/dist/wysihtml5-0.3.0.js
deskapp/src/plugins/jquery-asColorPicker/dist/images/hue.png
deskapp/src/plugins/highcharts-6.0.7/code/highcharts-more.js
deskapp/src/plugins/datatables/css/jquery.dataTables.min.css
deskapp/src/plugins/datatables/images/sort_desc_disabled.png
deskapp/src/plugins/air-datepicker/dist/js/datepicker.min.js
deskapp/src/fonts/font-awesome/fonts/fontawesome-webfont.ttf
deskapp/src/fonts/font-awesome/fonts/fontawesome-webfont.svg
deskapp/src/fonts/font-awesome/fonts/fontawesome-webfont.eot
src/plugins/bootstrap-wysihtml5-master/bootstrap-wysihtml5.js
deskapp/src/plugins/bootstrap-select/bootstrap-select.min.css
deskapp/src/plugins/jvectormap/jquery-jvectormap-2.0.3.min.js
deskapp/src/plugins/ion-rangeslider/js/ion.rangeSlider.min.js
deskapp/src/fonts/font-awesome/fonts/fontawesome-webfont.woff
src/plugins/bootstrap-select/dist/css/bootstrap-select.min.css
src/plugins/bootstrap-select/dist/css/bootstrap-select.css.map
src/plugins/bootstrap-wysihtml5-master/bootstrap-wysihtml5.css
deskapp/src/plugins/bootstrap-select/js/i18n/defaults-ua_UA.js
deskapp/src/plugins/bootstrap-select/js/i18n/defaults-zh_CN.js
deskapp/src/plugins/bootstrap-select/js/i18n/defaults-zh_TW.js
deskapp/src/plugins/bootstrap-select/js/i18n/defaults-vi_VN.js
deskapp/src/plugins/bootstrap-select/js/i18n/defaults-tr_TR.js
deskapp/src/plugins/bootstrap-select/js/i18n/defaults-sv_SE.js
deskapp/src/plugins/bootstrap-select/js/i18n/defaults-ru_RU.js
deskapp/src/plugins/bootstrap-select/js/i18n/defaults-ro_RO.js
deskapp/src/plugins/bootstrap-select/js/i18n/defaults-kh_KM.js
deskapp/src/plugins/bootstrap-select/js/i18n/defaults-sl_SI.js
deskapp/src/plugins/bootstrap-select/js/i18n/defaults-sk_SK.js
deskapp/src/plugins/bootstrap-select/js/i18n/defaults-pt_BR.js
deskapp/src/plugins/bootstrap-select/js/i18n/defaults-pt_PT.js
deskapp/src/plugins/bootstrap-select/js/i18n/defaults-id_ID.js
deskapp/src/plugins/bootstrap-select/js/i18n/defaults-nl_NL.js
deskapp/src/plugins/bootstrap-select/js/i18n/defaults-ko_KR.js
deskapp/src/plugins/bootstrap-select/js/i18n/defaults-nb_NO.js
deskapp/src/plugins/bootstrap-select/js/i18n/defaults-ja_JP.js
deskapp/src/plugins/bootstrap-select/js/i18n/defaults-lt_LT.js
deskapp/src/plugins/bootstrap-select/js/i18n/defaults-it_IT.js
deskapp/src/plugins/bootstrap-select/js/i18n/defaults-pl_PL.js
deskapp/src/plugins/bootstrap-select/js/i18n/defaults-da_DK.js
deskapp/src/plugins/bootstrap-select/js/i18n/defaults-en_US.js
deskapp/src/plugins/bootstrap-select/js/i18n/defaults-fi_FI.js
deskapp/src/plugins/bootstrap-select/js/i18n/defaults-ar_AR.js
deskapp/src/plugins/bootstrap-select/js/i18n/defaults-hu_HU.js
deskapp/src/plugins/bootstrap-select/js/i18n/defaults-bg_BG.js
deskapp/src/plugins/bootstrap-select/js/i18n/defaults-de_DE.js
deskapp/src/plugins/bootstrap-select/js/i18n/defaults-es_CL.js
deskapp/src/plugins/bootstrap-select/js/i18n/defaults-es_ES.js
deskapp/src/plugins/bootstrap-select/js/i18n/defaults-fr_FR.js
deskapp/src/plugins/bootstrap-select/js/i18n/defaults-et_EE.js
deskapp/src/plugins/bootstrap-select/js/i18n/defaults-cs_CZ.js
deskapp/src/plugins/bootstrap-select/js/i18n/defaults-fa_IR.js
deskapp/src/plugins/jquery-asColorPicker/dist/images/alpha.png
deskapp/src/plugins/highlight.js/src/styles/solarized-dark.css
deskapp/src/plugins/highcharts-6.0.7/code/highcharts-3d.src.js
deskapp/src/plugins/highcharts-6.0.7/code/highcharts-3d.js.map
deskapp/src/plugins/datatables/js/responsive.bootstrap4.min.js
deskapp/src/plugins/datatables/js/dataTables.responsive.min.js
deskapp/src/plugins/datatables/js/dataTables.bootstrap4.min.js
deskapp/src/plugins/bootstrap-tagsinput/bootstrap-tagsinput.js
deskapp/src/plugins/air-datepicker/dist/css/datepicker.min.css
deskapp/src/fonts/font-awesome/fonts/fontawesome-webfont.woff2
src/plugins/bootstrap-select/dist/js/i18n/defaults-vi_VN.js.map
src/plugins/bootstrap-select/dist/js/i18n/defaults-zh_TW.js.map
src/plugins/bootstrap-select/dist/js/i18n/defaults-zh_TW.min.js
src/plugins/bootstrap-select/dist/js/i18n/defaults-zh_CN.min.js
src/plugins/bootstrap-select/dist/js/i18n/defaults-vi_VN.min.js
src/plugins/bootstrap-select/dist/js/i18n/defaults-zh_CN.js.map
src/plugins/bootstrap-select/dist/js/i18n/defaults-sv_SE.min.js
src/plugins/bootstrap-select/dist/js/i18n/defaults-sv_SE.js.map
src/plugins/bootstrap-select/dist/js/i18n/defaults-sk_SK.js.map
src/plugins/bootstrap-select/dist/js/i18n/defaults-tr_TR.min.js
src/plugins/bootstrap-select/dist/js/i18n/defaults-ru_RU.min.js
src/plugins/bootstrap-select/dist/js/i18n/defaults-ua_UA.js.map
src/plugins/bootstrap-select/dist/js/i18n/defaults-sk_SK.min.js
src/plugins/bootstrap-select/dist/js/i18n/defaults-sl_SI.min.js
src/plugins/bootstrap-select/dist/js/i18n/defaults-ua_UA.min.js
src/plugins/bootstrap-select/dist/js/i18n/defaults-pt_PT.min.js
src/plugins/bootstrap-select/dist/js/i18n/defaults-ro_RO.js.map
src/plugins/bootstrap-select/dist/js/i18n/defaults-sl_SI.js.map
src/plugins/bootstrap-select/dist/js/i18n/defaults-tr_TR.js.map
src/plugins/bootstrap-select/dist/js/i18n/defaults-pt_PT.js.map
src/plugins/bootstrap-select/dist/js/i18n/defaults-ru_RU.js.map
src/plugins/bootstrap-select/dist/js/i18n/defaults-pl_PL.js.map
src/plugins/bootstrap-select/dist/js/i18n/defaults-ro_RO.min.js
src/plugins/bootstrap-select/dist/js/i18n/defaults-pt_BR.js.map
src/plugins/bootstrap-select/dist/js/i18n/defaults-nl_NL.min.js
src/plugins/bootstrap-select/dist/js/i18n/defaults-pl_PL.min.js
src/plugins/bootstrap-select/dist/js/i18n/defaults-pt_BR.min.js
src/plugins/bootstrap-select/dist/js/i18n/defaults-lv_LV.min.js
src/plugins/bootstrap-select/dist/js/i18n/defaults-nb_NO.min.js
src/plugins/bootstrap-select/dist/js/i18n/defaults-nb_NO.js.map
src/plugins/bootstrap-select/dist/js/i18n/defaults-lt_LT.min.js
src/plugins/bootstrap-select/dist/js/i18n/defaults-lt_LT.js.map
src/plugins/bootstrap-select/dist/js/i18n/defaults-ko_KR.min.js
src/plugins/bootstrap-select/dist/js/i18n/defaults-lv_LV.js.map
src/plugins/bootstrap-select/dist/js/i18n/defaults-hu_HU.js.map
src/plugins/bootstrap-select/dist/js/i18n/defaults-id_ID.js.map
src/plugins/bootstrap-select/dist/js/i18n/defaults-kh_KM.min.js
src/plugins/bootstrap-select/dist/js/i18n/defaults-kh_KM.js.map
src/plugins/bootstrap-select/dist/js/i18n/defaults-nl_NL.js.map
src/plugins/bootstrap-select/dist/js/i18n/defaults-ko_KR.js.map
src/plugins/bootstrap-select/dist/js/i18n/defaults-hu_HU.min.js
src/plugins/bootstrap-select/dist/js/i18n/defaults-hr_HR.js.map
src/plugins/bootstrap-select/dist/js/i18n/defaults-it_IT.min.js
src/plugins/bootstrap-select/dist/js/i18n/defaults-id_ID.min.js
src/plugins/bootstrap-select/dist/js/i18n/defaults-hr_HR.min.js
src/plugins/bootstrap-select/dist/js/i18n/defaults-ja_JP.js.map
src/plugins/bootstrap-select/dist/js/i18n/defaults-ja_JP.min.js
src/plugins/bootstrap-select/dist/js/i18n/defaults-it_IT.js.map
src/plugins/bootstrap-select/dist/js/i18n/defaults-fa_IR.min.js
src/plugins/bootstrap-select/dist/js/i18n/defaults-fr_FR.min.js
src/plugins/bootstrap-select/dist/js/i18n/defaults-fi_FI.js.map
src/plugins/bootstrap-select/dist/js/i18n/defaults-es_ES.min.js
src/plugins/bootstrap-select/dist/js/i18n/defaults-et_EE.js.map
src/plugins/bootstrap-select/dist/js/i18n/defaults-fa_IR.js.map
src/plugins/bootstrap-select/dist/js/i18n/defaults-et_EE.min.js
src/plugins/bootstrap-select/dist/js/i18n/defaults-fr_FR.js.map
src/plugins/bootstrap-select/dist/js/i18n/defaults-da_DK.min.js
src/plugins/bootstrap-select/dist/js/i18n/defaults-es_CL.min.js
src/plugins/bootstrap-select/dist/js/i18n/defaults-fi_FI.min.js
src/plugins/bootstrap-select/dist/js/i18n/defaults-es_CL.js.map
src/plugins/bootstrap-select/dist/js/i18n/defaults-de_DE.min.js
src/plugins/bootstrap-select/dist/js/i18n/defaults-en_US.min.js
src/plugins/bootstrap-select/dist/js/i18n/defaults-es_ES.js.map
src/plugins/bootstrap-select/dist/js/i18n/defaults-en_US.js.map
src/plugins/bootstrap-select/dist/js/i18n/defaults-cs_CZ.min.js
src/plugins/bootstrap-select/dist/js/i18n/defaults-ar_AR.js.map
src/plugins/bootstrap-select/dist/js/i18n/defaults-de_DE.js.map
src/plugins/bootstrap-select/dist/js/i18n/defaults-bg_BG.js.map
src/plugins/bootstrap-select/dist/js/i18n/defaults-am_ET.min.js
src/plugins/bootstrap-select/dist/js/i18n/defaults-am_ET.js.map
src/plugins/bootstrap-select/dist/js/i18n/defaults-da_DK.js.map
src/plugins/bootstrap-select/dist/js/i18n/defaults-bg_BG.min.js
src/plugins/bootstrap-select/dist/js/i18n/defaults-cs_CZ.js.map
src/plugins/bootstrap-select/dist/js/i18n/defaults-ar_AR.min.js
deskapp/src/plugins/jquery-asGradient/dist/jquery-asGradient.js
deskapp/src/plugins/bootstrap-tagsinput/bootstrap-tagsinput.css
src/plugins/bootstrap-select/dist/js/bootstrap-select.min.js.map
deskapp/src/plugins/bootstrap-select/js/i18n/defaults-cro_CRO.js
deskapp/src/plugins/bootstrap-select/dist/js/i18n/defaults-eu.js
deskapp/src/plugins/bootstrap-select/dist/js/bootstrap-select.js
deskapp/src/plugins/jquery-asColorPicker/jquery-asColorPicker.js
deskapp/src/plugins/highcharts-6.0.7/code/highcharts-more.src.js
deskapp/src/plugins/highcharts-6.0.7/code/highcharts-more.js.map
deskapp/src/plugins/datatables/css/responsive.bootstrap4.min.css
deskapp/src/plugins/datatables/css/dataTables.bootstrap4.min.css
deskapp/src/plugins/datatables/css/responsive.dataTables.min.css
deskapp/src/plugins/air-datepicker/dist/js/i18n/datepicker.ro.js
deskapp/src/plugins/air-datepicker/dist/js/i18n/datepicker.nl.js
deskapp/src/plugins/air-datepicker/dist/js/i18n/datepicker.hu.js
deskapp/src/plugins/air-datepicker/dist/js/i18n/datepicker.pl.js
deskapp/src/plugins/air-datepicker/dist/js/i18n/datepicker.fr.js
deskapp/src/plugins/air-datepicker/dist/js/i18n/datepicker.fi.js
deskapp/src/plugins/air-datepicker/dist/js/i18n/datepicker.es.js
deskapp/src/plugins/air-datepicker/dist/js/i18n/datepicker.en.js
deskapp/src/plugins/air-datepicker/dist/js/i18n/datepicker.de.js
deskapp/src/plugins/air-datepicker/dist/js/i18n/datepicker.zh.js
deskapp/src/plugins/air-datepicker/dist/js/i18n/datepicker.sk.js
deskapp/src/plugins/air-datepicker/dist/js/i18n/datepicker.pt.js
deskapp/src/plugins/air-datepicker/dist/js/i18n/datepicker.da.js
deskapp/src/plugins/air-datepicker/dist/js/i18n/datepicker.cs.js
deskapp/src/plugins/jvectormap/jquery-jvectormap-world-mill-en.js
deskapp/src/plugins/bootstrap-select/dist/css/bootstrap-select.css
deskapp/src/plugins/bootstrap-select/dist/js/i18n/defaults-zh_CN.js
deskapp/src/plugins/bootstrap-select/dist/js/i18n/defaults-zh_TW.js
deskapp/src/plugins/bootstrap-select/dist/js/i18n/defaults-sl_SI.js
deskapp/src/plugins/bootstrap-select/dist/js/i18n/defaults-sk_SK.js
deskapp/src/plugins/bootstrap-select/dist/js/i18n/defaults-ua_UA.js
deskapp/src/plugins/bootstrap-select/dist/js/i18n/defaults-vi_VN.js
deskapp/src/plugins/bootstrap-select/dist/js/i18n/defaults-tr_TR.js
deskapp/src/plugins/bootstrap-select/dist/js/i18n/defaults-sv_SE.js
deskapp/src/plugins/bootstrap-select/dist/js/i18n/defaults-ru_RU.js
deskapp/src/plugins/bootstrap-select/dist/js/i18n/defaults-ro_RO.js
deskapp/src/plugins/bootstrap-select/dist/js/i18n/defaults-pt_BR.js
deskapp/src/plugins/bootstrap-select/dist/js/i18n/defaults-pt_PT.js
deskapp/src/plugins/bootstrap-select/dist/js/i18n/defaults-pl_PL.js
deskapp/src/plugins/bootstrap-select/dist/js/i18n/defaults-nl_NL.js
deskapp/src/plugins/bootstrap-select/dist/js/i18n/defaults-ko_KR.js
deskapp/src/plugins/bootstrap-select/dist/js/i18n/defaults-nb_NO.js
deskapp/src/plugins/bootstrap-select/dist/js/i18n/defaults-lt_LT.js
deskapp/src/plugins/bootstrap-select/dist/js/i18n/defaults-lv_LV.js
deskapp/src/plugins/bootstrap-select/dist/js/i18n/defaults-hr_HR.js
deskapp/src/plugins/bootstrap-select/dist/js/i18n/defaults-kh_KM.js
deskapp/src/plugins/bootstrap-select/dist/js/i18n/defaults-hu_HU.js
deskapp/src/plugins/bootstrap-select/dist/js/i18n/defaults-id_ID.js
deskapp/src/plugins/bootstrap-select/dist/js/i18n/defaults-ja_JP.js
deskapp/src/plugins/bootstrap-select/dist/js/i18n/defaults-it_IT.js
deskapp/src/plugins/bootstrap-select/dist/js/i18n/defaults-fi_FI.js
deskapp/src/plugins/bootstrap-select/dist/js/i18n/defaults-fr_FR.js
deskapp/src/plugins/bootstrap-select/dist/js/i18n/defaults-et_EE.js
deskapp/src/plugins/bootstrap-select/dist/js/i18n/defaults-fa_IR.js
deskapp/src/plugins/bootstrap-select/dist/js/i18n/defaults-en_US.js
deskapp/src/plugins/bootstrap-select/dist/js/i18n/defaults-de_DE.js
deskapp/src/plugins/bootstrap-select/dist/js/i18n/defaults-es_CL.js
deskapp/src/plugins/bootstrap-select/dist/js/i18n/defaults-es_ES.js
deskapp/src/plugins/bootstrap-select/dist/js/i18n/defaults-da_DK.js
deskapp/src/plugins/bootstrap-select/dist/js/i18n/defaults-ar_AR.js
deskapp/src/plugins/bootstrap-select/dist/js/i18n/defaults-bg_BG.js
deskapp/src/plugins/bootstrap-select/dist/js/i18n/defaults-cs_CZ.js
deskapp/src/plugins/bootstrap-select/dist/js/i18n/defaults-am_ET.js
deskapp/src/plugins/jquery-asColorPicker/dist/images/saturation.png
deskapp/src/plugins/jquery-asColorPicker/dist/css/asColorPicker.css
deskapp/src/plugins/air-datepicker/dist/js/i18n/datepicker.pt-BR.js
deskapp/src/plugins/bootstrap-select/dist/js/i18n/defaults-eu.min.js
deskapp/src/plugins/bootstrap-select/dist/js/i18n/defaults-eu.js.map
deskapp/src/plugins/bootstrap-select/dist/js/bootstrap-select.min.js
deskapp/src/plugins/bootstrap-select/dist/js/bootstrap-select.js.map
deskapp/src/plugins/jquery-asColorPicker/dist/images/transparent.png
deskapp/src/plugins/bootstrap-wysihtml5-master/bootstrap-wysihtml5.js
deskapp/src/plugins/bootstrap-touchspin/jquery.bootstrap-touchspin.js
deskapp/src/plugins/bootstrap-select/dist/css/bootstrap-select.min.css
deskapp/src/plugins/bootstrap-select/dist/css/bootstrap-select.css.map
deskapp/src/plugins/bootstrap-wysihtml5-master/bootstrap-wysihtml5.css
deskapp/src/plugins/bootstrap-touchspin/jquery.bootstrap-touchspin.css
deskapp/src/plugins/bootstrap-select/dist/js/i18n/defaults-vi_VN.js.map
deskapp/src/plugins/bootstrap-select/dist/js/i18n/defaults-zh_TW.js.map
deskapp/src/plugins/bootstrap-select/dist/js/i18n/defaults-zh_TW.min.js
deskapp/src/plugins/bootstrap-select/dist/js/i18n/defaults-zh_CN.min.js
deskapp/src/plugins/bootstrap-select/dist/js/i18n/defaults-vi_VN.min.js
deskapp/src/plugins/bootstrap-select/dist/js/i18n/defaults-zh_CN.js.map
deskapp/src/plugins/bootstrap-select/dist/js/i18n/defaults-sv_SE.min.js
deskapp/src/plugins/bootstrap-select/dist/js/i18n/defaults-sv_SE.js.map
deskapp/src/plugins/bootstrap-select/dist/js/i18n/defaults-sk_SK.js.map
deskapp/src/plugins/bootstrap-select/dist/js/i18n/defaults-tr_TR.min.js
deskapp/src/plugins/bootstrap-select/dist/js/i18n/defaults-ru_RU.min.js
deskapp/src/plugins/bootstrap-select/dist/js/i18n/defaults-ua_UA.js.map
deskapp/src/plugins/bootstrap-select/dist/js/i18n/defaults-sk_SK.min.js
deskapp/src/plugins/bootstrap-select/dist/js/i18n/defaults-sl_SI.min.js
deskapp/src/plugins/bootstrap-select/dist/js/i18n/defaults-ua_UA.min.js
deskapp/src/plugins/bootstrap-select/dist/js/i18n/defaults-sl_SI.js.map
deskapp/src/plugins/bootstrap-select/dist/js/i18n/defaults-tr_TR.js.map
deskapp/src/plugins/bootstrap-select/dist/js/i18n/defaults-pt_PT.min.js
deskapp/src/plugins/bootstrap-select/dist/js/i18n/defaults-ro_RO.js.map
deskapp/src/plugins/bootstrap-select/dist/js/i18n/defaults-pt_PT.js.map
deskapp/src/plugins/bootstrap-select/dist/js/i18n/defaults-ru_RU.js.map
deskapp/src/plugins/bootstrap-select/dist/js/i18n/defaults-pl_PL.js.map
deskapp/src/plugins/bootstrap-select/dist/js/i18n/defaults-ro_RO.min.js
deskapp/src/plugins/bootstrap-select/dist/js/i18n/defaults-pt_BR.js.map
deskapp/src/plugins/bootstrap-select/dist/js/i18n/defaults-nl_NL.min.js
deskapp/src/plugins/bootstrap-select/dist/js/i18n/defaults-pl_PL.min.js
deskapp/src/plugins/bootstrap-select/dist/js/i18n/defaults-pt_BR.min.js
deskapp/src/plugins/bootstrap-select/dist/js/i18n/defaults-lv_LV.min.js
deskapp/src/plugins/bootstrap-select/dist/js/i18n/defaults-nb_NO.min.js
deskapp/src/plugins/bootstrap-select/dist/js/i18n/defaults-nb_NO.js.map
deskapp/src/plugins/bootstrap-select/dist/js/i18n/defaults-lt_LT.min.js
deskapp/src/plugins/bootstrap-select/dist/js/i18n/defaults-lt_LT.js.map
deskapp/src/plugins/bootstrap-select/dist/js/i18n/defaults-ko_KR.min.js
deskapp/src/plugins/bootstrap-select/dist/js/i18n/defaults-lv_LV.js.map
deskapp/src/plugins/bootstrap-select/dist/js/i18n/defaults-kh_KM.min.js
deskapp/src/plugins/bootstrap-select/dist/js/i18n/defaults-kh_KM.js.map
deskapp/src/plugins/bootstrap-select/dist/js/i18n/defaults-nl_NL.js.map
deskapp/src/plugins/bootstrap-select/dist/js/i18n/defaults-ko_KR.js.map
deskapp/src/plugins/bootstrap-select/dist/js/i18n/defaults-hu_HU.js.map
deskapp/src/plugins/bootstrap-select/dist/js/i18n/defaults-id_ID.js.map
deskapp/src/plugins/bootstrap-select/dist/js/i18n/defaults-hu_HU.min.js
deskapp/src/plugins/bootstrap-select/dist/js/i18n/defaults-hr_HR.js.map
deskapp/src/plugins/bootstrap-select/dist/js/i18n/defaults-it_IT.min.js
deskapp/src/plugins/bootstrap-select/dist/js/i18n/defaults-id_ID.min.js
deskapp/src/plugins/bootstrap-select/dist/js/i18n/defaults-hr_HR.min.js
deskapp/src/plugins/bootstrap-select/dist/js/i18n/defaults-ja_JP.js.map
deskapp/src/plugins/bootstrap-select/dist/js/i18n/defaults-ja_JP.min.js
deskapp/src/plugins/bootstrap-select/dist/js/i18n/defaults-it_IT.js.map
deskapp/src/plugins/bootstrap-select/dist/js/i18n/defaults-fa_IR.min.js
deskapp/src/plugins/bootstrap-select/dist/js/i18n/defaults-fr_FR.min.js
deskapp/src/plugins/bootstrap-select/dist/js/i18n/defaults-fi_FI.js.map
deskapp/src/plugins/bootstrap-select/dist/js/i18n/defaults-es_ES.min.js
deskapp/src/plugins/bootstrap-select/dist/js/i18n/defaults-et_EE.js.map
deskapp/src/plugins/bootstrap-select/dist/js/i18n/defaults-fa_IR.js.map
deskapp/src/plugins/bootstrap-select/dist/js/i18n/defaults-et_EE.min.js
deskapp/src/plugins/bootstrap-select/dist/js/i18n/defaults-fr_FR.js.map
deskapp/src/plugins/bootstrap-select/dist/js/i18n/defaults-fi_FI.min.js
deskapp/src/plugins/bootstrap-select/dist/js/i18n/defaults-da_DK.min.js
deskapp/src/plugins/bootstrap-select/dist/js/i18n/defaults-es_CL.min.js
deskapp/src/plugins/bootstrap-select/dist/js/i18n/defaults-es_CL.js.map
deskapp/src/plugins/bootstrap-select/dist/js/i18n/defaults-de_DE.min.js
deskapp/src/plugins/bootstrap-select/dist/js/i18n/defaults-en_US.min.js
deskapp/src/plugins/bootstrap-select/dist/js/i18n/defaults-es_ES.js.map
deskapp/src/plugins/bootstrap-select/dist/js/i18n/defaults-en_US.js.map
deskapp/src/plugins/bootstrap-select/dist/js/i18n/defaults-de_DE.js.map
deskapp/src/plugins/bootstrap-select/dist/js/i18n/defaults-cs_CZ.min.js
deskapp/src/plugins/bootstrap-select/dist/js/i18n/defaults-ar_AR.js.map
deskapp/src/plugins/bootstrap-select/dist/js/i18n/defaults-bg_BG.js.map
deskapp/src/plugins/bootstrap-select/dist/js/i18n/defaults-am_ET.min.js
deskapp/src/plugins/bootstrap-select/dist/js/i18n/defaults-am_ET.js.map
deskapp/src/plugins/bootstrap-select/dist/js/i18n/defaults-da_DK.js.map
deskapp/src/plugins/bootstrap-select/dist/js/i18n/defaults-bg_BG.min.js
deskapp/src/plugins/bootstrap-select/dist/js/i18n/defaults-cs_CZ.js.map
deskapp/src/plugins/bootstrap-select/dist/js/i18n/defaults-ar_AR.min.js
deskapp/src/plugins/bootstrap-select/dist/js/bootstrap-select.min.js.map
src/plugins/malihu-custom-scrollbar-plugin-master/jquery.mousewheel.min.js
src/plugins/malihu-custom-scrollbar-plugin-master/jquery.mCustomScrollbar.js
src/plugins/malihu-custom-scrollbar-plugin-master/jquery.mCustomScrollbar.css
src/plugins/malihu-custom-scrollbar-plugin-master/jquery.mCustomScrollbar.min.css
deskapp/src/plugins/malihu-custom-scrollbar-plugin-master/jquery.mousewheel.min.js
deskapp/src/plugins/malihu-custom-scrollbar-plugin-master/jquery.mCustomScrollbar.js
deskapp/src/plugins/malihu-custom-scrollbar-plugin-master/jquery.mCustomScrollbar.css
src/plugins/malihu-custom-scrollbar-plugin-master/jquery.mCustomScrollbar.concat.min.js
deskapp/src/plugins/malihu-custom-scrollbar-plugin-master/jquery.mCustomScrollbar.min.css
deskapp/src/plugins/malihu-custom-scrollbar-plugin-master/jquery.mCustomScrollbar.concat.min.js
