https://getbootstrap.com/
https://github.com/twbs/bootstrap/blob/master/LICENSE
http://www.w3.org/2000/svg
http://manos.malihu.gr/jquery-custom-content-scroller
ethanschoonover.com/solarized
https://developer.snapappointments.com/bootstrap-select
https://github.com/snapappointments/bootstrap-select/blob/master/LICENSE
http://fontawesome.io
http://fontawesome.io/license
http://zurb.com/playground/foundation-icon-fonts-3
http://ionicons.com/
https://twitter.com/benjsperry
https://twitter.com/ionicframework
https://github.com/driftyco/ionicons
https://github.com/google/material-design-icons
http://creativecommons.org/licenses/by/4.0/
https://github.com/fengyuanchen/cropperjs
https://fullcalendar.io/
http://twitter.github.com/bootstrap/
https://github.com/amazingSurge/jquery-asColorPicker
http://www.virtuosoft.eu/code/bootstrap-touchspin/
