src/scripts/jquery.min.js.un
vendors/styles/core.min.css.un
vendors/scripts/core.min.js.un
vendors/styles/style.min.css.un
src/scripts/clipboard.min.js.un
vendors/scripts/script.min.js.un
src/plugins/slick/slick.min.js.un
vendors/styles/icon-font.min.css.un
deskapp/src/scripts/jquery.min.js.un
src/plugins/bootstrap/popper.min.js.un
deskapp/vendors/styles/core.min.css.un
deskapp/vendors/scripts/core.min.js.un
deskapp/vendors/styles/style.min.css.un
deskapp/src/scripts/clipboard.min.js.un
deskapp/vendors/scripts/script.min.js.un
src/plugins/bootstrap/bootstrap.min.js.un
src/plugins/switchery/switchery.min.js.un
src/plugins/datatables/js/jszip.min.js.un
deskapp/src/plugins/slick/slick.min.js.un
src/plugins/bootstrap/bootstrap.min.css.un
src/plugins/switchery/switchery.min.css.un
src/plugins/apexcharts/apexcharts.min.js.un
src/plugins/datatables/js/pdfmake.min.js.un
deskapp/vendors/styles/icon-font.min.css.un
src/plugins/cropperjs/dist/cropper.min.js.un
src/plugins/timedropper/timedropper.min.js.un
src/plugins/select2/dist/js/select2.min.js.un
src/plugins/cropperjs/dist/cropper.min.css.un
src/plugins/timedropper/timedropper.min.css.un
deskapp/src/plugins/bootstrap/popper.min.js.un
src/plugins/fullcalendar/fullcalendar.min.js.un
src/plugins/select2/dist/css/select2.min.css.un
src/plugins/datatables/js/buttons.print.min.js.un
src/plugins/datatables/js/buttons.flash.min.js.un
src/plugins/datatables/js/buttons.html5.min.js.un
src/fonts/ionicons-master/css/ionicons.min.css.un
deskapp/src/plugins/bootstrap/bootstrap.min.js.un
deskapp/src/plugins/switchery/switchery.min.js.un
deskapp/src/plugins/datatables/js/jszip.min.js.un
src/plugins/select2/dist/js/select2.full.min.js.un
src/fonts/font-awesome/css/font-awesome.min.css.un
deskapp/src/plugins/bootstrap/bootstrap.min.css.un
deskapp/src/plugins/switchery/switchery.min.css.un
src/plugins/fancybox/dist/jquery.fancybox.min.js.un
deskapp/src/plugins/apexcharts/apexcharts.min.js.un
deskapp/src/plugins/datatables/js/pdfmake.min.js.un
src/plugins/jQuery-Knob-master/jquery.knob.min.js.un
src/plugins/fancybox/dist/jquery.fancybox.min.css.un
deskapp/src/plugins/cropperjs/dist/cropper.min.js.un
vendors/fonts/ionicons-master/css/ionicons.min.css.un
src/plugins/datatables/js/jquery.dataTables.min.js.un
deskapp/src/plugins/timedropper/timedropper.min.js.un
deskapp/src/plugins/select2/dist/js/select2.min.js.un
deskapp/src/plugins/cropperjs/dist/cropper.min.css.un
vendors/fonts/font-awesome/css/font-awesome.min.css.un
src/plugins/datatables/js/dataTables.buttons.min.js.un
src/plugins/datatables/js/buttons.bootstrap4.min.js.un
deskapp/src/plugins/timedropper/timedropper.min.css.un
src/plugins/bootstrap-select/bootstrap-select.min.js.un
src/plugins/datatables/css/jquery.dataTables.min.css.un
src/plugins/air-datepicker/dist/js/datepicker.min.js.un
deskapp/src/plugins/fullcalendar/fullcalendar.min.js.un
deskapp/src/plugins/select2/dist/css/select2.min.css.un
src/plugins/bootstrap-select/bootstrap-select.min.css.un
src/plugins/jvectormap/jquery-jvectormap-2.0.3.min.js.un
src/plugins/ion-rangeslider/js/ion.rangeSlider.min.js.un
src/plugins/datatables/js/responsive.bootstrap4.min.js.un
src/plugins/datatables/js/dataTables.responsive.min.js.un
src/plugins/datatables/js/dataTables.bootstrap4.min.js.un
src/plugins/air-datepicker/dist/css/datepicker.min.css.un
deskapp/src/plugins/datatables/js/buttons.print.min.js.un
deskapp/src/plugins/datatables/js/buttons.flash.min.js.un
deskapp/src/plugins/datatables/js/buttons.html5.min.js.un
deskapp/src/fonts/ionicons-master/css/ionicons.min.css.un
deskapp/src/plugins/select2/dist/js/select2.full.min.js.un
deskapp/src/fonts/font-awesome/css/font-awesome.min.css.un
src/plugins/datatables/css/responsive.bootstrap4.min.css.un
src/plugins/datatables/css/dataTables.bootstrap4.min.css.un
src/plugins/datatables/css/responsive.dataTables.min.css.un
deskapp/src/plugins/fancybox/dist/jquery.fancybox.min.js.un
deskapp/src/plugins/jQuery-Knob-master/jquery.knob.min.js.un
deskapp/src/plugins/fancybox/dist/jquery.fancybox.min.css.un
deskapp/vendors/fonts/ionicons-master/css/ionicons.min.css.un
deskapp/src/plugins/datatables/js/jquery.dataTables.min.js.un
deskapp/vendors/fonts/font-awesome/css/font-awesome.min.css.un
deskapp/src/plugins/datatables/js/dataTables.buttons.min.js.un
deskapp/src/plugins/datatables/js/buttons.bootstrap4.min.js.un
src/plugins/bootstrap-select/dist/js/i18n/defaults-eu.min.js.un
src/plugins/bootstrap-select/dist/js/bootstrap-select.min.js.un
deskapp/src/plugins/bootstrap-select/bootstrap-select.min.js.un
deskapp/src/plugins/datatables/css/jquery.dataTables.min.css.un
deskapp/src/plugins/air-datepicker/dist/js/datepicker.min.js.un
deskapp/src/plugins/bootstrap-select/bootstrap-select.min.css.un
deskapp/src/plugins/jvectormap/jquery-jvectormap-2.0.3.min.js.un
deskapp/src/plugins/ion-rangeslider/js/ion.rangeSlider.min.js.un
src/plugins/bootstrap-select/dist/css/bootstrap-select.min.css.un
deskapp/src/plugins/datatables/js/responsive.bootstrap4.min.js.un
deskapp/src/plugins/datatables/js/dataTables.responsive.min.js.un
deskapp/src/plugins/datatables/js/dataTables.bootstrap4.min.js.un
deskapp/src/plugins/air-datepicker/dist/css/datepicker.min.css.un
src/plugins/bootstrap-select/dist/js/i18n/defaults-zh_TW.min.js.un
src/plugins/bootstrap-select/dist/js/i18n/defaults-zh_CN.min.js.un
src/plugins/bootstrap-select/dist/js/i18n/defaults-vi_VN.min.js.un
src/plugins/bootstrap-select/dist/js/i18n/defaults-sv_SE.min.js.un
src/plugins/bootstrap-select/dist/js/i18n/defaults-tr_TR.min.js.un
src/plugins/bootstrap-select/dist/js/i18n/defaults-ru_RU.min.js.un
src/plugins/bootstrap-select/dist/js/i18n/defaults-sk_SK.min.js.un
src/plugins/bootstrap-select/dist/js/i18n/defaults-sl_SI.min.js.un
src/plugins/bootstrap-select/dist/js/i18n/defaults-ua_UA.min.js.un
src/plugins/bootstrap-select/dist/js/i18n/defaults-pt_PT.min.js.un
src/plugins/bootstrap-select/dist/js/i18n/defaults-ro_RO.min.js.un
src/plugins/bootstrap-select/dist/js/i18n/defaults-nl_NL.min.js.un
src/plugins/bootstrap-select/dist/js/i18n/defaults-pl_PL.min.js.un
src/plugins/bootstrap-select/dist/js/i18n/defaults-pt_BR.min.js.un
src/plugins/bootstrap-select/dist/js/i18n/defaults-lv_LV.min.js.un
src/plugins/bootstrap-select/dist/js/i18n/defaults-nb_NO.min.js.un
src/plugins/bootstrap-select/dist/js/i18n/defaults-lt_LT.min.js.un
src/plugins/bootstrap-select/dist/js/i18n/defaults-ko_KR.min.js.un
src/plugins/bootstrap-select/dist/js/i18n/defaults-kh_KM.min.js.un
src/plugins/bootstrap-select/dist/js/i18n/defaults-hu_HU.min.js.un
src/plugins/bootstrap-select/dist/js/i18n/defaults-it_IT.min.js.un
src/plugins/bootstrap-select/dist/js/i18n/defaults-id_ID.min.js.un
src/plugins/bootstrap-select/dist/js/i18n/defaults-hr_HR.min.js.un
src/plugins/bootstrap-select/dist/js/i18n/defaults-ja_JP.min.js.un
src/plugins/bootstrap-select/dist/js/i18n/defaults-fa_IR.min.js.un
src/plugins/bootstrap-select/dist/js/i18n/defaults-fr_FR.min.js.un
src/plugins/bootstrap-select/dist/js/i18n/defaults-es_ES.min.js.un
src/plugins/bootstrap-select/dist/js/i18n/defaults-et_EE.min.js.un
src/plugins/bootstrap-select/dist/js/i18n/defaults-da_DK.min.js.un
src/plugins/bootstrap-select/dist/js/i18n/defaults-es_CL.min.js.un
src/plugins/bootstrap-select/dist/js/i18n/defaults-fi_FI.min.js.un
src/plugins/bootstrap-select/dist/js/i18n/defaults-de_DE.min.js.un
src/plugins/bootstrap-select/dist/js/i18n/defaults-en_US.min.js.un
src/plugins/bootstrap-select/dist/js/i18n/defaults-cs_CZ.min.js.un
src/plugins/bootstrap-select/dist/js/i18n/defaults-am_ET.min.js.un
src/plugins/bootstrap-select/dist/js/i18n/defaults-bg_BG.min.js.un
src/plugins/bootstrap-select/dist/js/i18n/defaults-ar_AR.min.js.un
deskapp/src/plugins/datatables/css/responsive.bootstrap4.min.css.un
deskapp/src/plugins/datatables/css/dataTables.bootstrap4.min.css.un
deskapp/src/plugins/datatables/css/responsive.dataTables.min.css.un
deskapp/src/plugins/bootstrap-select/dist/js/i18n/defaults-eu.min.js.un
deskapp/src/plugins/bootstrap-select/dist/js/bootstrap-select.min.js.un
deskapp/src/plugins/bootstrap-select/dist/css/bootstrap-select.min.css.un
deskapp/src/plugins/bootstrap-select/dist/js/i18n/defaults-zh_TW.min.js.un
deskapp/src/plugins/bootstrap-select/dist/js/i18n/defaults-zh_CN.min.js.un
deskapp/src/plugins/bootstrap-select/dist/js/i18n/defaults-vi_VN.min.js.un
deskapp/src/plugins/bootstrap-select/dist/js/i18n/defaults-sv_SE.min.js.un
deskapp/src/plugins/bootstrap-select/dist/js/i18n/defaults-tr_TR.min.js.un
deskapp/src/plugins/bootstrap-select/dist/js/i18n/defaults-ru_RU.min.js.un
deskapp/src/plugins/bootstrap-select/dist/js/i18n/defaults-sk_SK.min.js.un
deskapp/src/plugins/bootstrap-select/dist/js/i18n/defaults-sl_SI.min.js.un
deskapp/src/plugins/bootstrap-select/dist/js/i18n/defaults-ua_UA.min.js.un
deskapp/src/plugins/bootstrap-select/dist/js/i18n/defaults-pt_PT.min.js.un
deskapp/src/plugins/bootstrap-select/dist/js/i18n/defaults-ro_RO.min.js.un
deskapp/src/plugins/bootstrap-select/dist/js/i18n/defaults-nl_NL.min.js.un
deskapp/src/plugins/bootstrap-select/dist/js/i18n/defaults-pl_PL.min.js.un
deskapp/src/plugins/bootstrap-select/dist/js/i18n/defaults-pt_BR.min.js.un
deskapp/src/plugins/bootstrap-select/dist/js/i18n/defaults-lv_LV.min.js.un
deskapp/src/plugins/bootstrap-select/dist/js/i18n/defaults-nb_NO.min.js.un
deskapp/src/plugins/bootstrap-select/dist/js/i18n/defaults-lt_LT.min.js.un
deskapp/src/plugins/bootstrap-select/dist/js/i18n/defaults-ko_KR.min.js.un
deskapp/src/plugins/bootstrap-select/dist/js/i18n/defaults-kh_KM.min.js.un
deskapp/src/plugins/bootstrap-select/dist/js/i18n/defaults-hu_HU.min.js.un
deskapp/src/plugins/bootstrap-select/dist/js/i18n/defaults-it_IT.min.js.un
deskapp/src/plugins/bootstrap-select/dist/js/i18n/defaults-id_ID.min.js.un
deskapp/src/plugins/bootstrap-select/dist/js/i18n/defaults-hr_HR.min.js.un
deskapp/src/plugins/bootstrap-select/dist/js/i18n/defaults-ja_JP.min.js.un
deskapp/src/plugins/bootstrap-select/dist/js/i18n/defaults-fa_IR.min.js.un
deskapp/src/plugins/bootstrap-select/dist/js/i18n/defaults-fr_FR.min.js.un
deskapp/src/plugins/bootstrap-select/dist/js/i18n/defaults-es_ES.min.js.un
deskapp/src/plugins/bootstrap-select/dist/js/i18n/defaults-et_EE.min.js.un
deskapp/src/plugins/bootstrap-select/dist/js/i18n/defaults-fi_FI.min.js.un
deskapp/src/plugins/bootstrap-select/dist/js/i18n/defaults-da_DK.min.js.un
deskapp/src/plugins/bootstrap-select/dist/js/i18n/defaults-es_CL.min.js.un
deskapp/src/plugins/bootstrap-select/dist/js/i18n/defaults-de_DE.min.js.un
deskapp/src/plugins/bootstrap-select/dist/js/i18n/defaults-en_US.min.js.un
deskapp/src/plugins/bootstrap-select/dist/js/i18n/defaults-cs_CZ.min.js.un
deskapp/src/plugins/bootstrap-select/dist/js/i18n/defaults-am_ET.min.js.un
deskapp/src/plugins/bootstrap-select/dist/js/i18n/defaults-bg_BG.min.js.un
deskapp/src/plugins/bootstrap-select/dist/js/i18n/defaults-ar_AR.min.js.un
src/plugins/malihu-custom-scrollbar-plugin-master/jquery.mousewheel.min.js.un
src/plugins/malihu-custom-scrollbar-plugin-master/jquery.mCustomScrollbar.min.css.un
deskapp/src/plugins/malihu-custom-scrollbar-plugin-master/jquery.mousewheel.min.js.un
src/plugins/malihu-custom-scrollbar-plugin-master/jquery.mCustomScrollbar.concat.min.js.un
deskapp/src/plugins/malihu-custom-scrollbar-plugin-master/jquery.mCustomScrollbar.min.css.un
deskapp/src/plugins/malihu-custom-scrollbar-plugin-master/jquery.mCustomScrollbar.concat.min.js.un
