faq.html
404.html
500.html
403.html
400.html
503.html
chat.html
blog.html
login.html
index.html
blank.html
index3.html
index2.html
themify.html
ui-tabs.html
sitemap.html
profile.html
product.html
invoice.html
gallery.html
ionicons.html
ui-cards.html
register.html
calendar.html
ui-modals.html
highchart.html
datatable.html
foundation.html
ui-buttons.html
knob-chart.html
jvectormap.html
form-basic.html
apexcharts.html
ui-timeline.html
ui-carousel.html
form-wizard.html
custom-icon.html
basic-table.html
blog-detail.html
font-awesome.html
video-player.html
introduction.html
html5-editor.html
form-pickers.html
ui-typography.html
ui-list-group.html
pricing-table.html
image-cropper.html
ui-sweet-alert.html
ui-progressbar.html
ui-cards-hover.html
reset-password.html
product-detail.html
image-dropzone.html
color-settings.html
ui-range-slider.html
ui-notification.html
getting-started.html
forgot-password.html
contact-directory.html
ui-tooltip-popover.html
third-party-plugins.html
advanced-components.html
src/images/wave.png
src/images/tick.svg
src/images/cross.png
vendors/images/img.jpg
vendors/styles/core.css
vendors/scripts/core.js
vendors/images/img5.jpg
vendors/images/img4.jpg
vendors/images/img3.jpg
vendors/images/img2.jpg
vendors/images/img1.jpg
vendors/images/edge.png
vendors/styles/style.css
vendors/images/opera.png
vendors/images/safari.png
vendors/images/photo9.jpg
vendors/images/photo8.jpg
vendors/images/photo5.jpg
vendors/images/person.svg
vendors/images/photo1.jpg
vendors/images/photo6.jpg
vendors/images/photo3.jpg
vendors/images/photo2.jpg
vendors/images/photo4.jpg
vendors/images/github.svg
vendors/images/chrome.png
vendors/fonts/themify.svg
vendors/fonts/themify.ttf
vendors/fonts/themify.eot
src/images/check-mark.png
vendors/scripts/process.js
vendors/images/upgrade.svg
vendors/images/success.png
vendors/images/firefox.png
vendors/fonts/themify.woff
vendors/fonts/ionicons.ttf
vendors/fonts/ionicons.svg
vendors/fonts/ionicons.eot
vendors/fonts/dropways.ttf
vendors/fonts/dropways.svg
vendors/fonts/dropways.eot
vendors/fonts/ionicons.woff
vendors/fonts/dropways.woff
src/plugins/slick/slick.css
src/images/caution-sign.png
vendors/scripts/dashboard.js
vendors/images/product-5.jpg
vendors/images/product-4.jpg
vendors/images/product-2.jpg
vendors/images/product-3.jpg
vendors/images/product-1.jpg
vendors/images/chat-img2.jpg
vendors/images/icon-Cash.png
vendors/images/chat-img1.jpg
vendors/images/briefcase.svg
src/scripts/jquery.min.js.un
vendors/scripts/script.min.js
vendors/scripts/dashboard3.js
vendors/scripts/dashboard2.js
vendors/images/modal-img1.jpg
vendors/images/modal-img3.jpg
vendors/images/modal-img2.jpg
vendors/images/icon-debit.png
vendors/images/banner-img.png
src/plugins/plyr/dist/plyr.js
vendors/styles/core.min.css.un
vendors/scripts/core.min.js.un
vendors/scripts/colorpicker.js
vendors/images/coming-soon.png
src/plugins/slick/slick.min.js
src/plugins/plyr/dist/plyr.css
vendors/styles/style.min.css.un
vendors/images/remedy-amico.svg
vendors/images/product-img4.jpg
vendors/images/product-img3.jpg
vendors/images/product-img2.jpg
vendors/images/product-img1.jpg
vendors/images/medicine-bro.svg
vendors/images/deskapp-logo.svg
src/scripts/clipboard.min.js.un
src/images/check-mark-green.png
vendors/styles/icon-font.min.css
vendors/scripts/script.min.js.un
vendors/scripts/steps-setting.js
vendors/images/profile-photo.jpg
vendors/images/favicon-16x16.png
vendors/images/favicon-32x32.png
vendors/images/login-page-img.png
src/plugins/slick/slick.min.js.un
vendors/scripts/layout-settings.js
vendors/images/upload-file-img.jpg
vendors/images/paper-map-cuate.svg
vendors/images/forgot-password.png
vendors/fonts/foundation-icons.ttf
vendors/fonts/foundation-icons.svg
vendors/fonts/foundation-icons.eot
vendors/styles/icon-font.min.css.un
vendors/scripts/calendar-setting.js
vendors/images/apple-touch-icon.png
vendors/fonts/foundation-icons.woff
vendors/scripts/highchart-setting.js
vendors/scripts/datatable-setting.js
vendors/images/register-page-img.png
src/plugins/dropzone/src/dropzone.js
deskapp/src/scripts/jquery.min.js.un
vendors/scripts/jvectormap-setting.js
vendors/scripts/knob-chart-setting.js
vendors/scripts/apexcharts-setting.js
vendors/images/layout/header-dark.png
vendors/images/icon-online-wallet.png
vendors/images/deskapp-logo-white.svg
vendors/fonts/fontawesome-webfont.ttf
vendors/fonts/fontawesome-webfont.svg
vendors/fonts/fontawesome-webfont.eot
src/plugins/dropzone/src/dropzone.css
src/plugins/cropperjs/dist/cropper.js
vendors/scripts/advanced-components.js
vendors/images/layout/header-white.png
vendors/images/layout/sidebar-dark.png
vendors/fonts/fontawesome-webfont.woff
src/plugins/bootstrap/popper.min.js.un
src/plugins/switchery/switchery.min.js
src/plugins/datatables/js/vfs_fonts.js
src/plugins/cropperjs/dist/cropper.css
deskapp/vendors/styles/core.min.css.un
deskapp/vendors/scripts/core.min.js.un
vendors/scripts/range-slider-setting.js
vendors/images/layout/sidebar-white.png
vendors/fonts/fontawesome-webfont.woff2
src/plugins/switchery/switchery.min.css
src/plugins/sweetalert2/sweetalert2.css
deskapp/vendors/styles/style.min.css.un
deskapp/src/scripts/clipboard.min.js.un
src/plugins/apexcharts/apexcharts.min.js
src/plugins/jquery-steps/jquery.steps.js
src/plugins/datatables/js/pdfmake.min.js
deskapp/vendors/scripts/script.min.js.un
src/plugins/fullcalendar/fullcalendar.css
src/plugins/bootstrap/bootstrap.min.js.un
src/plugins/switchery/switchery.min.js.un
src/plugins/jquery-steps/jquery.steps.css
src/plugins/datatables/js/jszip.min.js.un
deskapp/src/plugins/slick/slick.min.js.un
src/plugins/bootstrap/bootstrap.min.css.un
src/plugins/switchery/switchery.min.css.un
src/plugins/sweetalert2/sweetalert2.all.js
src/plugins/datatables/images/sort_asc.png
src/plugins/cropperjs/dist/cropper-init.js
src/plugins/apexcharts/apexcharts.min.js.un
src/plugins/sweetalert2/sweet-alert.init.js
src/plugins/datatables/js/pdfmake.min.js.un
src/plugins/datatables/images/sort_both.png
src/plugins/datatables/images/sort_desc.png
deskapp/vendors/styles/icon-font.min.css.un
src/plugins/fullcalendar/fullcalendar.min.js
src/plugins/fancybox/dist/jquery.fancybox.js
src/plugins/cropperjs/dist/cropper.min.js.un
src/plugins/timedropper/timedropper.min.js.un
src/plugins/select2/dist/js/select2.min.js.un
src/plugins/fancybox/dist/jquery.fancybox.css
src/plugins/cropperjs/dist/cropper.min.css.un
src/plugins/timedropper/timedropper.min.css.un
src/plugins/datatables/js/buttons.print.min.js
src/plugins/datatables/js/buttons.flash.min.js
src/plugins/datatables/js/buttons.html5.min.js
deskapp/src/plugins/bootstrap/popper.min.js.un
src/plugins/fullcalendar/fullcalendar.min.js.un
src/plugins/select2/dist/css/select2.min.css.un
src/plugins/highcharts-6.0.7/code/highcharts.js
src/plugins/jQuery-Knob-master/jquery.knob.min.js
src/plugins/jquery-asColor/dist/jquery-asColor.js
src/plugins/datatables/js/buttons.html5.min.js.un
src/plugins/datatables/js/buttons.flash.min.js.un
src/plugins/datatables/js/buttons.print.min.js.un
src/fonts/ionicons-master/css/ionicons.min.css.un
deskapp/src/plugins/bootstrap/bootstrap.min.js.un
deskapp/src/plugins/switchery/switchery.min.js.un
deskapp/src/plugins/datatables/js/jszip.min.js.un
src/plugins/jvectormap/jquery-jvectormap-2.0.3.css
src/plugins/select2/dist/js/select2.full.min.js.un
src/plugins/datatables/js/jquery.dataTables.min.js
src/fonts/font-awesome/css/font-awesome.min.css.un
deskapp/src/plugins/bootstrap/bootstrap.min.css.un
deskapp/src/plugins/switchery/switchery.min.css.un
src/plugins/ion-rangeslider/css/ion.rangeSlider.css
src/plugins/fancybox/dist/jquery.fancybox.min.js.un
src/plugins/datatables/js/dataTables.buttons.min.js
src/plugins/datatables/js/buttons.bootstrap4.min.js
src/plugins/datatables/images/sort_asc_disabled.png
deskapp/src/plugins/apexcharts/apexcharts.min.js.un
deskapp/src/plugins/datatables/js/pdfmake.min.js.un
src/plugins/jQuery-Knob-master/jquery.knob.min.js.un
src/plugins/jquery-asColorPicker/dist/images/hue.png
src/plugins/highcharts-6.0.7/code/highcharts-more.js
src/plugins/fancybox/dist/jquery.fancybox.min.css.un
src/plugins/datatables/images/sort_desc_disabled.png
deskapp/src/plugins/cropperjs/dist/cropper.min.js.un
vendors/fonts/ionicons-master/css/ionicons.min.css.un
src/plugins/jvectormap/jquery-jvectormap-2.0.3.min.js
src/plugins/ion-rangeslider/js/ion.rangeSlider.min.js
src/plugins/datatables/js/jquery.dataTables.min.js.un
deskapp/src/plugins/timedropper/timedropper.min.js.un
deskapp/src/plugins/select2/dist/js/select2.min.js.un
deskapp/src/plugins/cropperjs/dist/cropper.min.css.un
vendors/fonts/font-awesome/css/font-awesome.min.css.un
src/plugins/jquery-asColorPicker/dist/images/alpha.png
src/plugins/datatables/js/buttons.bootstrap4.min.js.un
src/plugins/datatables/js/dataTables.buttons.min.js.un
src/plugins/datatables/js/responsive.bootstrap4.min.js
src/plugins/datatables/js/dataTables.responsive.min.js
src/plugins/datatables/js/dataTables.bootstrap4.min.js
src/plugins/bootstrap-tagsinput/bootstrap-tagsinput.js
deskapp/src/plugins/timedropper/timedropper.min.css.un
src/plugins/bootstrap-select/bootstrap-select.min.js.un
src/plugins/jquery-asGradient/dist/jquery-asGradient.js
src/plugins/datatables/css/jquery.dataTables.min.css.un
src/plugins/bootstrap-tagsinput/bootstrap-tagsinput.css
src/plugins/air-datepicker/dist/js/datepicker.min.js.un
deskapp/src/plugins/fullcalendar/fullcalendar.min.js.un
deskapp/src/plugins/select2/dist/css/select2.min.css.un
src/plugins/bootstrap-select/bootstrap-select.min.css.un
src/plugins/jvectormap/jquery-jvectormap-2.0.3.min.js.un
src/plugins/jquery-asColorPicker/jquery-asColorPicker.js
src/plugins/ion-rangeslider/js/ion.rangeSlider.min.js.un
src/plugins/datatables/css/responsive.bootstrap4.min.css
src/plugins/datatables/css/dataTables.bootstrap4.min.css
src/plugins/jvectormap/jquery-jvectormap-world-mill-en.js
src/plugins/datatables/js/dataTables.bootstrap4.min.js.un
src/plugins/datatables/js/dataTables.responsive.min.js.un
src/plugins/datatables/js/responsive.bootstrap4.min.js.un
src/plugins/air-datepicker/dist/css/datepicker.min.css.un
deskapp/src/plugins/datatables/js/buttons.html5.min.js.un
deskapp/src/plugins/datatables/js/buttons.flash.min.js.un
deskapp/src/plugins/datatables/js/buttons.print.min.js.un
deskapp/src/fonts/ionicons-master/css/ionicons.min.css.un
deskapp/src/plugins/select2/dist/js/select2.full.min.js.un
deskapp/src/fonts/font-awesome/css/font-awesome.min.css.un
src/plugins/jquery-asColorPicker/dist/images/saturation.png
src/plugins/jquery-asColorPicker/dist/css/asColorPicker.css
src/plugins/datatables/css/responsive.dataTables.min.css.un
src/plugins/datatables/css/dataTables.bootstrap4.min.css.un
src/plugins/datatables/css/responsive.bootstrap4.min.css.un
deskapp/src/plugins/fancybox/dist/jquery.fancybox.min.js.un
src/plugins/jquery-asColorPicker/dist/images/transparent.png
deskapp/src/plugins/jQuery-Knob-master/jquery.knob.min.js.un
deskapp/src/plugins/fancybox/dist/jquery.fancybox.min.css.un
src/plugins/bootstrap-touchspin/jquery.bootstrap-touchspin.js
deskapp/vendors/fonts/ionicons-master/css/ionicons.min.css.un
deskapp/src/plugins/datatables/js/jquery.dataTables.min.js.un
src/plugins/bootstrap-touchspin/jquery.bootstrap-touchspin.css
deskapp/vendors/fonts/font-awesome/css/font-awesome.min.css.un
deskapp/src/plugins/datatables/js/buttons.bootstrap4.min.js.un
deskapp/src/plugins/datatables/js/dataTables.buttons.min.js.un
src/plugins/bootstrap-select/dist/js/i18n/defaults-eu.min.js.un
src/plugins/bootstrap-select/dist/js/bootstrap-select.min.js.un
deskapp/src/plugins/bootstrap-select/bootstrap-select.min.js.un
deskapp/src/plugins/datatables/css/jquery.dataTables.min.css.un
deskapp/src/plugins/air-datepicker/dist/js/datepicker.min.js.un
deskapp/src/plugins/bootstrap-select/bootstrap-select.min.css.un
deskapp/src/plugins/jvectormap/jquery-jvectormap-2.0.3.min.js.un
deskapp/src/plugins/ion-rangeslider/js/ion.rangeSlider.min.js.un
src/plugins/bootstrap-select/dist/css/bootstrap-select.min.css.un
deskapp/src/plugins/datatables/js/dataTables.bootstrap4.min.js.un
deskapp/src/plugins/datatables/js/dataTables.responsive.min.js.un
deskapp/src/plugins/datatables/js/responsive.bootstrap4.min.js.un
deskapp/src/plugins/air-datepicker/dist/css/datepicker.min.css.un
src/plugins/bootstrap-select/dist/js/i18n/defaults-ar_AR.min.js.un
src/plugins/bootstrap-select/dist/js/i18n/defaults-bg_BG.min.js.un
src/plugins/bootstrap-select/dist/js/i18n/defaults-am_ET.min.js.un
src/plugins/bootstrap-select/dist/js/i18n/defaults-cs_CZ.min.js.un
src/plugins/bootstrap-select/dist/js/i18n/defaults-en_US.min.js.un
src/plugins/bootstrap-select/dist/js/i18n/defaults-de_DE.min.js.un
src/plugins/bootstrap-select/dist/js/i18n/defaults-fi_FI.min.js.un
src/plugins/bootstrap-select/dist/js/i18n/defaults-es_CL.min.js.un
src/plugins/bootstrap-select/dist/js/i18n/defaults-da_DK.min.js.un
src/plugins/bootstrap-select/dist/js/i18n/defaults-et_EE.min.js.un
src/plugins/bootstrap-select/dist/js/i18n/defaults-es_ES.min.js.un
src/plugins/bootstrap-select/dist/js/i18n/defaults-fr_FR.min.js.un
src/plugins/bootstrap-select/dist/js/i18n/defaults-fa_IR.min.js.un
src/plugins/bootstrap-select/dist/js/i18n/defaults-ja_JP.min.js.un
src/plugins/bootstrap-select/dist/js/i18n/defaults-hr_HR.min.js.un
src/plugins/bootstrap-select/dist/js/i18n/defaults-id_ID.min.js.un
src/plugins/bootstrap-select/dist/js/i18n/defaults-it_IT.min.js.un
src/plugins/bootstrap-select/dist/js/i18n/defaults-hu_HU.min.js.un
src/plugins/bootstrap-select/dist/js/i18n/defaults-kh_KM.min.js.un
src/plugins/bootstrap-select/dist/js/i18n/defaults-ko_KR.min.js.un
src/plugins/bootstrap-select/dist/js/i18n/defaults-lt_LT.min.js.un
src/plugins/bootstrap-select/dist/js/i18n/defaults-nb_NO.min.js.un
src/plugins/bootstrap-select/dist/js/i18n/defaults-lv_LV.min.js.un
src/plugins/bootstrap-select/dist/js/i18n/defaults-pt_BR.min.js.un
src/plugins/bootstrap-select/dist/js/i18n/defaults-pl_PL.min.js.un
src/plugins/bootstrap-select/dist/js/i18n/defaults-nl_NL.min.js.un
src/plugins/bootstrap-select/dist/js/i18n/defaults-ro_RO.min.js.un
src/plugins/bootstrap-select/dist/js/i18n/defaults-pt_PT.min.js.un
src/plugins/bootstrap-select/dist/js/i18n/defaults-ua_UA.min.js.un
src/plugins/bootstrap-select/dist/js/i18n/defaults-sl_SI.min.js.un
src/plugins/bootstrap-select/dist/js/i18n/defaults-sk_SK.min.js.un
src/plugins/bootstrap-select/dist/js/i18n/defaults-ru_RU.min.js.un
src/plugins/bootstrap-select/dist/js/i18n/defaults-tr_TR.min.js.un
src/plugins/bootstrap-select/dist/js/i18n/defaults-sv_SE.min.js.un
src/plugins/bootstrap-select/dist/js/i18n/defaults-vi_VN.min.js.un
src/plugins/bootstrap-select/dist/js/i18n/defaults-zh_CN.min.js.un
src/plugins/bootstrap-select/dist/js/i18n/defaults-zh_TW.min.js.un
deskapp/src/plugins/datatables/css/responsive.dataTables.min.css.un
deskapp/src/plugins/datatables/css/dataTables.bootstrap4.min.css.un
deskapp/src/plugins/datatables/css/responsive.bootstrap4.min.css.un
deskapp/src/plugins/bootstrap-select/dist/js/i18n/defaults-eu.min.js.un
deskapp/src/plugins/bootstrap-select/dist/js/bootstrap-select.min.js.un
deskapp/src/plugins/bootstrap-select/dist/css/bootstrap-select.min.css.un
deskapp/src/plugins/bootstrap-select/dist/js/i18n/defaults-ar_AR.min.js.un
deskapp/src/plugins/bootstrap-select/dist/js/i18n/defaults-bg_BG.min.js.un
deskapp/src/plugins/bootstrap-select/dist/js/i18n/defaults-am_ET.min.js.un
deskapp/src/plugins/bootstrap-select/dist/js/i18n/defaults-cs_CZ.min.js.un
deskapp/src/plugins/bootstrap-select/dist/js/i18n/defaults-en_US.min.js.un
deskapp/src/plugins/bootstrap-select/dist/js/i18n/defaults-de_DE.min.js.un
deskapp/src/plugins/bootstrap-select/dist/js/i18n/defaults-es_CL.min.js.un
deskapp/src/plugins/bootstrap-select/dist/js/i18n/defaults-da_DK.min.js.un
deskapp/src/plugins/bootstrap-select/dist/js/i18n/defaults-fi_FI.min.js.un
deskapp/src/plugins/bootstrap-select/dist/js/i18n/defaults-et_EE.min.js.un
deskapp/src/plugins/bootstrap-select/dist/js/i18n/defaults-es_ES.min.js.un
deskapp/src/plugins/bootstrap-select/dist/js/i18n/defaults-fr_FR.min.js.un
deskapp/src/plugins/bootstrap-select/dist/js/i18n/defaults-fa_IR.min.js.un
deskapp/src/plugins/bootstrap-select/dist/js/i18n/defaults-ja_JP.min.js.un
deskapp/src/plugins/bootstrap-select/dist/js/i18n/defaults-hr_HR.min.js.un
deskapp/src/plugins/bootstrap-select/dist/js/i18n/defaults-id_ID.min.js.un
deskapp/src/plugins/bootstrap-select/dist/js/i18n/defaults-it_IT.min.js.un
deskapp/src/plugins/bootstrap-select/dist/js/i18n/defaults-hu_HU.min.js.un
deskapp/src/plugins/bootstrap-select/dist/js/i18n/defaults-kh_KM.min.js.un
deskapp/src/plugins/bootstrap-select/dist/js/i18n/defaults-ko_KR.min.js.un
deskapp/src/plugins/bootstrap-select/dist/js/i18n/defaults-lt_LT.min.js.un
deskapp/src/plugins/bootstrap-select/dist/js/i18n/defaults-nb_NO.min.js.un
deskapp/src/plugins/bootstrap-select/dist/js/i18n/defaults-lv_LV.min.js.un
deskapp/src/plugins/bootstrap-select/dist/js/i18n/defaults-pt_BR.min.js.un
deskapp/src/plugins/bootstrap-select/dist/js/i18n/defaults-pl_PL.min.js.un
deskapp/src/plugins/bootstrap-select/dist/js/i18n/defaults-nl_NL.min.js.un
deskapp/src/plugins/bootstrap-select/dist/js/i18n/defaults-ro_RO.min.js.un
deskapp/src/plugins/bootstrap-select/dist/js/i18n/defaults-pt_PT.min.js.un
deskapp/src/plugins/bootstrap-select/dist/js/i18n/defaults-ua_UA.min.js.un
deskapp/src/plugins/bootstrap-select/dist/js/i18n/defaults-sl_SI.min.js.un
deskapp/src/plugins/bootstrap-select/dist/js/i18n/defaults-sk_SK.min.js.un
deskapp/src/plugins/bootstrap-select/dist/js/i18n/defaults-ru_RU.min.js.un
deskapp/src/plugins/bootstrap-select/dist/js/i18n/defaults-tr_TR.min.js.un
deskapp/src/plugins/bootstrap-select/dist/js/i18n/defaults-sv_SE.min.js.un
deskapp/src/plugins/bootstrap-select/dist/js/i18n/defaults-vi_VN.min.js.un
deskapp/src/plugins/bootstrap-select/dist/js/i18n/defaults-zh_CN.min.js.un
deskapp/src/plugins/bootstrap-select/dist/js/i18n/defaults-zh_TW.min.js.un
src/plugins/malihu-custom-scrollbar-plugin-master/jquery.mousewheel.min.js.un
src/plugins/malihu-custom-scrollbar-plugin-master/jquery.mCustomScrollbar.min.css.un
deskapp/src/plugins/malihu-custom-scrollbar-plugin-master/jquery.mousewheel.min.js.un
src/plugins/malihu-custom-scrollbar-plugin-master/jquery.mCustomScrollbar.concat.min.js.un
deskapp/src/plugins/malihu-custom-scrollbar-plugin-master/jquery.mCustomScrollbar.min.css.un
deskapp/src/plugins/malihu-custom-scrollbar-plugin-master/jquery.mCustomScrollbar.concat.min.js.un
