dist/img/AdminLTELogo.png
dist/img/user1-128x128.jpg
dist/img/user8-128x128.jpg
dist/img/user3-128x128.jpg
dist/img/user2-160x160.jpg
dist/img/user7-128x128.jpg
dist/img/user5-128x128.jpg
dist/img/user6-128x128.jpg
dist/img/default-150x150.png
dist/img/user4-128x128.jpg
dist/img/photo2.png
dist/img/photo1.png
dist/img/photo3.jpg
dist/img/credit/visa.png
dist/img/credit/mastercard.png
dist/img/credit/american-express.png
dist/img/credit/paypal2.png
dist/img/photo4.jpg
dist/img/prod-1.jpg
dist/img/prod-2.jpg
dist/img/prod-3.jpg
dist/img/prod-4.jpg
dist/img/prod-5.jpg
dist/img/avatar.png
dist/img/avatar2.png
dist/img/avatar3.png
dist/img/avatar4.png
dist/img/avatar5.png
