pages/widgets.html
pages/layout/top-nav.html
pages/layout/top-nav-sidebar.html
pages/layout/boxed.html
pages/layout/fixed-sidebar.html
pages/layout/fixed-sidebar-custom.html
pages/layout/fixed-topnav.html
pages/layout/fixed-footer.html
pages/layout/collapsed-sidebar.html
pages/charts/chartjs.html
pages/charts/flot.html
pages/charts/inline.html
pages/charts/uplot.html
pages/UI/general.html
pages/UI/icons.html
pages/UI/buttons.html
pages/UI/sliders.html
pages/UI/modals.html
pages/UI/navbar.html
pages/UI/timeline.html
pages/UI/ribbons.html
pages/forms/advanced.html
pages/forms/editors.html
pages/forms/validation.html
pages/search/simple.html
pages/tables/data.html
pages/tables/jsgrid.html
pages/calendar.html
pages/gallery.html
pages/kanban.html
pages/mailbox/mailbox.html
pages/mailbox/compose.html
pages/mailbox/read-mail.html
pages/examples/invoice.html
pages/examples/profile.html
pages/examples/e-commerce.html
pages/examples/projects.html
pages/examples/project-add.html
pages/examples/project-edit.html
pages/examples/project-detail.html
pages/examples/contacts.html
pages/examples/faq.html
pages/examples/contact-us.html
pages/examples/login.html
pages/examples/register.html
pages/examples/forgot-password.html
pages/examples/recover-password.html
pages/examples/login-v2.html
pages/examples/register-v2.html
pages/examples/forgot-password-v2.html
pages/examples/recover-password-v2.html
pages/examples/lockscreen.html
pages/examples/legacy-user-menu.html
pages/examples/language-menu.html
docs/404.html
pages/examples/500.html
pages/examples/pace.html
pages/examples/blank.html
pages/search/enhanced.html
pages/search/simple-results.html
pages/examples/invoice-print.html
pages/search/enhanced-results.html
