https://fonts.googleapis.com/css?family=Source+Sans+Pro:300,400,400i,700&amp;display=fallback
https://code.ionicframework.com/ionicons/2.0.1/css/ionicons.min.css
//cdn.jsdelivr.net/npm/sweetalert2@10
https://adminlte.io/docs/3.1/
https://adminlte.io
https://www.lipsum.com/
https://placehold.it/900x500/39CCCC/ffffff&amp;text=I+Love+Bootstrap
https://placehold.it/900x500/3c8dbc/ffffff&amp;text=I+Love+Bootstrap
https://placehold.it/900x500/f39c12/ffffff&amp;text=I+Love+Bootstrap
https://fontawesome.com/
https://useiconic.com/open/
https://ionicons.com/
https://getbootstrap.com/docs/4.4/components/modal/
https://sweetalert2.github.io/
https://codeseven.github.io/toastr/
https://placehold.it/150x100
https://www.youtube.com/embed/tMWkeBIohBs
https://select2.github.io/
https://github.com/istvan-ujjmeszaros/bootstrap-duallistbox#readme
https://getdatepicker.com/5-4/
https://bantikyan.github.io/icheck-bootstrap/
https://github.com/Johann-S/bs-stepper/#how-to-use-it
https://www.dropzonejs.com
https://github.com/summernote/summernote/
https://codemirror.net/
https://via.placeholder.com/1200/FFFFFF.png?text=1
https://via.placeholder.com/300/FFFFFF?text=1
https://via.placeholder.com/1200/000000.png?text=2
https://via.placeholder.com/300/000000?text=2
https://via.placeholder.com/1200/FF0000/FFFFFF.png?text=3
https://via.placeholder.com/300/FF0000/FFFFFF?text=3
https://via.placeholder.com/1200/FF0000/FFFFFF.png?text=4
https://via.placeholder.com/300/FF0000/FFFFFF?text=4
https://via.placeholder.com/1200/000000.png?text=5
https://via.placeholder.com/300/000000?text=5
https://via.placeholder.com/1200/FFFFFF.png?text=6
https://via.placeholder.com/300/FFFFFF?text=6
https://via.placeholder.com/1200/FFFFFF.png?text=7
https://via.placeholder.com/300/FFFFFF?text=7
https://via.placeholder.com/1200/000000.png?text=8
https://via.placeholder.com/300/000000?text=8
https://via.placeholder.com/1200/FF0000/FFFFFF.png?text=9
https://via.placeholder.com/300/FF0000/FFFFFF?text=9
https://via.placeholder.com/1200/FFFFFF.png?text=10
https://via.placeholder.com/300/FFFFFF?text=10
https://via.placeholder.com/1200/FFFFFF.png?text=11
https://via.placeholder.com/300/FFFFFF?text=11
https://via.placeholder.com/1200/000000.png?text=12
https://via.placeholder.com/300/000000?text=12
https://www.youtube.com/embed/WEkSYw3o5is?controls=0
