https://adminlte.io
https://opensource.org/licenses/MIT
https://getbootstrap.com/
https://github.com/twbs/bootstrap/blob/main/LICENSE
http://www.w3.org/2000/svg
https://bttstrp.github.io/bootstrap-switch
http://larentis.eu
http://js-grid.com
https://github.com/tabalinas/jsgrid/blob/master/LICENSE
https://davidwalsh.name/detect-node-insertion
https://github.com/marcj/css-element-queries
https://bootswatch.com/4/flatly/bootstrap.css
http://jqueryui.com
http://jqueryui.com/themeroller/
https://github.com/mbonaci/global/blob/master/Mbo.tmTheme
http://tmtheme-editor.herokuapp.com
https://summernote.org
https://github.com/arcticicestudio/nord
http://github.com/mkaminsky11
https://github.com/jesseweed/seti-syntax
https://github.com/jesseweed/yeti-syntax
http://github.com/equinusocio
https://github.com/moxer-theme/moxer-code
http://github.com/thomasmaclean
https://github.com/minamarkham
https://github.com/idleberg/base16-codemirror
https://github.com/chriskempson/base16
https://github.com/NextStepWebs/simplemde-markdown-editor
https://fontawesome.com
https://fontawesome.com/license/free
https://github.com/zenorocha/dracula-theme
https://github.com/raphamorim/lucario
https://github.com/bbatsov/zenburn-emacs/blob/master/zenburn-theme.el
https://github.com/xavi/coderay-lighttable-theme
https://github.com/wisenomad/zenburn-lighttable-theme/blob/master/zenburn.css
http://jquery.org/license
http://api.jqueryui.com/category/theming/
http://github.com/idleberg
https://github.com/dempfi/ayu
https://icecoder.net
https://material-theme.site/
https://github.com/codemirror/CodeMirror/issues
https://developer.mozilla.org/en-US/docs/Web/CSS/animation
http://bonsaiden.github.com/JavaScript-Garden
https://github.com/Johann-S/bs-stepper
https://github.com/Johann-S/bs-stepper/blob/master/LICENSE
http://github.com/overdodactyl
http://ethanschoonover.com/solarized
http://ethanschoonover.com/solarized/img/solarized-palette.png
http://railscasts.com
http://chriskempson.com
http://lesscss.org/
http://simurai.com/projects/2016/01/01/duotone-themes
https://github.com/idleberg
https://github.com/atelierbram/
https://github.com/krkk
https://github.com/morhetz/gruvbox
https://github.com/fpereira1
https://github.com/voronianski/oceanic-next-color-scheme
https://github.com/idleberg/Paraiso-CodeMirror
http://www.rubenslp.com.br
http://github.com/siamak/
https://github.com/siamak/atom-panda-syntax
https://github.com/atomicpages/codemirror-pastel-on-dark-theme
https://github.com/bantikyan/icheck-bootstrap
https://github.com/bantikyan/icheck-bootstrap/blob/master/LICENSE
https://github.com/KingSora/OverlayScrollbars
https://github.com/KingSora
http://www.virtuosoft.eu/code/bootstrap-duallistbox/
https://itsjavi.com/bootstrap-colorpicker/
https://github.com/itsjavi/bootstrap-colorpicker.git
https://tempusdominus.github.io/bootstrap-4/
https://github.com/tempusdominus/bootstrap-3/blob/master/LICENSE
