dist/js/adminlte.min.js.un
dist/css/adminlte.min.css.un
plugins/jszip/jszip.min.js.un
plugins/uplot/uPlot.min.css.un
plugins/moment/moment.min.js.un
plugins/jsgrid/jsgrid.min.js.un
plugins/popper/popper.min.js.un
plugins/jquery/jquery.min.js.un
plugins/toastr/toastr.min.js.un
plugins/moment/locales.min.js.un
plugins/chart.js/Chart.min.js.un
plugins/jsgrid/jsgrid.min.css.un
plugins/jqvmap/jqvmap.min.css.un
plugins/toastr/toastr.min.css.un
plugins/raphael/raphael.min.js.un
plugins/chart.js/Chart.min.css.un
plugins/pdfmake/pdfmake.min.js.un
docs/assets/js/adminlte.min.js.un
plugins/uplot/uPlot.iife.min.js.un
plugins/fullcalendar/main.min.js.un
plugins/popper/esm/popper.min.js.un
plugins/popper/umd/popper.min.js.un
docs/assets/css/adminlte.min.css.un
plugins/fullcalendar/main.min.css.un
plugins/jqvmap/jquery.vmap.min.js.un
plugins/pace-progress/pace.min.js.un
plugins/jquery/jquery.slim.min.js.un
plugins/select2/js/select2.min.js.un
plugins/jquery-ui/jquery-ui.min.js.un
plugins/filterizr/filterizr.min.js.un
plugins/inputmask/inputmask.min.js.un
plugins/popper/popper-utils.min.js.un
plugins/dropzone/min/basic.min.css.un
dist/css/alt/adminlte.core.min.css.un
plugins/jquery-ui/jquery-ui.min.css.un
plugins/jsgrid/jsgrid-theme.min.css.un
plugins/select2/css/select2.min.css.un
plugins/simplemde/simplemde.min.css.un
dist/css/alt/adminlte.pages.min.css.un
plugins/summernote/summernote.min.js.un
plugins/chart.js/Chart.bundle.min.js.un
plugins/dropzone/min/dropzone.min.js.un
plugins/summernote/summernote.min.css.un
plugins/dropzone/min/dropzone.min.css.un
plugins/bootstrap/js/bootstrap.min.js.un
dist/css/alt/adminlte.plugins.min.css.un
plugins/sweetalert2/sweetalert2.min.js.un
plugins/raphael/raphael.no-deps.min.js.un
plugins/jquery-knob/jquery.knob.min.js.un
plugins/popper/esm/popper-utils.min.js.un
plugins/popper/umd/popper-utils.min.js.un
plugins/select2/js/select2.full.min.js.un
plugins/sweetalert2/sweetalert2.min.css.un
plugins/fullcalendar/locales-all.min.js.un
plugins/bs-stepper/js/bs-stepper.min.js.un
plugins/summernote/summernote-bs4.min.js.un
plugins/fontawesome-free/css/all.min.css.un
docs/assets/plugins/popper/popper.min.js.un
docs/assets/plugins/jquery/jquery.min.js.un
dist/css/alt/adminlte.components.min.css.un
plugins/jquery-ui/jquery-ui.theme.min.css.un
plugins/filterizr/jquery.filterizr.min.js.un
plugins/summernote/summernote-bs4.min.css.un
plugins/summernote/summernote-lite.min.js.un
plugins/moment/moment-with-locales.min.js.un
plugins/inputmask/jquery.inputmask.min.js.un
plugins/bs-stepper/css/bs-stepper.min.css.un
docs/assets/css/alt/adminlte.core.min.css.un
plugins/ekko-lightbox/ekko-lightbox.min.js.un
plugins/filterizr/vanilla.filterizr.min.js.un
plugins/summernote/summernote-lite.min.css.un
plugins/jquery-mapael/jquery.mapael.min.js.un
plugins/sweetalert2/sweetalert2.all.min.js.un
plugins/fontawesome-free/css/solid.min.css.un
docs/assets/css/alt/adminlte.pages.min.css.un
plugins/datatables/jquery.dataTables.min.js.un
plugins/fontawesome-free/css/brands.min.css.un
plugins/flag-icon-css/css/flag-icon.min.css.un
plugins/jquery-mapael/maps/usa_states.min.js.un
plugins/bootstrap/js/bootstrap.bundle.min.js.un
plugins/fontawesome-free/css/regular.min.css.un
docs/assets/css/alt/adminlte.plugins.min.css.un
docs/assets/plugins/popper/esm/popper.min.js.un
docs/assets/plugins/popper/umd/popper.min.js.un
plugins/jquery-ui/jquery-ui.structure.min.css.un
plugins/fontawesome-free/css/v4-shims.min.css.un
docs/assets/plugins/jquery/jquery.slim.min.js.un
docs/assets/plugins/popper/popper-utils.min.js.un
dist/css/alt/adminlte.extra-components.min.css.un
plugins/summernote/lang/summernote-ar-AR.min.js.un
plugins/summernote/lang/summernote-bg-BG.min.js.un
plugins/summernote/lang/summernote-az-AZ.min.js.un
plugins/summernote/lang/summernote-ca-ES.min.js.un
plugins/summernote/lang/summernote-cs-CZ.min.js.un
plugins/summernote/lang/summernote-da-DK.min.js.un
plugins/summernote/lang/summernote-de-DE.min.js.un
plugins/summernote/lang/summernote-el-GR.min.js.un
plugins/summernote/lang/summernote-es-ES.min.js.un
plugins/summernote/lang/summernote-es-EU.min.js.un
plugins/summernote/lang/summernote-fa-IR.min.js.un
plugins/summernote/lang/summernote-fi-FI.min.js.un
plugins/summernote/lang/summernote-fr-FR.min.js.un
plugins/summernote/lang/summernote-gl-ES.min.js.un
plugins/summernote/lang/summernote-he-IL.min.js.un
plugins/summernote/lang/summernote-hr-HR.min.js.un
plugins/summernote/lang/summernote-hu-HU.min.js.un
plugins/summernote/lang/summernote-id-ID.min.js.un
plugins/summernote/lang/summernote-it-IT.min.js.un
plugins/summernote/lang/summernote-ja-JP.min.js.un
plugins/summernote/lang/summernote-ko-KR.min.js.un
plugins/summernote/lang/summernote-lt-LT.min.js.un
plugins/summernote/lang/summernote-lt-LV.min.js.un
plugins/summernote/lang/summernote-mn-MN.min.js.un
plugins/summernote/lang/summernote-nl-NL.min.js.un
plugins/summernote/lang/summernote-nb-NO.min.js.un
plugins/summernote/lang/summernote-pl-PL.min.js.un
plugins/summernote/lang/summernote-pt-BR.min.js.un
plugins/summernote/lang/summernote-pt-PT.min.js.un
plugins/summernote/lang/summernote-ru-RU.min.js.un
plugins/summernote/lang/summernote-ro-RO.min.js.un
plugins/summernote/lang/summernote-sk-SK.min.js.un
plugins/summernote/lang/summernote-sl-SI.min.js.un
plugins/summernote/lang/summernote-sv-SE.min.js.un
plugins/summernote/lang/summernote-sr-RS.min.js.un
plugins/summernote/lang/summernote-ta-IN.min.js.un
plugins/summernote/lang/summernote-th-TH.min.js.un
plugins/summernote/lang/summernote-tr-TR.min.js.un
plugins/summernote/lang/summernote-uk-UA.min.js.un
plugins/summernote/lang/summernote-uz-UZ.min.js.un
plugins/summernote/lang/summernote-vi-VN.min.js.un
plugins/summernote/lang/summernote-zh-CN.min.js.un
plugins/summernote/lang/summernote-zh-TW.min.js.un
plugins/dropzone/min/dropzone-amd-module.min.js.un
docs/assets/css/alt/adminlte.components.min.css.un
plugins/jquery-validation/jquery.validate.min.js.un
plugins/bootstrap-slider/bootstrap-slider.min.js.un
plugins/fontawesome-free/css/fontawesome.min.css.un
plugins/fontawesome-free/css/svg-with-js.min.css.un
plugins/icheck-bootstrap/icheck-bootstrap.min.css.un
plugins/jquery-mapael/maps/world_countries.min.js.un
plugins/ion-rangeslider/js/ion.rangeSlider.min.js.un
docs/assets/plugins/bootstrap/js/bootstrap.min.js.un
plugins/datatables-buttons/js/buttons.flash.min.js.un
plugins/datatables-buttons/js/buttons.html5.min.js.un
plugins/datatables-buttons/js/buttons.print.min.js.un
docs/assets/plugins/popper/esm/popper-utils.min.js.un
docs/assets/plugins/popper/umd/popper-utils.min.js.un
plugins/jquery-validation/additional-methods.min.js.un
plugins/ion-rangeslider/css/ion.rangeSlider.min.css.un
plugins/datatables-buttons/js/buttons.colVis.min.js.un
plugins/bootstrap-switch/js/bootstrap-switch.min.js.un
plugins/jquery-mapael/maps/france_departments.min.js.un
docs/assets/plugins/fontawesome-free/css/all.min.css.un
plugins/bootstrap-slider/css/bootstrap-slider.min.css.un
plugins/summernote/lang/summernote-sr-RS-Latin.min.js.un
plugins/overlayScrollbars/js/OverlayScrollbars.min.js.un
plugins/datatables-select/js/dataTables.select.min.js.un
plugins/datatables-select/js/select.bootstrap4.min.js.un
docs/assets/css/alt/adminlte.extra-components.min.css.un
plugins/datatables-bs4/js/dataTables.bootstrap4.min.js.un
docs/assets/plugins/fontawesome-free/css/solid.min.css.un
plugins/overlayScrollbars/css/OverlayScrollbars.min.css.un
plugins/datatables-buttons/js/buttons.bootstrap4.min.js.un
plugins/datatables-buttons/js/dataTables.buttons.min.js.un
plugins/datatables-select/css/select.bootstrap4.min.css.un
docs/assets/plugins/fontawesome-free/css/brands.min.css.un
plugins/bs-custom-file-input/bs-custom-file-input.min.js.un
plugins/jquery-validation/localization/methods_de.min.js.un
plugins/jquery-validation/localization/methods_it.min.js.un
plugins/jquery-validation/localization/methods_fi.min.js.un
plugins/jquery-validation/localization/methods_pt.min.js.un
plugins/jquery-validation/localization/methods_nl.min.js.un
plugins/jquery-mapael/maps/world_countries_miller.min.js.un
plugins/datatables-bs4/css/dataTables.bootstrap4.min.css.un
docs/assets/plugins/bootstrap/js/bootstrap.bundle.min.js.un
docs/assets/plugins/fontawesome-free/css/regular.min.css.un
plugins/sweetalert2-theme-bootstrap-4/bootstrap-4.min.css.un
plugins/jquery-validation/localization/messages_ar.min.js.un
plugins/jquery-validation/localization/messages_az.min.js.un
plugins/jquery-validation/localization/messages_bg.min.js.un
plugins/jquery-validation/localization/messages_ca.min.js.un
plugins/jquery-validation/localization/messages_da.min.js.un
plugins/jquery-validation/localization/messages_cs.min.js.un
plugins/jquery-validation/localization/messages_el.min.js.un
plugins/jquery-validation/localization/messages_de.min.js.un
plugins/jquery-validation/localization/messages_es.min.js.un
plugins/jquery-validation/localization/messages_et.min.js.un
plugins/jquery-validation/localization/messages_eu.min.js.un
plugins/jquery-validation/localization/messages_fa.min.js.un
plugins/jquery-validation/localization/messages_fr.min.js.un
plugins/jquery-validation/localization/messages_fi.min.js.un
plugins/jquery-validation/localization/messages_ge.min.js.un
plugins/jquery-validation/localization/messages_gl.min.js.un
plugins/jquery-validation/localization/messages_he.min.js.un
plugins/jquery-validation/localization/messages_hr.min.js.un
plugins/jquery-validation/localization/messages_hu.min.js.un
plugins/jquery-validation/localization/messages_id.min.js.un
plugins/jquery-validation/localization/messages_it.min.js.un
plugins/jquery-validation/localization/messages_is.min.js.un
plugins/jquery-validation/localization/messages_ka.min.js.un
plugins/jquery-validation/localization/messages_ja.min.js.un
plugins/jquery-validation/localization/messages_kk.min.js.un
plugins/jquery-validation/localization/messages_ko.min.js.un
plugins/jquery-validation/localization/messages_lt.min.js.un
plugins/jquery-validation/localization/messages_lv.min.js.un
plugins/jquery-validation/localization/messages_mk.min.js.un
plugins/jquery-validation/localization/messages_nl.min.js.un
plugins/jquery-validation/localization/messages_my.min.js.un
plugins/jquery-validation/localization/messages_pl.min.js.un
plugins/jquery-validation/localization/messages_no.min.js.un
plugins/jquery-validation/localization/messages_ru.min.js.un
plugins/jquery-validation/localization/messages_ro.min.js.un
plugins/jquery-validation/localization/messages_si.min.js.un
plugins/jquery-validation/localization/messages_sd.min.js.un
plugins/jquery-validation/localization/messages_sk.min.js.un
plugins/jquery-validation/localization/messages_sl.min.js.un
plugins/jquery-validation/localization/messages_sr.min.js.un
plugins/jquery-validation/localization/messages_sv.min.js.un
plugins/jquery-validation/localization/messages_th.min.js.un
plugins/jquery-validation/localization/messages_tj.min.js.un
plugins/jquery-validation/localization/messages_tr.min.js.un
plugins/jquery-validation/localization/messages_uk.min.js.un
plugins/jquery-validation/localization/messages_ur.min.js.un
plugins/jquery-validation/localization/messages_vi.min.js.un
plugins/jquery-validation/localization/messages_zh.min.js.un
plugins/datatables-autofill/js/autoFill.bootstrap4.min.js.un
plugins/datatables-autofill/js/dataTables.autoFill.min.js.un
plugins/datatables-keytable/js/dataTables.keyTable.min.js.un
plugins/datatables-keytable/js/keyTable.bootstrap4.min.js.un
plugins/datatables-rowgroup/js/dataTables.rowGroup.min.js.un
plugins/datatables-rowgroup/js/rowGroup.bootstrap4.min.js.un
plugins/datatables-scroller/js/dataTables.scroller.min.js.un
plugins/datatables-scroller/js/scroller.bootstrap4.min.js.un
plugins/datatables-buttons/css/buttons.bootstrap4.min.css.un
docs/assets/plugins/fontawesome-free/css/v4-shims.min.css.un
plugins/jquery-mapael/maps/world_countries_mercator.min.js.un
plugins/select2-bootstrap4-theme/select2-bootstrap4.min.css.un
plugins/jquery-validation/localization/methods_es_CL.min.js.un
plugins/datatables-autofill/css/autoFill.bootstrap4.min.css.un
plugins/datatables-keytable/css/keyTable.bootstrap4.min.css.un
plugins/datatables-rowgroup/css/rowGroup.bootstrap4.min.css.un
plugins/datatables-scroller/css/scroller.bootstrap4.min.css.un
plugins/bootstrap4-duallistbox/bootstrap-duallistbox.min.css.un
plugins/jquery-validation/localization/messages_bn_BD.min.js.un
plugins/jquery-validation/localization/messages_es_AR.min.js.un
plugins/jquery-validation/localization/messages_es_PE.min.js.un
plugins/jquery-validation/localization/messages_hy_AM.min.js.un
plugins/jquery-validation/localization/messages_pt_PT.min.js.un
plugins/jquery-validation/localization/messages_pt_BR.min.js.un
plugins/jquery-validation/localization/messages_zh_TW.min.js.un
plugins/overlayScrollbars/js/jquery.overlayScrollbars.min.js.un
docs/assets/plugins/fontawesome-free/css/fontawesome.min.css.un
docs/assets/plugins/fontawesome-free/css/svg-with-js.min.css.un
plugins/jquery-validation/localization/messages_sr_lat.min.js.un
plugins/datatables-colreorder/js/colReorder.bootstrap4.min.js.un
plugins/datatables-colreorder/js/dataTables.colReorder.min.js.un
plugins/datatables-responsive/js/dataTables.responsive.min.js.un
plugins/datatables-responsive/js/responsive.bootstrap4.min.js.un
plugins/bootstrap-colorpicker/js/bootstrap-colorpicker.min.js.un
plugins/datatables-rowreorder/js/dataTables.rowReorder.min.js.un
plugins/datatables-rowreorder/js/rowReorder.bootstrap4.min.js.un
plugins/datatables-fixedheader/js/dataTables.fixedHeader.min.js.un
plugins/datatables-fixedheader/js/fixedHeader.bootstrap4.min.js.un
plugins/datatables-colreorder/css/colReorder.bootstrap4.min.css.un
plugins/datatables-responsive/css/responsive.bootstrap4.min.css.un
plugins/bootstrap-colorpicker/css/bootstrap-colorpicker.min.css.un
plugins/datatables-searchpanes/js/dataTables.searchPanes.min.js.un
plugins/datatables-searchpanes/js/searchPanes.bootstrap4.min.js.un
plugins/datatables-rowreorder/css/rowReorder.bootstrap4.min.css.un
plugins/bootstrap-switch/css/bootstrap3/bootstrap-switch.min.css.un
plugins/bootstrap-switch/css/bootstrap2/bootstrap-switch.min.css.un
plugins/datatables-fixedheader/css/fixedHeader.bootstrap4.min.css.un
plugins/datatables-fixedcolumns/js/dataTables.fixedColumns.min.js.un
plugins/datatables-fixedcolumns/js/fixedColumns.bootstrap4.min.js.un
plugins/datatables-searchpanes/css/searchPanes.bootstrap4.min.css.un
docs/assets/plugins/overlayScrollbars/js/OverlayScrollbars.min.js.un
plugins/bootstrap4-duallistbox/jquery.bootstrap-duallistbox.min.js.un
plugins/datatables-searchbuilder/js/dataTables.searchBuilder.min.js.un
plugins/datatables-searchbuilder/js/searchBuilder.bootstrap4.min.js.un
plugins/datatables-fixedcolumns/css/fixedColumns.bootstrap4.min.css.un
docs/assets/plugins/overlayScrollbars/css/OverlayScrollbars.min.css.un
plugins/datatables-searchbuilder/css/searchBuilder.bootstrap4.min.css.un
plugins/tempusdominus-bootstrap-4/js/tempusdominus-bootstrap-4.min.js.un
plugins/tempusdominus-bootstrap-4/css/tempusdominus-bootstrap-4.min.css.un
docs/assets/plugins/overlayScrollbars/js/jquery.overlayScrollbars.min.js.un
