docs/404.html
pages/kanban.html
pages/gallery.html
pages/widgets.html
pages/calendar.html
pages/UI/icons.html
pages/UI/modals.html
pages/UI/navbar.html
pages/UI/general.html
pages/UI/buttons.html
pages/UI/sliders.html
pages/UI/ribbons.html
pages/UI/timeline.html
pages/tables/data.html
pages/charts/flot.html
docs/_layouts/page.html
pages/layout/boxed.html
pages/examples/404.html
pages/examples/500.html
pages/examples/faq.html
pages/charts/uplot.html
docs/_includes/foot.html
docs/_includes/head.html
pages/search/simple.html
pages/forms/general.html
pages/forms/editors.html
pages/tables/simple.html
pages/tables/jsgrid.html
pages/examples/pace.html
pages/charts/inline.html
pages/forms/advanced.html
pages/layout/top-nav.html
pages/examples/blank.html
pages/examples/login.html
pages/charts/chartjs.html
docs/_includes/footer.html
docs/_includes/navbar.html
docs/_layouts/default.html
pages/search/enhanced.html
pages/mailbox/compose.html
pages/mailbox/mailbox.html
docs/_includes/sidebar.html
pages/forms/validation.html
pages/examples/invoice.html
pages/examples/profile.html
pages/mailbox/read-mail.html
pages/examples/contacts.html
pages/examples/login-v2.html
pages/examples/projects.html
pages/examples/register.html
docs/_includes/preloader.html
pages/layout/fixed-footer.html
pages/layout/fixed-topnav.html
pages/examples/contact-us.html
pages/examples/e-commerce.html
pages/examples/lockscreen.html
pages/layout/fixed-sidebar.html
pages/examples/project-add.html
pages/examples/register-v2.html
pages/search/simple-results.html
pages/examples/project-edit.html
pages/layout/top-nav-sidebar.html
pages/examples/invoice-print.html
pages/examples/language-menu.html
pages/search/enhanced-results.html
pages/examples/project-detail.html
pages/layout/collapsed-sidebar.html
pages/examples/forgot-password.html
pages/examples/legacy-user-menu.html
pages/examples/recover-password.html
pages/layout/fixed-sidebar-custom.html
pages/examples/forgot-password-v2.html
pages/examples/recover-password-v2.html
LICENSE
.lgtm.yml
README.md
.npmignore
favicon.ico
.babelrc.js
docs/faq.md
.stylelintrc
package.json
docs/Gemfile
.editorconfig
.eslintignore
composer.json
docs/index.md
sr_in_html.yml
.eslintrc.json
docs/layout.md
.browserslistrc
docs/license.md
.stylelintignore
docs/_config.yml
package-lock.json
docs/Gemfile.lock
CODE_OF_CONDUCT.md
build/js/IFrame.js
build/js/Layout.js
build/js/Toasts.js
dist/img/icons.png
build/npm/Plugins.js
build/npm/vnu-jar.js
build/npm/Publish.js
build/js/AdminLTE.js
build/js/Dropdown.js
build/js/PushMenu.js
build/js/TodoList.js
build/js/Treeview.js
docs/dependencies.md
build/scss/_navs.scss
build/scss/_root.scss
build/scss/_text.scss
docs/upgrade-guide.md
dist/css/adminlte.css
dist/img/boxed-bg.jpg
dist/img/boxed-bg.png
plugins/jszip/jszip.js
build/scss/_brand.scss
build/scss/_cards.scss
build/scss/_close.scss
build/scss/_forms.scss
build/scss/_print.scss
build/scss/_table.scss
build/js/CardWidget.js
build/js/DirectChat.js
build/js/Fullscreen.js
docs/assets/js/demo.js
dist/js/.eslintrc.json
build/scss/_alerts.scss
build/scss/_colors.scss
build/scss/_layout.scss
build/scss/_mixins.scss
build/scss/_modals.scss
build/scss/_toasts.scss
build/js/CardRefresh.js
docs/browser-support.md
docs/implementations.md
dist/js/adminlte.js.map
.bundlewatch.config.json
plugins/jsgrid/jsgrid.js
plugins/popper/popper.js
plugins/jquery/jquery.js
build/npm/DocsPublish.js
build/npm/DocsPlugins.js
build/npm/.eslintrc.json
build/scss/_buttons.scss
build/scss/_callout.scss
build/scss/adminlte.scss
build/js/NavbarSearch.js
docs/components/boxes.md
docs/components/cards.md
docs/assets/css/docs.css
plugins/moment/locales.js
plugins/chart.js/Chart.js
plugins/jsgrid/jsgrid.css
plugins/jqvmap/jqvmap.css
plugins/toastr/toastr.css
build/scss/_carousel.scss
build/scss/_dropdown.scss
build/scss/_info-box.scss
build/scss/_products.scss
build/scss/_timeline.scss
build/js/SidebarSearch.js
docs/additional-styles.md
docs/how-to-contribute.md
docs/javascript/iframe.md
docs/javascript/layout.md
docs/javascript/toasts.md
dist/css/adminlte.css.map
plugins/raphael/raphael.js
plugins/chart.js/Chart.css
plugins/uplot/uPlot.cjs.js
plugins/uplot/uPlot.esm.js
plugins/pdfmake/pdfmake.js
plugins/dropzone/basic.css
build/scss/_elevation.scss
build/scss/_preloader.scss
build/scss/_small-box.scss
build/scss/_variables.scss
build/js/ControlSidebar.js
docs/components/plugins.md
docs/components/ribbons.md
docs/assets/js/adminlte.js
dist/img/credit/cirrus.png
dist/img/credit/paypal.png
plugins/moment/locale/af.js
plugins/moment/locale/ar.js
plugins/moment/locale/az.js
plugins/moment/locale/be.js
plugins/moment/locale/bg.js
plugins/moment/locale/bm.js
plugins/moment/locale/bn.js
plugins/moment/locale/bo.js
plugins/moment/locale/br.js
plugins/moment/locale/ca.js
plugins/moment/locale/bs.js
plugins/moment/locale/cs.js
plugins/moment/locale/cv.js
plugins/moment/locale/cy.js
plugins/moment/locale/da.js
plugins/moment/locale/dv.js
plugins/moment/locale/de.js
plugins/moment/locale/el.js
plugins/moment/locale/eo.js
plugins/moment/locale/et.js
plugins/moment/locale/es.js
plugins/moment/locale/fa.js
plugins/moment/locale/eu.js
plugins/moment/locale/fi.js
plugins/moment/locale/fo.js
plugins/moment/locale/fr.js
plugins/moment/locale/fy.js
plugins/moment/locale/ga.js
plugins/moment/locale/gd.js
plugins/moment/locale/gl.js
plugins/moment/locale/gu.js
plugins/moment/locale/he.js
plugins/moment/locale/hi.js
plugins/moment/locale/hr.js
plugins/moment/locale/hu.js
plugins/moment/locale/id.js
plugins/moment/locale/is.js
plugins/moment/locale/ja.js
plugins/moment/locale/it.js
plugins/moment/locale/ka.js
plugins/moment/locale/jv.js
plugins/moment/locale/kk.js
plugins/moment/locale/kn.js
plugins/moment/locale/km.js
plugins/moment/locale/ko.js
plugins/moment/locale/ku.js
plugins/moment/locale/ky.js
plugins/moment/locale/lo.js
plugins/moment/locale/lb.js
plugins/moment/locale/lt.js
plugins/moment/locale/lv.js
plugins/moment/locale/me.js
plugins/moment/locale/mi.js
plugins/moment/locale/ml.js
plugins/moment/locale/mk.js
plugins/moment/locale/mn.js
plugins/moment/locale/mr.js
plugins/moment/locale/mt.js
plugins/moment/locale/ms.js
plugins/moment/locale/my.js
plugins/moment/locale/nb.js
plugins/moment/locale/ne.js
plugins/moment/locale/nn.js
plugins/moment/locale/nl.js
plugins/moment/locale/pl.js
plugins/moment/locale/ro.js
plugins/moment/locale/pt.js
plugins/moment/locale/ru.js
plugins/moment/locale/sd.js
plugins/moment/locale/se.js
plugins/moment/locale/sk.js
plugins/moment/locale/si.js
plugins/moment/locale/sl.js
plugins/moment/locale/sq.js
plugins/moment/locale/sr.js
plugins/moment/locale/ss.js
plugins/moment/locale/sv.js
plugins/moment/locale/sw.js
plugins/moment/locale/te.js
plugins/moment/locale/ta.js
plugins/moment/locale/tg.js
plugins/moment/locale/tk.js
plugins/moment/locale/th.js
plugins/moment/locale/tr.js
plugins/moment/locale/uk.js
plugins/moment/locale/ur.js
plugins/moment/locale/uz.js
plugins/moment/locale/vi.js
plugins/moment/locale/yo.js
plugins/raphael/license.txt
plugins/uplot/uPlot.iife.js
build/scss/_pagination.scss
build/scss/_users-list.scss
build/scss/parts/_core.scss
build/config/.eslintrc.json
build/js/ExpandableTable.js
docs/components/timeline.md
docs/javascript/treeview.md
docs/assets/img/logo-xl.png
docs/assets/img/logo-xs.png
dist/js/adminlte.min.js.map
plugins/moment/locale/fil.js
plugins/moment/locale/tet.js
plugins/moment/locale/tlh.js
plugins/moment/locale/tzl.js
plugins/moment/locale/tzm.js
plugins/raphael/Gruntfile.js
plugins/popper/popper.js.map
plugins/popper/popper.min.js
plugins/popper/esm/popper.js
plugins/popper/umd/popper.js
plugins/toastr/toastr.js.map
plugins/dropzone/dropzone.js
build/scss/_direct-chat.scss
build/scss/_main-header.scss
build/scss/parts/_pages.scss
docs/javascript/todo-list.md
docs/javascript/push-menu.md
docs/assets/css/adminlte.css
plugins/jquery-ui/LICENSE.txt
plugins/moment/locales.min.js
plugins/jqvmap/jquery.vmap.js
plugins/pace-progress/pace.js
plugins/jquery/jquery.min.map
plugins/jquery/jquery.slim.js
plugins/dropzone/dropzone.css
plugins/select2/js/select2.js
plugins/select2/js/i18n/af.js
plugins/select2/js/i18n/ar.js
plugins/select2/js/i18n/az.js
plugins/select2/js/i18n/bg.js
plugins/select2/js/i18n/bs.js
plugins/select2/js/i18n/bn.js
plugins/select2/js/i18n/ca.js
plugins/select2/js/i18n/cs.js
plugins/select2/js/i18n/de.js
plugins/select2/js/i18n/da.js
plugins/select2/js/i18n/en.js
plugins/select2/js/i18n/et.js
plugins/select2/js/i18n/el.js
plugins/select2/js/i18n/es.js
plugins/select2/js/i18n/fi.js
plugins/select2/js/i18n/fr.js
plugins/select2/js/i18n/fa.js
plugins/select2/js/i18n/eu.js
plugins/select2/js/i18n/gl.js
plugins/select2/js/i18n/hr.js
plugins/select2/js/i18n/he.js
plugins/select2/js/i18n/hi.js
plugins/select2/js/i18n/it.js
plugins/select2/js/i18n/id.js
plugins/select2/js/i18n/hu.js
plugins/select2/js/i18n/hy.js
plugins/select2/js/i18n/is.js
plugins/select2/js/i18n/ja.js
plugins/select2/js/i18n/ko.js
plugins/select2/js/i18n/ka.js
plugins/select2/js/i18n/km.js
plugins/select2/js/i18n/lv.js
plugins/select2/js/i18n/ms.js
plugins/select2/js/i18n/lt.js
plugins/select2/js/i18n/mk.js
plugins/select2/js/i18n/nl.js
plugins/select2/js/i18n/ne.js
plugins/select2/js/i18n/ps.js
plugins/select2/js/i18n/pl.js
plugins/select2/js/i18n/nb.js
plugins/select2/js/i18n/ro.js
plugins/select2/js/i18n/pt.js
plugins/select2/js/i18n/ru.js
plugins/select2/js/i18n/sr.js
plugins/select2/js/i18n/sl.js
plugins/select2/js/i18n/sk.js
plugins/select2/js/i18n/sq.js
plugins/select2/js/i18n/sv.js
plugins/select2/js/i18n/tk.js
plugins/select2/js/i18n/th.js
plugins/select2/js/i18n/tr.js
plugins/select2/js/i18n/uk.js
plugins/select2/js/i18n/vi.js
build/scss/_adminlte.raw.scss
build/scss/_main-sidebar.scss
build/scss/_sidebar-mini.scss
build/scss/mixins/_cards.scss
build/scss/pages/_iframe.scss
build/scss/pages/_kanban.scss
build/scss/plugins/_pace.scss
build/config/rollup.config.js
dist/css/adminlte.min.css.map
plugins/jquery-ui/jquery-ui.js
plugins/moment/locale/ar-dz.js
plugins/moment/locale/ar-ly.js
plugins/moment/locale/ar-kw.js
plugins/moment/locale/ar-ma.js
plugins/moment/locale/ar-sa.js
plugins/moment/locale/ar-tn.js
plugins/moment/locale/bn-bd.js
plugins/moment/locale/de-ch.js
plugins/moment/locale/de-at.js
plugins/moment/locale/en-SG.js
plugins/moment/locale/en-ca.js
plugins/moment/locale/en-au.js
plugins/moment/locale/en-gb.js
plugins/moment/locale/en-ie.js
plugins/moment/locale/en-il.js
plugins/moment/locale/en-nz.js
plugins/moment/locale/en-in.js
plugins/moment/locale/es-do.js
plugins/moment/locale/es-mx.js
plugins/moment/locale/es-us.js
plugins/moment/locale/fr-ca.js
plugins/moment/locale/fr-ch.js
plugins/moment/locale/hy-am.js
plugins/moment/locale/it-ch.js
plugins/moment/locale/ms-my.js
plugins/moment/locale/nl-be.js
plugins/moment/locale/pa-in.js
plugins/moment/locale/pt-br.js
plugins/moment/locale/tl-ph.js
plugins/moment/locale/ug-cn.js
plugins/moment/locale/zh-cn.js
plugins/moment/locale/zh-hk.js
plugins/moment/locale/zh-mo.js
plugins/moment/locale/zh-tw.js
plugins/inputmask/inputmask.js
plugins/chart.js/Chart.min.css
plugins/popper/popper-utils.js
plugins/pdfmake/pdfmake.js.map
plugins/dropzone/min/basic.css
plugins/codemirror/mode/r/r.js
plugins/codemirror/mode/d/d.js
plugins/codemirror/mode/q/q.js
plugins/fastclick/fastclick.js
plugins/select2/js/i18n/dsb.js
plugins/select2/js/i18n/hsb.js
build/scss/_miscellaneous.scss
build/scss/_progress-bars.scss
build/scss/_variables-alt.scss
build/scss/mixins/_accent.scss
build/scss/mixins/_toasts.scss
build/scss/mixins/_navbar.scss
build/scss/pages/_invoice.scss
build/scss/pages/_mailbox.scss
build/scss/pages/_profile.scss
build/scss/parts/_plugins.scss
build/config/postcss.config.js
docs/components/main-header.md
docs/components/direct-chat.md
docs/javascript/direct-chat.md
docs/javascript/card-widget.md
docs/assets/js/adminlte.js.map
docs/assets/js/adminlte.min.js
dist/css/alt/adminlte.core.css
plugins/jquery-ui/jquery-ui.css
plugins/moment/locale/oc-lnc.js
plugins/jsgrid/jsgrid-theme.css
plugins/codemirror/mode/meta.js
plugins/select2/css/select2.css
build/scss/_social-widgets.scss
build/scss/mixins/_sidebar.scss
build/scss/pages/_projects.scss
build/scss/plugins/_mapael.scss
build/scss/plugins/_mixins.scss
build/scss/plugins/_jqvmap.scss
build/scss/plugins/_toastr.scss
docs/components/main-sidebar.md
docs/javascript/card-refresh.md
docs/assets/css/highlighter.css
dist/css/alt/adminlte.pages.css
plugins/icheck-bootstrap/LICENSE
plugins/summernote/summernote.js
plugins/moment/moment.min.js.map
plugins/moment/locale/sr-cyrl.js
plugins/moment/locale/uz-latn.js
plugins/fullcalendar/LICENSE.txt
plugins/fullcalendar/main.min.js
plugins/chart.js/Chart.bundle.js
plugins/jsgrid/i18n/jsgrid-de.js
plugins/jsgrid/i18n/jsgrid-fr.js
plugins/jsgrid/i18n/jsgrid-es.js
plugins/jsgrid/i18n/jsgrid-ja.js
plugins/jsgrid/i18n/jsgrid-he.js
plugins/jsgrid/i18n/jsgrid-ka.js
plugins/jsgrid/i18n/jsgrid-pl.js
plugins/jsgrid/i18n/jsgrid-pt.js
plugins/jsgrid/i18n/jsgrid-ru.js
plugins/jsgrid/i18n/jsgrid-tr.js
plugins/popper/popper.min.js.map
plugins/popper/esm/popper.js.map
plugins/popper/esm/popper.min.js
plugins/popper/umd/popper.js.map
plugins/popper/umd/popper.min.js
plugins/dropzone/dropzone.js.map
plugins/sparklines/sparkline.mjs
plugins/codemirror/keymap/vim.js
plugins/codemirror/theme/mbo.css
plugins/codemirror/theme/neo.css
plugins/codemirror/mode/go/go.js
plugins/codemirror/mode/vb/vb.js
plugins/codemirror/mode/oz/oz.js
plugins/select2/js/i18n/pt-BR.js
plugins/select2/js/i18n/zh-CN.js
plugins/select2/js/i18n/zh-TW.js
build/scss/_control-sidebar.scss
build/scss/plugins/_select2.scss
docs/components/miscellaneous.md
docs/javascript/navbar-search.md
docs/assets/css/adminlte.css.map
docs/assets/css/adminlte.min.css
docs/assets/img/AdminLTELogo.png
plugins/summernote/summernote.css
plugins/moment/locales.min.js.map
plugins/moment/locale/gom-deva.js
plugins/moment/locale/gom-latn.js
plugins/moment/locale/tzm-latn.js
plugins/moment/locale/x-pseudo.js
plugins/fullcalendar/main.min.css
plugins/popper/umd/popper.js.flow
plugins/jquery/jquery.slim.min.js
plugins/dropzone/min/dropzone.css
plugins/bootstrap/js/bootstrap.js
plugins/codemirror/theme/idea.css
plugins/codemirror/theme/neat.css
plugins/codemirror/theme/nord.css
plugins/codemirror/theme/seti.css
plugins/codemirror/theme/ssms.css
plugins/codemirror/theme/ttcn.css
plugins/codemirror/theme/yeti.css
plugins/select2/js/select2.min.js
plugins/select2/js/i18n/build.txt
build/scss/pages/_e-commerce.scss
build/scss/pages/_lockscreen.scss
build/scss/parts/_components.scss
docs/javascript/sidebar-search.md
docs/assets/js/pages/dashboard.js
docs/assets/img/user1-128x128.jpg
docs/assets/img/user4-128x128.jpg
docs/assets/img/user3-128x128.jpg
docs/assets/img/user6-128x128.jpg
docs/assets/img/user5-128x128.jpg
docs/assets/img/user7-128x128.jpg
docs/assets/img/user8-128x128.jpg
dist/css/alt/adminlte.plugins.css
plugins/filterizr/filterizr.min.js
plugins/sweetalert2/sweetalert2.js
plugins/inputmask/inputmask.min.js
plugins/fullcalendar/locales/af.js
plugins/fullcalendar/locales/ca.js
plugins/fullcalendar/locales/bs.js
plugins/fullcalendar/locales/ar.js
plugins/fullcalendar/locales/az.js
plugins/fullcalendar/locales/bg.js
plugins/fullcalendar/locales/cy.js
plugins/fullcalendar/locales/cs.js
plugins/fullcalendar/locales/de.js
plugins/fullcalendar/locales/da.js
plugins/fullcalendar/locales/el.js
plugins/fullcalendar/locales/et.js
plugins/fullcalendar/locales/eu.js
plugins/fullcalendar/locales/es.js
plugins/fullcalendar/locales/eo.js
plugins/fullcalendar/locales/fi.js
plugins/fullcalendar/locales/fr.js
plugins/fullcalendar/locales/fa.js
plugins/fullcalendar/locales/hr.js
plugins/fullcalendar/locales/he.js
plugins/fullcalendar/locales/gl.js
plugins/fullcalendar/locales/hi.js
plugins/fullcalendar/locales/it.js
plugins/fullcalendar/locales/id.js
plugins/fullcalendar/locales/hu.js
plugins/fullcalendar/locales/is.js
plugins/fullcalendar/locales/ja.js
plugins/fullcalendar/locales/kk.js
plugins/fullcalendar/locales/ko.js
plugins/fullcalendar/locales/ka.js
plugins/fullcalendar/locales/lv.js
plugins/fullcalendar/locales/ms.js
plugins/fullcalendar/locales/lt.js
plugins/fullcalendar/locales/mk.js
plugins/fullcalendar/locales/lb.js
plugins/fullcalendar/locales/nn.js
plugins/fullcalendar/locales/nl.js
plugins/fullcalendar/locales/ne.js
plugins/fullcalendar/locales/nb.js
plugins/fullcalendar/locales/ro.js
plugins/fullcalendar/locales/pt.js
plugins/fullcalendar/locales/pl.js
plugins/fullcalendar/locales/sl.js
plugins/fullcalendar/locales/sk.js
plugins/fullcalendar/locales/sq.js
plugins/fullcalendar/locales/ru.js
plugins/fullcalendar/locales/sv.js
plugins/fullcalendar/locales/sr.js
plugins/fullcalendar/locales/th.js
plugins/fullcalendar/locales/uz.js
plugins/fullcalendar/locales/ug.js
plugins/fullcalendar/locales/uk.js
plugins/fullcalendar/locales/tr.js
plugins/fullcalendar/locales/vi.js
plugins/raphael/raphael.no-deps.js
plugins/popper/popper-utils.js.map
plugins/popper/popper-utils.min.js
plugins/popper/esm/popper-utils.js
plugins/popper/umd/popper-utils.js
plugins/jquery/jquery.slim.min.map
plugins/pdfmake/pdfmake.min.js.map
plugins/dropzone/min/basic.min.css
plugins/codemirror/keymap/emacs.js
plugins/codemirror/theme/moxer.css
plugins/codemirror/theme/night.css
plugins/codemirror/theme/yonce.css
plugins/codemirror/mode/z80/z80.js
plugins/codemirror/mode/gas/gas.js
plugins/codemirror/mode/sql/sql.js
plugins/codemirror/mode/soy/soy.js
plugins/codemirror/mode/sas/sas.js
plugins/codemirror/mode/ecl/ecl.js
plugins/codemirror/mode/php/php.js
plugins/codemirror/mode/pig/pig.js
plugins/codemirror/mode/fcl/fcl.js
plugins/codemirror/mode/vue/vue.js
plugins/codemirror/mode/idl/idl.js
plugins/codemirror/mode/lua/lua.js
plugins/codemirror/mode/tcl/tcl.js
plugins/codemirror/mode/elm/elm.js
plugins/codemirror/mode/gfm/gfm.js
plugins/codemirror/mode/dtd/dtd.js
plugins/codemirror/mode/apl/apl.js
plugins/codemirror/mode/rpm/rpm.js
plugins/codemirror/mode/rst/rst.js
plugins/codemirror/mode/pug/pug.js
plugins/codemirror/mode/jsx/jsx.js
plugins/ion-rangeslider/License.md
plugins/select2/js/select2.full.js
plugins/select2/js/i18n/sr-Cyrl.js
build/scss/_animation-effects.scss
build/scss/mixins/_animations.scss
docs/components/control-sidebar.md
docs/javascript/control-sidebar.md
docs/assets/js/adminlte.min.js.map
docs/assets/js/pages/dashboard2.js
docs/assets/js/pages/dashboard3.js
dist/css/alt/adminlte.core.css.map
dist/css/alt/adminlte.core.min.css
plugins/jquery-ui/jquery-ui.min.css
plugins/sweetalert2/sweetalert2.css
plugins/fullcalendar/locales-all.js
plugins/jsgrid/i18n/jsgrid-pt-br.js
plugins/jsgrid/i18n/jsgrid-zh-cn.js
plugins/jsgrid/i18n/jsgrid-zh-tw.js
plugins/codemirror/theme/abcdef.css
plugins/codemirror/theme/bespin.css
plugins/codemirror/theme/cobalt.css
plugins/bs-stepper/js/bs-stepper.js
build/scss/mixins/_backgrounds.scss
build/scss/mixins/_direct-chat.scss
build/scss/parts/adminlte.core.scss
dist/css/alt/adminlte.pages.css.map
dist/css/alt/adminlte.pages.min.css
plugins/summernote/summernote-bs4.js
plugins/summernote/summernote.js.map
plugins/summernote/summernote.min.js
plugins/chart.js/Chart.bundle.min.js
plugins/popper/esm/popper.min.js.map
plugins/popper/umd/popper.min.js.map
plugins/fontawesome-free/css/all.css
plugins/codemirror/keymap/sublime.js
plugins/codemirror/theme/dracula.css
plugins/codemirror/theme/darcula.css
plugins/codemirror/theme/eclipse.css
plugins/codemirror/theme/elegant.css
plugins/codemirror/theme/isotope.css
plugins/codemirror/theme/lucario.css
plugins/codemirror/theme/xq-dark.css
plugins/codemirror/theme/zenburn.css
plugins/codemirror/mode/yaml/yaml.js
plugins/codemirror/mode/wast/wast.js
plugins/codemirror/mode/haxe/haxe.js
plugins/codemirror/mode/mirc/mirc.js
plugins/codemirror/mode/perl/perl.js
plugins/codemirror/mode/ttcn/ttcn.js
plugins/codemirror/mode/toml/toml.js
plugins/codemirror/mode/ruby/ruby.js
plugins/codemirror/mode/slim/slim.js
plugins/codemirror/mode/haml/haml.js
plugins/codemirror/mode/sass/sass.js
plugins/codemirror/mode/vhdl/vhdl.js
plugins/codemirror/mode/http/http.js
plugins/codemirror/mode/ebnf/ebnf.js
plugins/codemirror/mode/diff/diff.js
plugins/codemirror/mode/dart/dart.js
plugins/codemirror/mode/solr/solr.js
plugins/codemirror/mode/tiki/tiki.js
plugins/codemirror/mode/nsis/nsis.js
plugins/codemirror/mode/twig/twig.js
plugins/codemirror/mode/mbox/mbox.js
plugins/codemirror/mode/rust/rust.js
plugins/codemirror/mode/stex/stex.js
build/scss/_bootstrap-variables.scss
build/scss/mixins/_custom-forms.scss
build/scss/plugins/_sweetalert2.scss
build/scss/parts/_miscellaneous.scss
build/scss/parts/adminlte.pages.scss
docs/javascript/expandable-tables.md
docs/assets/css/adminlte.min.css.map
docs/assets/plugins/popper/popper.js
docs/assets/plugins/jquery/jquery.js
dist/css/alt/adminlte.components.css
plugins/jquery-ui/jquery-ui.theme.css
plugins/summernote/summernote-bs4.css
plugins/summernote/summernote-lite.js
plugins/summernote/summernote.min.css
plugins/jquery-mapael/maps/README.txt
plugins/moment/moment-with-locales.js
plugins/inputmask/jquery.inputmask.js
plugins/fullcalendar/locales/ar-dz.js
plugins/fullcalendar/locales/ar-kw.js
plugins/fullcalendar/locales/ar-ly.js
plugins/fullcalendar/locales/ar-ma.js
plugins/fullcalendar/locales/ar-sa.js
plugins/fullcalendar/locales/ar-tn.js
plugins/fullcalendar/locales/de-at.js
plugins/fullcalendar/locales/en-gb.js
plugins/fullcalendar/locales/en-nz.js
plugins/fullcalendar/locales/en-au.js
plugins/fullcalendar/locales/es-us.js
plugins/fullcalendar/locales/fr-ca.js
plugins/fullcalendar/locales/fr-ch.js
plugins/fullcalendar/locales/hy-am.js
plugins/fullcalendar/locales/pt-br.js
plugins/fullcalendar/locales/ta-in.js
plugins/fullcalendar/locales/zh-cn.js
plugins/fullcalendar/locales/zh-tw.js
plugins/bootstrap/js/bootstrap.js.map
plugins/bootstrap/js/bootstrap.min.js
plugins/codemirror/theme/3024-day.css
plugins/codemirror/theme/ambiance.css
plugins/codemirror/theme/ayu-dark.css
plugins/codemirror/theme/icecoder.css
plugins/codemirror/theme/material.css
plugins/codemirror/theme/mdn-like.css
plugins/codemirror/theme/midnight.css
plugins/codemirror/theme/rubyblue.css
plugins/codemirror/theme/twilight.css
plugins/codemirror/theme/xq-light.css
plugins/codemirror/addon/tern/tern.js
plugins/codemirror/addon/lint/lint.js
plugins/codemirror/mode/tiki/tiki.css
plugins/bs-stepper/css/bs-stepper.css
plugins/jquery-mousewheel/LICENSE.txt
build/scss/mixins/_miscellaneous.scss
build/scss/mixins/_touch-support.scss
build/scss/pages/_404_500_errors.scss
build/scss/plugins/_fullcalendar.scss
docs/assets/css/alt/adminlte.core.css
dist/css/alt/adminlte.plugins.css.map
dist/css/alt/adminlte.plugins.min.css
plugins/ekko-lightbox/ekko-lightbox.js
plugins/summernote/summernote-lite.css
plugins/jquery-mapael/jquery.mapael.js
plugins/sweetalert2/sweetalert2.all.js
plugins/raphael/raphael.no-deps.min.js
plugins/popper/popper-utils.min.js.map
plugins/popper/esm/popper-utils.js.map
plugins/popper/esm/popper-utils.min.js
plugins/popper/umd/popper-utils.js.map
plugins/popper/umd/popper-utils.min.js
plugins/fontawesome-free/css/solid.css
plugins/codemirror/theme/hopscotch.css
plugins/codemirror/theme/liquibyte.css
plugins/codemirror/theme/shadowfox.css
plugins/codemirror/theme/solarized.css
plugins/codemirror/addon/tern/tern.css
plugins/codemirror/addon/lint/lint.css
plugins/codemirror/mode/clike/clike.js
plugins/codemirror/mode/julia/julia.js
plugins/codemirror/mode/pegjs/pegjs.js
plugins/codemirror/mode/swift/swift.js
plugins/codemirror/mode/dylan/dylan.js
plugins/codemirror/mode/mumps/mumps.js
plugins/codemirror/mode/sieve/sieve.js
plugins/codemirror/mode/cmake/cmake.js
plugins/codemirror/mode/cobol/cobol.js
plugins/codemirror/mode/nginx/nginx.js
plugins/codemirror/mode/forth/forth.js
plugins/codemirror/mode/asn.1/asn.1.js
plugins/codemirror/mode/troff/troff.js
plugins/codemirror/mode/shell/shell.js
plugins/codemirror/mode/yacas/yacas.js
build/scss/plugins/_miscellaneous.scss
build/scss/parts/adminlte.plugins.scss
docs/assets/css/alt/adminlte.pages.css
dist/css/alt/adminlte.core.min.css.map
plugins/datatables/jquery.dataTables.js
plugins/fullcalendar/locales-all.min.js
plugins/fullcalendar/locales/sr-cyrl.js
plugins/jqvmap/maps/jquery.vmap.iran.js
plugins/jqvmap/maps/jquery.vmap.iraq.js
plugins/dropzone/dropzone-amd-module.js
plugins/fontawesome-free/css/brands.css
plugins/codemirror/theme/3024-night.css
plugins/codemirror/theme/ayu-mirage.css
plugins/codemirror/theme/blackboard.css
plugins/codemirror/theme/colorforth.css
plugins/codemirror/theme/railscasts.css
plugins/codemirror/theme/the-matrix.css
plugins/codemirror/addon/merge/merge.js
plugins/codemirror/addon/tern/worker.js
plugins/codemirror/addon/mode/simple.js
plugins/flag-icon-css/css/flag-icon.css
plugins/bs-stepper/js/bs-stepper.js.map
build/scss/parts/_extra-components.scss
dist/css/alt/adminlte.pages.min.css.map
plugins/summernote/summernote-bs4.js.map
plugins/summernote/summernote.min.js.map
plugins/jquery-mapael/maps/usa_states.js
plugins/jqvmap/maps/jquery.vmap.world.js
plugins/bootstrap/js/bootstrap.bundle.js
plugins/fontawesome-free/css/regular.css
plugins/codemirror/theme/base16-dark.css
plugins/codemirror/theme/erlang-dark.css
plugins/codemirror/theme/lesser-dark.css
plugins/codemirror/theme/vibrant-ink.css
plugins/codemirror/addon/merge/merge.css
plugins/codemirror/addon/mode/overlay.js
plugins/codemirror/mode/puppet/puppet.js
plugins/codemirror/mode/cypher/cypher.js
plugins/codemirror/mode/eiffel/eiffel.js
plugins/codemirror/mode/webidl/webidl.js
plugins/codemirror/mode/mllike/mllike.js
plugins/codemirror/mode/stylus/stylus.js
plugins/codemirror/mode/python/python.js
plugins/codemirror/mode/mscgen/mscgen.js
plugins/codemirror/mode/jinja2/jinja2.js
plugins/codemirror/mode/octave/octave.js
plugins/codemirror/mode/sparql/sparql.js
plugins/codemirror/mode/factor/factor.js
plugins/codemirror/mode/django/django.js
plugins/codemirror/mode/groovy/groovy.js
plugins/codemirror/mode/xquery/xquery.js
plugins/codemirror/mode/smarty/smarty.js
plugins/codemirror/mode/pascal/pascal.js
plugins/codemirror/mode/turtle/turtle.js
plugins/codemirror/mode/erlang/erlang.js
plugins/codemirror/mode/scheme/scheme.js
plugins/flot/plugins/jquery.flot.time.js
docs/assets/css/alt/adminlte.plugins.css
docs/assets/plugins/popper/popper.js.map
docs/assets/plugins/popper/popper.min.js
docs/assets/plugins/popper/esm/popper.js
docs/assets/plugins/popper/umd/popper.js
docs/assets/plugins/jquery/jquery.min.js
dist/css/alt/adminlte.components.css.map
dist/css/alt/adminlte.components.min.css
plugins/jquery-ui/jquery-ui.structure.css
plugins/jquery-ui/jquery-ui.theme.min.css
plugins/summernote/summernote-lite.js.map
plugins/summernote/summernote-lite.min.js
plugins/moment/moment-with-locales.min.js
plugins/jqvmap/maps/jquery.vmap.brazil.js
plugins/jqvmap/maps/jquery.vmap.canada.js
plugins/jqvmap/maps/jquery.vmap.europe.js
plugins/jqvmap/maps/jquery.vmap.france.js
plugins/jqvmap/maps/jquery.vmap.greece.js
plugins/jqvmap/maps/jquery.vmap.russia.js
plugins/jqvmap/maps/jquery.vmap.serbia.js
plugins/jqvmap/maps/jquery.vmap.turkey.js
plugins/bootstrap/js/bootstrap.min.js.map
plugins/fontawesome-free/css/v4-shims.css
plugins/codemirror/theme/base16-light.css
plugins/codemirror/theme/duotone-dark.css
plugins/codemirror/theme/gruvbox-dark.css
plugins/codemirror/theme/oceanic-next.css
plugins/codemirror/theme/paraiso-dark.css
plugins/codemirror/theme/panda-syntax.css
plugins/codemirror/addon/search/search.js
plugins/codemirror/addon/hint/css-hint.js
plugins/codemirror/addon/hint/sql-hint.js
plugins/codemirror/addon/hint/xml-hint.js
plugins/codemirror/addon/display/panel.js
plugins/codemirror/addon/wrap/hardwrap.js
plugins/codemirror/addon/lint/css-lint.js
plugins/codemirror/addon/dialog/dialog.js
plugins/codemirror/addon/fold/foldcode.js
plugins/codemirror/addon/fold/xml-fold.js
plugins/codemirror/addon/mode/loadmode.js
plugins/codemirror/addon/edit/closetag.js
plugins/bs-stepper/css/bs-stepper.css.map
plugins/flot/plugins/jquery.flot.image.js
plugins/flot/plugins/jquery.flot.hover.js
plugins/flot/plugins/jquery.flot.stack.js
plugins/flot/plugins/jquery.flot.touch.js
build/scss/pages/_login_and_register.scss
build/scss/plugins/_bootstrap-switch.scss
build/scss/plugins/_bootstrap-slider.scss
build/scss/plugins/_icheck-bootstrap.scss
build/scss/parts/adminlte.components.scss
docs/assets/css/alt/adminlte.core.css.map
docs/assets/css/alt/adminlte.core.min.css
docs/assets/plugins/jquery/jquery.min.map
docs/assets/plugins/jquery/jquery.slim.js
dist/css/alt/adminlte.plugins.min.css.map
plugins/ekko-lightbox/ekko-lightbox.js.map
plugins/filterizr/vanilla.filterizr.min.js
plugins/summernote/summernote-lite.min.css
plugins/sweetalert2/sweetalert2.all.min.js
plugins/popper/esm/popper-utils.min.js.map
plugins/popper/umd/popper-utils.min.js.map
plugins/jqvmap/maps/jquery.vmap.algeria.js
plugins/jqvmap/maps/jquery.vmap.croatia.js
plugins/jqvmap/maps/jquery.vmap.germany.js
plugins/jqvmap/maps/jquery.vmap.tunisia.js
plugins/jqvmap/maps/jquery.vmap.ukraine.js
plugins/fontawesome-free/css/solid.min.css
plugins/codemirror/theme/duotone-light.css
plugins/codemirror/theme/paraiso-light.css
plugins/codemirror/addon/hint/html-hint.js
plugins/codemirror/addon/hint/show-hint.js
plugins/codemirror/addon/display/rulers.js
plugins/codemirror/addon/lint/html-lint.js
plugins/codemirror/addon/lint/json-lint.js
plugins/codemirror/addon/lint/yaml-lint.js
plugins/codemirror/addon/dialog/dialog.css
plugins/codemirror/addon/mode/multiplex.js
plugins/codemirror/addon/edit/matchtags.js
plugins/codemirror/mode/gherkin/gherkin.js
plugins/codemirror/mode/verilog/verilog.js
plugins/codemirror/mode/crystal/crystal.js
plugins/codemirror/mode/fortran/fortran.js
plugins/codemirror/mode/clojure/clojure.js
plugins/codemirror/mode/textile/textile.js
plugins/codemirror/mode/tornado/tornado.js
plugins/codemirror/mode/haskell/haskell.js
plugins/flot/plugins/jquery.flot.legend.js
plugins/flot/plugins/jquery.flot.symbol.js
docs/assets/css/alt/adminlte.pages.css.map
docs/assets/css/alt/adminlte.pages.min.css
docs/assets/plugins/popper/popper-utils.js
dist/css/alt/adminlte.extra-components.css
plugins/summernote/lang/summernote-az-AZ.js
plugins/summernote/lang/summernote-ar-AR.js
plugins/summernote/lang/summernote-bg-BG.js
plugins/summernote/lang/summernote-ca-ES.js
plugins/summernote/lang/summernote-cs-CZ.js
plugins/summernote/lang/summernote-da-DK.js
plugins/summernote/lang/summernote-de-DE.js
plugins/summernote/lang/summernote-el-GR.js
plugins/summernote/lang/summernote-es-ES.js
plugins/summernote/lang/summernote-es-EU.js
plugins/summernote/lang/summernote-fi-FI.js
plugins/summernote/lang/summernote-fa-IR.js
plugins/summernote/lang/summernote-fr-FR.js
plugins/summernote/lang/summernote-gl-ES.js
plugins/summernote/lang/summernote-he-IL.js
plugins/summernote/lang/summernote-hu-HU.js
plugins/summernote/lang/summernote-hr-HR.js
plugins/summernote/lang/summernote-id-ID.js
plugins/summernote/lang/summernote-it-IT.js
plugins/summernote/lang/summernote-ja-JP.js
plugins/summernote/lang/summernote-ko-KR.js
plugins/summernote/lang/summernote-lt-LT.js
plugins/summernote/lang/summernote-mn-MN.js
plugins/summernote/lang/summernote-lt-LV.js
plugins/summernote/lang/summernote-nb-NO.js
plugins/summernote/lang/summernote-nl-NL.js
plugins/summernote/lang/summernote-pl-PL.js
plugins/summernote/lang/summernote-pt-PT.js
plugins/summernote/lang/summernote-pt-BR.js
plugins/summernote/lang/summernote-ro-RO.js
plugins/summernote/lang/summernote-ru-RU.js
plugins/summernote/lang/summernote-sk-SK.js
plugins/summernote/lang/summernote-sl-SI.js
plugins/summernote/lang/summernote-sr-RS.js
plugins/summernote/lang/summernote-sv-SE.js
plugins/summernote/lang/summernote-ta-IN.js
plugins/summernote/lang/summernote-th-TH.js
plugins/summernote/lang/summernote-uk-UA.js
plugins/summernote/lang/summernote-tr-TR.js
plugins/summernote/lang/summernote-uz-UZ.js
plugins/summernote/lang/summernote-vi-VN.js
plugins/summernote/lang/summernote-zh-CN.js
plugins/summernote/lang/summernote-zh-TW.js
plugins/fontawesome-free/css/brands.min.css
plugins/codemirror/theme/material-ocean.css
plugins/codemirror/theme/pastel-on-dark.css
plugins/codemirror/addon/hint/show-hint.css
plugins/codemirror/addon/runmode/runmode.js
plugins/codemirror/addon/comment/comment.js
plugins/codemirror/addon/fold/brace-fold.js
plugins/codemirror/addon/fold/foldgutter.js
plugins/bs-stepper/js/bs-stepper.min.js.map
plugins/flot/plugins/jquery.flot.browser.js
plugins/flot/plugins/jquery.flot.logaxis.js
docs/assets/css/alt/adminlte.components.css
plugins/jquery-validation/jquery.validate.js
plugins/bootstrap-slider/bootstrap-slider.js
plugins/summernote/summernote-bs4.min.js.map
plugins/jqvmap/maps/jquery.vmap.argentina.js
plugins/jqvmap/maps/jquery.vmap.indonesia.js
plugins/bootstrap/js/bootstrap.bundle.js.map
plugins/fontawesome-free/css/fontawesome.css
plugins/fontawesome-free/css/regular.min.css
plugins/fontawesome-free/css/svg-with-js.css
plugins/codemirror/theme/ambiance-mobile.css
plugins/codemirror/theme/material-darker.css
plugins/codemirror/addon/runmode/colorize.js
plugins/codemirror/addon/fold/foldgutter.css
plugins/codemirror/addon/fold/indent-fold.js
plugins/codemirror/mode/vbscript/vbscript.js
plugins/codemirror/mode/protobuf/protobuf.js
plugins/codemirror/mode/velocity/velocity.js
plugins/codemirror/mode/ttcn-cfg/ttcn-cfg.js
plugins/codemirror/mode/markdown/markdown.js
plugins/codemirror/mode/asterisk/asterisk.js
plugins/codemirror/mode/ntriples/ntriples.js
plugins/codemirror/mode/modelica/modelica.js
plugins/flot/plugins/jquery.flot.flatdata.js
plugins/flot/plugins/jquery.flot.navigate.js
docs/assets/css/alt/adminlte.plugins.css.map
docs/assets/css/alt/adminlte.plugins.min.css
docs/assets/plugins/popper/popper.min.js.map
docs/assets/plugins/popper/esm/popper.js.map
docs/assets/plugins/popper/esm/popper.min.js
docs/assets/plugins/popper/umd/popper.js.map
docs/assets/plugins/popper/umd/popper.min.js
dist/css/alt/adminlte.components.min.css.map
plugins/icheck-bootstrap/icheck-bootstrap.css
plugins/jquery-ui/jquery-ui.structure.min.css
plugins/summernote/summernote-lite.min.js.map
plugins/jquery-mapael/maps/world_countries.js
plugins/moment/moment-with-locales.min.js.map
plugins/fontawesome-free/css/v4-shims.min.css
plugins/codemirror/addon/hint/anyword-hint.js
plugins/codemirror/addon/fold/comment-fold.js
plugins/codemirror/addon/edit/continuelist.js
plugins/bs-stepper/css/bs-stepper.min.css.map
plugins/ion-rangeslider/js/ion.rangeSlider.js
plugins/flot/plugins/jquery.flot.crosshair.js
plugins/flot/plugins/jquery.flot.errorbars.js
plugins/flot/plugins/jquery.flot.selection.js
plugins/flot/plugins/jquery.flot.saturated.js
plugins/flot/plugins/jquery.flot.threshold.js
docs/assets/css/alt/adminlte.core.min.css.map
docs/assets/plugins/popper/umd/popper.js.flow
docs/assets/plugins/jquery/jquery.slim.min.js
docs/assets/plugins/bootstrap/js/bootstrap.js
plugins/ekko-lightbox/ekko-lightbox.min.js.map
plugins/codemirror/addon/display/fullscreen.js
plugins/codemirror/addon/fold/markdown-fold.js
plugins/codemirror/addon/edit/closebrackets.js
plugins/codemirror/addon/edit/trailingspace.js
plugins/codemirror/addon/edit/matchbrackets.js
plugins/codemirror/mode/smalltalk/smalltalk.js
plugins/codemirror/mode/brainfuck/brainfuck.js
plugins/datatables-buttons/js/buttons.flash.js
plugins/datatables-buttons/js/buttons.html5.js
plugins/datatables-buttons/js/buttons.print.js
plugins/flot/plugins/jquery.flot.axislabels.js
plugins/flot/plugins/jquery.flot.categories.js
plugins/flot/plugins/jquery.flot.drawSeries.js
docs/assets/css/alt/adminlte.pages.min.css.map
docs/assets/plugins/popper/popper-utils.js.map
docs/assets/plugins/popper/popper-utils.min.js
docs/assets/plugins/popper/esm/popper-utils.js
docs/assets/plugins/popper/umd/popper-utils.js
docs/assets/plugins/jquery/jquery.slim.min.map
dist/css/alt/adminlte.extra-components.css.map
dist/css/alt/adminlte.extra-components.min.css
plugins/jquery-validation/additional-methods.js
plugins/summernote/lang/summernote-ar-AR.min.js
plugins/summernote/lang/summernote-bg-BG.min.js
plugins/summernote/lang/summernote-az-AZ.min.js
plugins/summernote/lang/summernote-ca-ES.min.js
plugins/summernote/lang/summernote-cs-CZ.min.js
plugins/summernote/lang/summernote-da-DK.min.js
plugins/summernote/lang/summernote-de-DE.min.js
plugins/summernote/lang/summernote-el-GR.min.js
plugins/summernote/lang/summernote-es-ES.min.js
plugins/summernote/lang/summernote-es-EU.min.js
plugins/summernote/lang/summernote-fa-IR.min.js
plugins/summernote/lang/summernote-fi-FI.min.js
plugins/summernote/lang/summernote-fr-FR.min.js
plugins/summernote/lang/summernote-gl-ES.min.js
plugins/summernote/lang/summernote-he-IL.min.js
plugins/summernote/lang/summernote-hr-HR.min.js
plugins/summernote/lang/summernote-hu-HU.min.js
plugins/summernote/lang/summernote-id-ID.min.js
plugins/summernote/lang/summernote-it-IT.min.js
plugins/summernote/lang/summernote-ja-JP.min.js
plugins/summernote/lang/summernote-ko-KR.min.js
plugins/summernote/lang/summernote-lt-LT.min.js
plugins/summernote/lang/summernote-lt-LV.min.js
plugins/summernote/lang/summernote-mn-MN.min.js
plugins/summernote/lang/summernote-nl-NL.min.js
plugins/summernote/lang/summernote-nb-NO.min.js
plugins/summernote/lang/summernote-pl-PL.min.js
plugins/summernote/lang/summernote-pt-BR.min.js
plugins/summernote/lang/summernote-pt-PT.min.js
plugins/summernote/lang/summernote-ru-RU.min.js
plugins/summernote/lang/summernote-ro-RO.min.js
plugins/summernote/lang/summernote-sk-SK.min.js
plugins/summernote/lang/summernote-sl-SI.min.js
plugins/summernote/lang/summernote-sv-SE.min.js
plugins/summernote/lang/summernote-sr-RS.min.js
plugins/summernote/lang/summernote-ta-IN.min.js
plugins/summernote/lang/summernote-th-TH.min.js
plugins/summernote/lang/summernote-tr-TR.min.js
plugins/summernote/lang/summernote-uk-UA.min.js
plugins/summernote/lang/summernote-uz-UZ.min.js
plugins/summernote/lang/summernote-vi-VN.min.js
plugins/summernote/lang/summernote-zh-CN.min.js
plugins/summernote/lang/summernote-zh-TW.min.js
plugins/jqvmap/maps/jquery.vmap.usa.counties.js
plugins/dropzone/min/dropzone-amd-module.min.js
plugins/codemirror/theme/material-palenight.css
plugins/codemirror/addon/search/jump-to-line.js
plugins/codemirror/addon/search/searchcursor.js
plugins/codemirror/addon/display/fullscreen.css
plugins/codemirror/addon/display/autorefresh.js
plugins/codemirror/addon/display/placeholder.js
plugins/codemirror/addon/mode/multiplex_test.js
plugins/ion-rangeslider/css/ion.rangeSlider.css
plugins/datatables-buttons/js/buttons.colVis.js
plugins/flot/plugins/jquery.flot.fillbetween.js
plugins/flot/plugins/jquery.flot.uiConstants.js
plugins/bootstrap-switch/js/bootstrap-switch.js
build/scss/parts/adminlte.extra-components.scss
docs/assets/css/alt/adminlte.components.css.map
docs/assets/css/alt/adminlte.components.min.css
plugins/summernote/summernote.min.js.LICENSE.txt
plugins/jquery-mapael/maps/france_departments.js
plugins/jqvmap/maps/jquery.vmap.usa.districts.js
plugins/bootstrap/js/bootstrap.bundle.min.js.map
plugins/fontawesome-free/css/fontawesome.min.css
plugins/fontawesome-free/css/svg-with-js.min.css
plugins/codemirror/addon/hint/javascript-hint.js
plugins/codemirror/addon/runmode/runmode.node.js
plugins/codemirror/addon/scroll/scrollpastend.js
plugins/codemirror/addon/lint/javascript-lint.js
plugins/codemirror/mode/livescript/livescript.js
plugins/codemirror/mode/commonlisp/commonlisp.js
plugins/codemirror/mode/javascript/javascript.js
plugins/codemirror/mode/tiddlywiki/tiddlywiki.js
plugins/codemirror/mode/powershell/powershell.js
plugins/codemirror/mode/properties/properties.js
plugins/codemirror/mode/handlebars/handlebars.js
plugins/codemirror/mode/dockerfile/dockerfile.js
plugins/codemirror/mode/asciiarmor/asciiarmor.js
docs/assets/css/alt/adminlte.plugins.min.css.map
docs/assets/plugins/popper/esm/popper.min.js.map
docs/assets/plugins/popper/umd/popper.min.js.map
docs/assets/plugins/fontawesome-free/css/all.css
plugins/bootstrap-slider/css/bootstrap-slider.css
plugins/summernote/lang/summernote-sr-RS-Latin.js
plugins/jquery-mapael/maps/world_countries.min.js
plugins/overlayScrollbars/js/OverlayScrollbars.js
plugins/codemirror/addon/selection/active-line.js
plugins/codemirror/mode/tiddlywiki/tiddlywiki.css
plugins/flot/plugins/jquery.flot.composeImages.js
plugins/flot/plugins/jquery.flot.touchNavigate.js
plugins/datatables-select/js/dataTables.select.js
plugins/datatables-select/js/select.bootstrap4.js
docs/assets/css/alt/adminlte.extra-components.css
docs/assets/plugins/bootstrap/js/bootstrap.js.map
docs/assets/plugins/bootstrap/js/bootstrap.min.js
plugins/jqvmap/maps/continents/jquery.vmap.asia.js
plugins/datatables-bs4/js/dataTables.bootstrap4.js
plugins/codemirror/theme/tomorrow-night-bright.css
plugins/codemirror/addon/lint/coffeescript-lint.js
plugins/codemirror/mode/spreadsheet/spreadsheet.js
plugins/codemirror/mode/mathematica/mathematica.js
plugins/datatables-buttons/js/buttons.flash.min.js
docs/assets/plugins/popper/popper-utils.min.js.map
docs/assets/plugins/popper/esm/popper-utils.min.js
docs/assets/plugins/popper/esm/popper-utils.js.map
docs/assets/plugins/popper/umd/popper-utils.js.map
docs/assets/plugins/popper/umd/popper-utils.min.js
docs/assets/plugins/fontawesome-free/css/solid.css
dist/css/alt/adminlte.extra-components.min.css.map
plugins/overlayScrollbars/css/OverlayScrollbars.css
plugins/codemirror/addon/scroll/simplescrollbars.js
plugins/codemirror/addon/comment/continuecomment.js
plugins/datatables-buttons/js/buttons.bootstrap4.js
plugins/datatables-buttons/js/dataTables.buttons.js
plugins/datatables-select/css/select.bootstrap4.css
docs/assets/css/alt/adminlte.components.min.css.map
docs/assets/plugins/fontawesome-free/css/brands.css
plugins/bs-custom-file-input/bs-custom-file-input.js
plugins/jquery-validation/localization/methods_de.js
plugins/jquery-validation/localization/methods_fi.js
plugins/jquery-validation/localization/methods_it.js
plugins/jquery-validation/localization/methods_nl.js
plugins/jquery-validation/localization/methods_pt.js
plugins/summernote/summernote-bs4.min.js.LICENSE.txt
plugins/jquery-mapael/maps/france_departments.min.js
plugins/jquery-mapael/maps/world_countries_miller.js
plugins/jqvmap/maps/continents/jquery.vmap.africa.js
plugins/jqvmap/maps/continents/jquery.vmap.europe.js
plugins/datatables-bs4/css/dataTables.bootstrap4.css
plugins/codemirror/theme/tomorrow-night-eighties.css
plugins/codemirror/addon/search/match-highlighter.js
plugins/codemirror/addon/scroll/annotatescrollbar.js
plugins/codemirror/addon/scroll/simplescrollbars.css
plugins/codemirror/addon/selection/mark-selection.js
plugins/codemirror/mode/coffeescript/coffeescript.js
plugins/codemirror/mode/htmlembedded/htmlembedded.js
docs/assets/plugins/bootstrap/js/bootstrap.bundle.js
docs/assets/plugins/fontawesome-free/css/all.min.css
docs/assets/plugins/fontawesome-free/css/regular.css
plugins/sweetalert2-theme-bootstrap-4/bootstrap-4.css
plugins/jquery-validation/localization/messages_az.js
plugins/jquery-validation/localization/messages_ar.js
plugins/jquery-validation/localization/messages_bg.js
plugins/jquery-validation/localization/messages_ca.js
plugins/jquery-validation/localization/messages_cs.js
plugins/jquery-validation/localization/messages_de.js
plugins/jquery-validation/localization/messages_da.js
plugins/jquery-validation/localization/messages_es.js
plugins/jquery-validation/localization/messages_el.js
plugins/jquery-validation/localization/messages_et.js
plugins/jquery-validation/localization/messages_eu.js
plugins/jquery-validation/localization/messages_fa.js
plugins/jquery-validation/localization/messages_fi.js
plugins/jquery-validation/localization/messages_fr.js
plugins/jquery-validation/localization/messages_gl.js
plugins/jquery-validation/localization/messages_ge.js
plugins/jquery-validation/localization/messages_he.js
plugins/jquery-validation/localization/messages_hr.js
plugins/jquery-validation/localization/messages_hu.js
plugins/jquery-validation/localization/messages_id.js
plugins/jquery-validation/localization/messages_is.js
plugins/jquery-validation/localization/messages_it.js
plugins/jquery-validation/localization/messages_ja.js
plugins/jquery-validation/localization/messages_ka.js
plugins/jquery-validation/localization/messages_kk.js
plugins/jquery-validation/localization/messages_ko.js
plugins/jquery-validation/localization/messages_lt.js
plugins/jquery-validation/localization/messages_lv.js
plugins/jquery-validation/localization/messages_mk.js
plugins/jquery-validation/localization/messages_my.js
plugins/jquery-validation/localization/messages_nl.js
plugins/jquery-validation/localization/messages_no.js
plugins/jquery-validation/localization/messages_pl.js
plugins/jquery-validation/localization/messages_ro.js
plugins/jquery-validation/localization/messages_ru.js
plugins/jquery-validation/localization/messages_si.js
plugins/jquery-validation/localization/messages_sd.js
plugins/jquery-validation/localization/messages_sl.js
plugins/jquery-validation/localization/messages_sk.js
plugins/jquery-validation/localization/messages_sr.js
plugins/jquery-validation/localization/messages_sv.js
plugins/jquery-validation/localization/messages_th.js
plugins/jquery-validation/localization/messages_tj.js
plugins/jquery-validation/localization/messages_uk.js
plugins/jquery-validation/localization/messages_tr.js
plugins/jquery-validation/localization/messages_ur.js
plugins/jquery-validation/localization/messages_vi.js
plugins/jquery-validation/localization/messages_zh.js
plugins/summernote/summernote-lite.min.js.LICENSE.txt
plugins/summernote/lang/summernote-sr-RS-Latin.min.js
plugins/jqvmap/maps/jquery.vmap.new_regions_france.js
plugins/pace-progress/themes/red/pace-theme-flash.css
plugins/datatables-autofill/js/autoFill.bootstrap4.js
plugins/datatables-autofill/js/dataTables.autoFill.js
plugins/overlayScrollbars/js/OverlayScrollbars.min.js
plugins/datatables-keytable/js/dataTables.keyTable.js
plugins/datatables-keytable/js/keyTable.bootstrap4.js
plugins/codemirror/addon/search/matchesonscrollbar.js
plugins/datatables-rowgroup/js/dataTables.rowGroup.js
plugins/datatables-rowgroup/js/rowGroup.bootstrap4.js
plugins/datatables-scroller/js/dataTables.scroller.js
plugins/datatables-scroller/js/scroller.bootstrap4.js
plugins/datatables-buttons/css/buttons.bootstrap4.css
plugins/datatables-select/js/dataTables.select.min.js
plugins/datatables-select/js/select.bootstrap4.min.js
docs/assets/css/alt/adminlte.extra-components.css.map
docs/assets/css/alt/adminlte.extra-components.min.css
docs/assets/plugins/bootstrap/js/bootstrap.min.js.map
docs/assets/plugins/fontawesome-free/css/v4-shims.css
plugins/jquery-mapael/maps/world_countries_mercator.js
plugins/pace-progress/themes/blue/pace-theme-flash.css
plugins/pace-progress/themes/red/pace-theme-bounce.css
plugins/pace-progress/themes/pink/pace-theme-flash.css
plugins/codemirror/addon/search/matchesonscrollbar.css
plugins/codemirror/addon/runmode/runmode-standalone.js
docs/assets/plugins/popper/esm/popper-utils.min.js.map
docs/assets/plugins/popper/umd/popper-utils.min.js.map
docs/assets/plugins/fontawesome-free/css/solid.min.css
plugins/select2-bootstrap4-theme/select2-bootstrap4.css
plugins/jquery-validation/localization/methods_es_CL.js
plugins/summernote/plugin/hello/summernote-ext-hello.js
plugins/jqvmap/maps/continents/jquery.vmap.australia.js
plugins/pace-progress/themes/blue/pace-theme-bounce.css
plugins/pace-progress/themes/green/pace-theme-flash.css
plugins/pace-progress/themes/red/pace-theme-mac-osx.css
plugins/pace-progress/themes/red/pace-theme-minimal.css
plugins/pace-progress/themes/black/pace-theme-flash.css
plugins/pace-progress/themes/pink/pace-theme-bounce.css
plugins/pace-progress/themes/white/pace-theme-flash.css
plugins/datatables-autofill/css/autoFill.bootstrap4.css
plugins/datatables-keytable/css/keyTable.bootstrap4.css
plugins/codemirror/addon/selection/selection-pointer.js
plugins/datatables-rowgroup/css/rowGroup.bootstrap4.css
plugins/datatables-scroller/css/scroller.bootstrap4.css
plugins/datatables-select/css/select.bootstrap4.min.css
docs/assets/plugins/fontawesome-free/css/brands.min.css
plugins/bootstrap4-duallistbox/bootstrap-duallistbox.css
plugins/bs-custom-file-input/bs-custom-file-input.js.map
plugins/bs-custom-file-input/bs-custom-file-input.min.js
plugins/jquery-validation/localization/messages_bn_BD.js
plugins/jquery-validation/localization/messages_es_AR.js
plugins/jquery-validation/localization/messages_es_PE.js
plugins/jquery-validation/localization/messages_hy_AM.js
plugins/jquery-validation/localization/messages_pt_BR.js
plugins/jquery-validation/localization/messages_pt_PT.js
plugins/jquery-validation/localization/methods_de.min.js
plugins/jquery-validation/localization/messages_zh_TW.js
plugins/jquery-validation/localization/methods_it.min.js
plugins/jquery-validation/localization/methods_fi.min.js
plugins/jquery-validation/localization/methods_pt.min.js
plugins/jquery-validation/localization/methods_nl.min.js
plugins/jquery-mapael/maps/world_countries_miller.min.js
plugins/pace-progress/themes/blue/pace-theme-mac-osx.css
plugins/pace-progress/themes/blue/pace-theme-minimal.css
plugins/pace-progress/themes/green/pace-theme-bounce.css
plugins/pace-progress/themes/purple/pace-theme-flash.css
plugins/pace-progress/themes/red/pace-theme-flat-top.css
plugins/pace-progress/themes/red/pace-theme-material.css
plugins/pace-progress/themes/black/pace-theme-bounce.css
plugins/pace-progress/themes/pink/pace-theme-mac-osx.css
plugins/pace-progress/themes/pink/pace-theme-minimal.css
plugins/pace-progress/themes/silver/pace-theme-flash.css
plugins/pace-progress/themes/yellow/pace-theme-flash.css
plugins/pace-progress/themes/orange/pace-theme-flash.css
plugins/pace-progress/themes/white/pace-theme-bounce.css
plugins/overlayScrollbars/js/jquery.overlayScrollbars.js
docs/assets/plugins/bootstrap/js/bootstrap.bundle.js.map
docs/assets/plugins/bootstrap/js/bootstrap.bundle.min.js
docs/assets/plugins/fontawesome-free/css/fontawesome.css
docs/assets/plugins/fontawesome-free/css/regular.min.css
docs/assets/plugins/fontawesome-free/css/svg-with-js.css
plugins/jquery-validation/localization/messages_ar.min.js
plugins/jquery-validation/localization/messages_az.min.js
plugins/jquery-validation/localization/messages_bg.min.js
plugins/jquery-validation/localization/messages_ca.min.js
plugins/jquery-validation/localization/messages_da.min.js
plugins/jquery-validation/localization/messages_cs.min.js
plugins/jquery-validation/localization/messages_el.min.js
plugins/jquery-validation/localization/messages_de.min.js
plugins/jquery-validation/localization/messages_es.min.js
plugins/jquery-validation/localization/messages_et.min.js
plugins/jquery-validation/localization/messages_eu.min.js
plugins/jquery-validation/localization/messages_fa.min.js
plugins/jquery-validation/localization/messages_fr.min.js
plugins/jquery-validation/localization/messages_fi.min.js
plugins/jquery-validation/localization/messages_ge.min.js
plugins/jquery-validation/localization/messages_gl.min.js
plugins/jquery-validation/localization/messages_he.min.js
plugins/jquery-validation/localization/messages_hr.min.js
plugins/jquery-validation/localization/messages_hu.min.js
plugins/jquery-validation/localization/messages_id.min.js
plugins/jquery-validation/localization/messages_it.min.js
plugins/jquery-validation/localization/messages_is.min.js
plugins/jquery-validation/localization/messages_ka.min.js
plugins/jquery-validation/localization/messages_ja.min.js
plugins/jquery-validation/localization/messages_kk.min.js
plugins/jquery-validation/localization/messages_ko.min.js
plugins/jquery-validation/localization/messages_lt.min.js
plugins/jquery-validation/localization/messages_lv.min.js
plugins/jquery-validation/localization/messages_mk.min.js
plugins/jquery-validation/localization/messages_nl.min.js
plugins/jquery-validation/localization/messages_my.min.js
plugins/jquery-validation/localization/messages_pl.min.js
plugins/jquery-validation/localization/messages_no.min.js
plugins/jquery-validation/localization/messages_ru.min.js
plugins/jquery-validation/localization/messages_ro.min.js
plugins/jquery-validation/localization/messages_si.min.js
plugins/jquery-validation/localization/messages_sd.min.js
plugins/jquery-validation/localization/messages_sk.min.js
plugins/jquery-validation/localization/messages_sl.min.js
plugins/jquery-validation/localization/messages_sr.min.js
plugins/jquery-validation/localization/messages_sr_lat.js
plugins/jquery-validation/localization/messages_sv.min.js
plugins/jquery-validation/localization/messages_th.min.js
plugins/jquery-validation/localization/messages_tj.min.js
plugins/jquery-validation/localization/messages_tr.min.js
plugins/jquery-validation/localization/messages_uk.min.js
plugins/jquery-validation/localization/messages_ur.min.js
plugins/jquery-validation/localization/messages_vi.min.js
plugins/jquery-validation/localization/messages_zh.min.js
plugins/pace-progress/themes/blue/pace-theme-flat-top.css
plugins/pace-progress/themes/blue/pace-theme-material.css
plugins/pace-progress/themes/green/pace-theme-mac-osx.css
plugins/pace-progress/themes/green/pace-theme-minimal.css
plugins/pace-progress/themes/purple/pace-theme-bounce.css
plugins/pace-progress/themes/red/pace-theme-fill-left.css
plugins/pace-progress/themes/black/pace-theme-mac-osx.css
plugins/pace-progress/themes/black/pace-theme-minimal.css
plugins/pace-progress/themes/pink/pace-theme-flat-top.css
plugins/pace-progress/themes/pink/pace-theme-material.css
plugins/pace-progress/themes/silver/pace-theme-bounce.css
plugins/pace-progress/themes/yellow/pace-theme-bounce.css
plugins/pace-progress/themes/orange/pace-theme-bounce.css
plugins/pace-progress/themes/white/pace-theme-mac-osx.css
plugins/pace-progress/themes/white/pace-theme-minimal.css
plugins/datatables-autofill/js/autoFill.bootstrap4.min.js
plugins/datatables-autofill/js/dataTables.autoFill.min.js
plugins/datatables-colreorder/js/colReorder.bootstrap4.js
plugins/datatables-colreorder/js/dataTables.colReorder.js
plugins/datatables-keytable/js/dataTables.keyTable.min.js
plugins/datatables-keytable/js/keyTable.bootstrap4.min.js
plugins/datatables-responsive/js/dataTables.responsive.js
plugins/datatables-responsive/js/responsive.bootstrap4.js
plugins/datatables-rowgroup/js/dataTables.rowGroup.min.js
plugins/datatables-rowgroup/js/rowGroup.bootstrap4.min.js
plugins/datatables-scroller/js/dataTables.scroller.min.js
plugins/datatables-scroller/js/scroller.bootstrap4.min.js
plugins/bootstrap-colorpicker/js/bootstrap-colorpicker.js
plugins/datatables-rowreorder/js/dataTables.rowReorder.js
plugins/datatables-rowreorder/js/rowReorder.bootstrap4.js
docs/assets/css/alt/adminlte.extra-components.min.css.map
docs/assets/plugins/fontawesome-free/css/v4-shims.min.css
plugins/jquery-mapael/maps/world_countries_mercator.min.js
plugins/pace-progress/themes/blue/pace-theme-fill-left.css
plugins/pace-progress/themes/green/pace-theme-flat-top.css
plugins/pace-progress/themes/green/pace-theme-material.css
plugins/pace-progress/themes/purple/pace-theme-mac-osx.css
plugins/pace-progress/themes/purple/pace-theme-minimal.css
plugins/pace-progress/themes/black/pace-theme-material.css
plugins/pace-progress/themes/pink/pace-theme-fill-left.css
plugins/pace-progress/themes/silver/pace-theme-mac-osx.css
plugins/pace-progress/themes/silver/pace-theme-minimal.css
plugins/pace-progress/themes/yellow/pace-theme-mac-osx.css
plugins/pace-progress/themes/yellow/pace-theme-minimal.css
plugins/pace-progress/themes/orange/pace-theme-mac-osx.css
plugins/pace-progress/themes/orange/pace-theme-minimal.css
plugins/pace-progress/themes/white/pace-theme-flat-top.css
plugins/pace-progress/themes/white/pace-theme-material.css
plugins/jquery-validation/localization/methods_es_CL.min.js
plugins/summernote/lang/summernote-ar-AR.min.js.LICENSE.txt
plugins/summernote/lang/summernote-az-AZ.min.js.LICENSE.txt
plugins/summernote/lang/summernote-bg-BG.min.js.LICENSE.txt
plugins/summernote/lang/summernote-cs-CZ.min.js.LICENSE.txt
plugins/summernote/lang/summernote-ca-ES.min.js.LICENSE.txt
plugins/summernote/lang/summernote-da-DK.min.js.LICENSE.txt
plugins/summernote/lang/summernote-de-DE.min.js.LICENSE.txt
plugins/summernote/lang/summernote-el-GR.min.js.LICENSE.txt
plugins/summernote/lang/summernote-es-ES.min.js.LICENSE.txt
plugins/summernote/lang/summernote-es-EU.min.js.LICENSE.txt
plugins/summernote/lang/summernote-fa-IR.min.js.LICENSE.txt
plugins/summernote/lang/summernote-fi-FI.min.js.LICENSE.txt
plugins/summernote/lang/summernote-fr-FR.min.js.LICENSE.txt
plugins/summernote/lang/summernote-he-IL.min.js.LICENSE.txt
plugins/summernote/lang/summernote-gl-ES.min.js.LICENSE.txt
plugins/summernote/lang/summernote-hr-HR.min.js.LICENSE.txt
plugins/summernote/lang/summernote-hu-HU.min.js.LICENSE.txt
plugins/summernote/lang/summernote-id-ID.min.js.LICENSE.txt
plugins/summernote/lang/summernote-ja-JP.min.js.LICENSE.txt
plugins/summernote/lang/summernote-it-IT.min.js.LICENSE.txt
plugins/summernote/lang/summernote-lt-LT.min.js.LICENSE.txt
plugins/summernote/lang/summernote-ko-KR.min.js.LICENSE.txt
plugins/summernote/lang/summernote-lt-LV.min.js.LICENSE.txt
plugins/summernote/lang/summernote-mn-MN.min.js.LICENSE.txt
plugins/summernote/lang/summernote-nb-NO.min.js.LICENSE.txt
plugins/summernote/lang/summernote-nl-NL.min.js.LICENSE.txt
plugins/summernote/lang/summernote-pl-PL.min.js.LICENSE.txt
plugins/summernote/lang/summernote-pt-BR.min.js.LICENSE.txt
plugins/summernote/lang/summernote-pt-PT.min.js.LICENSE.txt
plugins/summernote/lang/summernote-ro-RO.min.js.LICENSE.txt
plugins/summernote/lang/summernote-ru-RU.min.js.LICENSE.txt
plugins/summernote/lang/summernote-sk-SK.min.js.LICENSE.txt
plugins/summernote/lang/summernote-sl-SI.min.js.LICENSE.txt
plugins/summernote/lang/summernote-sr-RS.min.js.LICENSE.txt
plugins/summernote/lang/summernote-sv-SE.min.js.LICENSE.txt
plugins/summernote/lang/summernote-ta-IN.min.js.LICENSE.txt
plugins/summernote/lang/summernote-th-TH.min.js.LICENSE.txt
plugins/summernote/lang/summernote-tr-TR.min.js.LICENSE.txt
plugins/summernote/lang/summernote-uk-UA.min.js.LICENSE.txt
plugins/summernote/lang/summernote-uz-UZ.min.js.LICENSE.txt
plugins/summernote/lang/summernote-vi-VN.min.js.LICENSE.txt
plugins/summernote/lang/summernote-zh-CN.min.js.LICENSE.txt
plugins/summernote/lang/summernote-zh-TW.min.js.LICENSE.txt
plugins/jqvmap/maps/continents/jquery.vmap.south-america.js
plugins/jqvmap/maps/continents/jquery.vmap.north-america.js
plugins/pace-progress/themes/green/pace-theme-fill-left.css
plugins/pace-progress/themes/purple/pace-theme-flat-top.css
plugins/pace-progress/themes/purple/pace-theme-material.css
plugins/pace-progress/themes/red/pace-theme-barber-shop.css
plugins/pace-progress/themes/red/pace-theme-big-counter.css
plugins/pace-progress/themes/red/pace-theme-center-atom.css
plugins/pace-progress/themes/red/pace-theme-loading-bar.css
plugins/pace-progress/themes/black/pace-theme-fill-left.css
plugins/pace-progress/themes/silver/pace-theme-flat-top.css
plugins/pace-progress/themes/silver/pace-theme-material.css
plugins/pace-progress/themes/yellow/pace-theme-flat-top.css
plugins/pace-progress/themes/yellow/pace-theme-material.css
plugins/pace-progress/themes/orange/pace-theme-flat-top.css
plugins/pace-progress/themes/orange/pace-theme-material.css
plugins/pace-progress/themes/white/pace-theme-fill-left.css
plugins/datatables-autofill/css/autoFill.bootstrap4.min.css
plugins/datatables-fixedheader/js/dataTables.fixedHeader.js
plugins/datatables-fixedheader/js/fixedHeader.bootstrap4.js
plugins/datatables-colreorder/css/colReorder.bootstrap4.css
plugins/datatables-keytable/css/keyTable.bootstrap4.min.css
plugins/datatables-responsive/css/responsive.bootstrap4.css
plugins/datatables-rowgroup/css/rowGroup.bootstrap4.min.css
plugins/datatables-scroller/css/scroller.bootstrap4.min.css
plugins/bootstrap-colorpicker/css/bootstrap-colorpicker.css
plugins/datatables-searchpanes/js/dataTables.searchPanes.js
plugins/datatables-searchpanes/js/searchPanes.bootstrap4.js
plugins/datatables-rowreorder/css/rowReorder.bootstrap4.css
plugins/bs-custom-file-input/bs-custom-file-input.min.js.map
plugins/jquery-validation/localization/messages_bn_BD.min.js
plugins/jquery-validation/localization/messages_es_AR.min.js
plugins/jquery-validation/localization/messages_es_PE.min.js
plugins/jquery-validation/localization/messages_hy_AM.min.js
plugins/jquery-validation/localization/messages_pt_PT.min.js
plugins/jquery-validation/localization/messages_pt_BR.min.js
plugins/jquery-validation/localization/messages_zh_TW.min.js
plugins/pace-progress/themes/blue/pace-theme-barber-shop.css
plugins/pace-progress/themes/blue/pace-theme-big-counter.css
plugins/pace-progress/themes/blue/pace-theme-center-atom.css
plugins/pace-progress/themes/blue/pace-theme-loading-bar.css
plugins/pace-progress/themes/purple/pace-theme-fill-left.css
plugins/pace-progress/themes/red/pace-theme-center-radar.css
plugins/pace-progress/themes/pink/pace-theme-barber-shop.css
plugins/pace-progress/themes/pink/pace-theme-big-counter.css
plugins/pace-progress/themes/pink/pace-theme-center-atom.css
plugins/pace-progress/themes/pink/pace-theme-loading-bar.css
plugins/pace-progress/themes/silver/pace-theme-fill-left.css
plugins/pace-progress/themes/yellow/pace-theme-fill-left.css
plugins/pace-progress/themes/orange/pace-theme-fill-left.css
plugins/codemirror/mode/yaml-frontmatter/yaml-frontmatter.js
plugins/codemirror/mode/haskell-literate/haskell-literate.js
plugins/bootstrap-switch/css/bootstrap3/bootstrap-switch.css
plugins/bootstrap-switch/css/bootstrap2/bootstrap-switch.css
docs/assets/plugins/bootstrap/js/bootstrap.bundle.min.js.map
docs/assets/plugins/fontawesome-free/css/fontawesome.min.css
docs/assets/plugins/fontawesome-free/css/svg-with-js.min.css
plugins/jquery-validation/localization/messages_sr_lat.min.js
plugins/pace-progress/themes/blue/pace-theme-center-radar.css
plugins/pace-progress/themes/green/pace-theme-barber-shop.css
plugins/pace-progress/themes/green/pace-theme-big-counter.css
plugins/pace-progress/themes/green/pace-theme-center-atom.css
plugins/pace-progress/themes/green/pace-theme-loading-bar.css
plugins/pace-progress/themes/red/pace-theme-center-circle.css
plugins/pace-progress/themes/red/pace-theme-center-simple.css
plugins/pace-progress/themes/black/pace-theme-barber-shop.css
plugins/pace-progress/themes/black/pace-theme-big-counter.css
plugins/pace-progress/themes/black/pace-theme-center-atom.css
plugins/pace-progress/themes/black/pace-theme-loading-bar.css
plugins/pace-progress/themes/pink/pace-theme-center-radar.css
plugins/pace-progress/themes/white/pace-theme-barber-shop.css
plugins/pace-progress/themes/white/pace-theme-big-counter.css
plugins/pace-progress/themes/white/pace-theme-center-atom.css
plugins/pace-progress/themes/white/pace-theme-loading-bar.css
plugins/datatables-fixedheader/css/fixedHeader.bootstrap4.css
plugins/datatables-colreorder/js/colReorder.bootstrap4.min.js
plugins/datatables-colreorder/js/dataTables.colReorder.min.js
plugins/bootstrap-colorpicker/js/bootstrap-colorpicker.js.map
plugins/datatables-fixedcolumns/js/dataTables.fixedColumns.js
plugins/datatables-fixedcolumns/js/fixedColumns.bootstrap4.js
plugins/datatables-searchpanes/css/searchPanes.bootstrap4.css
plugins/datatables-rowreorder/js/dataTables.rowReorder.min.js
plugins/datatables-rowreorder/js/rowReorder.bootstrap4.min.js
docs/assets/plugins/overlayScrollbars/js/OverlayScrollbars.js
plugins/bootstrap4-duallistbox/jquery.bootstrap-duallistbox.js
plugins/pace-progress/themes/blue/pace-theme-center-circle.css
plugins/pace-progress/themes/blue/pace-theme-center-simple.css
plugins/pace-progress/themes/green/pace-theme-center-radar.css
plugins/pace-progress/themes/purple/pace-theme-barber-shop.css
plugins/pace-progress/themes/purple/pace-theme-big-counter.css
plugins/pace-progress/themes/purple/pace-theme-center-atom.css
plugins/pace-progress/themes/purple/pace-theme-loading-bar.css
plugins/pace-progress/themes/black/pace-theme-center-radar.css
plugins/pace-progress/themes/pink/pace-theme-center-circle.css
plugins/pace-progress/themes/pink/pace-theme-center-simple.css
plugins/pace-progress/themes/silver/pace-theme-barber-shop.css
plugins/pace-progress/themes/silver/pace-theme-big-counter.css
plugins/pace-progress/themes/silver/pace-theme-center-atom.css
plugins/pace-progress/themes/silver/pace-theme-loading-bar.css
plugins/pace-progress/themes/yellow/pace-theme-barber-shop.css
plugins/pace-progress/themes/yellow/pace-theme-big-counter.css
plugins/pace-progress/themes/yellow/pace-theme-center-atom.css
plugins/pace-progress/themes/yellow/pace-theme-loading-bar.css
plugins/pace-progress/themes/orange/pace-theme-barber-shop.css
plugins/pace-progress/themes/orange/pace-theme-big-counter.css
plugins/pace-progress/themes/orange/pace-theme-center-atom.css
plugins/pace-progress/themes/orange/pace-theme-loading-bar.css
plugins/pace-progress/themes/white/pace-theme-center-radar.css
docs/assets/plugins/fontawesome-free/webfonts/fa-solid-900.eot
docs/assets/plugins/fontawesome-free/webfonts/fa-solid-900.svg
docs/assets/plugins/fontawesome-free/webfonts/fa-solid-900.ttf
plugins/summernote/plugin/databasic/summernote-ext-databasic.js
plugins/pace-progress/themes/green/pace-theme-center-circle.css
plugins/pace-progress/themes/green/pace-theme-center-simple.css
plugins/pace-progress/themes/purple/pace-theme-center-radar.css
plugins/pace-progress/themes/black/pace-theme-center-circle.css
plugins/pace-progress/themes/black/pace-theme-center-simple.css
plugins/pace-progress/themes/silver/pace-theme-center-radar.css
plugins/pace-progress/themes/yellow/pace-theme-center-radar.css
plugins/pace-progress/themes/orange/pace-theme-center-radar.css
plugins/pace-progress/themes/white/pace-theme-center-circle.css
plugins/pace-progress/themes/white/pace-theme-center-simple.css
plugins/datatables-searchbuilder/js/dataTables.searchBuilder.js
plugins/datatables-searchbuilder/js/searchBuilder.bootstrap4.js
plugins/datatables-fixedheader/js/dataTables.fixedHeader.min.js
plugins/datatables-fixedheader/js/fixedHeader.bootstrap4.min.js
plugins/datatables-colreorder/css/colReorder.bootstrap4.min.css
plugins/bootstrap-colorpicker/css/bootstrap-colorpicker.css.map
plugins/datatables-fixedcolumns/css/fixedColumns.bootstrap4.css
plugins/datatables-searchpanes/js/dataTables.searchPanes.min.js
plugins/datatables-searchpanes/js/searchPanes.bootstrap4.min.js
plugins/datatables-rowreorder/css/rowReorder.bootstrap4.min.css
docs/assets/plugins/fontawesome-free/webfonts/fa-brands-400.eot
docs/assets/plugins/fontawesome-free/webfonts/fa-brands-400.svg
docs/assets/plugins/fontawesome-free/webfonts/fa-brands-400.ttf
docs/assets/plugins/fontawesome-free/webfonts/fa-solid-900.woff
docs/assets/plugins/overlayScrollbars/css/OverlayScrollbars.css
plugins/summernote/plugin/databasic/summernote-ext-databasic.css
plugins/pace-progress/themes/purple/pace-theme-center-circle.css
plugins/pace-progress/themes/purple/pace-theme-center-simple.css
plugins/pace-progress/themes/red/pace-theme-corner-indicator.css
plugins/pace-progress/themes/silver/pace-theme-center-circle.css
plugins/pace-progress/themes/silver/pace-theme-center-simple.css
plugins/pace-progress/themes/yellow/pace-theme-center-circle.css
plugins/pace-progress/themes/yellow/pace-theme-center-simple.css
plugins/pace-progress/themes/orange/pace-theme-center-circle.css
plugins/pace-progress/themes/orange/pace-theme-center-simple.css
plugins/bootstrap-switch/css/bootstrap3/bootstrap-switch.min.css
plugins/bootstrap-switch/css/bootstrap2/bootstrap-switch.min.css
docs/assets/plugins/fontawesome-free/webfonts/fa-brands-400.woff
docs/assets/plugins/fontawesome-free/webfonts/fa-regular-400.eot
docs/assets/plugins/fontawesome-free/webfonts/fa-regular-400.svg
docs/assets/plugins/fontawesome-free/webfonts/fa-regular-400.ttf
docs/assets/plugins/fontawesome-free/webfonts/fa-solid-900.woff2
plugins/summernote/lang/summernote-sr-RS-Latin.min.js.LICENSE.txt
plugins/pace-progress/themes/blue/pace-theme-corner-indicator.css
plugins/pace-progress/themes/pink/pace-theme-corner-indicator.css
plugins/datatables-searchbuilder/css/searchBuilder.bootstrap4.css
plugins/tempusdominus-bootstrap-4/js/tempusdominus-bootstrap-4.js
plugins/datatables-fixedheader/css/fixedHeader.bootstrap4.min.css
plugins/bootstrap-colorpicker/js/bootstrap-colorpicker.min.js.map
plugins/datatables-fixedcolumns/js/dataTables.fixedColumns.min.js
plugins/datatables-fixedcolumns/js/fixedColumns.bootstrap4.min.js
plugins/datatables-searchpanes/css/searchPanes.bootstrap4.min.css
docs/assets/plugins/fontawesome-free/webfonts/fa-brands-400.woff2
docs/assets/plugins/fontawesome-free/webfonts/fa-regular-400.woff
docs/assets/plugins/overlayScrollbars/js/OverlayScrollbars.min.js
plugins/pace-progress/themes/green/pace-theme-corner-indicator.css
plugins/pace-progress/themes/black/pace-theme-corner-indicator.css
plugins/pace-progress/themes/white/pace-theme-corner-indicator.css
docs/assets/plugins/fontawesome-free/webfonts/fa-regular-400.woff2
plugins/pace-progress/themes/purple/pace-theme-corner-indicator.css
plugins/pace-progress/themes/silver/pace-theme-corner-indicator.css
plugins/pace-progress/themes/yellow/pace-theme-corner-indicator.css
plugins/pace-progress/themes/orange/pace-theme-corner-indicator.css
plugins/datatables-searchbuilder/js/dataTables.searchBuilder.min.js
plugins/datatables-searchbuilder/js/searchBuilder.bootstrap4.min.js
plugins/tempusdominus-bootstrap-4/css/tempusdominus-bootstrap-4.css
plugins/bootstrap-colorpicker/css/bootstrap-colorpicker.min.css.map
plugins/datatables-fixedcolumns/css/fixedColumns.bootstrap4.min.css
docs/assets/plugins/overlayScrollbars/css/OverlayScrollbars.min.css
docs/assets/plugins/overlayScrollbars/js/jquery.overlayScrollbars.js
plugins/summernote/plugin/specialchars/summernote-ext-specialchars.js
plugins/datatables-searchbuilder/css/searchBuilder.bootstrap4.min.css
docs/assets/plugins/overlayScrollbars/js/jquery.overlayScrollbars.min.js
