500.html
404.html
faq.html
pace.html
data.html
flot.html
blank.html
login.html
icons.html
uplot.html
boxed.html
index.html
navbar.html
kanban.html
simple.html
jsgrid.html
modals.html
inline.html
index3.html
index2.html
iframe.html
profile.html
invoice.html
compose.html
mailbox.html
gallery.html
ribbons.html
editors.html
sliders.html
general.html
buttons.html
chartjs.html
top-nav.html
widgets.html
starter.html
enhanced.html
login-v2.html
register.html
contacts.html
projects.html
calendar.html
advanced.html
timeline.html
read-mail.html
lockscreen.html
contact-us.html
e-commerce.html
validation.html
register-v2.html
project-add.html
project-edit.html
fixed-topnav.html
fixed-footer.html
invoice-print.html
language-menu.html
fixed-sidebar.html
simple-results.html
project-detail.html
forgot-password.html
top-nav-sidebar.html
enhanced-results.html
legacy-user-menu.html
recover-password.html
collapsed-sidebar.html
forgot-password-v2.html
recover-password-v2.html
fixed-sidebar-custom.html
dist/js/demo.js
dist/js/adminlte.js
dist/img/prod-4.jpg
dist/img/photo1.png
dist/img/photo3.jpg
dist/img/prod-2.jpg
dist/img/prod-1.jpg
dist/img/prod-5.jpg
dist/img/avatar.png
dist/img/photo4.jpg
dist/img/photo2.png
dist/img/prod-3.jpg
dist/img/avatar2.png
dist/img/avatar3.png
dist/img/avatar4.png
dist/img/avatar5.png
dist/js/adminlte.min.js
dist/img/credit/visa.png
dist/css/adminlte.min.css
dist/img/AdminLTELogo.png
plugins/jsgrid/demos/db.js
plugins/jszip/jszip.min.js
dist/js/adminlte.min.js.un
dist/js/pages/dashboard.js
dist/img/user1-128x128.jpg
dist/img/user6-128x128.jpg
dist/img/user7-128x128.jpg
dist/img/user8-128x128.jpg
dist/img/user4-128x128.jpg
dist/img/user2-160x160.jpg
dist/img/user3-128x128.jpg
dist/img/user5-128x128.jpg
plugins/uplot/uPlot.min.css
plugins/flot/jquery.flot.js
dist/js/pages/dashboard2.js
dist/js/pages/dashboard3.js
dist/img/credit/paypal2.png
plugins/moment/moment.min.js
plugins/fullcalendar/main.js
plugins/jsgrid/jsgrid.min.js
plugins/jquery/jquery.min.js
plugins/pdfmake/vfs_fonts.js
plugins/toastr/toastr.min.js
dist/css/adminlte.min.css.un
dist/img/default-150x150.png
plugins/fullcalendar/main.css
plugins/chart.js/Chart.min.js
plugins/jsgrid/jsgrid.min.css
plugins/jqvmap/jqvmap.min.css
plugins/toastr/toastr.min.css
plugins/jszip/jszip.min.js.un
plugins/raphael/raphael.min.js
plugins/uplot/uPlot.min.css.un
plugins/pdfmake/pdfmake.min.js
dist/img/credit/mastercard.png
plugins/moment/moment.min.js.un
plugins/jsgrid/jsgrid.min.js.un
plugins/popper/popper.min.js.un
plugins/jquery/jquery.min.js.un
plugins/uplot/uPlot.iife.min.js
plugins/toastr/toastr.min.js.un
plugins/sparklines/sparkline.js
plugins/moment/locales.min.js.un
plugins/chart.js/Chart.min.js.un
plugins/jsgrid/jsgrid.min.css.un
plugins/jqvmap/jqvmap.min.css.un
plugins/toastr/toastr.min.css.un
plugins/codemirror/codemirror.js
plugins/raphael/raphael.min.js.un
plugins/chart.js/Chart.min.css.un
plugins/jqvmap/jquery.vmap.min.js
plugins/pace-progress/pace.min.js
plugins/pdfmake/pdfmake.min.js.un
plugins/codemirror/codemirror.css
docs/assets/js/adminlte.min.js.un
plugins/jquery-ui/jquery-ui.min.js
plugins/uplot/uPlot.iife.min.js.un
plugins/codemirror/mode/xml/xml.js
plugins/codemirror/mode/css/css.js
plugins/simplemde/simplemde.min.css
plugins/fullcalendar/main.min.js.un
plugins/jsgrid/jsgrid-theme.min.css
plugins/popper/esm/popper.min.js.un
plugins/popper/umd/popper.min.js.un
plugins/select2/css/select2.min.css
docs/assets/css/adminlte.min.css.un
plugins/fullcalendar/main.min.css.un
plugins/jqvmap/jquery.vmap.min.js.un
plugins/pace-progress/pace.min.js.un
plugins/jquery/jquery.slim.min.js.un
plugins/dropzone/min/dropzone.min.js
plugins/codemirror/theme/monokai.css
plugins/select2/js/select2.min.js.un
dist/img/credit/american-express.png
plugins/jquery-ui/jquery-ui.min.js.un
plugins/filterizr/filterizr.min.js.un
plugins/inputmask/inputmask.min.js.un
plugins/popper/popper-utils.min.js.un
plugins/dropzone/min/basic.min.css.un
plugins/dropzone/min/dropzone.min.css
dist/css/alt/adminlte.core.min.css.un
plugins/simplemde/simplemde.min.css.un
plugins/jquery-ui/jquery-ui.min.css.un
plugins/summernote/font/summernote.eot
plugins/summernote/font/summernote.ttf
plugins/sweetalert2/sweetalert2.min.js
plugins/jquery-knob/jquery.knob.min.js
plugins/jsgrid/jsgrid-theme.min.css.un
plugins/jqvmap/maps/jquery.vmap.usa.js
plugins/flag-icon-css/flags/1x1/np.svg
plugins/flag-icon-css/flags/1x1/vu.svg
plugins/flag-icon-css/flags/1x1/bv.svg
plugins/flag-icon-css/flags/1x1/lr.svg
plugins/flag-icon-css/flags/1x1/la.svg
plugins/flag-icon-css/flags/1x1/sz.svg
plugins/flag-icon-css/flags/1x1/tn.svg
plugins/flag-icon-css/flags/1x1/bg.svg
plugins/flag-icon-css/flags/1x1/gu.svg
plugins/flag-icon-css/flags/1x1/sg.svg
plugins/flag-icon-css/flags/1x1/kr.svg
plugins/flag-icon-css/flags/1x1/ws.svg
plugins/flag-icon-css/flags/1x1/za.svg
plugins/flag-icon-css/flags/1x1/mg.svg
plugins/flag-icon-css/flags/1x1/bl.svg
plugins/flag-icon-css/flags/1x1/cn.svg
plugins/flag-icon-css/flags/1x1/kp.svg
plugins/flag-icon-css/flags/1x1/tk.svg
plugins/flag-icon-css/flags/1x1/ge.svg
plugins/flag-icon-css/flags/1x1/fm.svg
plugins/flag-icon-css/flags/1x1/cd.svg
plugins/flag-icon-css/flags/1x1/gi.svg
plugins/flag-icon-css/flags/1x1/gt.svg
plugins/flag-icon-css/flags/1x1/as.svg
plugins/flag-icon-css/flags/1x1/gp.svg
plugins/flag-icon-css/flags/1x1/sn.svg
plugins/flag-icon-css/flags/1x1/cz.svg
plugins/flag-icon-css/flags/1x1/at.svg
plugins/flag-icon-css/flags/1x1/pe.svg
plugins/flag-icon-css/flags/1x1/fo.svg
plugins/flag-icon-css/flags/1x1/gw.svg
plugins/flag-icon-css/flags/1x1/do.svg
plugins/flag-icon-css/flags/1x1/dj.svg
plugins/flag-icon-css/flags/1x1/jp.svg
plugins/flag-icon-css/flags/1x1/bj.svg
plugins/flag-icon-css/flags/1x1/ua.svg
plugins/flag-icon-css/flags/1x1/gr.svg
plugins/flag-icon-css/flags/1x1/bm.svg
plugins/flag-icon-css/flags/1x1/sx.svg
plugins/flag-icon-css/flags/1x1/sc.svg
plugins/flag-icon-css/flags/1x1/ga.svg
plugins/flag-icon-css/flags/1x1/ie.svg
plugins/flag-icon-css/flags/1x1/py.svg
plugins/flag-icon-css/flags/1x1/sk.svg
plugins/flag-icon-css/flags/1x1/aw.svg
plugins/flag-icon-css/flags/1x1/st.svg
plugins/flag-icon-css/flags/1x1/ir.svg
plugins/flag-icon-css/flags/1x1/vg.svg
plugins/flag-icon-css/flags/1x1/bf.svg
plugins/flag-icon-css/flags/1x1/mr.svg
plugins/flag-icon-css/flags/1x1/gl.svg
plugins/flag-icon-css/flags/1x1/ly.svg
plugins/flag-icon-css/flags/1x1/ee.svg
plugins/flag-icon-css/flags/1x1/ki.svg
plugins/flag-icon-css/flags/1x1/kw.svg
plugins/flag-icon-css/flags/1x1/nl.svg
plugins/flag-icon-css/flags/1x1/xk.svg
plugins/flag-icon-css/flags/1x1/pr.svg
plugins/flag-icon-css/flags/1x1/uz.svg
plugins/flag-icon-css/flags/1x1/hk.svg
plugins/flag-icon-css/flags/1x1/ax.svg
plugins/flag-icon-css/flags/1x1/mu.svg
plugins/flag-icon-css/flags/1x1/bt.svg
plugins/flag-icon-css/flags/1x1/tj.svg
plugins/flag-icon-css/flags/1x1/pm.svg
plugins/flag-icon-css/flags/1x1/cx.svg
plugins/flag-icon-css/flags/1x1/bz.svg
plugins/flag-icon-css/flags/1x1/gb.svg
plugins/flag-icon-css/flags/1x1/eg.svg
plugins/flag-icon-css/flags/1x1/bs.svg
plugins/flag-icon-css/flags/1x1/hn.svg
plugins/flag-icon-css/flags/1x1/mo.svg
plugins/flag-icon-css/flags/1x1/ve.svg
plugins/flag-icon-css/flags/1x1/pf.svg
plugins/flag-icon-css/flags/1x1/lk.svg
plugins/flag-icon-css/flags/1x1/in.svg
plugins/flag-icon-css/flags/1x1/ca.svg
plugins/flag-icon-css/flags/1x1/pg.svg
plugins/flag-icon-css/flags/1x1/cu.svg
plugins/flag-icon-css/flags/1x1/tc.svg
plugins/flag-icon-css/flags/1x1/ao.svg
plugins/flag-icon-css/flags/1x1/so.svg
plugins/flag-icon-css/flags/1x1/ro.svg
plugins/flag-icon-css/flags/1x1/kg.svg
plugins/flag-icon-css/flags/1x1/tf.svg
plugins/flag-icon-css/flags/1x1/tw.svg
plugins/flag-icon-css/flags/1x1/sm.svg
plugins/flag-icon-css/flags/1x1/pl.svg
plugins/flag-icon-css/flags/1x1/sl.svg
plugins/flag-icon-css/flags/1x1/lb.svg
plugins/flag-icon-css/flags/1x1/ye.svg
plugins/flag-icon-css/flags/1x1/nu.svg
plugins/flag-icon-css/flags/1x1/id.svg
plugins/flag-icon-css/flags/1x1/gd.svg
plugins/flag-icon-css/flags/1x1/gy.svg
plugins/flag-icon-css/flags/1x1/cr.svg
plugins/flag-icon-css/flags/1x1/it.svg
plugins/flag-icon-css/flags/1x1/am.svg
plugins/flag-icon-css/flags/1x1/bh.svg
plugins/flag-icon-css/flags/1x1/nr.svg
plugins/flag-icon-css/flags/1x1/fj.svg
plugins/flag-icon-css/flags/1x1/td.svg
plugins/flag-icon-css/flags/1x1/kn.svg
plugins/flag-icon-css/flags/1x1/ml.svg
plugins/flag-icon-css/flags/1x1/my.svg
plugins/flag-icon-css/flags/1x1/il.svg
plugins/flag-icon-css/flags/1x1/uy.svg
plugins/flag-icon-css/flags/1x1/af.svg
plugins/flag-icon-css/flags/1x1/mt.svg
plugins/flag-icon-css/flags/1x1/vc.svg
plugins/flag-icon-css/flags/1x1/gf.svg
plugins/flag-icon-css/flags/1x1/dm.svg
plugins/flag-icon-css/flags/1x1/me.svg
plugins/flag-icon-css/flags/1x1/md.svg
plugins/flag-icon-css/flags/1x1/aq.svg
plugins/flag-icon-css/flags/1x1/om.svg
plugins/flag-icon-css/flags/1x1/li.svg
plugins/flag-icon-css/flags/1x1/rs.svg
plugins/flag-icon-css/flags/1x1/ad.svg
plugins/flag-icon-css/flags/1x1/jo.svg
plugins/flag-icon-css/flags/1x1/us.svg
plugins/flag-icon-css/flags/1x1/by.svg
plugins/flag-icon-css/flags/1x1/bi.svg
plugins/flag-icon-css/flags/1x1/is.svg
plugins/flag-icon-css/flags/1x1/bb.svg
plugins/flag-icon-css/flags/1x1/cf.svg
plugins/flag-icon-css/flags/1x1/lt.svg
plugins/flag-icon-css/flags/1x1/va.svg
plugins/flag-icon-css/flags/1x1/ae.svg
plugins/flag-icon-css/flags/1x1/ni.svg
plugins/flag-icon-css/flags/1x1/bq.svg
plugins/flag-icon-css/flags/1x1/jm.svg
plugins/flag-icon-css/flags/1x1/ss.svg
plugins/flag-icon-css/flags/1x1/mp.svg
plugins/flag-icon-css/flags/1x1/au.svg
plugins/flag-icon-css/flags/1x1/sd.svg
plugins/flag-icon-css/flags/1x1/mk.svg
plugins/flag-icon-css/flags/1x1/pa.svg
plugins/flag-icon-css/flags/1x1/um.svg
plugins/flag-icon-css/flags/1x1/mc.svg
plugins/flag-icon-css/flags/1x1/na.svg
plugins/flag-icon-css/flags/1x1/km.svg
plugins/flag-icon-css/flags/1x1/im.svg
plugins/flag-icon-css/flags/1x1/si.svg
plugins/flag-icon-css/flags/1x1/nf.svg
plugins/flag-icon-css/flags/1x1/gh.svg
plugins/flag-icon-css/flags/1x1/qa.svg
plugins/flag-icon-css/flags/1x1/sy.svg
plugins/flag-icon-css/flags/1x1/zm.svg
plugins/flag-icon-css/flags/1x1/tz.svg
plugins/flag-icon-css/flags/1x1/hu.svg
plugins/flag-icon-css/flags/1x1/bn.svg
plugins/flag-icon-css/flags/1x1/vi.svg
plugins/flag-icon-css/flags/1x1/ci.svg
plugins/flag-icon-css/flags/1x1/al.svg
plugins/flag-icon-css/flags/1x1/tr.svg
plugins/flag-icon-css/flags/1x1/tv.svg
plugins/flag-icon-css/flags/1x1/zw.svg
plugins/flag-icon-css/flags/1x1/tl.svg
plugins/flag-icon-css/flags/1x1/mv.svg
plugins/flag-icon-css/flags/1x1/mm.svg
plugins/flag-icon-css/flags/1x1/mw.svg
plugins/flag-icon-css/flags/1x1/kh.svg
plugins/flag-icon-css/flags/1x1/tm.svg
plugins/flag-icon-css/flags/1x1/bd.svg
plugins/flag-icon-css/flags/1x1/nc.svg
plugins/flag-icon-css/flags/1x1/ag.svg
plugins/flag-icon-css/flags/1x1/bo.svg
plugins/flag-icon-css/flags/1x1/be.svg
plugins/flag-icon-css/flags/1x1/wf.svg
plugins/flag-icon-css/flags/1x1/mx.svg
plugins/flag-icon-css/flags/1x1/yt.svg
plugins/flag-icon-css/flags/1x1/vn.svg
plugins/flag-icon-css/flags/1x1/pw.svg
plugins/flag-icon-css/flags/1x1/mh.svg
plugins/flag-icon-css/flags/1x1/ug.svg
plugins/flag-icon-css/flags/1x1/gm.svg
plugins/flag-icon-css/flags/1x1/cl.svg
plugins/flag-icon-css/flags/1x1/az.svg
plugins/flag-icon-css/flags/1x1/ne.svg
plugins/flag-icon-css/flags/1x1/ls.svg
plugins/flag-icon-css/flags/1x1/eh.svg
plugins/flag-icon-css/flags/1x1/rw.svg
plugins/flag-icon-css/flags/1x1/dk.svg
plugins/flag-icon-css/flags/1x1/to.svg
plugins/flag-icon-css/flags/1x1/ps.svg
plugins/flag-icon-css/flags/1x1/tg.svg
plugins/flag-icon-css/flags/1x1/ch.svg
plugins/flag-icon-css/flags/1x1/cc.svg
plugins/flag-icon-css/flags/1x1/ru.svg
plugins/flag-icon-css/flags/1x1/br.svg
plugins/flag-icon-css/flags/1x1/ba.svg
plugins/flag-icon-css/flags/1x1/sh.svg
plugins/flag-icon-css/flags/1x1/hm.svg
plugins/flag-icon-css/flags/1x1/se.svg
plugins/flag-icon-css/flags/1x1/ky.svg
plugins/flag-icon-css/flags/1x1/bw.svg
plugins/flag-icon-css/flags/1x1/lv.svg
plugins/flag-icon-css/flags/1x1/ai.svg
plugins/flag-icon-css/flags/1x1/fr.svg
plugins/flag-icon-css/flags/1x1/cy.svg
plugins/flag-icon-css/flags/1x1/ht.svg
plugins/flag-icon-css/flags/1x1/kz.svg
plugins/flag-icon-css/flags/1x1/de.svg
plugins/flag-icon-css/flags/1x1/eu.svg
plugins/flag-icon-css/flags/1x1/ec.svg
plugins/flag-icon-css/flags/1x1/sa.svg
plugins/flag-icon-css/flags/1x1/ph.svg
plugins/flag-icon-css/flags/1x1/gg.svg
plugins/flag-icon-css/flags/1x1/pt.svg
plugins/flag-icon-css/flags/1x1/mf.svg
plugins/flag-icon-css/flags/1x1/re.svg
plugins/flag-icon-css/flags/1x1/cm.svg
plugins/flag-icon-css/flags/1x1/ng.svg
plugins/flag-icon-css/flags/1x1/ms.svg
plugins/flag-icon-css/flags/1x1/cg.svg
plugins/flag-icon-css/flags/1x1/et.svg
plugins/flag-icon-css/flags/1x1/mq.svg
plugins/flag-icon-css/flags/1x1/sr.svg
plugins/flag-icon-css/flags/1x1/pk.svg
plugins/flag-icon-css/flags/1x1/tt.svg
plugins/flag-icon-css/flags/1x1/gn.svg
plugins/flag-icon-css/flags/1x1/dz.svg
plugins/flag-icon-css/flags/1x1/ke.svg
plugins/flag-icon-css/flags/1x1/gs.svg
plugins/flag-icon-css/flags/1x1/nz.svg
plugins/flag-icon-css/flags/1x1/fi.svg
plugins/flag-icon-css/flags/1x1/th.svg
plugins/flag-icon-css/flags/1x1/iq.svg
plugins/flag-icon-css/flags/1x1/un.svg
plugins/flag-icon-css/flags/1x1/sb.svg
plugins/flag-icon-css/flags/1x1/lu.svg
plugins/flag-icon-css/flags/1x1/er.svg
plugins/flag-icon-css/flags/1x1/hr.svg
plugins/flag-icon-css/flags/1x1/cv.svg
plugins/flag-icon-css/flags/1x1/cw.svg
plugins/flag-icon-css/flags/1x1/no.svg
plugins/flag-icon-css/flags/1x1/co.svg
plugins/flag-icon-css/flags/1x1/io.svg
plugins/flag-icon-css/flags/1x1/sj.svg
plugins/flag-icon-css/flags/1x1/ma.svg
plugins/flag-icon-css/flags/1x1/lc.svg
plugins/flag-icon-css/flags/1x1/es.svg
plugins/flag-icon-css/flags/1x1/mn.svg
plugins/flag-icon-css/flags/1x1/fk.svg
plugins/flag-icon-css/flags/1x1/ar.svg
plugins/flag-icon-css/flags/1x1/mz.svg
plugins/flag-icon-css/flags/1x1/ck.svg
plugins/flag-icon-css/flags/1x1/je.svg
plugins/flag-icon-css/flags/1x1/gq.svg
plugins/flag-icon-css/flags/1x1/pn.svg
plugins/flag-icon-css/flags/1x1/sv.svg
plugins/flag-icon-css/flags/4x3/np.svg
plugins/flag-icon-css/flags/4x3/vu.svg
plugins/flag-icon-css/flags/4x3/bv.svg
plugins/flag-icon-css/flags/4x3/lr.svg
plugins/flag-icon-css/flags/4x3/la.svg
plugins/flag-icon-css/flags/4x3/sz.svg
plugins/flag-icon-css/flags/4x3/tn.svg
plugins/flag-icon-css/flags/4x3/bg.svg
plugins/flag-icon-css/flags/4x3/gu.svg
plugins/flag-icon-css/flags/4x3/sg.svg
plugins/flag-icon-css/flags/4x3/kr.svg
plugins/flag-icon-css/flags/4x3/ws.svg
plugins/flag-icon-css/flags/4x3/za.svg
plugins/flag-icon-css/flags/4x3/mg.svg
plugins/flag-icon-css/flags/4x3/bl.svg
plugins/flag-icon-css/flags/4x3/cn.svg
plugins/flag-icon-css/flags/4x3/kp.svg
plugins/flag-icon-css/flags/4x3/tk.svg
plugins/flag-icon-css/flags/4x3/ge.svg
plugins/flag-icon-css/flags/4x3/fm.svg
plugins/flag-icon-css/flags/4x3/cd.svg
plugins/flag-icon-css/flags/4x3/gi.svg
plugins/flag-icon-css/flags/4x3/gt.svg
plugins/flag-icon-css/flags/4x3/as.svg
plugins/flag-icon-css/flags/4x3/gp.svg
plugins/flag-icon-css/flags/4x3/sn.svg
plugins/flag-icon-css/flags/4x3/cz.svg
plugins/flag-icon-css/flags/4x3/at.svg
plugins/flag-icon-css/flags/4x3/pe.svg
plugins/flag-icon-css/flags/4x3/fo.svg
plugins/flag-icon-css/flags/4x3/gw.svg
plugins/flag-icon-css/flags/4x3/do.svg
plugins/flag-icon-css/flags/4x3/dj.svg
plugins/flag-icon-css/flags/4x3/jp.svg
plugins/flag-icon-css/flags/4x3/bj.svg
plugins/flag-icon-css/flags/4x3/ua.svg
plugins/flag-icon-css/flags/4x3/gr.svg
plugins/flag-icon-css/flags/4x3/bm.svg
plugins/flag-icon-css/flags/4x3/sx.svg
plugins/flag-icon-css/flags/4x3/sc.svg
plugins/flag-icon-css/flags/4x3/ga.svg
plugins/flag-icon-css/flags/4x3/ie.svg
plugins/flag-icon-css/flags/4x3/py.svg
plugins/flag-icon-css/flags/4x3/sk.svg
plugins/flag-icon-css/flags/4x3/aw.svg
plugins/flag-icon-css/flags/4x3/st.svg
plugins/flag-icon-css/flags/4x3/ir.svg
plugins/flag-icon-css/flags/4x3/vg.svg
plugins/flag-icon-css/flags/4x3/bf.svg
plugins/flag-icon-css/flags/4x3/mr.svg
plugins/flag-icon-css/flags/4x3/gl.svg
plugins/flag-icon-css/flags/4x3/ly.svg
plugins/flag-icon-css/flags/4x3/ee.svg
plugins/flag-icon-css/flags/4x3/ki.svg
plugins/flag-icon-css/flags/4x3/kw.svg
plugins/flag-icon-css/flags/4x3/nl.svg
plugins/flag-icon-css/flags/4x3/xk.svg
plugins/flag-icon-css/flags/4x3/pr.svg
plugins/flag-icon-css/flags/4x3/uz.svg
plugins/flag-icon-css/flags/4x3/hk.svg
plugins/flag-icon-css/flags/4x3/ax.svg
plugins/flag-icon-css/flags/4x3/mu.svg
plugins/flag-icon-css/flags/4x3/bt.svg
plugins/flag-icon-css/flags/4x3/tj.svg
plugins/flag-icon-css/flags/4x3/pm.svg
plugins/flag-icon-css/flags/4x3/cx.svg
plugins/flag-icon-css/flags/4x3/bz.svg
plugins/flag-icon-css/flags/4x3/gb.svg
plugins/flag-icon-css/flags/4x3/eg.svg
plugins/flag-icon-css/flags/4x3/bs.svg
plugins/flag-icon-css/flags/4x3/hn.svg
plugins/flag-icon-css/flags/4x3/mo.svg
plugins/flag-icon-css/flags/4x3/ve.svg
plugins/flag-icon-css/flags/4x3/pf.svg
plugins/flag-icon-css/flags/4x3/lk.svg
plugins/flag-icon-css/flags/4x3/in.svg
plugins/flag-icon-css/flags/4x3/ca.svg
plugins/flag-icon-css/flags/4x3/pg.svg
plugins/flag-icon-css/flags/4x3/cu.svg
plugins/flag-icon-css/flags/4x3/tc.svg
plugins/flag-icon-css/flags/4x3/ao.svg
plugins/flag-icon-css/flags/4x3/so.svg
plugins/flag-icon-css/flags/4x3/ro.svg
plugins/flag-icon-css/flags/4x3/kg.svg
plugins/flag-icon-css/flags/4x3/tf.svg
plugins/flag-icon-css/flags/4x3/tw.svg
plugins/flag-icon-css/flags/4x3/sm.svg
plugins/flag-icon-css/flags/4x3/pl.svg
plugins/flag-icon-css/flags/4x3/sl.svg
plugins/flag-icon-css/flags/4x3/lb.svg
plugins/flag-icon-css/flags/4x3/ye.svg
plugins/flag-icon-css/flags/4x3/nu.svg
plugins/flag-icon-css/flags/4x3/id.svg
plugins/flag-icon-css/flags/4x3/gd.svg
plugins/flag-icon-css/flags/4x3/gy.svg
plugins/flag-icon-css/flags/4x3/cr.svg
plugins/flag-icon-css/flags/4x3/it.svg
plugins/flag-icon-css/flags/4x3/am.svg
plugins/flag-icon-css/flags/4x3/bh.svg
plugins/flag-icon-css/flags/4x3/nr.svg
plugins/flag-icon-css/flags/4x3/fj.svg
plugins/flag-icon-css/flags/4x3/td.svg
plugins/flag-icon-css/flags/4x3/kn.svg
plugins/flag-icon-css/flags/4x3/ml.svg
plugins/flag-icon-css/flags/4x3/my.svg
plugins/flag-icon-css/flags/4x3/il.svg
plugins/flag-icon-css/flags/4x3/uy.svg
plugins/flag-icon-css/flags/4x3/af.svg
plugins/flag-icon-css/flags/4x3/mt.svg
plugins/flag-icon-css/flags/4x3/vc.svg
plugins/flag-icon-css/flags/4x3/gf.svg
plugins/flag-icon-css/flags/4x3/dm.svg
plugins/flag-icon-css/flags/4x3/me.svg
plugins/flag-icon-css/flags/4x3/md.svg
plugins/flag-icon-css/flags/4x3/aq.svg
plugins/flag-icon-css/flags/4x3/om.svg
plugins/flag-icon-css/flags/4x3/li.svg
plugins/flag-icon-css/flags/4x3/rs.svg
plugins/flag-icon-css/flags/4x3/ad.svg
plugins/flag-icon-css/flags/4x3/jo.svg
plugins/flag-icon-css/flags/4x3/us.svg
plugins/flag-icon-css/flags/4x3/by.svg
plugins/flag-icon-css/flags/4x3/bi.svg
plugins/flag-icon-css/flags/4x3/is.svg
plugins/flag-icon-css/flags/4x3/bb.svg
plugins/flag-icon-css/flags/4x3/cf.svg
plugins/flag-icon-css/flags/4x3/lt.svg
plugins/flag-icon-css/flags/4x3/va.svg
plugins/flag-icon-css/flags/4x3/ae.svg
plugins/flag-icon-css/flags/4x3/ni.svg
plugins/flag-icon-css/flags/4x3/bq.svg
plugins/flag-icon-css/flags/4x3/jm.svg
plugins/flag-icon-css/flags/4x3/ss.svg
plugins/flag-icon-css/flags/4x3/mp.svg
plugins/flag-icon-css/flags/4x3/au.svg
plugins/flag-icon-css/flags/4x3/sd.svg
plugins/flag-icon-css/flags/4x3/mk.svg
plugins/flag-icon-css/flags/4x3/pa.svg
plugins/flag-icon-css/flags/4x3/um.svg
plugins/flag-icon-css/flags/4x3/mc.svg
plugins/flag-icon-css/flags/4x3/na.svg
plugins/flag-icon-css/flags/4x3/km.svg
plugins/flag-icon-css/flags/4x3/im.svg
plugins/flag-icon-css/flags/4x3/si.svg
plugins/flag-icon-css/flags/4x3/nf.svg
plugins/flag-icon-css/flags/4x3/gh.svg
plugins/flag-icon-css/flags/4x3/qa.svg
plugins/flag-icon-css/flags/4x3/sy.svg
plugins/flag-icon-css/flags/4x3/zm.svg
plugins/flag-icon-css/flags/4x3/tz.svg
plugins/flag-icon-css/flags/4x3/hu.svg
plugins/flag-icon-css/flags/4x3/bn.svg
plugins/flag-icon-css/flags/4x3/vi.svg
plugins/flag-icon-css/flags/4x3/ci.svg
plugins/flag-icon-css/flags/4x3/al.svg
plugins/flag-icon-css/flags/4x3/tr.svg
plugins/flag-icon-css/flags/4x3/tv.svg
plugins/flag-icon-css/flags/4x3/zw.svg
plugins/flag-icon-css/flags/4x3/tl.svg
plugins/flag-icon-css/flags/4x3/mv.svg
plugins/flag-icon-css/flags/4x3/mm.svg
plugins/flag-icon-css/flags/4x3/mw.svg
plugins/flag-icon-css/flags/4x3/kh.svg
plugins/flag-icon-css/flags/4x3/tm.svg
plugins/flag-icon-css/flags/4x3/bd.svg
plugins/flag-icon-css/flags/4x3/nc.svg
plugins/flag-icon-css/flags/4x3/ag.svg
plugins/flag-icon-css/flags/4x3/bo.svg
plugins/flag-icon-css/flags/4x3/be.svg
plugins/flag-icon-css/flags/4x3/wf.svg
plugins/flag-icon-css/flags/4x3/mx.svg
plugins/flag-icon-css/flags/4x3/yt.svg
plugins/flag-icon-css/flags/4x3/vn.svg
plugins/flag-icon-css/flags/4x3/pw.svg
plugins/flag-icon-css/flags/4x3/mh.svg
plugins/flag-icon-css/flags/4x3/ug.svg
plugins/flag-icon-css/flags/4x3/gm.svg
plugins/flag-icon-css/flags/4x3/cl.svg
plugins/flag-icon-css/flags/4x3/az.svg
plugins/flag-icon-css/flags/4x3/ne.svg
plugins/flag-icon-css/flags/4x3/ls.svg
plugins/flag-icon-css/flags/4x3/eh.svg
plugins/flag-icon-css/flags/4x3/rw.svg
plugins/flag-icon-css/flags/4x3/dk.svg
plugins/flag-icon-css/flags/4x3/to.svg
plugins/flag-icon-css/flags/4x3/ps.svg
plugins/flag-icon-css/flags/4x3/tg.svg
plugins/flag-icon-css/flags/4x3/ch.svg
plugins/flag-icon-css/flags/4x3/cc.svg
plugins/flag-icon-css/flags/4x3/ru.svg
plugins/flag-icon-css/flags/4x3/br.svg
plugins/flag-icon-css/flags/4x3/ba.svg
plugins/flag-icon-css/flags/4x3/sh.svg
plugins/flag-icon-css/flags/4x3/hm.svg
plugins/flag-icon-css/flags/4x3/se.svg
plugins/flag-icon-css/flags/4x3/ky.svg
plugins/flag-icon-css/flags/4x3/bw.svg
plugins/flag-icon-css/flags/4x3/lv.svg
plugins/flag-icon-css/flags/4x3/ai.svg
plugins/flag-icon-css/flags/4x3/fr.svg
plugins/flag-icon-css/flags/4x3/cy.svg
plugins/flag-icon-css/flags/4x3/ht.svg
plugins/flag-icon-css/flags/4x3/kz.svg
plugins/flag-icon-css/flags/4x3/de.svg
plugins/flag-icon-css/flags/4x3/eu.svg
plugins/flag-icon-css/flags/4x3/ec.svg
plugins/flag-icon-css/flags/4x3/sa.svg
plugins/flag-icon-css/flags/4x3/ph.svg
plugins/flag-icon-css/flags/4x3/gg.svg
plugins/flag-icon-css/flags/4x3/pt.svg
plugins/flag-icon-css/flags/4x3/mf.svg
plugins/flag-icon-css/flags/4x3/re.svg
plugins/flag-icon-css/flags/4x3/cm.svg
plugins/flag-icon-css/flags/4x3/ng.svg
plugins/flag-icon-css/flags/4x3/ms.svg
plugins/flag-icon-css/flags/4x3/cg.svg
plugins/flag-icon-css/flags/4x3/et.svg
plugins/flag-icon-css/flags/4x3/mq.svg
plugins/flag-icon-css/flags/4x3/sr.svg
plugins/flag-icon-css/flags/4x3/pk.svg
plugins/flag-icon-css/flags/4x3/tt.svg
plugins/flag-icon-css/flags/4x3/gn.svg
plugins/flag-icon-css/flags/4x3/dz.svg
plugins/flag-icon-css/flags/4x3/ke.svg
plugins/flag-icon-css/flags/4x3/gs.svg
plugins/flag-icon-css/flags/4x3/nz.svg
plugins/flag-icon-css/flags/4x3/fi.svg
plugins/flag-icon-css/flags/4x3/th.svg
plugins/flag-icon-css/flags/4x3/iq.svg
plugins/flag-icon-css/flags/4x3/un.svg
plugins/flag-icon-css/flags/4x3/sb.svg
plugins/flag-icon-css/flags/4x3/lu.svg
plugins/flag-icon-css/flags/4x3/er.svg
plugins/flag-icon-css/flags/4x3/hr.svg
plugins/flag-icon-css/flags/4x3/cv.svg
plugins/flag-icon-css/flags/4x3/cw.svg
plugins/flag-icon-css/flags/4x3/no.svg
plugins/flag-icon-css/flags/4x3/co.svg
plugins/flag-icon-css/flags/4x3/io.svg
plugins/flag-icon-css/flags/4x3/sj.svg
plugins/flag-icon-css/flags/4x3/ma.svg
plugins/flag-icon-css/flags/4x3/lc.svg
plugins/flag-icon-css/flags/4x3/es.svg
plugins/flag-icon-css/flags/4x3/mn.svg
plugins/flag-icon-css/flags/4x3/fk.svg
plugins/flag-icon-css/flags/4x3/ar.svg
plugins/flag-icon-css/flags/4x3/mz.svg
plugins/flag-icon-css/flags/4x3/ck.svg
plugins/flag-icon-css/flags/4x3/je.svg
plugins/flag-icon-css/flags/4x3/gq.svg
plugins/flag-icon-css/flags/4x3/pn.svg
plugins/flag-icon-css/flags/4x3/sv.svg
plugins/select2/js/select2.full.min.js
plugins/select2/css/select2.min.css.un
dist/css/alt/adminlte.pages.min.css.un
plugins/ekko-lightbox/ekko-lightbox.css
plugins/summernote/summernote.min.js.un
plugins/summernote/font/summernote.woff
plugins/sweetalert2/sweetalert2.min.css
plugins/chart.js/Chart.bundle.min.js.un
plugins/dropzone/min/dropzone.min.js.un
plugins/bs-stepper/js/bs-stepper.min.js
plugins/flot/plugins/jquery.flot.pie.js
plugins/summernote/summernote.min.css.un
plugins/summernote/font/summernote.woff2
plugins/summernote/summernote-bs4.min.js
plugins/dropzone/min/dropzone.min.css.un
plugins/bootstrap/js/bootstrap.min.js.un
plugins/fontawesome-free/css/all.min.css
dist/css/alt/adminlte.plugins.min.css.un
plugins/filterizr/jquery.filterizr.min.js
plugins/summernote/summernote-bs4.min.css
plugins/sweetalert2/sweetalert2.min.js.un
plugins/inputmask/jquery.inputmask.min.js
plugins/raphael/raphael.no-deps.min.js.un
plugins/jquery-knob/jquery.knob.min.js.un
plugins/popper/esm/popper-utils.min.js.un
plugins/popper/umd/popper-utils.min.js.un
plugins/flag-icon-css/flags/1x1/es-ca.svg
plugins/flag-icon-css/flags/1x1/es-ga.svg
plugins/flag-icon-css/flags/4x3/es-ca.svg
plugins/flag-icon-css/flags/4x3/es-ga.svg
plugins/bs-stepper/css/bs-stepper.min.css
plugins/select2/js/select2.full.min.js.un
AdminLTE-3.1.0/dist/js/adminlte.min.js.un
plugins/ekko-lightbox/ekko-lightbox.min.js
plugins/jquery-mapael/jquery.mapael.min.js
plugins/sweetalert2/sweetalert2.min.css.un
plugins/fullcalendar/locales-all.min.js.un
plugins/flag-icon-css/flags/1x1/gb-wls.svg
plugins/flag-icon-css/flags/1x1/gb-nir.svg
plugins/flag-icon-css/flags/1x1/gb-eng.svg
plugins/flag-icon-css/flags/1x1/gb-sct.svg
plugins/flag-icon-css/flags/4x3/gb-wls.svg
plugins/flag-icon-css/flags/4x3/gb-nir.svg
plugins/flag-icon-css/flags/4x3/gb-eng.svg
plugins/flag-icon-css/flags/4x3/gb-sct.svg
plugins/bs-stepper/js/bs-stepper.min.js.un
plugins/daterangepicker/daterangepicker.js
plugins/flot/plugins/jquery.flot.resize.js
plugins/datatables/jquery.dataTables.min.js
plugins/summernote/summernote-bs4.min.js.un
plugins/fontawesome-free/css/all.min.css.un
plugins/flag-icon-css/css/flag-icon.min.css
plugins/daterangepicker/daterangepicker.css
docs/assets/plugins/popper/popper.min.js.un
docs/assets/plugins/jquery/jquery.min.js.un
dist/css/alt/adminlte.components.min.css.un
AdminLTE-3.1.0/dist/css/adminlte.min.css.un
plugins/jquery-ui/jquery-ui.theme.min.css.un
plugins/filterizr/jquery.filterizr.min.js.un
plugins/summernote/summernote-bs4.min.css.un
plugins/summernote/summernote-lite.min.js.un
plugins/jquery-mapael/maps/usa_states.min.js
plugins/moment/moment-with-locales.min.js.un
plugins/inputmask/jquery.inputmask.min.js.un
plugins/bootstrap/js/bootstrap.bundle.min.js
plugins/bs-stepper/css/bs-stepper.min.css.un
docs/assets/css/alt/adminlte.core.min.css.un
AdminLTE-3.1.0/plugins/jszip/jszip.min.js.un
plugins/ekko-lightbox/ekko-lightbox.min.js.un
plugins/filterizr/vanilla.filterizr.min.js.un
plugins/summernote/summernote-lite.min.css.un
plugins/jquery-mapael/jquery.mapael.min.js.un
plugins/sweetalert2/sweetalert2.all.min.js.un
plugins/fontawesome-free/css/solid.min.css.un
docs/assets/css/alt/adminlte.pages.min.css.un
AdminLTE-3.1.0/plugins/uplot/uPlot.min.css.un
plugins/datatables/jquery.dataTables.min.js.un
plugins/fontawesome-free/css/brands.min.css.un
plugins/codemirror/mode/htmlmixed/htmlmixed.js
plugins/flag-icon-css/css/flag-icon.min.css.un
plugins/jquery-mousewheel/jquery.mousewheel.js
AdminLTE-3.1.0/plugins/moment/moment.min.js.un
AdminLTE-3.1.0/plugins/jsgrid/jsgrid.min.js.un
AdminLTE-3.1.0/plugins/popper/popper.min.js.un
AdminLTE-3.1.0/plugins/jquery/jquery.min.js.un
AdminLTE-3.1.0/plugins/toastr/toastr.min.js.un
plugins/jquery-mapael/maps/usa_states.min.js.un
plugins/bootstrap/js/bootstrap.bundle.min.js.un
plugins/fontawesome-free/css/regular.min.css.un
docs/assets/css/alt/adminlte.plugins.min.css.un
docs/assets/plugins/popper/esm/popper.min.js.un
docs/assets/plugins/popper/umd/popper.min.js.un
AdminLTE-3.1.0/plugins/moment/locales.min.js.un
AdminLTE-3.1.0/plugins/chart.js/Chart.min.js.un
AdminLTE-3.1.0/plugins/jsgrid/jsgrid.min.css.un
AdminLTE-3.1.0/plugins/jqvmap/jqvmap.min.css.un
AdminLTE-3.1.0/plugins/toastr/toastr.min.css.un
plugins/jquery-validation/jquery.validate.min.js
plugins/bootstrap-slider/bootstrap-slider.min.js
plugins/jquery-ui/jquery-ui.structure.min.css.un
plugins/fontawesome-free/css/v4-shims.min.css.un
docs/assets/plugins/jquery/jquery.slim.min.js.un
AdminLTE-3.1.0/docs/assets/js/adminlte.min.js.un
AdminLTE-3.1.0/plugins/raphael/raphael.min.js.un
AdminLTE-3.1.0/plugins/chart.js/Chart.min.css.un
AdminLTE-3.1.0/plugins/pdfmake/pdfmake.min.js.un
plugins/icheck-bootstrap/icheck-bootstrap.min.css
plugins/ion-rangeslider/js/ion.rangeSlider.min.js
docs/assets/plugins/popper/popper-utils.min.js.un
dist/css/alt/adminlte.extra-components.min.css.un
AdminLTE-3.1.0/plugins/uplot/uPlot.iife.min.js.un
plugins/summernote/lang/summernote-nb-NO.min.js.un
plugins/summernote/lang/summernote-es-EU.min.js.un
plugins/summernote/lang/summernote-az-AZ.min.js.un
plugins/summernote/lang/summernote-el-GR.min.js.un
plugins/summernote/lang/summernote-ca-ES.min.js.un
plugins/summernote/lang/summernote-de-DE.min.js.un
plugins/summernote/lang/summernote-it-IT.min.js.un
plugins/summernote/lang/summernote-da-DK.min.js.un
plugins/summernote/lang/summernote-sk-SK.min.js.un
plugins/summernote/lang/summernote-pt-BR.min.js.un
plugins/summernote/lang/summernote-th-TH.min.js.un
plugins/summernote/lang/summernote-uz-UZ.min.js.un
plugins/summernote/lang/summernote-nl-NL.min.js.un
plugins/summernote/lang/summernote-uk-UA.min.js.un
plugins/summernote/lang/summernote-tr-TR.min.js.un
plugins/summernote/lang/summernote-zh-CN.min.js.un
plugins/summernote/lang/summernote-lt-LT.min.js.un
plugins/summernote/lang/summernote-ta-IN.min.js.un
plugins/summernote/lang/summernote-ar-AR.min.js.un
plugins/summernote/lang/summernote-mn-MN.min.js.un
plugins/summernote/lang/summernote-gl-ES.min.js.un
plugins/summernote/lang/summernote-zh-TW.min.js.un
plugins/summernote/lang/summernote-fa-IR.min.js.un
plugins/summernote/lang/summernote-hr-HR.min.js.un
plugins/summernote/lang/summernote-sr-RS.min.js.un
plugins/summernote/lang/summernote-he-IL.min.js.un
plugins/summernote/lang/summernote-pt-PT.min.js.un
plugins/summernote/lang/summernote-bg-BG.min.js.un
plugins/summernote/lang/summernote-cs-CZ.min.js.un
plugins/summernote/lang/summernote-sl-SI.min.js.un
plugins/summernote/lang/summernote-lt-LV.min.js.un
plugins/summernote/lang/summernote-ro-RO.min.js.un
plugins/summernote/lang/summernote-ja-JP.min.js.un
plugins/summernote/lang/summernote-ko-KR.min.js.un
plugins/summernote/lang/summernote-pl-PL.min.js.un
plugins/summernote/lang/summernote-vi-VN.min.js.un
plugins/summernote/lang/summernote-es-ES.min.js.un
plugins/summernote/lang/summernote-sv-SE.min.js.un
plugins/summernote/lang/summernote-id-ID.min.js.un
plugins/summernote/lang/summernote-hu-HU.min.js.un
plugins/summernote/lang/summernote-fr-FR.min.js.un
plugins/summernote/lang/summernote-fi-FI.min.js.un
plugins/summernote/lang/summernote-ru-RU.min.js.un
plugins/dropzone/min/dropzone-amd-module.min.js.un
plugins/fontawesome-free/webfonts/fa-solid-900.ttf
plugins/fontawesome-free/webfonts/fa-solid-900.eot
plugins/fontawesome-free/webfonts/fa-solid-900.svg
plugins/datatables-buttons/js/buttons.html5.min.js
plugins/datatables-buttons/js/buttons.print.min.js
docs/assets/css/alt/adminlte.components.min.css.un
AdminLTE-3.1.0/docs/assets/css/adminlte.min.css.un
AdminLTE-3.1.0/plugins/fullcalendar/main.min.js.un
AdminLTE-3.1.0/plugins/popper/esm/popper.min.js.un
AdminLTE-3.1.0/plugins/popper/umd/popper.min.js.un
plugins/jquery-validation/jquery.validate.min.js.un
plugins/jquery-validation/additional-methods.min.js
plugins/bootstrap-slider/bootstrap-slider.min.js.un
plugins/fontawesome-free/css/svg-with-js.min.css.un
plugins/fontawesome-free/css/fontawesome.min.css.un
plugins/fontawesome-free/webfonts/fa-brands-400.svg
plugins/fontawesome-free/webfonts/fa-brands-400.ttf
plugins/fontawesome-free/webfonts/fa-solid-900.woff
plugins/fontawesome-free/webfonts/fa-brands-400.eot
plugins/ion-rangeslider/css/ion.rangeSlider.min.css
plugins/datatables-buttons/js/buttons.colVis.min.js
plugins/bootstrap-switch/js/bootstrap-switch.min.js
AdminLTE-3.1.0/plugins/fullcalendar/main.min.css.un
AdminLTE-3.1.0/plugins/jqvmap/jquery.vmap.min.js.un
AdminLTE-3.1.0/plugins/pace-progress/pace.min.js.un
AdminLTE-3.1.0/plugins/jquery/jquery.slim.min.js.un
AdminLTE-3.1.0/plugins/select2/js/select2.min.js.un
plugins/icheck-bootstrap/icheck-bootstrap.min.css.un
plugins/jquery-ui/images/ui-icons_555555_256x240.png
plugins/jquery-ui/images/ui-icons_777777_256x240.png
plugins/jquery-ui/images/ui-icons_444444_256x240.png
plugins/jquery-ui/images/ui-icons_ffffff_256x240.png
plugins/jquery-ui/images/ui-icons_cc0000_256x240.png
plugins/jquery-ui/images/ui-icons_777620_256x240.png
plugins/jquery-mapael/maps/world_countries.min.js.un
plugins/fontawesome-free/webfonts/fa-regular-400.ttf
plugins/fontawesome-free/webfonts/fa-regular-400.eot
plugins/fontawesome-free/webfonts/fa-regular-400.svg
plugins/fontawesome-free/webfonts/fa-solid-900.woff2
plugins/fontawesome-free/webfonts/fa-brands-400.woff
plugins/ion-rangeslider/js/ion.rangeSlider.min.js.un
docs/assets/plugins/bootstrap/js/bootstrap.min.js.un
AdminLTE-3.1.0/dist/css/alt/adminlte.core.min.css.un
AdminLTE-3.1.0/plugins/jquery-ui/jquery-ui.min.js.un
AdminLTE-3.1.0/plugins/filterizr/filterizr.min.js.un
AdminLTE-3.1.0/plugins/inputmask/inputmask.min.js.un
AdminLTE-3.1.0/plugins/popper/popper-utils.min.js.un
AdminLTE-3.1.0/plugins/dropzone/min/basic.min.css.un
plugins/bootstrap-slider/css/bootstrap-slider.min.css
plugins/fontawesome-free/webfonts/fa-brands-400.woff2
plugins/fontawesome-free/webfonts/fa-regular-400.woff
plugins/datatables-buttons/js/buttons.print.min.js.un
plugins/datatables-buttons/js/buttons.flash.min.js.un
plugins/datatables-buttons/js/buttons.html5.min.js.un
docs/assets/plugins/popper/esm/popper-utils.min.js.un
docs/assets/plugins/popper/umd/popper-utils.min.js.un
AdminLTE-3.1.0/dist/css/alt/adminlte.pages.min.css.un
AdminLTE-3.1.0/plugins/jquery-ui/jquery-ui.min.css.un
AdminLTE-3.1.0/plugins/jsgrid/jsgrid-theme.min.css.un
AdminLTE-3.1.0/plugins/select2/css/select2.min.css.un
plugins/jquery-validation/additional-methods.min.js.un
plugins/fontawesome-free/webfonts/fa-regular-400.woff2
plugins/datatables-bs4/js/dataTables.bootstrap4.min.js
plugins/ion-rangeslider/css/ion.rangeSlider.min.css.un
plugins/datatables-buttons/js/buttons.colVis.min.js.un
plugins/bootstrap-switch/js/bootstrap-switch.min.js.un
AdminLTE-3.1.0/plugins/summernote/summernote.min.js.un
AdminLTE-3.1.0/plugins/chart.js/Chart.bundle.min.js.un
AdminLTE-3.1.0/plugins/dropzone/min/dropzone.min.js.un
plugins/jquery-mapael/maps/france_departments.min.js.un
plugins/overlayScrollbars/css/OverlayScrollbars.min.css
plugins/datatables-buttons/js/buttons.bootstrap4.min.js
plugins/datatables-buttons/js/dataTables.buttons.min.js
docs/assets/plugins/fontawesome-free/css/all.min.css.un
AdminLTE-3.1.0/dist/css/alt/adminlte.plugins.min.css.un
AdminLTE-3.1.0/plugins/summernote/summernote.min.css.un
AdminLTE-3.1.0/plugins/dropzone/min/dropzone.min.css.un
AdminLTE-3.1.0/plugins/bootstrap/js/bootstrap.min.js.un
plugins/bootstrap-slider/css/bootstrap-slider.min.css.un
plugins/summernote/lang/summernote-sr-RS-Latin.min.js.un
plugins/overlayScrollbars/js/OverlayScrollbars.min.js.un
plugins/datatables-bs4/css/dataTables.bootstrap4.min.css
plugins/datatables-select/js/dataTables.select.min.js.un
plugins/datatables-select/js/select.bootstrap4.min.js.un
docs/assets/css/alt/adminlte.extra-components.min.css.un
AdminLTE-3.1.0/plugins/sweetalert2/sweetalert2.min.js.un
AdminLTE-3.1.0/plugins/raphael/raphael.no-deps.min.js.un
AdminLTE-3.1.0/plugins/jquery-knob/jquery.knob.min.js.un
AdminLTE-3.1.0/plugins/popper/esm/popper-utils.min.js.un
AdminLTE-3.1.0/plugins/popper/umd/popper-utils.min.js.un
AdminLTE-3.1.0/plugins/select2/js/select2.full.min.js.un
plugins/sweetalert2-theme-bootstrap-4/bootstrap-4.min.css
plugins/datatables-bs4/js/dataTables.bootstrap4.min.js.un
plugins/datatables-buttons/css/buttons.bootstrap4.min.css
docs/assets/plugins/fontawesome-free/css/solid.min.css.un
AdminLTE-3.1.0/plugins/sweetalert2/sweetalert2.min.css.un
AdminLTE-3.1.0/plugins/fullcalendar/locales-all.min.js.un
AdminLTE-3.1.0/plugins/bs-stepper/js/bs-stepper.min.js.un
plugins/pace-progress/themes/black/pace-theme-flat-top.css
plugins/overlayScrollbars/css/OverlayScrollbars.min.css.un
plugins/datatables-buttons/js/dataTables.buttons.min.js.un
plugins/datatables-buttons/js/buttons.bootstrap4.min.js.un
plugins/datatables-select/css/select.bootstrap4.min.css.un
docs/assets/plugins/fontawesome-free/css/brands.min.css.un
AdminLTE-3.1.0/docs/assets/plugins/popper/popper.min.js.un
AdminLTE-3.1.0/docs/assets/plugins/jquery/jquery.min.js.un
AdminLTE-3.1.0/dist/css/alt/adminlte.components.min.css.un
AdminLTE-3.1.0/plugins/summernote/summernote-bs4.min.js.un
AdminLTE-3.1.0/plugins/fontawesome-free/css/all.min.css.un
plugins/select2-bootstrap4-theme/select2-bootstrap4.min.css
plugins/bs-custom-file-input/bs-custom-file-input.min.js.un
plugins/jquery-validation/localization/methods_nl.min.js.un
plugins/jquery-validation/localization/methods_fi.min.js.un
plugins/jquery-validation/localization/methods_it.min.js.un
plugins/jquery-validation/localization/methods_de.min.js.un
plugins/jquery-validation/localization/methods_pt.min.js.un
plugins/jquery-mapael/maps/world_countries_miller.min.js.un
plugins/datatables-bs4/css/dataTables.bootstrap4.min.css.un
docs/assets/plugins/bootstrap/js/bootstrap.bundle.min.js.un
docs/assets/plugins/fontawesome-free/css/regular.min.css.un
AdminLTE-3.1.0/docs/assets/css/alt/adminlte.core.min.css.un
AdminLTE-3.1.0/plugins/jquery-ui/jquery-ui.theme.min.css.un
AdminLTE-3.1.0/plugins/filterizr/jquery.filterizr.min.js.un
AdminLTE-3.1.0/plugins/summernote/summernote-bs4.min.css.un
AdminLTE-3.1.0/plugins/summernote/summernote-lite.min.js.un
AdminLTE-3.1.0/plugins/moment/moment-with-locales.min.js.un
AdminLTE-3.1.0/plugins/inputmask/jquery.inputmask.min.js.un
AdminLTE-3.1.0/plugins/bs-stepper/css/bs-stepper.min.css.un
plugins/bootstrap4-duallistbox/bootstrap-duallistbox.min.css
plugins/sweetalert2-theme-bootstrap-4/bootstrap-4.min.css.un
plugins/jquery-validation/localization/messages_id.min.js.un
plugins/jquery-validation/localization/messages_gl.min.js.un
plugins/jquery-validation/localization/messages_ja.min.js.un
plugins/jquery-validation/localization/messages_ko.min.js.un
plugins/jquery-validation/localization/messages_de.min.js.un
plugins/jquery-validation/localization/messages_fa.min.js.un
plugins/jquery-validation/localization/messages_sv.min.js.un
plugins/jquery-validation/localization/messages_zh.min.js.un
plugins/jquery-validation/localization/messages_lv.min.js.un
plugins/jquery-validation/localization/messages_sk.min.js.un
plugins/jquery-validation/localization/messages_he.min.js.un
plugins/jquery-validation/localization/messages_hu.min.js.un
plugins/jquery-validation/localization/messages_et.min.js.un
plugins/jquery-validation/localization/messages_ca.min.js.un
plugins/jquery-validation/localization/messages_lt.min.js.un
plugins/jquery-validation/localization/messages_ur.min.js.un
plugins/jquery-validation/localization/messages_el.min.js.un
plugins/jquery-validation/localization/messages_is.min.js.un
plugins/jquery-validation/localization/messages_ka.min.js.un
plugins/jquery-validation/localization/messages_sr.min.js.un
plugins/jquery-validation/localization/messages_my.min.js.un
plugins/jquery-validation/localization/messages_tj.min.js.un
plugins/jquery-validation/localization/messages_fi.min.js.un
plugins/jquery-validation/localization/messages_vi.min.js.un
plugins/jquery-validation/localization/messages_sd.min.js.un
plugins/jquery-validation/localization/messages_ge.min.js.un
plugins/jquery-validation/localization/messages_ro.min.js.un
plugins/jquery-validation/localization/messages_nl.min.js.un
plugins/jquery-validation/localization/messages_th.min.js.un
plugins/jquery-validation/localization/messages_kk.min.js.un
plugins/jquery-validation/localization/messages_cs.min.js.un
plugins/jquery-validation/localization/messages_eu.min.js.un
plugins/jquery-validation/localization/messages_mk.min.js.un
plugins/jquery-validation/localization/messages_si.min.js.un
plugins/jquery-validation/localization/messages_ru.min.js.un
plugins/jquery-validation/localization/messages_no.min.js.un
plugins/jquery-validation/localization/messages_pl.min.js.un
plugins/jquery-validation/localization/messages_da.min.js.un
plugins/jquery-validation/localization/messages_hr.min.js.un
plugins/jquery-validation/localization/messages_bg.min.js.un
plugins/jquery-validation/localization/messages_es.min.js.un
plugins/jquery-validation/localization/messages_sl.min.js.un
plugins/jquery-validation/localization/messages_uk.min.js.un
plugins/jquery-validation/localization/messages_ar.min.js.un
plugins/jquery-validation/localization/messages_az.min.js.un
plugins/jquery-validation/localization/messages_tr.min.js.un
plugins/jquery-validation/localization/messages_it.min.js.un
plugins/jquery-validation/localization/messages_fr.min.js.un
plugins/datatables-autofill/js/dataTables.autoFill.min.js.un
plugins/datatables-autofill/js/autoFill.bootstrap4.min.js.un
plugins/overlayScrollbars/js/jquery.overlayScrollbars.min.js
plugins/datatables-keytable/js/keyTable.bootstrap4.min.js.un
plugins/datatables-keytable/js/dataTables.keyTable.min.js.un
plugins/datatables-rowgroup/js/rowGroup.bootstrap4.min.js.un
plugins/datatables-rowgroup/js/dataTables.rowGroup.min.js.un
plugins/datatables-scroller/js/dataTables.scroller.min.js.un
plugins/datatables-scroller/js/scroller.bootstrap4.min.js.un
plugins/datatables-buttons/css/buttons.bootstrap4.min.css.un
docs/assets/plugins/fontawesome-free/css/v4-shims.min.css.un
AdminLTE-3.1.0/docs/assets/css/alt/adminlte.pages.min.css.un
AdminLTE-3.1.0/plugins/ekko-lightbox/ekko-lightbox.min.js.un
AdminLTE-3.1.0/plugins/filterizr/vanilla.filterizr.min.js.un
AdminLTE-3.1.0/plugins/summernote/summernote-lite.min.css.un
AdminLTE-3.1.0/plugins/jquery-mapael/jquery.mapael.min.js.un
AdminLTE-3.1.0/plugins/sweetalert2/sweetalert2.all.min.js.un
AdminLTE-3.1.0/plugins/fontawesome-free/css/solid.min.css.un
plugins/jquery-mapael/maps/world_countries_mercator.min.js.un
plugins/datatables-responsive/js/dataTables.responsive.min.js
plugins/datatables-responsive/js/responsive.bootstrap4.min.js
plugins/bootstrap-colorpicker/js/bootstrap-colorpicker.min.js
AdminLTE-3.1.0/plugins/datatables/jquery.dataTables.min.js.un
AdminLTE-3.1.0/plugins/fontawesome-free/css/brands.min.css.un
AdminLTE-3.1.0/plugins/flag-icon-css/css/flag-icon.min.css.un
plugins/select2-bootstrap4-theme/select2-bootstrap4.min.css.un
plugins/jquery-validation/localization/methods_es_CL.min.js.un
plugins/datatables-autofill/css/autoFill.bootstrap4.min.css.un
plugins/datatables-keytable/css/keyTable.bootstrap4.min.css.un
plugins/datatables-rowgroup/css/rowGroup.bootstrap4.min.css.un
plugins/datatables-scroller/css/scroller.bootstrap4.min.css.un
AdminLTE-3.1.0/docs/assets/css/alt/adminlte.plugins.min.css.un
AdminLTE-3.1.0/docs/assets/plugins/popper/esm/popper.min.js.un
AdminLTE-3.1.0/docs/assets/plugins/popper/umd/popper.min.js.un
AdminLTE-3.1.0/plugins/jquery-mapael/maps/usa_states.min.js.un
AdminLTE-3.1.0/plugins/bootstrap/js/bootstrap.bundle.min.js.un
AdminLTE-3.1.0/plugins/fontawesome-free/css/regular.min.css.un
plugins/bootstrap4-duallistbox/bootstrap-duallistbox.min.css.un
plugins/jquery-validation/localization/messages_pt_BR.min.js.un
plugins/jquery-validation/localization/messages_pt_PT.min.js.un
plugins/jquery-validation/localization/messages_bn_BD.min.js.un
plugins/jquery-validation/localization/messages_hy_AM.min.js.un
plugins/jquery-validation/localization/messages_es_PE.min.js.un
plugins/jquery-validation/localization/messages_zh_TW.min.js.un
plugins/jquery-validation/localization/messages_es_AR.min.js.un
plugins/overlayScrollbars/js/jquery.overlayScrollbars.min.js.un
plugins/datatables-responsive/css/responsive.bootstrap4.min.css
plugins/bootstrap-colorpicker/css/bootstrap-colorpicker.min.css
docs/assets/plugins/fontawesome-free/css/svg-with-js.min.css.un
docs/assets/plugins/fontawesome-free/css/fontawesome.min.css.un
AdminLTE-3.1.0/docs/assets/plugins/jquery/jquery.slim.min.js.un
AdminLTE-3.1.0/plugins/jquery-ui/jquery-ui.structure.min.css.un
AdminLTE-3.1.0/plugins/fontawesome-free/css/v4-shims.min.css.un
plugins/jquery-validation/localization/messages_sr_lat.min.js.un
plugins/datatables-colreorder/js/dataTables.colReorder.min.js.un
plugins/datatables-colreorder/js/colReorder.bootstrap4.min.js.un
plugins/datatables-responsive/js/responsive.bootstrap4.min.js.un
plugins/datatables-responsive/js/dataTables.responsive.min.js.un
plugins/bootstrap-colorpicker/js/bootstrap-colorpicker.min.js.un
plugins/datatables-rowreorder/js/rowReorder.bootstrap4.min.js.un
plugins/datatables-rowreorder/js/dataTables.rowReorder.min.js.un
AdminLTE-3.1.0/docs/assets/plugins/popper/popper-utils.min.js.un
AdminLTE-3.1.0/dist/css/alt/adminlte.extra-components.min.css.un
AdminLTE-3.1.0/docs/assets/css/alt/adminlte.components.min.css.un
AdminLTE-3.1.0/plugins/summernote/lang/summernote-nb-NO.min.js.un
AdminLTE-3.1.0/plugins/summernote/lang/summernote-es-EU.min.js.un
AdminLTE-3.1.0/plugins/summernote/lang/summernote-az-AZ.min.js.un
AdminLTE-3.1.0/plugins/summernote/lang/summernote-el-GR.min.js.un
AdminLTE-3.1.0/plugins/summernote/lang/summernote-ca-ES.min.js.un
AdminLTE-3.1.0/plugins/summernote/lang/summernote-de-DE.min.js.un
AdminLTE-3.1.0/plugins/summernote/lang/summernote-it-IT.min.js.un
AdminLTE-3.1.0/plugins/summernote/lang/summernote-da-DK.min.js.un
AdminLTE-3.1.0/plugins/summernote/lang/summernote-sk-SK.min.js.un
AdminLTE-3.1.0/plugins/summernote/lang/summernote-pt-BR.min.js.un
AdminLTE-3.1.0/plugins/summernote/lang/summernote-th-TH.min.js.un
AdminLTE-3.1.0/plugins/summernote/lang/summernote-uz-UZ.min.js.un
AdminLTE-3.1.0/plugins/summernote/lang/summernote-nl-NL.min.js.un
AdminLTE-3.1.0/plugins/summernote/lang/summernote-uk-UA.min.js.un
AdminLTE-3.1.0/plugins/summernote/lang/summernote-tr-TR.min.js.un
AdminLTE-3.1.0/plugins/summernote/lang/summernote-zh-CN.min.js.un
AdminLTE-3.1.0/plugins/summernote/lang/summernote-lt-LT.min.js.un
AdminLTE-3.1.0/plugins/summernote/lang/summernote-ta-IN.min.js.un
AdminLTE-3.1.0/plugins/summernote/lang/summernote-ar-AR.min.js.un
AdminLTE-3.1.0/plugins/summernote/lang/summernote-mn-MN.min.js.un
AdminLTE-3.1.0/plugins/summernote/lang/summernote-gl-ES.min.js.un
AdminLTE-3.1.0/plugins/summernote/lang/summernote-zh-TW.min.js.un
AdminLTE-3.1.0/plugins/summernote/lang/summernote-fa-IR.min.js.un
AdminLTE-3.1.0/plugins/summernote/lang/summernote-hr-HR.min.js.un
AdminLTE-3.1.0/plugins/summernote/lang/summernote-sr-RS.min.js.un
AdminLTE-3.1.0/plugins/summernote/lang/summernote-he-IL.min.js.un
AdminLTE-3.1.0/plugins/summernote/lang/summernote-pt-PT.min.js.un
AdminLTE-3.1.0/plugins/summernote/lang/summernote-bg-BG.min.js.un
AdminLTE-3.1.0/plugins/summernote/lang/summernote-cs-CZ.min.js.un
AdminLTE-3.1.0/plugins/summernote/lang/summernote-sl-SI.min.js.un
AdminLTE-3.1.0/plugins/summernote/lang/summernote-lt-LV.min.js.un
AdminLTE-3.1.0/plugins/summernote/lang/summernote-ro-RO.min.js.un
AdminLTE-3.1.0/plugins/summernote/lang/summernote-ja-JP.min.js.un
AdminLTE-3.1.0/plugins/summernote/lang/summernote-ko-KR.min.js.un
AdminLTE-3.1.0/plugins/summernote/lang/summernote-pl-PL.min.js.un
AdminLTE-3.1.0/plugins/summernote/lang/summernote-vi-VN.min.js.un
AdminLTE-3.1.0/plugins/summernote/lang/summernote-es-ES.min.js.un
AdminLTE-3.1.0/plugins/summernote/lang/summernote-sv-SE.min.js.un
AdminLTE-3.1.0/plugins/summernote/lang/summernote-id-ID.min.js.un
AdminLTE-3.1.0/plugins/summernote/lang/summernote-hu-HU.min.js.un
AdminLTE-3.1.0/plugins/summernote/lang/summernote-fr-FR.min.js.un
AdminLTE-3.1.0/plugins/summernote/lang/summernote-fi-FI.min.js.un
AdminLTE-3.1.0/plugins/summernote/lang/summernote-ru-RU.min.js.un
AdminLTE-3.1.0/plugins/dropzone/min/dropzone-amd-module.min.js.un
plugins/bootstrap4-duallistbox/jquery.bootstrap-duallistbox.min.js
plugins/datatables-fixedheader/js/dataTables.fixedHeader.min.js.un
plugins/datatables-fixedheader/js/fixedHeader.bootstrap4.min.js.un
plugins/datatables-colreorder/css/colReorder.bootstrap4.min.css.un
plugins/datatables-responsive/css/responsive.bootstrap4.min.css.un
plugins/bootstrap-colorpicker/css/bootstrap-colorpicker.min.css.un
plugins/datatables-searchpanes/js/searchPanes.bootstrap4.min.js.un
plugins/datatables-searchpanes/js/dataTables.searchPanes.min.js.un
plugins/datatables-rowreorder/css/rowReorder.bootstrap4.min.css.un
AdminLTE-3.1.0/plugins/jquery-validation/jquery.validate.min.js.un
AdminLTE-3.1.0/plugins/bootstrap-slider/bootstrap-slider.min.js.un
AdminLTE-3.1.0/plugins/fontawesome-free/css/svg-with-js.min.css.un
AdminLTE-3.1.0/plugins/fontawesome-free/css/fontawesome.min.css.un
plugins/bootstrap-switch/css/bootstrap3/bootstrap-switch.min.css.un
plugins/bootstrap-switch/css/bootstrap2/bootstrap-switch.min.css.un
AdminLTE-3.1.0/docs/assets/plugins/bootstrap/js/bootstrap.min.js.un
AdminLTE-3.1.0/plugins/icheck-bootstrap/icheck-bootstrap.min.css.un
AdminLTE-3.1.0/plugins/jquery-mapael/maps/world_countries.min.js.un
AdminLTE-3.1.0/plugins/ion-rangeslider/js/ion.rangeSlider.min.js.un
plugins/datatables-fixedheader/css/fixedHeader.bootstrap4.min.css.un
plugins/datatables-fixedcolumns/js/fixedColumns.bootstrap4.min.js.un
plugins/datatables-fixedcolumns/js/dataTables.fixedColumns.min.js.un
plugins/datatables-searchpanes/css/searchPanes.bootstrap4.min.css.un
docs/assets/plugins/overlayScrollbars/js/OverlayScrollbars.min.js.un
AdminLTE-3.1.0/docs/assets/plugins/popper/esm/popper-utils.min.js.un
AdminLTE-3.1.0/docs/assets/plugins/popper/umd/popper-utils.min.js.un
AdminLTE-3.1.0/plugins/datatables-buttons/js/buttons.print.min.js.un
AdminLTE-3.1.0/plugins/datatables-buttons/js/buttons.flash.min.js.un
AdminLTE-3.1.0/plugins/datatables-buttons/js/buttons.html5.min.js.un
plugins/bootstrap4-duallistbox/jquery.bootstrap-duallistbox.min.js.un
plugins/tempusdominus-bootstrap-4/js/tempusdominus-bootstrap-4.min.js
AdminLTE-3.1.0/plugins/jquery-validation/additional-methods.min.js.un
AdminLTE-3.1.0/plugins/ion-rangeslider/css/ion.rangeSlider.min.css.un
AdminLTE-3.1.0/plugins/datatables-buttons/js/buttons.colVis.min.js.un
AdminLTE-3.1.0/plugins/bootstrap-switch/js/bootstrap-switch.min.js.un
plugins/datatables-searchbuilder/js/dataTables.searchBuilder.min.js.un
plugins/datatables-searchbuilder/js/searchBuilder.bootstrap4.min.js.un
plugins/datatables-fixedcolumns/css/fixedColumns.bootstrap4.min.css.un
docs/assets/plugins/overlayScrollbars/css/OverlayScrollbars.min.css.un
AdminLTE-3.1.0/docs/assets/plugins/fontawesome-free/css/all.min.css.un
AdminLTE-3.1.0/plugins/jquery-mapael/maps/france_departments.min.js.un
plugins/tempusdominus-bootstrap-4/css/tempusdominus-bootstrap-4.min.css
AdminLTE-3.1.0/docs/assets/css/alt/adminlte.extra-components.min.css.un
AdminLTE-3.1.0/plugins/bootstrap-slider/css/bootstrap-slider.min.css.un
AdminLTE-3.1.0/plugins/summernote/lang/summernote-sr-RS-Latin.min.js.un
AdminLTE-3.1.0/plugins/overlayScrollbars/js/OverlayScrollbars.min.js.un
AdminLTE-3.1.0/plugins/datatables-select/js/dataTables.select.min.js.un
AdminLTE-3.1.0/plugins/datatables-select/js/select.bootstrap4.min.js.un
plugins/datatables-searchbuilder/css/searchBuilder.bootstrap4.min.css.un
plugins/tempusdominus-bootstrap-4/js/tempusdominus-bootstrap-4.min.js.un
AdminLTE-3.1.0/docs/assets/plugins/fontawesome-free/css/solid.min.css.un
AdminLTE-3.1.0/plugins/datatables-bs4/js/dataTables.bootstrap4.min.js.un
AdminLTE-3.1.0/docs/assets/plugins/fontawesome-free/css/brands.min.css.un
AdminLTE-3.1.0/plugins/overlayScrollbars/css/OverlayScrollbars.min.css.un
AdminLTE-3.1.0/plugins/datatables-buttons/js/dataTables.buttons.min.js.un
AdminLTE-3.1.0/plugins/datatables-buttons/js/buttons.bootstrap4.min.js.un
AdminLTE-3.1.0/plugins/datatables-select/css/select.bootstrap4.min.css.un
plugins/tempusdominus-bootstrap-4/css/tempusdominus-bootstrap-4.min.css.un
AdminLTE-3.1.0/docs/assets/plugins/bootstrap/js/bootstrap.bundle.min.js.un
AdminLTE-3.1.0/docs/assets/plugins/fontawesome-free/css/regular.min.css.un
AdminLTE-3.1.0/plugins/bs-custom-file-input/bs-custom-file-input.min.js.un
AdminLTE-3.1.0/plugins/jquery-validation/localization/methods_nl.min.js.un
AdminLTE-3.1.0/plugins/jquery-validation/localization/methods_fi.min.js.un
AdminLTE-3.1.0/plugins/jquery-validation/localization/methods_it.min.js.un
AdminLTE-3.1.0/plugins/jquery-validation/localization/methods_de.min.js.un
AdminLTE-3.1.0/plugins/jquery-validation/localization/methods_pt.min.js.un
AdminLTE-3.1.0/plugins/jquery-mapael/maps/world_countries_miller.min.js.un
AdminLTE-3.1.0/plugins/datatables-bs4/css/dataTables.bootstrap4.min.css.un
docs/assets/plugins/overlayScrollbars/js/jquery.overlayScrollbars.min.js.un
AdminLTE-3.1.0/docs/assets/plugins/fontawesome-free/css/v4-shims.min.css.un
AdminLTE-3.1.0/plugins/sweetalert2-theme-bootstrap-4/bootstrap-4.min.css.un
AdminLTE-3.1.0/plugins/jquery-validation/localization/messages_id.min.js.un
AdminLTE-3.1.0/plugins/jquery-validation/localization/messages_gl.min.js.un
AdminLTE-3.1.0/plugins/jquery-validation/localization/messages_ja.min.js.un
AdminLTE-3.1.0/plugins/jquery-validation/localization/messages_ko.min.js.un
AdminLTE-3.1.0/plugins/jquery-validation/localization/messages_de.min.js.un
AdminLTE-3.1.0/plugins/jquery-validation/localization/messages_fa.min.js.un
AdminLTE-3.1.0/plugins/jquery-validation/localization/messages_sv.min.js.un
AdminLTE-3.1.0/plugins/jquery-validation/localization/messages_zh.min.js.un
AdminLTE-3.1.0/plugins/jquery-validation/localization/messages_lv.min.js.un
AdminLTE-3.1.0/plugins/jquery-validation/localization/messages_sk.min.js.un
AdminLTE-3.1.0/plugins/jquery-validation/localization/messages_he.min.js.un
AdminLTE-3.1.0/plugins/jquery-validation/localization/messages_hu.min.js.un
AdminLTE-3.1.0/plugins/jquery-validation/localization/messages_et.min.js.un
AdminLTE-3.1.0/plugins/jquery-validation/localization/messages_ca.min.js.un
AdminLTE-3.1.0/plugins/jquery-validation/localization/messages_lt.min.js.un
AdminLTE-3.1.0/plugins/jquery-validation/localization/messages_ur.min.js.un
AdminLTE-3.1.0/plugins/jquery-validation/localization/messages_el.min.js.un
AdminLTE-3.1.0/plugins/jquery-validation/localization/messages_is.min.js.un
AdminLTE-3.1.0/plugins/jquery-validation/localization/messages_ka.min.js.un
AdminLTE-3.1.0/plugins/jquery-validation/localization/messages_sr.min.js.un
AdminLTE-3.1.0/plugins/jquery-validation/localization/messages_my.min.js.un
AdminLTE-3.1.0/plugins/jquery-validation/localization/messages_tj.min.js.un
AdminLTE-3.1.0/plugins/jquery-validation/localization/messages_fi.min.js.un
AdminLTE-3.1.0/plugins/jquery-validation/localization/messages_vi.min.js.un
AdminLTE-3.1.0/plugins/jquery-validation/localization/messages_sd.min.js.un
AdminLTE-3.1.0/plugins/jquery-validation/localization/messages_ge.min.js.un
AdminLTE-3.1.0/plugins/jquery-validation/localization/messages_ro.min.js.un
AdminLTE-3.1.0/plugins/jquery-validation/localization/messages_nl.min.js.un
AdminLTE-3.1.0/plugins/jquery-validation/localization/messages_th.min.js.un
AdminLTE-3.1.0/plugins/jquery-validation/localization/messages_kk.min.js.un
AdminLTE-3.1.0/plugins/jquery-validation/localization/messages_cs.min.js.un
AdminLTE-3.1.0/plugins/jquery-validation/localization/messages_eu.min.js.un
AdminLTE-3.1.0/plugins/jquery-validation/localization/messages_mk.min.js.un
AdminLTE-3.1.0/plugins/jquery-validation/localization/messages_si.min.js.un
AdminLTE-3.1.0/plugins/jquery-validation/localization/messages_ru.min.js.un
AdminLTE-3.1.0/plugins/jquery-validation/localization/messages_no.min.js.un
AdminLTE-3.1.0/plugins/jquery-validation/localization/messages_pl.min.js.un
AdminLTE-3.1.0/plugins/jquery-validation/localization/messages_da.min.js.un
AdminLTE-3.1.0/plugins/jquery-validation/localization/messages_hr.min.js.un
AdminLTE-3.1.0/plugins/jquery-validation/localization/messages_bg.min.js.un
AdminLTE-3.1.0/plugins/jquery-validation/localization/messages_es.min.js.un
AdminLTE-3.1.0/plugins/jquery-validation/localization/messages_sl.min.js.un
AdminLTE-3.1.0/plugins/jquery-validation/localization/messages_uk.min.js.un
AdminLTE-3.1.0/plugins/jquery-validation/localization/messages_ar.min.js.un
AdminLTE-3.1.0/plugins/jquery-validation/localization/messages_az.min.js.un
AdminLTE-3.1.0/plugins/jquery-validation/localization/messages_tr.min.js.un
AdminLTE-3.1.0/plugins/jquery-validation/localization/messages_it.min.js.un
AdminLTE-3.1.0/plugins/jquery-validation/localization/messages_fr.min.js.un
AdminLTE-3.1.0/plugins/datatables-autofill/js/dataTables.autoFill.min.js.un
AdminLTE-3.1.0/plugins/datatables-autofill/js/autoFill.bootstrap4.min.js.un
AdminLTE-3.1.0/plugins/datatables-keytable/js/keyTable.bootstrap4.min.js.un
AdminLTE-3.1.0/plugins/datatables-keytable/js/dataTables.keyTable.min.js.un
AdminLTE-3.1.0/plugins/datatables-rowgroup/js/rowGroup.bootstrap4.min.js.un
AdminLTE-3.1.0/plugins/datatables-rowgroup/js/dataTables.rowGroup.min.js.un
AdminLTE-3.1.0/plugins/datatables-scroller/js/dataTables.scroller.min.js.un
AdminLTE-3.1.0/plugins/datatables-scroller/js/scroller.bootstrap4.min.js.un
AdminLTE-3.1.0/plugins/datatables-buttons/css/buttons.bootstrap4.min.css.un
AdminLTE-3.1.0/plugins/jquery-mapael/maps/world_countries_mercator.min.js.un
AdminLTE-3.1.0/plugins/select2-bootstrap4-theme/select2-bootstrap4.min.css.un
AdminLTE-3.1.0/plugins/jquery-validation/localization/methods_es_CL.min.js.un
AdminLTE-3.1.0/plugins/datatables-autofill/css/autoFill.bootstrap4.min.css.un
AdminLTE-3.1.0/plugins/datatables-keytable/css/keyTable.bootstrap4.min.css.un
AdminLTE-3.1.0/plugins/datatables-rowgroup/css/rowGroup.bootstrap4.min.css.un
AdminLTE-3.1.0/plugins/datatables-scroller/css/scroller.bootstrap4.min.css.un
AdminLTE-3.1.0/docs/assets/plugins/fontawesome-free/css/svg-with-js.min.css.un
AdminLTE-3.1.0/docs/assets/plugins/fontawesome-free/css/fontawesome.min.css.un
AdminLTE-3.1.0/plugins/bootstrap4-duallistbox/bootstrap-duallistbox.min.css.un
AdminLTE-3.1.0/plugins/jquery-validation/localization/messages_pt_BR.min.js.un
AdminLTE-3.1.0/plugins/jquery-validation/localization/messages_pt_PT.min.js.un
AdminLTE-3.1.0/plugins/jquery-validation/localization/messages_bn_BD.min.js.un
AdminLTE-3.1.0/plugins/jquery-validation/localization/messages_hy_AM.min.js.un
AdminLTE-3.1.0/plugins/jquery-validation/localization/messages_es_PE.min.js.un
AdminLTE-3.1.0/plugins/jquery-validation/localization/messages_zh_TW.min.js.un
AdminLTE-3.1.0/plugins/jquery-validation/localization/messages_es_AR.min.js.un
AdminLTE-3.1.0/plugins/overlayScrollbars/js/jquery.overlayScrollbars.min.js.un
AdminLTE-3.1.0/plugins/jquery-validation/localization/messages_sr_lat.min.js.un
AdminLTE-3.1.0/plugins/datatables-colreorder/js/dataTables.colReorder.min.js.un
AdminLTE-3.1.0/plugins/datatables-colreorder/js/colReorder.bootstrap4.min.js.un
AdminLTE-3.1.0/plugins/datatables-responsive/js/responsive.bootstrap4.min.js.un
AdminLTE-3.1.0/plugins/datatables-responsive/js/dataTables.responsive.min.js.un
AdminLTE-3.1.0/plugins/bootstrap-colorpicker/js/bootstrap-colorpicker.min.js.un
AdminLTE-3.1.0/plugins/datatables-rowreorder/js/rowReorder.bootstrap4.min.js.un
AdminLTE-3.1.0/plugins/datatables-rowreorder/js/dataTables.rowReorder.min.js.un
AdminLTE-3.1.0/plugins/datatables-fixedheader/js/dataTables.fixedHeader.min.js.un
AdminLTE-3.1.0/plugins/datatables-fixedheader/js/fixedHeader.bootstrap4.min.js.un
AdminLTE-3.1.0/plugins/datatables-colreorder/css/colReorder.bootstrap4.min.css.un
AdminLTE-3.1.0/plugins/datatables-responsive/css/responsive.bootstrap4.min.css.un
AdminLTE-3.1.0/plugins/bootstrap-colorpicker/css/bootstrap-colorpicker.min.css.un
AdminLTE-3.1.0/plugins/datatables-searchpanes/js/searchPanes.bootstrap4.min.js.un
AdminLTE-3.1.0/plugins/datatables-searchpanes/js/dataTables.searchPanes.min.js.un
AdminLTE-3.1.0/plugins/datatables-rowreorder/css/rowReorder.bootstrap4.min.css.un
AdminLTE-3.1.0/plugins/bootstrap-switch/css/bootstrap3/bootstrap-switch.min.css.un
AdminLTE-3.1.0/plugins/bootstrap-switch/css/bootstrap2/bootstrap-switch.min.css.un
AdminLTE-3.1.0/docs/assets/plugins/overlayScrollbars/js/OverlayScrollbars.min.js.un
AdminLTE-3.1.0/plugins/datatables-fixedheader/css/fixedHeader.bootstrap4.min.css.un
AdminLTE-3.1.0/plugins/datatables-fixedcolumns/js/fixedColumns.bootstrap4.min.js.un
AdminLTE-3.1.0/plugins/datatables-fixedcolumns/js/dataTables.fixedColumns.min.js.un
AdminLTE-3.1.0/plugins/datatables-searchpanes/css/searchPanes.bootstrap4.min.css.un
AdminLTE-3.1.0/plugins/bootstrap4-duallistbox/jquery.bootstrap-duallistbox.min.js.un
AdminLTE-3.1.0/docs/assets/plugins/overlayScrollbars/css/OverlayScrollbars.min.css.un
AdminLTE-3.1.0/plugins/datatables-searchbuilder/js/dataTables.searchBuilder.min.js.un
AdminLTE-3.1.0/plugins/datatables-searchbuilder/js/searchBuilder.bootstrap4.min.js.un
AdminLTE-3.1.0/plugins/datatables-fixedcolumns/css/fixedColumns.bootstrap4.min.css.un
AdminLTE-3.1.0/plugins/datatables-searchbuilder/css/searchBuilder.bootstrap4.min.css.un
AdminLTE-3.1.0/plugins/tempusdominus-bootstrap-4/js/tempusdominus-bootstrap-4.min.js.un
AdminLTE-3.1.0/plugins/tempusdominus-bootstrap-4/css/tempusdominus-bootstrap-4.min.css.un
AdminLTE-3.1.0/docs/assets/plugins/overlayScrollbars/js/jquery.overlayScrollbars.min.js.un
