js/moment/moment.min.js.un
gentelella/docs/js/jquery.min.js.un
gentelella/docs/css/docs.min.css.un
gentelella/build/js/custom.min.js.un
gentelella/docs/js/bootstrap.min.js.un
gentelella/docs/css/animate.min.css.un
gentelella/build/css/custom.min.css.un
gentelella/docs/css/bootstrap.min.css.un
gentelella/vendors/iCheck/icheck.min.js.un
gentelella/vendors/Flot/excanvas.min.js.un
gentelella/vendors/raphael/raphael.min.js.un
gentelella/vendors/jszip/dist/jszip.min.js.un
gentelella/vendors/morris.js/morris.min.js.un
gentelella/vendors/moment/min/moment.min.js.un
gentelella/vendors/moment/min/locales.min.js.un
gentelella/vendors/jquery/dist/jquery.min.js.un
gentelella/vendors/jqvmap/dist/jqvmap.min.css.un
gentelella/vendors/gauge.js/dist/gauge.min.js.un
gentelella/vendors/Chart.js/dist/Chart.min.js.un
gentelella/production/js/moment/moment.min.js.un
gentelella/vendors/echarts/dist/echarts.min.js.un
gentelella/vendors/cropper/dist/cropper.min.js.un
gentelella/vendors/animate.css/animate.min.css.un
gentelella/docs/fonts/css/font-awesome.min.css.un
gentelella/vendors/pdfmake/build/pdfmake.min.js.un
gentelella/vendors/cropper/dist/cropper.min.css.un
gentelella/vendors/parsleyjs/dist/parsley.min.js.un
gentelella/vendors/autosize/dist/autosize.min.js.un
gentelella/vendors/select2/dist/js/select2.min.js.un
gentelella/vendors/raphael/raphael.no-deps.min.js.un
gentelella/vendors/jqvmap/dist/jquery.vmap.min.js.un
gentelella/vendors/echarts/test/lib/jquery.min.js.un
gentelella/vendors/switchery/dist/switchery.min.js.un
gentelella/vendors/echarts/test/lib/dat.gui.min.js.un
gentelella/vendors/dropzone/dist/min/basic.min.css.un
gentelella/vendors/switchery/dist/switchery.min.css.un
gentelella/vendors/select2/dist/css/select2.min.css.un
gentelella/vendors/gauge.js/assets/bootstrap.min.css.un
gentelella/vendors/dropzone/dist/min/dropzone.min.js.un
gentelella/vendors/Chart.js/dist/Chart.bundle.min.js.un
gentelella/vendors/echarts/dist/extension/bmap.min.js.un
gentelella/vendors/echarts/dist/echarts.simple.min.js.un
gentelella/vendors/echarts/dist/echarts.common.min.js.un
gentelella/vendors/dropzone/dist/min/dropzone.min.css.un
gentelella/vendors/bootstrap/dist/js/bootstrap.min.js.un
gentelella/vendors/select2/dist/js/select2.full.min.js.un
gentelella/vendors/jquery-knob/dist/jquery.knob.min.js.un
gentelella/vendors/DateJS/build/production/date.min.js.un
gentelella/vendors/select2/docs/vendor/js/jquery.min.js.un
gentelella/vendors/select2/docs/vendor/js/anchor.min.js.un
gentelella/vendors/fontawesome/css/font-awesome.min.css.un
gentelella/vendors/bootstrap/dist/css/bootstrap.min.css.un
gentelella/vendors/moment/min/moment-with-locales.min.js.un
gentelella/vendors/fullcalendar/dist/fullcalendar.min.js.un
gentelella/vendors/font-awesome/css/font-awesome.min.css.un
gentelella/vendors/select2/docs/vendor/js/prettify.min.js.un
gentelella/vendors/fullcalendar/dist/fullcalendar.min.css.un
gentelella/vendors/echarts/dist/extension/dataTool.min.js.un
gentelella/vendors/transitionize/dist/transitionize.min.js.un
gentelella/vendors/select2/docs/vendor/js/bootstrap.min.js.un
gentelella/vendors/google-code-prettify/bin/prettify.min.js.un
gentelella/vendors/flot-spline/js/jquery.flot.spline.min.js.un
gentelella/vendors/jquery/external/sizzle/dist/sizzle.min.js.un
gentelella/vendors/ion.rangeSlider/js/ion.rangeSlider.min.js.un
gentelella/vendors/google-code-prettify/bin/prettify.min.css.un
gentelella/vendors/bootstrap/dist/js/bootstrap.bundle.min.js.un
gentelella/vendors/bootstrap/dist/css/bootstrap-grid.min.css.un
gentelella/vendors/DateJS/build/production/date-zh-TW.min.js.un
gentelella/vendors/DateJS/build/production/date-zu-ZA.min.js.un
gentelella/vendors/DateJS/build/production/date-zh-SG.min.js.un
gentelella/vendors/DateJS/build/production/date-xh-ZA.min.js.un
gentelella/vendors/DateJS/build/production/date-zh-HK.min.js.un
gentelella/vendors/DateJS/build/production/date-vi-VN.min.js.un
gentelella/vendors/DateJS/build/production/date-zh-CN.min.js.un
gentelella/vendors/DateJS/build/production/date-zh-MO.min.js.un
gentelella/vendors/DateJS/build/production/date-ur-PK.min.js.un
gentelella/vendors/DateJS/build/production/date-tr-TR.min.js.un
gentelella/vendors/DateJS/build/production/date-uk-UA.min.js.un
gentelella/vendors/DateJS/build/production/date-tt-RU.min.js.un
gentelella/vendors/DateJS/build/production/date-tn-ZA.min.js.un
gentelella/vendors/DateJS/build/production/date-ta-IN.min.js.un
gentelella/vendors/DateJS/build/production/date-te-IN.min.js.un
gentelella/vendors/DateJS/build/production/date-th-TH.min.js.un
gentelella/vendors/DateJS/build/production/date-sv-FI.min.js.un
gentelella/vendors/DateJS/build/production/date-sw-KE.min.js.un
gentelella/vendors/DateJS/build/production/date-sv-SE.min.js.un
gentelella/vendors/DateJS/build/production/date-sq-AL.min.js.un
gentelella/vendors/DateJS/build/production/date-sl-SI.min.js.un
gentelella/vendors/DateJS/build/production/date-se-FI.min.js.un
gentelella/vendors/DateJS/build/production/date-se-SE.min.js.un
gentelella/vendors/DateJS/build/production/date-sk-SK.min.js.un
gentelella/vendors/DateJS/build/production/date-sa-IN.min.js.un
gentelella/vendors/DateJS/build/production/date-se-NO.min.js.un
gentelella/vendors/DateJS/build/production/date-ro-RO.min.js.un
gentelella/vendors/DateJS/build/production/date-ru-RU.min.js.un
gentelella/vendors/DateJS/build/production/date-pa-IN.min.js.un
gentelella/vendors/DateJS/build/production/date-pt-BR.min.js.un
gentelella/vendors/DateJS/build/production/date-pt-PT.min.js.un
gentelella/vendors/DateJS/build/production/date-ns-ZA.min.js.un
gentelella/vendors/DateJS/build/production/date-pl-PL.min.js.un
gentelella/vendors/DateJS/build/production/date-nl-BE.min.js.un
gentelella/vendors/DateJS/build/production/date-nl-NL.min.js.un
gentelella/vendors/DateJS/build/production/date-mt-MT.min.js.un
gentelella/vendors/DateJS/build/production/date-nn-NO.min.js.un
gentelella/vendors/DateJS/build/production/date-nb-NO.min.js.un
gentelella/vendors/DateJS/build/production/date-ms-BN.min.js.un
gentelella/vendors/DateJS/build/production/date-mn-MN.min.js.un
gentelella/vendors/DateJS/build/production/date-ms-MY.min.js.un
gentelella/vendors/DateJS/build/production/date-mk-MK.min.js.un
gentelella/vendors/DateJS/build/production/date-mr-IN.min.js.un
gentelella/vendors/DateJS/build/production/date-lt-LT.min.js.un
gentelella/vendors/DateJS/build/production/date-mi-NZ.min.js.un
gentelella/vendors/DateJS/build/production/date-lv-LV.min.js.un
gentelella/vendors/DateJS/build/production/date-kn-IN.min.js.un
gentelella/vendors/DateJS/build/production/date-ky-KG.min.js.un
gentelella/vendors/DateJS/build/production/date-ko-KR.min.js.un
gentelella/vendors/DateJS/build/production/date-it-IT.min.js.un
gentelella/vendors/DateJS/build/production/date-kk-KZ.min.js.un
gentelella/vendors/DateJS/build/production/date-ka-GE.min.js.un
gentelella/vendors/DateJS/build/production/date-it-CH.min.js.un
gentelella/vendors/DateJS/build/production/date-ja-JP.min.js.un
gentelella/vendors/DateJS/build/production/date-id-ID.min.js.un
gentelella/vendors/DateJS/build/production/date-is-IS.min.js.un
gentelella/vendors/DateJS/build/production/date-hu-HU.min.js.un
gentelella/vendors/DateJS/build/production/date-hy-AM.min.js.un
gentelella/vendors/DateJS/build/production/date-hr-BA.min.js.un
gentelella/vendors/DateJS/build/production/date-hr-HR.min.js.un
gentelella/vendors/DateJS/build/production/date-hi-IN.min.js.un
gentelella/vendors/DateJS/build/production/date-gl-ES.min.js.un
gentelella/vendors/DateJS/build/production/date-he-IL.min.js.un
gentelella/vendors/DateJS/build/production/date-fr-MC.min.js.un
gentelella/vendors/DateJS/build/production/date-gu-IN.min.js.un
gentelella/vendors/DateJS/build/production/date-fr-CH.min.js.un
gentelella/vendors/DateJS/build/production/date-fr-FR.min.js.un
gentelella/vendors/DateJS/build/production/date-fr-LU.min.js.un
gentelella/vendors/DateJS/build/production/date-fr-CA.min.js.un
gentelella/vendors/DateJS/build/production/date-fi-FI.min.js.un
gentelella/vendors/DateJS/build/production/date-fr-BE.min.js.un
gentelella/vendors/DateJS/build/production/date-fo-FO.min.js.un
gentelella/vendors/DateJS/build/production/date-es-VE.min.js.un
gentelella/vendors/DateJS/build/production/date-et-EE.min.js.un
gentelella/vendors/DateJS/build/production/date-es-SV.min.js.un
gentelella/vendors/DateJS/build/production/date-es-UY.min.js.un
gentelella/vendors/DateJS/build/production/date-fa-IR.min.js.un
gentelella/vendors/DateJS/build/production/date-eu-ES.min.js.un
gentelella/vendors/DateJS/build/production/date-es-NI.min.js.un
gentelella/vendors/DateJS/build/production/date-es-PA.min.js.un
gentelella/vendors/DateJS/build/production/date-es-PE.min.js.un
gentelella/vendors/DateJS/build/production/date-es-PY.min.js.un
gentelella/vendors/DateJS/build/production/date-es-MX.min.js.un
gentelella/vendors/DateJS/build/production/date-es-PR.min.js.un
gentelella/vendors/DateJS/build/production/date-es-GT.min.js.un
gentelella/vendors/DateJS/build/production/date-es-DO.min.js.un
gentelella/vendors/DateJS/build/production/date-es-CR.min.js.un
gentelella/vendors/DateJS/build/production/date-es-EC.min.js.un
gentelella/vendors/DateJS/build/production/date-es-HN.min.js.un
gentelella/vendors/DateJS/build/production/date-es-ES.min.js.un
gentelella/vendors/DateJS/build/production/date-es-BO.min.js.un
gentelella/vendors/DateJS/build/production/date-es-CO.min.js.un
gentelella/vendors/DateJS/build/production/date-es-CL.min.js.un
gentelella/vendors/DateJS/build/production/date-es-AR.min.js.un
gentelella/vendors/DateJS/build/production/date-en-ZA.min.js.un
gentelella/vendors/DateJS/build/production/date-en-US.min.js.un
gentelella/vendors/DateJS/build/production/date-en-ZW.min.js.un
gentelella/vendors/DateJS/build/production/date-en-TT.min.js.un
gentelella/vendors/DateJS/build/production/date-en-JM.min.js.un
gentelella/vendors/DateJS/build/production/date-en-NZ.min.js.un
gentelella/vendors/DateJS/build/production/date-en-PH.min.js.un
gentelella/vendors/DateJS/build/production/date-en-IE.min.js.un
gentelella/vendors/DateJS/build/production/date-en-AU.min.js.un
gentelella/vendors/DateJS/build/production/date-en-GB.min.js.un
gentelella/vendors/DateJS/build/production/date-en-CA.min.js.un
gentelella/vendors/DateJS/build/production/date-en-BZ.min.js.un
gentelella/vendors/DateJS/build/production/date-de-LU.min.js.un
gentelella/vendors/DateJS/build/production/date-el-GR.min.js.un
gentelella/vendors/DateJS/build/production/date-dv-MV.min.js.un
gentelella/vendors/DateJS/build/production/date-de-CH.min.js.un
gentelella/vendors/DateJS/build/production/date-da-DK.min.js.un
gentelella/vendors/DateJS/build/production/date-de-AT.min.js.un
gentelella/vendors/DateJS/build/production/date-de-LI.min.js.un
gentelella/vendors/DateJS/build/production/date-de-DE.min.js.un
gentelella/vendors/DateJS/build/production/date-cs-CZ.min.js.un
gentelella/vendors/DateJS/build/production/date-bg-BG.min.js.un
gentelella/vendors/DateJS/build/production/date-cy-GB.min.js.un
gentelella/vendors/DateJS/build/production/date-ca-ES.min.js.un
gentelella/vendors/DateJS/build/production/date-ar-TN.min.js.un
gentelella/vendors/DateJS/build/production/date-be-BY.min.js.un
gentelella/vendors/DateJS/build/production/date-ar-YE.min.js.un
gentelella/vendors/DateJS/build/production/date-ar-LY.min.js.un
gentelella/vendors/DateJS/build/production/date-ar-QA.min.js.un
gentelella/vendors/DateJS/build/production/date-ar-SY.min.js.un
gentelella/vendors/DateJS/build/production/date-ar-SA.min.js.un
gentelella/vendors/DateJS/build/production/date-ar-MA.min.js.un
gentelella/vendors/DateJS/build/production/date-ar-LB.min.js.un
gentelella/vendors/DateJS/build/production/date-ar-OM.min.js.un
gentelella/vendors/DateJS/build/production/date-ar-DZ.min.js.un
gentelella/vendors/DateJS/build/production/date-ar-JO.min.js.un
gentelella/vendors/DateJS/build/production/date-ar-EG.min.js.un
gentelella/vendors/DateJS/build/production/date-ar-KW.min.js.un
gentelella/vendors/DateJS/build/production/date-ar-IQ.min.js.un
gentelella/vendors/DateJS/build/production/date-ar-AE.min.js.un
gentelella/vendors/DateJS/build/production/date-af-ZA.min.js.un
gentelella/vendors/DateJS/build/production/date-ar-BH.min.js.un
gentelella/vendors/jquery-mousewheel/jquery.mousewheel.min.js.un
gentelella/vendors/jQuery-Smart-Wizard/js/jquery-1.4.2.min.js.un
gentelella/vendors/datatables.net/js/jquery.dataTables.min.js.un
gentelella/vendors/DateJS/build/production/date-syr-SY.min.js.un
gentelella/vendors/DateJS/build/production/date-smj-SE.min.js.un
gentelella/vendors/DateJS/build/production/date-sms-FI.min.js.un
gentelella/vendors/DateJS/build/production/date-smn-FI.min.js.un
gentelella/vendors/DateJS/build/production/date-sma-SE.min.js.un
gentelella/vendors/DateJS/build/production/date-sma-NO.min.js.un
gentelella/vendors/DateJS/build/production/date-smj-NO.min.js.un
gentelella/vendors/DateJS/build/production/date-quz-PE.min.js.un
gentelella/vendors/DateJS/build/production/date-quz-EC.min.js.un
gentelella/vendors/DateJS/build/production/date-quz-BO.min.js.un
gentelella/vendors/DateJS/build/production/date-kok-IN.min.js.un
gentelella/vendors/DateJS/build/production/date-en-029.min.js.un
gentelella/vendors/bootstrap/dist/css/bootstrap-reboot.min.css.un
gentelella/vendors/google-code-prettify/bin/run_prettify.min.js.un
gentelella/vendors/dropzone/dist/min/dropzone-amd-module.min.js.un
gentelella/vendors/jquery-sparkline/dist/jquery.sparkline.min.js.un
gentelella/vendors/bootstrap/site/docs/4.3/assets/js/docs.min.js.un
gentelella/vendors/bootstrap-wysiwyg/js/bootstrap-wysiwyg.min.js.un
gentelella/vendors/jquery.tagsinput/dist/jquery.tagsinput.min.css.un
gentelella/vendors/jquery.easy-pie-chart/dist/easypiechart.min.js.un
gentelella/vendors/datatables.net-buttons/js/buttons.print.min.js.un
gentelella/vendors/datatables.net-buttons/js/buttons.html5.min.js.un
gentelella/vendors/datatables.net-buttons/js/buttons.flash.min.js.un
gentelella/vendors/DateJS/build/production/date-uz-Cyrl-UZ.min.js.un
gentelella/vendors/DateJS/build/production/date-uz-Latn-UZ.min.js.un
gentelella/vendors/DateJS/build/production/date-sr-Latn-CS.min.js.un
gentelella/vendors/DateJS/build/production/date-sr-Latn-BA.min.js.un
gentelella/vendors/DateJS/build/production/date-sr-Cyrl-CS.min.js.un
gentelella/vendors/DateJS/build/production/date-sr-Cyrl-BA.min.js.un
gentelella/vendors/DateJS/build/production/date-bs-Latn-BA.min.js.un
gentelella/vendors/DateJS/build/production/date-az-Latn-AZ.min.js.un
gentelella/vendors/DateJS/build/production/date-az-Cyrl-AZ.min.js.un
gentelella/vendors/flot/examples/shared/jquery-ui/jquery-ui.min.js.un
gentelella/vendors/datatables.net-buttons/js/buttons.colVis.min.js.un
gentelella/vendors/bootstrap/site/docs/4.3/assets/css/docs.min.css.un
gentelella/vendors/datatables.net-bs/js/dataTables.bootstrap.min.js.un
gentelella/vendors/Flot/examples/shared/jquery-ui/jquery-ui.min.css.un
gentelella/vendors/select2/docs/vendor/js/placeholders.jquery.min.js.un
gentelella/vendors/datatables.net-bs/css/dataTables.bootstrap.min.css.un
gentelella/vendors/bootstrap-progressbar/bootstrap-progressbar.min.js.un
gentelella/vendors/datatables.net-buttons/js/dataTables.buttons.min.js.un
gentelella/vendors/parsleyjs/bower_components/jquery/dist/jquery.min.js.un
gentelella/vendors/jquery.inputmask/dist/min/inputmask/inputmask.min.js.un
gentelella/vendors/jquery.easy-pie-chart/dist/jquery.easypiechart.min.js.un
gentelella/vendors/flot.orderbars/examples/js/vendor/jquery-1.9.1.min.js.un
gentelella/vendors/datatables.net-scroller/js/dataTables.scroller.min.js.un
gentelella/vendors/datatables.net-keytable/js/dataTables.keyTable.min.js.un
gentelella/vendors/datatables.net-buttons-bs/js/buttons.bootstrap.min.js.un
gentelella/vendors/jquery.easy-pie-chart/dist/angular.easypiechart.min.js.un
gentelella/vendors/devbridge-autocomplete/dist/jquery.autocomplete.min.js.un
gentelella/vendors/bootstrap/site/docs/4.3/assets/js/vendor/anchor.min.js.un
gentelella/vendors/datatables.net-buttons-bs/css/buttons.bootstrap.min.css.un
gentelella/vendors/jquery.inputmask/dist/min/jquery.inputmask.bundle.min.js.un
gentelella/vendors/datatables.net-scroller-bs/css/scroller.bootstrap.min.css.un
gentelella/vendors/datatables.net-responsive/js/dataTables.responsive.min.js.un
gentelella/vendors/bootstrap/site/docs/4.3/assets/js/vendor/clipboard.min.js.un
gentelella/vendors/bootstrap-datetimepicker/docs/theme/js/prettify-1.0.min.js.un
gentelella/vendors/jquery.inputmask/dist/min/inputmask/jquery.inputmask.min.js.un
gentelella/vendors/datatables.net-fixedheader/js/dataTables.fixedHeader.min.js.un
gentelella/vendors/bootstrap/site/docs/4.3/assets/js/vendor/jquery-slim.min.js.un
gentelella/vendors/parsleyjs/bower_components/bootstrap/dist/js/bootstrap.min.js.un
gentelella/vendors/datatables.net-responsive-bs/css/responsive.bootstrap.min.css.un
gentelella/vendors/bootstrap-progressbar/css/bootstrap-progressbar-3.3.4.min.css.un
gentelella/vendors/bootstrap-progressbar/css/bootstrap-progressbar-3.1.0.min.css.un
gentelella/vendors/bootstrap-progressbar/css/bootstrap-progressbar-3.3.1.min.css.un
gentelella/vendors/bootstrap-progressbar/css/bootstrap-progressbar-3.1.1.min.css.un
gentelella/vendors/bootstrap-progressbar/css/bootstrap-progressbar-3.3.0.min.css.un
gentelella/vendors/bootstrap-progressbar/css/bootstrap-progressbar-3.3.2.min.css.un
gentelella/vendors/bootstrap-progressbar/css/bootstrap-progressbar-3.2.0.min.css.un
gentelella/vendors/bootstrap-progressbar/css/bootstrap-progressbar-3.0.1.min.css.un
gentelella/vendors/bootstrap-progressbar/css/bootstrap-progressbar-3.0.3.min.css.un
gentelella/vendors/bootstrap-progressbar/css/bootstrap-progressbar-2.3.2.min.css.un
gentelella/vendors/bootstrap-progressbar/css/bootstrap-progressbar-3.0.0.min.css.un
gentelella/vendors/bootstrap-progressbar/css/bootstrap-progressbar-3.0.2.min.css.un
gentelella/vendors/bootstrap-progressbar/css/bootstrap-progressbar-2.3.0.min.css.un
gentelella/vendors/bootstrap-progressbar/css/bootstrap-progressbar-2.2.1.min.css.un
gentelella/vendors/bootstrap-progressbar/css/bootstrap-progressbar-2.2.2.min.css.un
gentelella/vendors/bootstrap-progressbar/css/bootstrap-progressbar-2.3.1.min.css.un
gentelella/vendors/bootstrap-progressbar/css/bootstrap-progressbar-2.2.0.min.css.un
gentelella/vendors/bootstrap-progressbar/css/bootstrap-progressbar-2.0.4.min.css.un
gentelella/vendors/bootstrap-progressbar/css/bootstrap-progressbar-2.1.1.min.css.un
gentelella/vendors/bootstrap-progressbar/css/bootstrap-progressbar-2.1.0.min.css.un
gentelella/vendors/bootstrap-progressbar/css/bootstrap-progressbar-2.0.3.min.css.un
gentelella/vendors/bootstrap-progressbar/css/bootstrap-progressbar-2.0.1.min.css.un
gentelella/vendors/bootstrap-progressbar/css/bootstrap-progressbar-2.0.2.min.css.un
gentelella/vendors/bootstrap-progressbar/css/bootstrap-progressbar-2.0.0.min.css.un
gentelella/vendors/malihu-custom-scrollbar-plugin/jquery.mCustomScrollbar.min.css.un
gentelella/vendors/parsleyjs/bower_components/jquery/src/sizzle/dist/sizzle.min.js.un
gentelella/vendors/parsleyjs/bower_components/bootstrap/dist/css/bootstrap.min.css.un
gentelella/vendors/jquery.inputmask/dist/min/inputmask/inputmask.extensions.min.js.un
gentelella/vendors/datatables.net-fixedheader-bs/css/fixedHeader.bootstrap.min.css.un
gentelella/vendors/bootstrap-progressbar/css/bootstrap-progressbar-3.0.0-rc2.min.css.un
gentelella/vendors/bootstrap-progressbar/css/bootstrap-progressbar-3.0.0-rc1.min.css.un
gentelella/vendors/bootstrap-datetimepicker/build/js/bootstrap-datetimepicker.min.js.un
gentelella/vendors/mjolnic-bootstrap-colorpicker/dist/js/bootstrap-colorpicker.min.js.un
gentelella/vendors/bootstrap-datetimepicker/build/css/bootstrap-datetimepicker.min.css.un
gentelella/vendors/mjolnic-bootstrap-colorpicker/dist/css/bootstrap-colorpicker.min.css.un
gentelella/vendors/malihu-custom-scrollbar-plugin/jquery.mCustomScrollbar.concat.min.js.un
gentelella/vendors/jquery.inputmask/dist/min/inputmask/inputmask.date.extensions.min.js.un
gentelella/vendors/bootstrap/site/docs/4.3/assets/js/vendor/bs-custom-file-input.min.js.un
gentelella/vendors/parsleyjs/bower_components/bootstrap/dist/css/bootstrap-theme.min.css.un
gentelella/vendors/jquery.inputmask/dist/min/inputmask/inputmask.phone.extensions.min.js.un
gentelella/vendors/jquery.inputmask/dist/min/inputmask/inputmask.regex.extensions.min.js.un
gentelella/vendors/jquery.inputmask/dist/min/inputmask/inputmask.numeric.extensions.min.js.un
gentelella/vendors/jquery.inputmask/dist/min/inputmask/inputmask.dependencyLib.jquery.min.js.un
