form.html
login.html
index.html
inbox.html
icons.html
tables.html
level2.html
index3.html
index2.html
widgets.html
profile.html
morisjs.html
invoice.html
echarts.html
chartjs.html
projects.html
page_500.html
page_404.html
page_403.html
calendar.html
contacts.html
chartjs2.html
typography.html
plain_page.html
glyphicons.html
e_commerce.html
form_upload.html
other_charts.html
form_buttons.html
form_wizards.html
fixed_footer.html
media_gallery.html
form_advanced.html
fixed_sidebar.html
tables_dynamic.html
project_detail.html
pricing_tables.html
form_validation.html
general_elements.html
images/img.jpg
images/user.png
images/visa.png
images/media.jpg
images/inbox.png
images/prod-3.jpg
images/prod-5.jpg
images/prod-4.jpg
images/prod-1.jpg
images/paypal.png
images/prod-2.jpg
images/picture.jpg
images/cropper.jpg
images/favicon.ico
images/mastercard.png
images/american-express.png
gentelella/build/js/custom.min.js
gentelella/build/css/custom.min.css
gentelella/vendors/skycons/skycons.js
gentelella/vendors/Flot/jquery.flot.js
gentelella/vendors/iCheck/icheck.min.js
gentelella/vendors/DateJS/build/date.js
gentelella/vendors/starrr/dist/starrr.js
gentelella/vendors/validator/validator.js
gentelella/vendors/starrr/dist/starrr.css
gentelella/vendors/raphael/raphael.min.js
gentelella/vendors/nprogress/nprogress.js
gentelella/vendors/gauge.js/assets/bg.png
gentelella/vendors/jszip/dist/jszip.min.js
gentelella/vendors/validator/multifield.js
gentelella/vendors/pnotify/dist/pnotify.js
gentelella/vendors/nprogress/nprogress.css
gentelella/vendors/morris.js/morris.min.js
gentelella/vendors/echarts/map/js/world.js
gentelella/vendors/Flot/jquery.flot.pie.js
gentelella/vendors/pnotify/dist/pnotify.css
gentelella/vendors/moment/min/moment.min.js
gentelella/vendors/Flot/jquery.flot.time.js
gentelella/vendors/jquery/dist/jquery.min.js
gentelella/vendors/iCheck/skins/line/red.css
gentelella/vendors/iCheck/skins/flat/red.css
gentelella/vendors/iCheck/skins/flat/red.png
gentelella/vendors/Flot/jquery.flot.stack.js
gentelella/vendors/pdfmake/build/vfs_fonts.js
gentelella/vendors/jqvmap/dist/jqvmap.min.css
gentelella/vendors/jqvmap/dist/jquery.vmap.js
gentelella/vendors/iCheck/skins/line/pink.css
gentelella/vendors/iCheck/skins/line/line.png
gentelella/vendors/iCheck/skins/line/grey.css
gentelella/vendors/iCheck/skins/line/aero.css
gentelella/vendors/iCheck/skins/line/line.css
gentelella/vendors/iCheck/skins/line/blue.css
gentelella/vendors/iCheck/skins/line/_all.css
gentelella/vendors/iCheck/skins/flat/flat.png
gentelella/vendors/iCheck/skins/flat/grey.png
gentelella/vendors/iCheck/skins/flat/grey.css
gentelella/vendors/iCheck/skins/flat/pink.png
gentelella/vendors/iCheck/skins/flat/pink.css
gentelella/vendors/iCheck/skins/flat/flat.css
gentelella/vendors/iCheck/skins/flat/aero.css
gentelella/vendors/iCheck/skins/flat/aero.png
gentelella/vendors/iCheck/skins/flat/blue.png
gentelella/vendors/iCheck/skins/flat/blue.css
gentelella/vendors/iCheck/skins/flat/_all.css
gentelella/vendors/gauge.js/dist/gauge.min.js
gentelella/vendors/gauge.js/assets/ribbon.png
gentelella/vendors/gauge.js/assets/strike.png
gentelella/vendors/gauge.js/assets/github.gif
gentelella/vendors/fastclick/lib/fastclick.js
gentelella/vendors/Flot/jquery.flot.resize.js
gentelella/vendors/Chart.js/dist/Chart.min.js
gentelella/vendors/normalize-css/normalize.css
gentelella/vendors/iCheck/skins/square/red.css
gentelella/vendors/iCheck/skins/line/green.css
gentelella/vendors/iCheck/skins/flat/green.css
gentelella/vendors/iCheck/skins/flat/green.png
gentelella/vendors/echarts/dist/echarts.min.js
gentelella/vendors/cropper/dist/cropper.min.js
gentelella/vendors/animate.css/animate.min.css
gentelella/vendors/pdfmake/build/pdfmake.min.js
gentelella/vendors/iCheck/skins/square/grey.css
gentelella/vendors/iCheck/skins/square/pink.css
gentelella/vendors/iCheck/skins/square/aero.css
gentelella/vendors/iCheck/skins/square/blue.css
gentelella/vendors/iCheck/skins/square/_all.css
gentelella/vendors/iCheck/skins/minimal/red.css
gentelella/vendors/iCheck/skins/line/yellow.css
gentelella/vendors/iCheck/skins/line/orange.css
gentelella/vendors/iCheck/skins/line/purple.css
gentelella/vendors/iCheck/skins/flat/yellow.css
gentelella/vendors/iCheck/skins/flat/yellow.png
gentelella/vendors/iCheck/skins/flat/purple.png
gentelella/vendors/iCheck/skins/flat/orange.png
gentelella/vendors/iCheck/skins/flat/orange.css
gentelella/vendors/iCheck/skins/flat/purple.css
gentelella/vendors/cropper/dist/cropper.min.css
gentelella/vendors/Flot/examples/background.png
gentelella/vendors/parsleyjs/dist/parsley.min.js
gentelella/vendors/iCheck/skins/square/green.css
gentelella/vendors/iCheck/skins/minimal/pink.css
gentelella/vendors/iCheck/skins/minimal/grey.css
gentelella/vendors/iCheck/skins/minimal/aero.css
gentelella/vendors/iCheck/skins/minimal/blue.css
gentelella/vendors/iCheck/skins/minimal/_all.css
gentelella/vendors/autosize/dist/autosize.min.js
gentelella/vendors/iCheck/skins/square/yellow.css
gentelella/vendors/iCheck/skins/square/square.png
gentelella/vendors/iCheck/skins/square/square.css
gentelella/vendors/iCheck/skins/square/orange.css
gentelella/vendors/iCheck/skins/square/purple.css
gentelella/vendors/iCheck/skins/minimal/green.css
gentelella/vendors/switchery/dist/switchery.min.js
gentelella/vendors/pnotify/dist/pnotify.buttons.js
gentelella/vendors/iCheck/skins/minimal/yellow.css
gentelella/vendors/iCheck/skins/minimal/orange.css
gentelella/vendors/iCheck/skins/minimal/purple.css
gentelella/vendors/flot.curvedlines/curvedLines.js
gentelella/vendors/switchery/dist/switchery.min.css
gentelella/vendors/select2/dist/css/select2.min.css
gentelella/vendors/pnotify/dist/pnotify.nonblock.js
gentelella/vendors/pnotify/dist/pnotify.buttons.css
gentelella/vendors/jquery.hotkeys/jquery.hotkeys.js
gentelella/vendors/iCheck/skins/polaris/polaris.css
gentelella/vendors/iCheck/skins/polaris/polaris.png
gentelella/vendors/iCheck/skins/minimal/minimal.css
gentelella/vendors/iCheck/skins/minimal/minimal.png
gentelella/docs/fonts/fonts/fontawesome-webfont.ttf
gentelella/docs/fonts/fonts/fontawesome-webfont.svg
gentelella/docs/fonts/fonts/fontawesome-webfont.eot
gentelella/vendors/pnotify/dist/pnotify.nonblock.css
gentelella/vendors/dropzone/dist/min/dropzone.min.js
gentelella/docs/fonts/fonts/fontawesome-webfont.woff
gentelella/vendors/iCheck/skins/futurico/futurico.css
gentelella/vendors/iCheck/skins/futurico/futurico.png
gentelella/vendors/dropzone/dist/min/dropzone.min.css
gentelella/vendors/select2/dist/js/select2.full.min.js
gentelella/vendors/jqvmap/dist/maps/jquery.vmap.usa.js
gentelella/vendors/jquery-knob/dist/jquery.knob.min.js
gentelella/docs/fonts/glyphicons-halflings-regular.ttf
gentelella/docs/fonts/glyphicons-halflings-regular.svg
gentelella/docs/fonts/glyphicons-halflings-regular.eot
gentelella/vendors/google-code-prettify/src/prettify.js
gentelella/vendors/bootstrap/dist/css/bootstrap.min.css
gentelella/docs/fonts/glyphicons-halflings-regular.woff
gentelella/vendors/jqvmap/dist/maps/jquery.vmap.world.js
gentelella/vendors/jQuery-Smart-Wizard/images/loader.gif
gentelella/vendors/fullcalendar/dist/fullcalendar.min.js
gentelella/vendors/font-awesome/css/font-awesome.min.css
gentelella/docs/fonts/glyphicons-halflings-regular.woff2
gentelella/vendors/fullcalendar/dist/fullcalendar.min.css
gentelella/vendors/ion.rangeSlider/css/ion.rangeSlider.css
gentelella/vendors/jquery.tagsinput/src/jquery.tagsinput.js
gentelella/vendors/ion.rangeSlider/img/sprite-skin-flat.png
gentelella/vendors/ion.rangeSlider/img/sprite-skin-nice.png
gentelella/vendors/fullcalendar/dist/fullcalendar.print.css
gentelella/vendors/flot-spline/js/jquery.flot.spline.min.js
gentelella/vendors/ion.rangeSlider/js/ion.rangeSlider.min.js
gentelella/vendors/google-code-prettify/bin/prettify.min.css
gentelella/vendors/bootstrap/dist/js/bootstrap.bundle.min.js
gentelella/vendors/ion.rangeSlider/img/sprite-skin-modern.png
gentelella/vendors/ion.rangeSlider/img/sprite-skin-simple.png
gentelella/vendors/flot.orderbars/js/jquery.flot.orderBars.js
gentelella/vendors/datatables.net/js/jquery.dataTables.min.js
gentelella/vendors/fontawesome/fonts/fontawesome-webfont.woff2
gentelella/vendors/jqvmap/examples/js/jquery.vmap.sampledata.js
gentelella/vendors/jQuery-Smart-Wizard/js/jquery.smartWizard.js
gentelella/vendors/bootstrap-daterangepicker/daterangepicker.js
gentelella/vendors/jquery-sparkline/dist/jquery.sparkline.min.js
gentelella/vendors/bootstrap-wysiwyg/js/bootstrap-wysiwyg.min.js
gentelella/vendors/bootstrap-daterangepicker/daterangepicker.css
gentelella/vendors/datatables.net-buttons/js/buttons.print.min.js
gentelella/vendors/datatables.net-buttons/js/buttons.html5.min.js
gentelella/vendors/datatables.net-buttons/js/buttons.flash.min.js
gentelella/vendors/malihu-custom-scrollbar-plugin/mCSB_buttons.png
gentelella/vendors/ion.rangeSlider/css/ion.rangeSlider.skinFlat.css
gentelella/vendors/datatables.net-bs/js/dataTables.bootstrap.min.js
gentelella/vendors/datatables.net-bs/css/dataTables.bootstrap.min.css
gentelella/vendors/bootstrap-progressbar/bootstrap-progressbar.min.js
gentelella/vendors/datatables.net-buttons/js/dataTables.buttons.min.js
gentelella/vendors/jquery.easy-pie-chart/dist/jquery.easypiechart.min.js
gentelella/vendors/datatables.net-scroller/js/dataTables.scroller.min.js
gentelella/vendors/datatables.net-keytable/js/dataTables.keyTable.min.js
gentelella/vendors/datatables.net-buttons-bs/js/buttons.bootstrap.min.js
gentelella/vendors/devbridge-autocomplete/dist/jquery.autocomplete.min.js
gentelella/vendors/datatables.net-responsive-bs/js/responsive.bootstrap.js
gentelella/vendors/datatables.net-buttons-bs/css/buttons.bootstrap.min.css
gentelella/vendors/jquery.inputmask/dist/min/jquery.inputmask.bundle.min.js
gentelella/vendors/datatables.net-scroller-bs/css/scroller.bootstrap.min.css
gentelella/vendors/datatables.net-responsive/js/dataTables.responsive.min.js
gentelella/vendors/datatables.net-fixedheader/js/dataTables.fixedHeader.min.js
gentelella/vendors/datatables.net-responsive-bs/css/responsive.bootstrap.min.css
gentelella/vendors/bootstrap-progressbar/css/bootstrap-progressbar-3.3.4.min.css
gentelella/vendors/malihu-custom-scrollbar-plugin/jquery.mCustomScrollbar.min.css
gentelella/vendors/datatables.net-fixedheader-bs/css/fixedHeader.bootstrap.min.css
gentelella/vendors/bootstrap-datetimepicker/build/css/bootstrap-datetimepicker.css
gentelella/vendors/bootstrap-datetimepicker/build/js/bootstrap-datetimepicker.min.js
gentelella/vendors/mjolnic-bootstrap-colorpicker/dist/js/bootstrap-colorpicker.min.js
gentelella/vendors/mjolnic-bootstrap-colorpicker/dist/css/bootstrap-colorpicker.min.css
gentelella/vendors/mjolnic-bootstrap-colorpicker/dist/img/bootstrap-colorpicker/hue.png
gentelella/vendors/malihu-custom-scrollbar-plugin/jquery.mCustomScrollbar.concat.min.js
gentelella/vendors/mjolnic-bootstrap-colorpicker/dist/img/bootstrap-colorpicker/alpha.png
gentelella/vendors/mjolnic-bootstrap-colorpicker/dist/img/bootstrap-colorpicker/saturation.png
gentelella/vendors/mjolnic-bootstrap-colorpicker/dist/img/bootstrap-colorpicker/hue-horizontal.png
gentelella/vendors/mjolnic-bootstrap-colorpicker/dist/img/bootstrap-colorpicker/alpha-horizontal.png
js/moment/moment.min.js.un
gentelella/docs/js/jquery.min.js.un
gentelella/docs/css/docs.min.css.un
gentelella/build/js/custom.min.js.un
gentelella/docs/js/bootstrap.min.js.un
gentelella/docs/css/animate.min.css.un
gentelella/build/css/custom.min.css.un
gentelella/docs/css/bootstrap.min.css.un
gentelella/vendors/iCheck/icheck.min.js.un
gentelella/vendors/Flot/excanvas.min.js.un
gentelella/vendors/raphael/raphael.min.js.un
gentelella/vendors/jszip/dist/jszip.min.js.un
gentelella/vendors/morris.js/morris.min.js.un
gentelella/vendors/moment/min/moment.min.js.un
gentelella/vendors/moment/min/locales.min.js.un
gentelella/vendors/jquery/dist/jquery.min.js.un
gentelella/vendors/jqvmap/dist/jqvmap.min.css.un
gentelella/vendors/gauge.js/dist/gauge.min.js.un
gentelella/vendors/Chart.js/dist/Chart.min.js.un
gentelella/production/js/moment/moment.min.js.un
gentelella/vendors/echarts/dist/echarts.min.js.un
gentelella/vendors/cropper/dist/cropper.min.js.un
gentelella/vendors/animate.css/animate.min.css.un
gentelella/docs/fonts/css/font-awesome.min.css.un
gentelella/vendors/pdfmake/build/pdfmake.min.js.un
gentelella/vendors/cropper/dist/cropper.min.css.un
gentelella/vendors/parsleyjs/dist/parsley.min.js.un
gentelella/vendors/autosize/dist/autosize.min.js.un
gentelella/vendors/select2/dist/js/select2.min.js.un
gentelella/vendors/raphael/raphael.no-deps.min.js.un
gentelella/vendors/jqvmap/dist/jquery.vmap.min.js.un
gentelella/vendors/echarts/test/lib/jquery.min.js.un
gentelella/vendors/switchery/dist/switchery.min.js.un
gentelella/vendors/echarts/test/lib/dat.gui.min.js.un
gentelella/vendors/dropzone/dist/min/basic.min.css.un
gentelella/vendors/switchery/dist/switchery.min.css.un
gentelella/vendors/select2/dist/css/select2.min.css.un
gentelella/vendors/gauge.js/assets/bootstrap.min.css.un
gentelella/vendors/dropzone/dist/min/dropzone.min.js.un
gentelella/vendors/Chart.js/dist/Chart.bundle.min.js.un
gentelella/vendors/echarts/dist/extension/bmap.min.js.un
gentelella/vendors/echarts/dist/echarts.simple.min.js.un
gentelella/vendors/echarts/dist/echarts.common.min.js.un
gentelella/vendors/dropzone/dist/min/dropzone.min.css.un
gentelella/vendors/bootstrap/dist/js/bootstrap.min.js.un
gentelella/vendors/select2/dist/js/select2.full.min.js.un
gentelella/vendors/jquery-knob/dist/jquery.knob.min.js.un
gentelella/vendors/DateJS/build/production/date.min.js.un
gentelella/vendors/select2/docs/vendor/js/jquery.min.js.un
gentelella/vendors/select2/docs/vendor/js/anchor.min.js.un
gentelella/vendors/fontawesome/css/font-awesome.min.css.un
gentelella/vendors/bootstrap/dist/css/bootstrap.min.css.un
gentelella/vendors/moment/min/moment-with-locales.min.js.un
gentelella/vendors/fullcalendar/dist/fullcalendar.min.js.un
gentelella/vendors/font-awesome/css/font-awesome.min.css.un
gentelella/vendors/select2/docs/vendor/js/prettify.min.js.un
gentelella/vendors/fullcalendar/dist/fullcalendar.min.css.un
gentelella/vendors/echarts/dist/extension/dataTool.min.js.un
gentelella/vendors/transitionize/dist/transitionize.min.js.un
gentelella/vendors/select2/docs/vendor/js/bootstrap.min.js.un
gentelella/vendors/google-code-prettify/bin/prettify.min.js.un
gentelella/vendors/flot-spline/js/jquery.flot.spline.min.js.un
gentelella/vendors/jquery/external/sizzle/dist/sizzle.min.js.un
gentelella/vendors/ion.rangeSlider/js/ion.rangeSlider.min.js.un
gentelella/vendors/google-code-prettify/bin/prettify.min.css.un
gentelella/vendors/bootstrap/dist/js/bootstrap.bundle.min.js.un
gentelella/vendors/bootstrap/dist/css/bootstrap-grid.min.css.un
gentelella/vendors/DateJS/build/production/date-zh-TW.min.js.un
gentelella/vendors/DateJS/build/production/date-zu-ZA.min.js.un
gentelella/vendors/DateJS/build/production/date-zh-SG.min.js.un
gentelella/vendors/DateJS/build/production/date-xh-ZA.min.js.un
gentelella/vendors/DateJS/build/production/date-zh-HK.min.js.un
gentelella/vendors/DateJS/build/production/date-vi-VN.min.js.un
gentelella/vendors/DateJS/build/production/date-zh-CN.min.js.un
gentelella/vendors/DateJS/build/production/date-zh-MO.min.js.un
gentelella/vendors/DateJS/build/production/date-ur-PK.min.js.un
gentelella/vendors/DateJS/build/production/date-tr-TR.min.js.un
gentelella/vendors/DateJS/build/production/date-uk-UA.min.js.un
gentelella/vendors/DateJS/build/production/date-tt-RU.min.js.un
gentelella/vendors/DateJS/build/production/date-tn-ZA.min.js.un
gentelella/vendors/DateJS/build/production/date-ta-IN.min.js.un
gentelella/vendors/DateJS/build/production/date-te-IN.min.js.un
gentelella/vendors/DateJS/build/production/date-th-TH.min.js.un
gentelella/vendors/DateJS/build/production/date-sv-FI.min.js.un
gentelella/vendors/DateJS/build/production/date-sw-KE.min.js.un
gentelella/vendors/DateJS/build/production/date-sv-SE.min.js.un
gentelella/vendors/DateJS/build/production/date-sq-AL.min.js.un
gentelella/vendors/DateJS/build/production/date-sl-SI.min.js.un
gentelella/vendors/DateJS/build/production/date-se-FI.min.js.un
gentelella/vendors/DateJS/build/production/date-se-SE.min.js.un
gentelella/vendors/DateJS/build/production/date-sk-SK.min.js.un
gentelella/vendors/DateJS/build/production/date-sa-IN.min.js.un
gentelella/vendors/DateJS/build/production/date-se-NO.min.js.un
gentelella/vendors/DateJS/build/production/date-ro-RO.min.js.un
gentelella/vendors/DateJS/build/production/date-ru-RU.min.js.un
gentelella/vendors/DateJS/build/production/date-pa-IN.min.js.un
gentelella/vendors/DateJS/build/production/date-pt-BR.min.js.un
gentelella/vendors/DateJS/build/production/date-pt-PT.min.js.un
gentelella/vendors/DateJS/build/production/date-ns-ZA.min.js.un
gentelella/vendors/DateJS/build/production/date-pl-PL.min.js.un
gentelella/vendors/DateJS/build/production/date-nl-BE.min.js.un
gentelella/vendors/DateJS/build/production/date-nl-NL.min.js.un
gentelella/vendors/DateJS/build/production/date-mt-MT.min.js.un
gentelella/vendors/DateJS/build/production/date-nn-NO.min.js.un
gentelella/vendors/DateJS/build/production/date-nb-NO.min.js.un
gentelella/vendors/DateJS/build/production/date-ms-BN.min.js.un
gentelella/vendors/DateJS/build/production/date-mn-MN.min.js.un
gentelella/vendors/DateJS/build/production/date-ms-MY.min.js.un
gentelella/vendors/DateJS/build/production/date-mk-MK.min.js.un
gentelella/vendors/DateJS/build/production/date-mr-IN.min.js.un
gentelella/vendors/DateJS/build/production/date-lt-LT.min.js.un
gentelella/vendors/DateJS/build/production/date-mi-NZ.min.js.un
gentelella/vendors/DateJS/build/production/date-lv-LV.min.js.un
gentelella/vendors/DateJS/build/production/date-kn-IN.min.js.un
gentelella/vendors/DateJS/build/production/date-ky-KG.min.js.un
gentelella/vendors/DateJS/build/production/date-ko-KR.min.js.un
gentelella/vendors/DateJS/build/production/date-it-IT.min.js.un
gentelella/vendors/DateJS/build/production/date-kk-KZ.min.js.un
gentelella/vendors/DateJS/build/production/date-ka-GE.min.js.un
gentelella/vendors/DateJS/build/production/date-it-CH.min.js.un
gentelella/vendors/DateJS/build/production/date-ja-JP.min.js.un
gentelella/vendors/DateJS/build/production/date-id-ID.min.js.un
gentelella/vendors/DateJS/build/production/date-is-IS.min.js.un
gentelella/vendors/DateJS/build/production/date-hu-HU.min.js.un
gentelella/vendors/DateJS/build/production/date-hy-AM.min.js.un
gentelella/vendors/DateJS/build/production/date-hr-BA.min.js.un
gentelella/vendors/DateJS/build/production/date-hr-HR.min.js.un
gentelella/vendors/DateJS/build/production/date-hi-IN.min.js.un
gentelella/vendors/DateJS/build/production/date-gl-ES.min.js.un
gentelella/vendors/DateJS/build/production/date-he-IL.min.js.un
gentelella/vendors/DateJS/build/production/date-fr-MC.min.js.un
gentelella/vendors/DateJS/build/production/date-gu-IN.min.js.un
gentelella/vendors/DateJS/build/production/date-fr-CH.min.js.un
gentelella/vendors/DateJS/build/production/date-fr-FR.min.js.un
gentelella/vendors/DateJS/build/production/date-fr-LU.min.js.un
gentelella/vendors/DateJS/build/production/date-fr-CA.min.js.un
gentelella/vendors/DateJS/build/production/date-fi-FI.min.js.un
gentelella/vendors/DateJS/build/production/date-fr-BE.min.js.un
gentelella/vendors/DateJS/build/production/date-fo-FO.min.js.un
gentelella/vendors/DateJS/build/production/date-es-VE.min.js.un
gentelella/vendors/DateJS/build/production/date-et-EE.min.js.un
gentelella/vendors/DateJS/build/production/date-es-SV.min.js.un
gentelella/vendors/DateJS/build/production/date-es-UY.min.js.un
gentelella/vendors/DateJS/build/production/date-fa-IR.min.js.un
gentelella/vendors/DateJS/build/production/date-eu-ES.min.js.un
gentelella/vendors/DateJS/build/production/date-es-NI.min.js.un
gentelella/vendors/DateJS/build/production/date-es-PA.min.js.un
gentelella/vendors/DateJS/build/production/date-es-PE.min.js.un
gentelella/vendors/DateJS/build/production/date-es-PY.min.js.un
gentelella/vendors/DateJS/build/production/date-es-MX.min.js.un
gentelella/vendors/DateJS/build/production/date-es-PR.min.js.un
gentelella/vendors/DateJS/build/production/date-es-GT.min.js.un
gentelella/vendors/DateJS/build/production/date-es-DO.min.js.un
gentelella/vendors/DateJS/build/production/date-es-CR.min.js.un
gentelella/vendors/DateJS/build/production/date-es-EC.min.js.un
gentelella/vendors/DateJS/build/production/date-es-HN.min.js.un
gentelella/vendors/DateJS/build/production/date-es-ES.min.js.un
gentelella/vendors/DateJS/build/production/date-es-BO.min.js.un
gentelella/vendors/DateJS/build/production/date-es-CO.min.js.un
gentelella/vendors/DateJS/build/production/date-es-CL.min.js.un
gentelella/vendors/DateJS/build/production/date-es-AR.min.js.un
gentelella/vendors/DateJS/build/production/date-en-ZA.min.js.un
gentelella/vendors/DateJS/build/production/date-en-US.min.js.un
gentelella/vendors/DateJS/build/production/date-en-ZW.min.js.un
gentelella/vendors/DateJS/build/production/date-en-TT.min.js.un
gentelella/vendors/DateJS/build/production/date-en-JM.min.js.un
gentelella/vendors/DateJS/build/production/date-en-NZ.min.js.un
gentelella/vendors/DateJS/build/production/date-en-PH.min.js.un
gentelella/vendors/DateJS/build/production/date-en-IE.min.js.un
gentelella/vendors/DateJS/build/production/date-en-AU.min.js.un
gentelella/vendors/DateJS/build/production/date-en-GB.min.js.un
gentelella/vendors/DateJS/build/production/date-en-CA.min.js.un
gentelella/vendors/DateJS/build/production/date-en-BZ.min.js.un
gentelella/vendors/DateJS/build/production/date-de-LU.min.js.un
gentelella/vendors/DateJS/build/production/date-el-GR.min.js.un
gentelella/vendors/DateJS/build/production/date-dv-MV.min.js.un
gentelella/vendors/DateJS/build/production/date-de-CH.min.js.un
gentelella/vendors/DateJS/build/production/date-da-DK.min.js.un
gentelella/vendors/DateJS/build/production/date-de-AT.min.js.un
gentelella/vendors/DateJS/build/production/date-de-LI.min.js.un
gentelella/vendors/DateJS/build/production/date-de-DE.min.js.un
gentelella/vendors/DateJS/build/production/date-cs-CZ.min.js.un
gentelella/vendors/DateJS/build/production/date-bg-BG.min.js.un
gentelella/vendors/DateJS/build/production/date-cy-GB.min.js.un
gentelella/vendors/DateJS/build/production/date-ca-ES.min.js.un
gentelella/vendors/DateJS/build/production/date-ar-TN.min.js.un
gentelella/vendors/DateJS/build/production/date-be-BY.min.js.un
gentelella/vendors/DateJS/build/production/date-ar-YE.min.js.un
gentelella/vendors/DateJS/build/production/date-ar-LY.min.js.un
gentelella/vendors/DateJS/build/production/date-ar-QA.min.js.un
gentelella/vendors/DateJS/build/production/date-ar-SY.min.js.un
gentelella/vendors/DateJS/build/production/date-ar-SA.min.js.un
gentelella/vendors/DateJS/build/production/date-ar-MA.min.js.un
gentelella/vendors/DateJS/build/production/date-ar-LB.min.js.un
gentelella/vendors/DateJS/build/production/date-ar-OM.min.js.un
gentelella/vendors/DateJS/build/production/date-ar-DZ.min.js.un
gentelella/vendors/DateJS/build/production/date-ar-JO.min.js.un
gentelella/vendors/DateJS/build/production/date-ar-EG.min.js.un
gentelella/vendors/DateJS/build/production/date-ar-KW.min.js.un
gentelella/vendors/DateJS/build/production/date-ar-IQ.min.js.un
gentelella/vendors/DateJS/build/production/date-ar-AE.min.js.un
gentelella/vendors/DateJS/build/production/date-af-ZA.min.js.un
gentelella/vendors/DateJS/build/production/date-ar-BH.min.js.un
gentelella/vendors/jquery-mousewheel/jquery.mousewheel.min.js.un
gentelella/vendors/jQuery-Smart-Wizard/js/jquery-1.4.2.min.js.un
gentelella/vendors/datatables.net/js/jquery.dataTables.min.js.un
gentelella/vendors/DateJS/build/production/date-syr-SY.min.js.un
gentelella/vendors/DateJS/build/production/date-smj-SE.min.js.un
gentelella/vendors/DateJS/build/production/date-sms-FI.min.js.un
gentelella/vendors/DateJS/build/production/date-smn-FI.min.js.un
gentelella/vendors/DateJS/build/production/date-sma-SE.min.js.un
gentelella/vendors/DateJS/build/production/date-sma-NO.min.js.un
gentelella/vendors/DateJS/build/production/date-smj-NO.min.js.un
gentelella/vendors/DateJS/build/production/date-quz-PE.min.js.un
gentelella/vendors/DateJS/build/production/date-quz-EC.min.js.un
gentelella/vendors/DateJS/build/production/date-quz-BO.min.js.un
gentelella/vendors/DateJS/build/production/date-kok-IN.min.js.un
gentelella/vendors/DateJS/build/production/date-en-029.min.js.un
gentelella/vendors/bootstrap/dist/css/bootstrap-reboot.min.css.un
gentelella/vendors/google-code-prettify/bin/run_prettify.min.js.un
gentelella/vendors/dropzone/dist/min/dropzone-amd-module.min.js.un
gentelella/vendors/jquery-sparkline/dist/jquery.sparkline.min.js.un
gentelella/vendors/bootstrap/site/docs/4.3/assets/js/docs.min.js.un
gentelella/vendors/bootstrap-wysiwyg/js/bootstrap-wysiwyg.min.js.un
gentelella/vendors/jquery.tagsinput/dist/jquery.tagsinput.min.css.un
gentelella/vendors/jquery.easy-pie-chart/dist/easypiechart.min.js.un
gentelella/vendors/datatables.net-buttons/js/buttons.print.min.js.un
gentelella/vendors/datatables.net-buttons/js/buttons.html5.min.js.un
gentelella/vendors/datatables.net-buttons/js/buttons.flash.min.js.un
gentelella/vendors/DateJS/build/production/date-uz-Cyrl-UZ.min.js.un
gentelella/vendors/DateJS/build/production/date-uz-Latn-UZ.min.js.un
gentelella/vendors/DateJS/build/production/date-sr-Latn-CS.min.js.un
gentelella/vendors/DateJS/build/production/date-sr-Latn-BA.min.js.un
gentelella/vendors/DateJS/build/production/date-sr-Cyrl-CS.min.js.un
gentelella/vendors/DateJS/build/production/date-sr-Cyrl-BA.min.js.un
gentelella/vendors/DateJS/build/production/date-bs-Latn-BA.min.js.un
gentelella/vendors/DateJS/build/production/date-az-Latn-AZ.min.js.un
gentelella/vendors/DateJS/build/production/date-az-Cyrl-AZ.min.js.un
gentelella/vendors/flot/examples/shared/jquery-ui/jquery-ui.min.js.un
gentelella/vendors/datatables.net-buttons/js/buttons.colVis.min.js.un
gentelella/vendors/bootstrap/site/docs/4.3/assets/css/docs.min.css.un
gentelella/vendors/datatables.net-bs/js/dataTables.bootstrap.min.js.un
gentelella/vendors/Flot/examples/shared/jquery-ui/jquery-ui.min.css.un
gentelella/vendors/select2/docs/vendor/js/placeholders.jquery.min.js.un
gentelella/vendors/datatables.net-bs/css/dataTables.bootstrap.min.css.un
gentelella/vendors/bootstrap-progressbar/bootstrap-progressbar.min.js.un
gentelella/vendors/datatables.net-buttons/js/dataTables.buttons.min.js.un
gentelella/vendors/parsleyjs/bower_components/jquery/dist/jquery.min.js.un
gentelella/vendors/jquery.inputmask/dist/min/inputmask/inputmask.min.js.un
gentelella/vendors/jquery.easy-pie-chart/dist/jquery.easypiechart.min.js.un
gentelella/vendors/flot.orderbars/examples/js/vendor/jquery-1.9.1.min.js.un
gentelella/vendors/datatables.net-scroller/js/dataTables.scroller.min.js.un
gentelella/vendors/datatables.net-keytable/js/dataTables.keyTable.min.js.un
gentelella/vendors/datatables.net-buttons-bs/js/buttons.bootstrap.min.js.un
gentelella/vendors/jquery.easy-pie-chart/dist/angular.easypiechart.min.js.un
gentelella/vendors/devbridge-autocomplete/dist/jquery.autocomplete.min.js.un
gentelella/vendors/bootstrap/site/docs/4.3/assets/js/vendor/anchor.min.js.un
gentelella/vendors/datatables.net-buttons-bs/css/buttons.bootstrap.min.css.un
gentelella/vendors/jquery.inputmask/dist/min/jquery.inputmask.bundle.min.js.un
gentelella/vendors/datatables.net-scroller-bs/css/scroller.bootstrap.min.css.un
gentelella/vendors/datatables.net-responsive/js/dataTables.responsive.min.js.un
gentelella/vendors/bootstrap/site/docs/4.3/assets/js/vendor/clipboard.min.js.un
gentelella/vendors/bootstrap-datetimepicker/docs/theme/js/prettify-1.0.min.js.un
gentelella/vendors/jquery.inputmask/dist/min/inputmask/jquery.inputmask.min.js.un
gentelella/vendors/datatables.net-fixedheader/js/dataTables.fixedHeader.min.js.un
gentelella/vendors/bootstrap/site/docs/4.3/assets/js/vendor/jquery-slim.min.js.un
gentelella/vendors/parsleyjs/bower_components/bootstrap/dist/js/bootstrap.min.js.un
gentelella/vendors/datatables.net-responsive-bs/css/responsive.bootstrap.min.css.un
gentelella/vendors/bootstrap-progressbar/css/bootstrap-progressbar-3.3.4.min.css.un
gentelella/vendors/bootstrap-progressbar/css/bootstrap-progressbar-3.1.0.min.css.un
gentelella/vendors/bootstrap-progressbar/css/bootstrap-progressbar-3.3.1.min.css.un
gentelella/vendors/bootstrap-progressbar/css/bootstrap-progressbar-3.1.1.min.css.un
gentelella/vendors/bootstrap-progressbar/css/bootstrap-progressbar-3.3.0.min.css.un
gentelella/vendors/bootstrap-progressbar/css/bootstrap-progressbar-3.3.2.min.css.un
gentelella/vendors/bootstrap-progressbar/css/bootstrap-progressbar-3.2.0.min.css.un
gentelella/vendors/bootstrap-progressbar/css/bootstrap-progressbar-3.0.1.min.css.un
gentelella/vendors/bootstrap-progressbar/css/bootstrap-progressbar-3.0.3.min.css.un
gentelella/vendors/bootstrap-progressbar/css/bootstrap-progressbar-2.3.2.min.css.un
gentelella/vendors/bootstrap-progressbar/css/bootstrap-progressbar-3.0.0.min.css.un
gentelella/vendors/bootstrap-progressbar/css/bootstrap-progressbar-3.0.2.min.css.un
gentelella/vendors/bootstrap-progressbar/css/bootstrap-progressbar-2.3.0.min.css.un
gentelella/vendors/bootstrap-progressbar/css/bootstrap-progressbar-2.2.1.min.css.un
gentelella/vendors/bootstrap-progressbar/css/bootstrap-progressbar-2.2.2.min.css.un
gentelella/vendors/bootstrap-progressbar/css/bootstrap-progressbar-2.3.1.min.css.un
gentelella/vendors/bootstrap-progressbar/css/bootstrap-progressbar-2.2.0.min.css.un
gentelella/vendors/bootstrap-progressbar/css/bootstrap-progressbar-2.0.4.min.css.un
gentelella/vendors/bootstrap-progressbar/css/bootstrap-progressbar-2.1.1.min.css.un
gentelella/vendors/bootstrap-progressbar/css/bootstrap-progressbar-2.1.0.min.css.un
gentelella/vendors/bootstrap-progressbar/css/bootstrap-progressbar-2.0.3.min.css.un
gentelella/vendors/bootstrap-progressbar/css/bootstrap-progressbar-2.0.1.min.css.un
gentelella/vendors/bootstrap-progressbar/css/bootstrap-progressbar-2.0.2.min.css.un
gentelella/vendors/bootstrap-progressbar/css/bootstrap-progressbar-2.0.0.min.css.un
gentelella/vendors/malihu-custom-scrollbar-plugin/jquery.mCustomScrollbar.min.css.un
gentelella/vendors/parsleyjs/bower_components/jquery/src/sizzle/dist/sizzle.min.js.un
gentelella/vendors/parsleyjs/bower_components/bootstrap/dist/css/bootstrap.min.css.un
gentelella/vendors/jquery.inputmask/dist/min/inputmask/inputmask.extensions.min.js.un
gentelella/vendors/datatables.net-fixedheader-bs/css/fixedHeader.bootstrap.min.css.un
gentelella/vendors/bootstrap-progressbar/css/bootstrap-progressbar-3.0.0-rc2.min.css.un
gentelella/vendors/bootstrap-progressbar/css/bootstrap-progressbar-3.0.0-rc1.min.css.un
gentelella/vendors/bootstrap-datetimepicker/build/js/bootstrap-datetimepicker.min.js.un
gentelella/vendors/mjolnic-bootstrap-colorpicker/dist/js/bootstrap-colorpicker.min.js.un
gentelella/vendors/bootstrap-datetimepicker/build/css/bootstrap-datetimepicker.min.css.un
gentelella/vendors/mjolnic-bootstrap-colorpicker/dist/css/bootstrap-colorpicker.min.css.un
gentelella/vendors/malihu-custom-scrollbar-plugin/jquery.mCustomScrollbar.concat.min.js.un
gentelella/vendors/jquery.inputmask/dist/min/inputmask/inputmask.date.extensions.min.js.un
gentelella/vendors/bootstrap/site/docs/4.3/assets/js/vendor/bs-custom-file-input.min.js.un
gentelella/vendors/parsleyjs/bower_components/bootstrap/dist/css/bootstrap-theme.min.css.un
gentelella/vendors/jquery.inputmask/dist/min/inputmask/inputmask.phone.extensions.min.js.un
gentelella/vendors/jquery.inputmask/dist/min/inputmask/inputmask.regex.extensions.min.js.un
gentelella/vendors/jquery.inputmask/dist/min/inputmask/inputmask.numeric.extensions.min.js.un
gentelella/vendors/jquery.inputmask/dist/min/inputmask/inputmask.dependencyLib.jquery.min.js.un
