https://netdna.bootstrapcdn.com/bootstrap/3.0.0/fonts/glyphicons-halflings-regular.eot
https://netdna.bootstrapcdn.com/bootstrap/3.0.0/fonts/glyphicons-halflings-regular.woff
https://netdna.bootstrapcdn.com/bootstrap/3.0.0/fonts/glyphicons-halflings-regular.ttf
https://netdna.bootstrapcdn.com/bootstrap/3.0.0/fonts/glyphicons-halflings-regular.svg#glyphicons-halflingsregular
https://dbtek.github.io/bootstrap-vertical-tabs
http://cssdeck.com/uploads/media/items/8/8bcLQqF.png
http://getbootstrap.com
http://creativecommons.org/licenses/by/3.0/
http://daneden.me/animate
http://alexgorbatchev.com/SyntaxHighlighter
http://alexgorbatchev.com/SyntaxHighlighter/donate.html
https://github.com/twbs/bootstrap/blob/master/LICENSE
github.com/necolas/normalize.css
https://github.com/h5bp/html5-boilerplate/blob/master/src/css/main.css
http://abpetkov.github.io/switchery/
http://opensource.org/licenses/MIT
https://github.com/nickpettit/glide
http://fontawesome.io
http://fontawesome.io/license
https://github.com/fengyuanchen/cropper
https://getbootstrap.com/
http://www.w3.org/2000/svg
https://fonts.googleapis.com/css
git.io/normalize
http://www.apache.org/licenses/LICENSE-2.0
http://fullcalendar.io/
http://twitter.github.com/bootstrap/
https://qunitjs.com/
https://jquery.org/license
https://github.com/necolas/normalize.css/blob/master/LICENSE.md
http://www.techlaboratory.net
http://tech-laboratory.blogspot.com
http://nicolasgallagher.com/multiple-backgrounds-and-borders-with-css2/
https://creativecommons.org/licenses/by/3.0/
https://github.com/IonDen
http://studiostyl.es/schemes/son-of-obsidian
http://CodeTunnel.com/blog/post/71/google-code-prettify-obsidian-theme
http://jqueryui.com
https://github.com/guybowden
http://www.minddust.com
http://manos.malihu.gr/jquery-custom-content-scroller
https://github.com/Eonasdan/bootstrap-datetimepicker/
http://mjolnic.github.io/bootstrap-colorpicker/
http://www.apache.org/licenses/LICENSE-2.0.txt
