{'calendar.html': ['gentelella/production/calendar.html'],
 'chartjs.html': ['gentelella/production/chartjs.html'],
 'chartjs2.html': ['gentelella/production/chartjs2.html'],
 'contacts.html': ['gentelella/production/contacts.html'],
 'e_commerce.html': ['gentelella/production/e_commerce.html'],
 'echarts.html': ['gentelella/production/echarts.html'],
 'fixed_footer.html': ['gentelella/production/fixed_footer.html'],
 'fixed_sidebar.html': ['gentelella/production/fixed_sidebar.html'],
 'form.html': ['gentelella/production/form.html'],
 'form_advanced.html': ['gentelella/production/form_advanced.html'],
 'form_buttons.html': ['gentelella/production/form_buttons.html'],
 'form_upload.html': ['gentelella/production/form_upload.html'],
 'form_validation.html': ['gentelella/production/form_validation.html'],
 'form_wizards.html': ['gentelella/production/form_wizards.html'],
 'general_elements.html': ['gentelella/production/general_elements.html'],
 'glyphicons.html': ['gentelella/production/glyphicons.html'],
 'icons.html': ['gentelella/production/icons.html'],
 'inbox.html': ['gentelella/production/inbox.html'],
 'index.html': ['gentelella/docs/index.html',
                'gentelella/production/index.html',
                'gentelella/vendors/jszip/index.html',
                'gentelella/vendors/starrr/index.html',
                'gentelella/vendors/skycons/index.html',
                'gentelella/vendors/gauge.js/index.html',
                'gentelella/vendors/validator/index.html',
                'gentelella/vendors/nprogress/index.html',
                'gentelella/vendors/jquery-knob/index.html',
                'gentelella/vendors/select2/docs/index.html',
                'gentelella/vendors/Flot/examples/index.html',
                'gentelella/vendors/bootstrap/site/index.html',
                'gentelella/vendors/autosize/example/index.html',
                'gentelella/vendors/bootstrap/js/tests/index.html',
                'gentelella/vendors/Flot/examples/ajax/index.html',
                'gentelella/vendors/Flot/examples/image/index.html',
                'gentelella/vendors/Flot/examples/resize/index.html',
                'gentelella/vendors/Flot/examples/canvas/index.html',
                'gentelella/vendors/Flot/examples/zooming/index.html',
                'gentelella/vendors/Flot/examples/symbols/index.html',
                'gentelella/vendors/Flot/examples/tracking/index.html',
                'gentelella/vendors/Flot/examples/visitors/index.html',
                'gentelella/vendors/Flot/examples/stacking/index.html',
                'gentelella/vendors/Flot/examples/realtime/index.html',
                'gentelella/vendors/Flot/examples/navigate/index.html',
                'gentelella/vendors/flot/examples/log-scale/index.html',
                'gentelella/vendors/flot.orderbars/examples/index.html',
                'gentelella/vendors/Flot/examples/threshold/index.html',
                'gentelella/vendors/Flot/examples/selection/index.html',
                'gentelella/vendors/Flot/examples/axes-time/index.html',
                'gentelella/vendors/flot/examples/fill-types/index.html',
                'gentelella/vendors/Flot/examples/series-pie/index.html',
                'gentelella/vendors/Flot/examples/categories/index.html',
                'gentelella/vendors/Flot/examples/annotating/index.html',
                'gentelella/vendors/flot/examples/plot-legend/index.html',
                'gentelella/vendors/flot/examples/axes-labels/index.html',
                'gentelella/vendors/Flot/examples/percentiles/index.html',
                'gentelella/vendors/Flot/examples/interacting/index.html',
                'gentelella/vendors/Flot/examples/basic-usage/index.html',
                'gentelella/vendors/Flot/examples/series-types/index.html',
                'gentelella/vendors/DateJS/reports/lcov-report/index.html',
                'gentelella/vendors/google-code-prettify/styles/index.html',
                'gentelella/vendors/flot/examples/navigateTouch/index.html',
                'gentelella/vendors/Flot/examples/series-toggle/index.html',
                'gentelella/vendors/Flot/examples/basic-options/index.html',
                'gentelella/vendors/Flot/examples/axes-multiple/index.html',
                'gentelella/vendors/flot/examples/axes-tickLabels/index.html',
                'gentelella/vendors/Flot/examples/axes-time-zones/index.html',
                'gentelella/vendors/flot/examples/axes-autoscaling/index.html',
                'gentelella/vendors/bootstrap/js/tests/integration/index.html',
                'gentelella/vendors/Flot/examples/series-errorbars/index.html',
                'gentelella/vendors/Flot/examples/axes-interacting/index.html',
                'gentelella/vendors/DateJS/reports/lcov-report/core/index.html',
                'gentelella/vendors/bootstrap/site/docs/4.3/examples/index.html',
                'gentelella/vendors/bootstrap-daterangepicker/website/index.html',
                'gentelella/vendors/bootstrap/site/docs/4.3/examples/grid/index.html',
                'gentelella/vendors/bootstrap/site/docs/4.3/examples/blog/index.html',
                'gentelella/vendors/bootstrap-daterangepicker/example/amd/index.html',
                'gentelella/vendors/bootstrap/site/docs/4.3/examples/cover/index.html',
                'gentelella/vendors/bootstrap/site/docs/4.3/examples/album/index.html',
                'gentelella/vendors/bootstrap/site/docs/4.3/examples/sign-in/index.html',
                'gentelella/vendors/bootstrap/site/docs/4.3/examples/navbars/index.html',
                'gentelella/vendors/bootstrap/site/docs/4.3/examples/product/index.html',
                'gentelella/vendors/bootstrap/site/docs/4.3/examples/pricing/index.html',
                'gentelella/vendors/bootstrap/site/docs/4.3/examples/checkout/index.html',
                'gentelella/vendors/bootstrap/site/docs/4.3/examples/carousel/index.html',
                'gentelella/vendors/bootstrap/site/docs/4.3/examples/offcanvas/index.html',
                'gentelella/vendors/bootstrap/site/docs/4.3/examples/jumbotron/index.html',
                'gentelella/vendors/bootstrap/site/docs/4.3/examples/dashboard/index.html',
                'gentelella/vendors/bootstrap-daterangepicker/example/browserify/index.html',
                'gentelella/vendors/bootstrap/site/docs/4.3/examples/navbar-fixed/index.html',
                'gentelella/vendors/bootstrap/site/docs/4.3/examples/sticky-footer/index.html',
                'gentelella/vendors/bootstrap/site/docs/4.3/examples/navbar-static/index.html',
                'gentelella/vendors/bootstrap/site/docs/4.3/examples/navbar-bottom/index.html',
                'gentelella/vendors/bootstrap/site/docs/4.3/examples/floating-labels/index.html',
                'gentelella/vendors/bootstrap/site/docs/4.3/examples/starter-template/index.html',
                'gentelella/vendors/bootstrap/site/docs/4.3/examples/sticky-footer-navbar/index.html'],
 'index2.html': ['gentelella/production/index2.html'],
 'index3.html': ['gentelella/production/index3.html'],
 'invoice.html': ['gentelella/production/invoice.html'],
 'level2.html': ['gentelella/production/level2.html'],
 'login.html': ['gentelella/production/login.html'],
 'media_gallery.html': ['gentelella/production/media_gallery.html'],
 'morisjs.html': ['gentelella/production/morisjs.html'],
 'other_charts.html': ['gentelella/production/other_charts.html'],
 'page_403.html': ['gentelella/production/page_403.html'],
 'page_404.html': ['gentelella/production/page_404.html'],
 'page_500.html': ['gentelella/production/page_500.html'],
 'plain_page.html': ['gentelella/production/plain_page.html'],
 'pricing_tables.html': ['gentelella/production/pricing_tables.html'],
 'profile.html': ['gentelella/production/profile.html'],
 'project_detail.html': ['gentelella/production/project_detail.html'],
 'projects.html': ['gentelella/production/projects.html'],
 'tables.html': ['gentelella/production/tables.html'],
 'tables_dynamic.html': ['gentelella/production/tables_dynamic.html'],
 'typography.html': ['gentelella/production/typography.html'],
 'widgets.html': ['gentelella/production/widgets.html']}
