'http://google.com/'
'http://e.weibo.com/1341556070/AhQXtjbqh'
"http://google.com/"
"http://e.weibo.com/1341556070/AhQXtjbqh"
'https://github.com/moment/moment/issues/1407 for more info.'
"http://127.0.0.1:9999/test/index.html"
"http://raphaeljs.com/"
"http://www.w3.org/TR/SVG11/feature#BasicStructure"
"http://www.w3.org/TR/SVG/paths.html#PathData"
"http://en.wikipedia.org/wiki/Catmull–Rom_spline#Catmull.E2.80.93Rom_spline"
"http://raphaeljs.com/easing.html"
"http://wiki.github.com/sorccu/cufon/about"
"http://www.w3.org/1999/xlink"
"http://www.w3.org/2000/svg"
"http://www.w3.org/TR/SVG/"
"http://en.wikipedia.org/wiki/HSL_and_HSV"
'https://github.com/abpetkov/switchery'
'http://localhost:9999/'
'http://www.w3.org/1999/xhtml'
'http://www.w3.org/1999/xlink'
'https://github.com/twbs/bootstrap.git'
'https://cdnjs.cloudflare.com/ajax/libs/Chart.js/'
"http://example.com/img/picture.jpg"
'http://xxx.xxx.xxx'
"http://www.w3.org/1999/xhtml"
'https://www.googleapis.com/calendar/v3/calendars'
"http://www.w3.org/2000/svg\"
"http://www.w3.org/1999/xlink\"
"http://www.bohemiancoding.com/sketch/ns\"
'http://www.w3.org/2000/svg'
'http://raphaeljs.com'
"https://ssl"
"http://www"
"http://www.baidu.com"
"http://tushuo.baidu.com"
"http://sciactive.com/pnotify/includes/desktop/"
'https://code.jquery.com/jquery-1.9.1.min.js'
"http://www.bohemiancoding.com/sketch/ns"
"https://twitter.com/mdo"
'http://www.test.com'
"http://google-code-prettify.googlecode.com/svn/trunk/README.html#langs"
"http://meta.tex.stackexchange.com/questions/872/text-immediate-following-double-backslashes-is-highlighted-as-macro-inside-a-code/876#876"
"http://clojure.org/Reference"
'https://github.com/dangrossman/daterangepicker'
"http://gigamonkeys.com/book/"
'http://127.0.0.1:8099'
'http://datatables.net/tn/'
"http://www.sprymedia.co.uk/dataTables/lang.txt"
'https://google-code-prettify.googlecode.com/svn/loader'
"http://schemas.openxmlformats.org/package/2006/relationships"
"http://schemas.openxmlformats.org/officeDocument/2006/relationships/officeDocument"
"http://schemas.openxmlformats.org/officeDocument/2006/relationships/worksheet"
"http://schemas.openxmlformats.org/officeDocument/2006/relationships/styles"
"http://schemas.openxmlformats.org/package/2006/content-types"
"http://schemas.openxmlformats.org/spreadsheetml/2006/main"
"http://schemas.openxmlformats.org/officeDocument/2006/relationships"
"http://schemas.openxmlformats.org/markup-compatibility/2006"
"http://schemas.microsoft.com/office/spreadsheetml/2009/9/ac"
"http://www.macromedia.com/go/getflashplayer"
"https://google-code-prettify.googlecode.com/svn/loader/lang-"
"https://google-code-prettify.googlecode.com/svn/loader/skins/"
"https://google-code-prettify.googlecode.com/svn/loader/prettify.css"
"https://code.jquery.com/jquery-1.11.3.min"
'http://jasmine.github.io/'
