https://netdna.bootstrapcdn.com/bootstrap/3.0.0/fonts/glyphicons-halflings-regular.eot
https://netdna.bootstrapcdn.com/bootstrap/3.0.0/fonts/glyphicons-halflings-regular.woff
https://netdna.bootstrapcdn.com/bootstrap/3.0.0/fonts/glyphicons-halflings-regular.ttf
https://netdna.bootstrapcdn.com/bootstrap/3.0.0/fonts/glyphicons-halflings-regular.svg
http://cssdeck.com/uploads/media/items/8/8bcLQqF.png
line
red
grey
pink
flat
aero
blue
green
orange
yellow
purple
square
minimal
polaris
https://fonts.googleapis.com/css
img/glyphicons-halflings.png
img/glyphicons-halflings-white.png
futurico
