index_weight: 8099 /home/w3p/set1/py4web/apps/gentelella/static/tte/gentelella/docs/index.html
index_weight: 12429 /home/w3p/set1/py4web/apps/gentelella/static/tte/gentelella/production/index.html
index_weight: 5227 /home/w3p/set1/py4web/apps/gentelella/static/tte/gentelella/vendors/DateJS/reports/lcov-report/core/index.html
index_weight: 3163 /home/w3p/set1/py4web/apps/gentelella/static/tte/gentelella/vendors/DateJS/reports/lcov-report/index.html
index_weight: 1093 /home/w3p/set1/py4web/apps/gentelella/static/tte/gentelella/vendors/Flot/examples/ajax/index.html
index_weight: 707 /home/w3p/set1/py4web/apps/gentelella/static/tte/gentelella/vendors/Flot/examples/annotating/index.html
index_weight: 6362 /home/w3p/set1/py4web/apps/gentelella/static/tte/gentelella/vendors/Flot/examples/axes-multiple/index.html
index_weight: 714 /home/w3p/set1/py4web/apps/gentelella/static/tte/gentelella/vendors/Flot/examples/axes-interacting/index.html
index_weight: 869 /home/w3p/set1/py4web/apps/gentelella/static/tte/gentelella/vendors/Flot/examples/axes-time-zones/index.html
index_weight: 6355 /home/w3p/set1/py4web/apps/gentelella/static/tte/gentelella/vendors/Flot/examples/canvas/index.html
index_weight: 401 /home/w3p/set1/py4web/apps/gentelella/static/tte/gentelella/vendors/Flot/examples/basic-usage/index.html
index_weight: 567 /home/w3p/set1/py4web/apps/gentelella/static/tte/gentelella/vendors/Flot/examples/basic-options/index.html
index_weight: 4591 /home/w3p/set1/py4web/apps/gentelella/static/tte/gentelella/vendors/Flot/examples/axes-time/index.html
index_weight: 391 /home/w3p/set1/py4web/apps/gentelella/static/tte/gentelella/vendors/Flot/examples/categories/index.html
index_weight: 758 /home/w3p/set1/py4web/apps/gentelella/static/tte/gentelella/vendors/Flot/examples/interacting/index.html
index_weight: 544 /home/w3p/set1/py4web/apps/gentelella/static/tte/gentelella/vendors/Flot/examples/image/index.html
index_weight: 928 /home/w3p/set1/py4web/apps/gentelella/static/tte/gentelella/vendors/Flot/examples/index.html
index_weight: 993 /home/w3p/set1/py4web/apps/gentelella/static/tte/gentelella/vendors/Flot/examples/navigate/index.html
index_weight: 1813 /home/w3p/set1/py4web/apps/gentelella/static/tte/gentelella/vendors/Flot/examples/percentiles/index.html
index_weight: 7226 /home/w3p/set1/py4web/apps/gentelella/static/tte/gentelella/vendors/Flot/examples/series-pie/index.html
index_weight: 702 /home/w3p/set1/py4web/apps/gentelella/static/tte/gentelella/vendors/Flot/examples/realtime/index.html
index_weight: 1346 /home/w3p/set1/py4web/apps/gentelella/static/tte/gentelella/vendors/Flot/examples/selection/index.html
index_weight: 893 /home/w3p/set1/py4web/apps/gentelella/static/tte/gentelella/vendors/Flot/examples/series-errorbars/index.html
index_weight: 599 /home/w3p/set1/py4web/apps/gentelella/static/tte/gentelella/vendors/Flot/examples/resize/index.html
index_weight: 673 /home/w3p/set1/py4web/apps/gentelella/static/tte/gentelella/vendors/Flot/examples/stacking/index.html
index_weight: 1202 /home/w3p/set1/py4web/apps/gentelella/static/tte/gentelella/vendors/Flot/examples/series-toggle/index.html
index_weight: 515 /home/w3p/set1/py4web/apps/gentelella/static/tte/gentelella/vendors/Flot/examples/threshold/index.html
index_weight: 1373 /home/w3p/set1/py4web/apps/gentelella/static/tte/gentelella/vendors/Flot/examples/visitors/index.html
index_weight: 809 /home/w3p/set1/py4web/apps/gentelella/static/tte/gentelella/vendors/Flot/examples/tracking/index.html
index_weight: 523 /home/w3p/set1/py4web/apps/gentelella/static/tte/gentelella/vendors/Flot/examples/series-types/index.html
index_weight: 527 /home/w3p/set1/py4web/apps/gentelella/static/tte/gentelella/vendors/Flot/examples/symbols/index.html
index_weight: 838 /home/w3p/set1/py4web/apps/gentelella/static/tte/gentelella/vendors/Flot/examples/zooming/index.html
index_weight: 399 /home/w3p/set1/py4web/apps/gentelella/static/tte/gentelella/vendors/autosize/example/index.html
index_weight: 1744 /home/w3p/set1/py4web/apps/gentelella/static/tte/gentelella/vendors/bootstrap-daterangepicker/example/amd/index.html
index_weight: 1738 /home/w3p/set1/py4web/apps/gentelella/static/tte/gentelella/vendors/bootstrap-daterangepicker/example/browserify/index.html
index_weight: 10808 /home/w3p/set1/py4web/apps/gentelella/static/tte/gentelella/vendors/bootstrap-daterangepicker/website/index.html
index_weight: 1301 /home/w3p/set1/py4web/apps/gentelella/static/tte/gentelella/vendors/bootstrap/js/tests/integration/index.html
index_weight: 1097 /home/w3p/set1/py4web/apps/gentelella/static/tte/gentelella/vendors/bootstrap/js/tests/index.html
index_weight: 1197 /home/w3p/set1/py4web/apps/gentelella/static/tte/gentelella/vendors/bootstrap/site/index.html
index_weight: 2754 /home/w3p/set1/py4web/apps/gentelella/static/tte/gentelella/vendors/bootstrap/site/docs/4.3/examples/album/index.html
index_weight: 2081 /home/w3p/set1/py4web/apps/gentelella/static/tte/gentelella/vendors/bootstrap/site/docs/4.3/examples/carousel/index.html
index_weight: 2303 /home/w3p/set1/py4web/apps/gentelella/static/tte/gentelella/vendors/bootstrap/site/docs/4.3/examples/checkout/index.html
index_weight: 295 /home/w3p/set1/py4web/apps/gentelella/static/tte/gentelella/vendors/bootstrap/site/docs/4.3/examples/cover/index.html
index_weight: 2809 /home/w3p/set1/py4web/apps/gentelella/static/tte/gentelella/vendors/bootstrap/site/docs/4.3/examples/blog/index.html
index_weight: 1367 /home/w3p/set1/py4web/apps/gentelella/static/tte/gentelella/vendors/bootstrap/site/docs/4.3/examples/grid/index.html
index_weight: 1848 /home/w3p/set1/py4web/apps/gentelella/static/tte/gentelella/vendors/bootstrap/site/docs/4.3/examples/dashboard/index.html
index_weight: 403 /home/w3p/set1/py4web/apps/gentelella/static/tte/gentelella/vendors/bootstrap/site/docs/4.3/examples/navbar-fixed/index.html
index_weight: 920 /home/w3p/set1/py4web/apps/gentelella/static/tte/gentelella/vendors/bootstrap/site/docs/4.3/examples/jumbotron/index.html
index_weight: 327 /home/w3p/set1/py4web/apps/gentelella/static/tte/gentelella/vendors/bootstrap/site/docs/4.3/examples/floating-labels/index.html
index_weight: 329 /home/w3p/set1/py4web/apps/gentelella/static/tte/gentelella/vendors/bootstrap/site/docs/4.3/examples/index.html
index_weight: 434 /home/w3p/set1/py4web/apps/gentelella/static/tte/gentelella/vendors/bootstrap/site/docs/4.3/examples/navbar-bottom/index.html
index_weight: 1173 /home/w3p/set1/py4web/apps/gentelella/static/tte/gentelella/vendors/bootstrap/site/docs/4.3/examples/pricing/index.html
index_weight: 1831 /home/w3p/set1/py4web/apps/gentelella/static/tte/gentelella/vendors/bootstrap/site/docs/4.3/examples/product/index.html
index_weight: 413 /home/w3p/set1/py4web/apps/gentelella/static/tte/gentelella/vendors/bootstrap/site/docs/4.3/examples/navbar-static/index.html
index_weight: 3717 /home/w3p/set1/py4web/apps/gentelella/static/tte/gentelella/vendors/bootstrap/site/docs/4.3/examples/navbars/index.html
index_weight: 1561 /home/w3p/set1/py4web/apps/gentelella/static/tte/gentelella/vendors/bootstrap/site/docs/4.3/examples/offcanvas/index.html
index_weight: 188 /home/w3p/set1/py4web/apps/gentelella/static/tte/gentelella/vendors/bootstrap/site/docs/4.3/examples/sticky-footer/index.html
index_weight: 243 /home/w3p/set1/py4web/apps/gentelella/static/tte/gentelella/vendors/bootstrap/site/docs/4.3/examples/sign-in/index.html
index_weight: 497 /home/w3p/set1/py4web/apps/gentelella/static/tte/gentelella/vendors/bootstrap/site/docs/4.3/examples/starter-template/index.html
index_weight: 516 /home/w3p/set1/py4web/apps/gentelella/static/tte/gentelella/vendors/bootstrap/site/docs/4.3/examples/sticky-footer-navbar/index.html
index_weight: 193 /home/w3p/set1/py4web/apps/gentelella/static/tte/gentelella/vendors/flot.orderbars/examples/index.html
index_weight: 1402 /home/w3p/set1/py4web/apps/gentelella/static/tte/gentelella/vendors/flot/examples/axes-labels/index.html
index_weight: 1535 /home/w3p/set1/py4web/apps/gentelella/static/tte/gentelella/vendors/flot/examples/axes-autoscaling/index.html
index_weight: 2478 /home/w3p/set1/py4web/apps/gentelella/static/tte/gentelella/vendors/flot/examples/axes-tickLabels/index.html
index_weight: 2021 /home/w3p/set1/py4web/apps/gentelella/static/tte/gentelella/vendors/flot/examples/plot-legend/index.html
index_weight: 1130 /home/w3p/set1/py4web/apps/gentelella/static/tte/gentelella/vendors/flot/examples/log-scale/index.html
index_weight: 1103 /home/w3p/set1/py4web/apps/gentelella/static/tte/gentelella/vendors/flot/examples/fill-types/index.html
index_weight: 2094 /home/w3p/set1/py4web/apps/gentelella/static/tte/gentelella/vendors/flot/examples/navigateTouch/index.html
index_weight: 3779 /home/w3p/set1/py4web/apps/gentelella/static/tte/gentelella/vendors/gauge.js/index.html
index_weight: 795 /home/w3p/set1/py4web/apps/gentelella/static/tte/gentelella/vendors/google-code-prettify/styles/index.html
index_weight: 3263 /home/w3p/set1/py4web/apps/gentelella/static/tte/gentelella/vendors/jquery-knob/index.html
index_weight: 990 /home/w3p/set1/py4web/apps/gentelella/static/tte/gentelella/vendors/nprogress/index.html
index_weight: 1713 /home/w3p/set1/py4web/apps/gentelella/static/tte/gentelella/vendors/select2/docs/index.html
index_weight: 1108 /home/w3p/set1/py4web/apps/gentelella/static/tte/gentelella/vendors/skycons/index.html
index_weight: 713 /home/w3p/set1/py4web/apps/gentelella/static/tte/gentelella/vendors/starrr/index.html
index_weight: 2173 /home/w3p/set1/py4web/apps/gentelella/static/tte/gentelella/vendors/validator/index.html
index_weight: 1095 /home/w3p/set1/py4web/apps/gentelella/static/tte/gentelella/vendors/jszip/index.html
