adminkit/static/index.html
adminkit/static/ui-grid.html
adminkit/static/ui-cards.html
adminkit/static/ui-modals.html
adminkit/static/ui-alerts.html
adminkit/static/ui-general.html
adminkit/static/ui-buttons.html
adminkit/static/pages-blank.html
adminkit/static/maps-google.html
adminkit/static/ui-typography.html
adminkit/static/pages-sign-in.html
adminkit/static/pages-sign-up.html
adminkit/static/pages-profile.html
adminkit/static/pages-invoice.html
adminkit/static/icons-feather.html
adminkit/static/forms-layouts.html
adminkit/static/pages-settings.html
adminkit/static/charts-chartjs.html
adminkit/static/tables-bootstrap.html
adminkit/static/forms-basic-inputs.html
favicon.ico
js/app.js.map
sr_in_html.yml
adminkit/.nvmrc
adminkit/LICENSE
js/app.js.LICENSE
adminkit/.babelrc
adminkit/.eslintrc
adminkit/README.md
js/app.js.LICENSE.txt
fonts/Inter.var.woff2
adminkit/CHANGELOG.md
adminkit/package.json
adminkit/src/js/app.js
fonts/fa-brands-400.ttf
fonts/fa-brands-400.svg
fonts/fa-brands-400.eot
fonts/fa-brands-400.woff
fonts/fa-brands-400.woff2
adminkit/static/js/app.js
adminkit/webpack.config.js
adminkit/src/scss/app.scss
adminkit/postcss.config.js
adminkit/static/css/app.css
fonts/Inter-italic.var.woff2
fonts/Inter-upright.var.woff2
adminkit/static/js/app.js.map
adminkit/src/js/modules/theme.js
adminkit/static/js/app.js.LICENSE
adminkit/src/js/modules/moment.js
adminkit/src/js/modules/chartjs.js
adminkit/src/js/modules/feather.js
adminkit/src/js/modules/sidebar.js
adminkit/src/fonts/Inter.var.woff2
adminkit/src/fonts/Inter-Bold.woff
adminkit/src/img/avatars/avatar.jpg
adminkit/src/fonts/fa-solid-900.ttf
adminkit/src/fonts/fa-solid-900.svg
adminkit/src/fonts/fa-solid-900.eot
adminkit/src/fonts/Inter-Bold.woff2
adminkit/src/fonts/Inter-Black.woff
adminkit/src/js/modules/bootstrap.js
adminkit/src/js/modules/flatpickr.js
adminkit/src/fonts/fa-solid-900.woff
adminkit/src/fonts/fa-brands-400.ttf
adminkit/src/fonts/fa-brands-400.svg
adminkit/src/fonts/fa-brands-400.eot
adminkit/src/fonts/Inter-Medium.woff
adminkit/src/fonts/Inter-Italic.woff
adminkit/src/fonts/Inter-Black.woff2
adminkit/static/js/app.js.LICENSE.txt
adminkit/static/fonts/Inter.var.woff2
adminkit/static/fonts/Inter-Bold.woff
adminkit/src/img/icons/icon-48x48.png
adminkit/src/img/avatars/avatar-4.jpg
adminkit/src/img/avatars/avatar-5.jpg
adminkit/src/img/avatars/avatar-3.jpg
adminkit/src/img/avatars/avatar-2.jpg
adminkit/src/fonts/fa-solid-900.woff2
adminkit/src/fonts/fa-regular-400.ttf
adminkit/src/fonts/fa-regular-400.eot
adminkit/src/fonts/fa-regular-400.svg
adminkit/src/fonts/fa-brands-400.woff
adminkit/src/fonts/Inter-Regular.woff
adminkit/src/fonts/Inter-Medium.woff2
adminkit/src/fonts/Inter-Italic.woff2
adminkit/static/img/avatars/avatar.jpg
adminkit/static/fonts/fa-solid-900.ttf
adminkit/static/fonts/fa-solid-900.svg
adminkit/static/fonts/fa-solid-900.eot
adminkit/static/fonts/Inter-Bold.woff2
adminkit/static/fonts/Inter-Black.woff
adminkit/src/scss/2-mixins/_modal.scss
adminkit/src/js/modules/vector-maps.js
adminkit/src/img/photos/unsplash-3.jpg
adminkit/src/img/photos/unsplash-2.jpg
adminkit/src/img/photos/unsplash-1.jpg
adminkit/src/fonts/fa-regular-400.woff
adminkit/src/fonts/fa-brands-400.woff2
adminkit/src/fonts/Inter-Regular.woff2
adminkit/src/fonts/Inter-SemiBold.woff
adminkit/static/fonts/fa-solid-900.woff
adminkit/static/fonts/fa-brands-400.ttf
adminkit/static/fonts/fa-brands-400.svg
adminkit/static/fonts/fa-brands-400.eot
adminkit/static/fonts/Inter-Medium.woff
adminkit/static/fonts/Inter-Italic.woff
adminkit/static/fonts/Inter-Black.woff2
adminkit/src/scss/2-mixins/_switch.scss
adminkit/src/scss/2-mixins/_button.scss
adminkit/src/fonts/fa-regular-400.woff2
adminkit/src/fonts/Inter-Thin-BETA.woff
adminkit/src/fonts/Inter-SemiBold.woff2
adminkit/src/fonts/Inter-ExtraBold.woff
adminkit/static/img/icons/icon-48x48.png
adminkit/static/img/avatars/avatar-4.jpg
adminkit/static/img/avatars/avatar-2.jpg
adminkit/static/img/avatars/avatar-5.jpg
adminkit/static/img/avatars/avatar-3.jpg
adminkit/static/fonts/fa-solid-900.woff2
adminkit/static/fonts/fa-regular-400.ttf
adminkit/static/fonts/fa-regular-400.svg
adminkit/static/fonts/fa-regular-400.eot
adminkit/static/fonts/fa-brands-400.woff
adminkit/static/fonts/Inter-Regular.woff
adminkit/static/fonts/Inter-Medium.woff2
adminkit/static/fonts/Inter-Italic.woff2
adminkit/src/fonts/Inter-Thin-BETA.woff2
adminkit/src/fonts/Inter-Light-BETA.woff
adminkit/src/fonts/Inter-ExtraBold.woff2
adminkit/src/fonts/Inter-BoldItalic.woff
adminkit/static/img/photos/unsplash-3.jpg
adminkit/static/img/photos/unsplash-2.jpg
adminkit/static/img/photos/unsplash-1.jpg
adminkit/static/fonts/fa-regular-400.woff
adminkit/static/fonts/fa-brands-400.woff2
adminkit/static/fonts/Inter-SemiBold.woff
adminkit/static/fonts/Inter-Regular.woff2
adminkit/src/scss/3-components/_type.scss
adminkit/src/scss/3-components/_main.scss
adminkit/src/scss/3-components/_card.scss
adminkit/src/scss/1-variables/_fonts.scss
adminkit/src/fonts/Inter-italic.var.woff2
adminkit/src/fonts/Inter-Light-BETA.woff2
adminkit/src/fonts/Inter-BoldItalic.woff2
adminkit/src/fonts/Inter-BlackItalic.woff
adminkit/static/fonts/fa-regular-400.woff2
adminkit/static/fonts/Inter-Thin-BETA.woff
adminkit/static/fonts/Inter-SemiBold.woff2
adminkit/static/fonts/Inter-ExtraBold.woff
adminkit/src/scss/5-vendor/_flatpickr.scss
adminkit/src/scss/5-vendor/_simplebar.scss
adminkit/src/scss/3-components/_forms.scss
adminkit/src/scss/3-components/_alert.scss
adminkit/src/scss/3-components/_chart.scss
adminkit/src/scss/3-components/_modal.scss
adminkit/src/fonts/Inter-upright.var.woff2
adminkit/src/fonts/Inter-MediumItalic.woff
adminkit/src/fonts/Inter-BlackItalic.woff2
adminkit/static/fonts/Inter-Thin-BETA.woff2
adminkit/static/fonts/Inter-Light-BETA.woff
adminkit/static/fonts/Inter-ExtraBold.woff2
adminkit/static/fonts/Inter-BoldItalic.woff
adminkit/src/scss/4-utilities/_cursors.scss
adminkit/src/scss/4-utilities/_borders.scss
adminkit/src/scss/3-components/_reboot.scss
adminkit/src/scss/3-components/_sizing.scss
adminkit/src/scss/3-components/_tables.scss
adminkit/src/scss/3-components/_navbar.scss
adminkit/src/scss/3-components/_avatar.scss
adminkit/src/scss/3-components/_footer.scss
adminkit/src/fonts/Inter-MediumItalic.woff2
adminkit/static/fonts/Inter-italic.var.woff2
adminkit/static/fonts/Inter-Light-BETA.woff2
adminkit/static/fonts/Inter-BoldItalic.woff2
adminkit/static/fonts/Inter-BlackItalic.woff
adminkit/src/scss/4-utilities/_overflow.scss
adminkit/src/scss/3-components/_wrapper.scss
adminkit/src/scss/3-components/_sidebar.scss
adminkit/src/scss/3-components/_feather.scss
adminkit/src/scss/3-components/_buttons.scss
adminkit/src/scss/3-components/_content.scss
adminkit/src/fonts/Inter-SemiBoldItalic.woff
adminkit/static/fonts/Inter-upright.var.woff2
adminkit/static/fonts/Inter-MediumItalic.woff
adminkit/static/fonts/Inter-BlackItalic.woff2
adminkit/src/scss/3-components/_progress.scss
adminkit/src/scss/3-components/_dropdown.scss
adminkit/src/scss/1-variables/_variables.scss
adminkit/src/fonts/Inter-ThinItalic-BETA.woff
adminkit/src/fonts/Inter-SemiBoldItalic.woff2
adminkit/src/fonts/Inter-ExtraLight-BETA.woff
adminkit/src/fonts/Inter-ExtraBoldItalic.woff
adminkit/static/fonts/Inter-MediumItalic.woff2
adminkit/src/scss/4-utilities/_background.scss
adminkit/src/scss/3-components/_accordion.scss
adminkit/src/scss/3-components/_hamburger.scss
adminkit/src/fonts/Inter-ThinItalic-BETA.woff2
adminkit/src/fonts/Inter-LightItalic-BETA.woff
adminkit/src/fonts/Inter-ExtraLight-BETA.woff2
adminkit/src/fonts/Inter-ExtraBoldItalic.woff2
adminkit/static/fonts/Inter-SemiBoldItalic.woff
adminkit/src/scss/3-components/_list-group.scss
adminkit/src/fonts/Inter-LightItalic-BETA.woff2
adminkit/static/fonts/Inter-ThinItalic-BETA.woff
adminkit/static/fonts/Inter-SemiBoldItalic.woff2
adminkit/static/fonts/Inter-ExtraLight-BETA.woff
adminkit/static/fonts/Inter-ExtraBoldItalic.woff
adminkit/static/fonts/Inter-ThinItalic-BETA.woff2
adminkit/static/fonts/Inter-LightItalic-BETA.woff
adminkit/static/fonts/Inter-ExtraLight-BETA.woff2
adminkit/static/fonts/Inter-ExtraBoldItalic.woff2
adminkit/static/fonts/Inter-LightItalic-BETA.woff2
adminkit/src/fonts/Inter-ExtraLightItalic-BETA.woff
adminkit/src/fonts/Inter-ExtraLightItalic-BETA.woff2
adminkit/static/fonts/Inter-ExtraLightItalic-BETA.woff
adminkit/static/fonts/Inter-ExtraLightItalic-BETA.woff2
