index.html
ui-grid.html
ui-cards.html
ui-modals.html
ui-alerts.html
ui-buttons.html
ui-general.html
pages-blank.html
maps-google.html
ui-typography.html
pages-sign-in.html
pages-sign-up.html
pages-profile.html
pages-invoice.html
forms-layouts.html
icons-feather.html
pages-settings.html
charts-chartjs.html
tables-bootstrap.html
forms-basic-inputs.html
js/app.js
css/app.css
fonts/Inter-Bold.woff
img/avatars/avatar.jpg
fonts/fa-solid-900.ttf
fonts/fa-solid-900.svg
fonts/fa-solid-900.eot
fonts/Inter-Bold.woff2
fonts/Inter-Black.woff
fonts/fa-solid-900.woff
fonts/Inter-Medium.woff
fonts/Inter-Italic.woff
fonts/Inter-Black.woff2
img/icons/icon-48x48.png
img/avatars/avatar-4.jpg
img/avatars/avatar-2.jpg
img/avatars/avatar-5.jpg
img/avatars/avatar-3.jpg
fonts/fa-solid-900.woff2
fonts/fa-regular-400.ttf
fonts/fa-regular-400.svg
fonts/fa-regular-400.eot
fonts/Inter-Regular.woff
fonts/Inter-Medium.woff2
fonts/Inter-Italic.woff2
img/photos/unsplash-2.jpg
img/photos/unsplash-3.jpg
img/photos/unsplash-1.jpg
fonts/fa-regular-400.woff
fonts/Inter-SemiBold.woff
fonts/Inter-Regular.woff2
fonts/fa-regular-400.woff2
fonts/Inter-Thin-BETA.woff
fonts/Inter-SemiBold.woff2
fonts/Inter-ExtraBold.woff
fonts/Inter-Thin-BETA.woff2
fonts/Inter-Light-BETA.woff
fonts/Inter-ExtraBold.woff2
fonts/Inter-BoldItalic.woff
fonts/Inter-Light-BETA.woff2
fonts/Inter-BoldItalic.woff2
fonts/Inter-BlackItalic.woff
fonts/Inter-MediumItalic.woff
fonts/Inter-BlackItalic.woff2
fonts/Inter-MediumItalic.woff2
fonts/Inter-SemiBoldItalic.woff
fonts/Inter-ThinItalic-BETA.woff
fonts/Inter-SemiBoldItalic.woff2
fonts/Inter-ExtraLight-BETA.woff
fonts/Inter-ExtraBoldItalic.woff
fonts/Inter-ThinItalic-BETA.woff2
fonts/Inter-LightItalic-BETA.woff
fonts/Inter-ExtraLight-BETA.woff2
fonts/Inter-ExtraBoldItalic.woff2
fonts/Inter-LightItalic-BETA.woff2
fonts/Inter-ExtraLightItalic-BETA.woff
fonts/Inter-ExtraLightItalic-BETA.woff2
