404.html
tabs.html
inbox.html
alert.html
index.html
color.html
wizard.html
modals.html
dialog.html
widgets.html
buttons.html
index-3.html
contact.html
index-4.html
invoice.html
index-2.html
tooltips.html
popovers.html
dropdown.html
data-map.html
accordion.html
analytics.html
view-email.html
typography.html
data-table.html
google-map.html
bar-charts.html
animations.html
line-charts.html
area-charts.html
flot-charts.html
code-editor.html
notification.html
normal-table.html
compose-email.html
image-cropper.html
form-examples.html
form-elements.html
login-register.html
form-components.html
style.css
js/main.js
css/main.css
js/plugins.js
js/wow.min.js
img/blog/1.jpg
img/green1.png
img/post/4.jpg
img/post/2.jpg
img/post/1.jpg
css/animate.css
js/tawk-chat.js
img/favicon.ico
js/wow.min.js.un
css/c3/c3.min.css
css/normalize.css
css/owl.theme.css
images/select.png
img/country/3.png
img/country/1.png
img/country/2.png
img/cropper/1.jpg
img/widgets/4.png
img/widgets/6.png
img/widgets/2.png
img/logo/logo.png
chosen-sprite.png
css/responsive.css
js/autosize.min.js
js/charts/Chart.js
css/wave/button.css
js/bootstrap.min.js
images/sort_asc.png
css/c3/c3.min.css.un
css/owl.carousel.css
js/wave/waves.min.js
images/sort_both.png
images/sort_desc.png
css/dialog/dialog.css
css/chosen/chosen.css
css/bootstrap.min.css
js/data-map/d3.min.js
js/chat/moment.min.js
js/autosize.min.js.un
img/chosen-sprite.png
fonts/notika-icon.svg
fonts/notika-icon.eot
fonts/notika-icon.ttf
css/wave/waves.min.css
js/flot/flot-active.js
js/flot/jquery.flot.js
js/flot/curvedLines.js
js/chat/jquery.chat.js
js/bootstrap.min.js.un
js/wave/wave-active.js
js/owl.carousel.min.js
js/charts/bar-chart.js
js/knob/knob-active.js
js/knob/jquery.knob.js
js/todo/jquery.todo.js
fonts/notika-icon.woff
css/owl.transitions.css
js/data-map/topojson.js
js/icheck/icheck.min.js
js/wave/waves.min.js.un
js/dropzone/dropzone.js
js/charts/line-chart.js
js/charts/area-chart.js
css/bootstrap.min.css.un
css/font-awesome.min.css
js/data-map/d3.min.js.un
js/chat/moment.min.js.un
js/knob/jquery.appear.js
js/login/login-action.js
css/wave/waves.min.css.un
css/dropzone/dropzone.css
css/themesaller-forms.css
css/color-picker/mask.png
js/flot/chart-tooltips.js
js/cropper/cropper.min.js
js/owl.carousel.min.js.un
js/jquery.scrollUp.min.js
js/jquery-price-slider.js
js/jasny-bootstrap.min.js
css/notika-custom-icon.css
css/color-picker/wheel.png
js/wizard/wizard-active.js
js/flot/jquery.flot.pie.js
js/dialog/dialog-active.js
js/icheck/icheck.min.js.un
js/icheck/icheck-active.js
js/chosen/chosen.jquery.js
css/font-awesome.min.css.un
css/cropper/cropper.min.css
css/color-picker/marker.png
js/flot/jquery.flot.time.js
img/search-engines/bing.png
css/code-editor/ambiance.css
js/dialog/sweetalert2.min.js
js/cropper/cropper.min.js.un
js/cropper/cropper-actice.js
js/jasny-bootstrap.min.js.un
js/jquery.scrollUp.min.js.un
js/code-editor/codemirror.js
images/sort_asc_disabled.png
img/search-engines/baidu.png
img/search-engines/yahoo.png
css/meanmenu/meanmenu.min.css
css/summernote/summernote.css
css/jquery.dataTables.min.css
js/counterup/waypoints.min.js
js/flot/jquery.flot.resize.js
js/code-editor/code-editor.js
images/sort_desc_disabled.png
img/search-engines/yandex.png
img/search-engines/google.png
fonts/fontawesome-webfont.ttf
fonts/fontawesome-webfont.svg
fonts/fontawesome-webfont.eot
css/dialog/sweetalert2.min.css
css/cropper/cropper.min.css.un
css/datapicker/datepicker3.css
css/code-editor/codemirror.css
js/vendor/jquery-1.12.4.min.js
js/flot/analtic-flot-active.js
js/meanmenu/jquery.meanmenu.js
fonts/fontawesome-webfont.woff
css/color-picker/farbtastic.css
js/data-table/data-table-act.js
js/data-map/data-maps-active.js
js/data-map/datamaps.all.min.js
js/color-picker/color-picker.js
js/dialog/sweetalert2.min.js.un
fonts/fontawesome-webfont.woff2
css/jquery.dataTables.min.css.un
css/meanmenu/meanmenu.min.css.un
js/counterup/waypoints.min.js.un
js/counterup/counterup-active.js
js/sparkline/sparkline-active.js
js/vendor/modernizr-2.8.3.min.js
js/flot/jquery.flot.orderBars.js
js/metisMenu/metisMenu.min.js.un
js/animation/animation-active.js
notika/documentation/css/32px.png
css/dialog/sweetalert2.min.css.un
css/notification/notification.css
js/rangle-slider/rangle-active.js
js/easytopie/salvattore.min.js.un
js/vendor/jquery-1.12.4.min.js.un
js/color-picker/farbtastic.min.js
img/search-engines/duckduckgo.png
css/metisMenu/metisMenu.min.css.un
css/animation/animation-custom.css
js/jvectormap/jvectormap-active.js
js/summernote/summernote.min.js.un
js/summernote/summernote-active.js
js/data-map/datamaps.all.min.js.un
js/flot/jquery.flot.tooltip.min.js
js/datapicker/datepicker-active.js
js/vendor/modernizr-2.8.3.min.js.un
js/counterup/jquery.counterup.min.js
js/sparkline/jquery.sparkline.min.js
js/color-picker/farbtastic.min.js.un
js/flot/flot-widget-anatic-active.js
js/code-editor/code-editor-active.js
js/google.maps/google.maps-active.js
notika/documentation/css/throbber.gif
js/flot/jquery.flot.tooltip.min.js.un
js/datapicker/bootstrap-datepicker.js
js/google.maps/google.maps2-active.js
js/data-table/jquery.dataTables.min.js
js/notification/bootstrap-growl.min.js
js/notification/notification-active.js
fonts/glyphicons-halflings-regular.svg
fonts/glyphicons-halflings-regular.ttf
fonts/glyphicons-halflings-regular.eot
js/summernote/summernote-updated.min.js
js/counterup/jquery.counterup.min.js.un
js/sparkline/jquery.sparkline.min.js.un
js/bootstrap-select/bootstrap-select.js
fonts/glyphicons-halflings-regular.woff
notika/documentation/js/jstree.min.js.un
js/wizard/jquery.bootstrap.wizard.min.js
fonts/glyphicons-halflings-regular.woff2
css/bootstrap-select/bootstrap-select.css
js/data-table/jquery.dataTables.min.js.un
js/notification/bootstrap-growl.min.js.un
css/jvectormap/jquery-jvectormap-2.0.3.css
js/summernote/summernote-updated.min.js.un
js/easytopie/jquery.easypiechart.min.js.un
notika/documentation/js/bootstrap.min.js.un
js/wizard/jquery.bootstrap.wizard.min.js.un
js/jvectormap/jquery-jvectormap-2.0.2.min.js
notika/documentation/css/bootstrap.min.css.un
css/scrollbar/jquery.mCustomScrollbar.min.css
js/rangle-slider/jquery-ui-touch-punch.min.js
notika/notika/green-horizotal/js/wow.min.js.un
notika/documentation/js/jquery-3.1.0.min.js.un
js/rangle-slider/jquery-ui-1.10.4.custom.min.js
js/jvectormap/jquery-jvectormap-2.0.2.min.js.un
css/scrollbar/jquery.mCustomScrollbar.min.css.un
js/rangle-slider/jquery-ui-touch-punch.min.js.un
js/jvectormap/jquery-jvectormap-world-mill-en.js
notika/notika/green-horizotal/css/c3/c3.min.css.un
js/scrollbar/jquery.mCustomScrollbar.concat.min.js
js/rangle-slider/jquery-ui-1.10.4.custom.min.js.un
notika/notika/green-horizotal/js/autosize.min.js.un
notika/notika/green-horizotal/js/bootstrap.min.js.un
notika/notika/green-horizotal/js/wave/waves.min.js.un
js/scrollbar/jquery.mCustomScrollbar.concat.min.js.un
notika/notika/green-horizotal/css/bootstrap.min.css.un
notika/notika/green-horizotal/js/data-map/d3.min.js.un
notika/notika/green-horizotal/js/chat/moment.min.js.un
notika/notika/green-horizotal/css/wave/waves.min.css.un
notika/notika/green-horizotal/js/owl.carousel.min.js.un
notika/notika/green-horizotal/js/icheck/icheck.min.js.un
notika/notika/green-horizotal/css/font-awesome.min.css.un
notika/notika/green-horizotal/js/cropper/cropper.min.js.un
notika/notika/green-horizotal/js/jasny-bootstrap.min.js.un
notika/notika/green-horizotal/js/jquery.scrollUp.min.js.un
notika/notika/green-horizotal/css/cropper/cropper.min.css.un
notika/notika/green-horizotal/js/dialog/sweetalert2.min.js.un
notika/notika/green-horizotal/css/jquery.dataTables.min.css.un
notika/notika/green-horizotal/css/meanmenu/meanmenu.min.css.un
notika/notika/green-horizotal/js/counterup/waypoints.min.js.un
notika/notika/green-horizotal/js/metisMenu/metisMenu.min.js.un
notika/notika/green-horizotal/css/dialog/sweetalert2.min.css.un
notika/notika/green-horizotal/js/easytopie/salvattore.min.js.un
notika/notika/green-horizotal/js/vendor/jquery-1.12.4.min.js.un
notika/notika/green-horizotal/css/metisMenu/metisMenu.min.css.un
notika/notika/green-horizotal/js/summernote/summernote.min.js.un
notika/notika/green-horizotal/js/data-map/datamaps.all.min.js.un
notika/notika/green-horizotal/js/vendor/modernizr-2.8.3.min.js.un
notika/notika/green-horizotal/js/color-picker/farbtastic.min.js.un
notika/notika/green-horizotal/js/flot/jquery.flot.tooltip.min.js.un
notika/notika/green-horizotal/js/counterup/jquery.counterup.min.js.un
notika/notika/green-horizotal/js/sparkline/jquery.sparkline.min.js.un
notika/notika/green-horizotal/js/data-table/jquery.dataTables.min.js.un
notika/notika/green-horizotal/js/notification/bootstrap-growl.min.js.un
notika/notika/green-horizotal/js/summernote/summernote-updated.min.js.un
notika/notika/green-horizotal/js/easytopie/jquery.easypiechart.min.js.un
notika/notika/green-horizotal/js/wizard/jquery.bootstrap.wizard.min.js.un
notika/notika/green-horizotal/js/jvectormap/jquery-jvectormap-2.0.2.min.js.un
notika/notika/green-horizotal/css/scrollbar/jquery.mCustomScrollbar.min.css.un
notika/notika/green-horizotal/js/rangle-slider/jquery-ui-touch-punch.min.js.un
notika/notika/green-horizotal/js/rangle-slider/jquery-ui-1.10.4.custom.min.js.un
notika/notika/green-horizotal/js/scrollbar/jquery.mCustomScrollbar.concat.min.js.un
