https://html5boilerplate.com/
https://twitter.com/miketaylr/status/12228805301
https://github.com/h5bp/html5-boilerplate/issues/440
http://snook.ca/archives/html_and_css/hiding-content-for-accessibility
https://www.drupal.org/node/897638
http://www.phpied.com/delay-loading-your-print-css/
http://www.sanbeiji.com/archives/953
http://css-discuss.incutio.com/wiki/Printing_Tables
http://daneden.me/animate
http://opensource.org/licenses/MIT
https://github.com/nickpettit/glide
github.com/necolas/normalize.css
http://getharvest.com
https://github.com/harvesthq/chosen
https://github.com/harvesthq/chosen/blob/master/LICENSE.md
http://getbootstrap.com
https://github.com/twbs/bootstrap/blob/master/LICENSE
https://github.com/h5bp/html5-boilerplate/blob/master/src/css/main.css
http://fian.my.id/Waves
https://github.com/fians/Waves/blob/master/LICENSE
http://fontawesome.io
http://fontawesome.io/license
http://fonts.googleapis.com/css
https://github.com/fengyuanchen/cropper
http://www.apache.org/licenses/LICENSE-2.0
https://github.com/onokumus/metismenu#readme
https://github.com/onokumus
http://www.w3.org/2000/svg\
http://silviomoreto.github.io/bootstrap-select
https://github.com/silviomoreto/bootstrap-select/blob/master/LICENSE
