js/wow.min.js.un
css/c3/c3.min.css.un
js/autosize.min.js.un
js/bootstrap.min.js.un
js/wave/waves.min.js.un
css/bootstrap.min.css.un
js/data-map/d3.min.js.un
js/chat/moment.min.js.un
css/wave/waves.min.css.un
js/owl.carousel.min.js.un
js/icheck/icheck.min.js.un
css/font-awesome.min.css.un
js/cropper/cropper.min.js.un
js/jquery.scrollUp.min.js.un
js/jasny-bootstrap.min.js.un
css/cropper/cropper.min.css.un
js/dialog/sweetalert2.min.js.un
css/meanmenu/meanmenu.min.css.un
css/jquery.dataTables.min.css.un
js/counterup/waypoints.min.js.un
js/metisMenu/metisMenu.min.js.un
css/dialog/sweetalert2.min.css.un
js/easytopie/salvattore.min.js.un
js/vendor/jquery-1.12.4.min.js.un
css/metisMenu/metisMenu.min.css.un
js/summernote/summernote.min.js.un
js/data-map/datamaps.all.min.js.un
js/vendor/modernizr-2.8.3.min.js.un
js/color-picker/farbtastic.min.js.un
js/flot/jquery.flot.tooltip.min.js.un
js/counterup/jquery.counterup.min.js.un
js/sparkline/jquery.sparkline.min.js.un
notika/documentation/js/jstree.min.js.un
js/data-table/jquery.dataTables.min.js.un
js/notification/bootstrap-growl.min.js.un
js/summernote/summernote-updated.min.js.un
js/easytopie/jquery.easypiechart.min.js.un
notika/documentation/js/bootstrap.min.js.un
js/wizard/jquery.bootstrap.wizard.min.js.un
notika/documentation/css/bootstrap.min.css.un
notika/notika/green-horizotal/js/wow.min.js.un
notika/documentation/js/jquery-3.1.0.min.js.un
js/jvectormap/jquery-jvectormap-2.0.2.min.js.un
css/scrollbar/jquery.mCustomScrollbar.min.css.un
js/rangle-slider/jquery-ui-touch-punch.min.js.un
notika/notika/green-horizotal/css/c3/c3.min.css.un
js/rangle-slider/jquery-ui-1.10.4.custom.min.js.un
notika/notika/green-horizotal/js/autosize.min.js.un
notika/notika/green-horizotal/js/bootstrap.min.js.un
notika/notika/green-horizotal/js/wave/waves.min.js.un
js/scrollbar/jquery.mCustomScrollbar.concat.min.js.un
notika/notika/green-horizotal/css/bootstrap.min.css.un
notika/notika/green-horizotal/js/data-map/d3.min.js.un
notika/notika/green-horizotal/js/chat/moment.min.js.un
notika/notika/green-horizotal/css/wave/waves.min.css.un
notika/notika/green-horizotal/js/owl.carousel.min.js.un
notika/notika/green-horizotal/js/icheck/icheck.min.js.un
notika/notika/green-horizotal/css/font-awesome.min.css.un
notika/notika/green-horizotal/js/cropper/cropper.min.js.un
notika/notika/green-horizotal/js/jquery.scrollUp.min.js.un
notika/notika/green-horizotal/js/jasny-bootstrap.min.js.un
notika/notika/green-horizotal/css/cropper/cropper.min.css.un
notika/notika/green-horizotal/js/dialog/sweetalert2.min.js.un
notika/notika/green-horizotal/css/meanmenu/meanmenu.min.css.un
notika/notika/green-horizotal/css/jquery.dataTables.min.css.un
notika/notika/green-horizotal/js/counterup/waypoints.min.js.un
notika/notika/green-horizotal/js/metisMenu/metisMenu.min.js.un
notika/notika/green-horizotal/css/dialog/sweetalert2.min.css.un
notika/notika/green-horizotal/js/easytopie/salvattore.min.js.un
notika/notika/green-horizotal/js/vendor/jquery-1.12.4.min.js.un
notika/notika/green-horizotal/css/metisMenu/metisMenu.min.css.un
notika/notika/green-horizotal/js/summernote/summernote.min.js.un
notika/notika/green-horizotal/js/data-map/datamaps.all.min.js.un
notika/notika/green-horizotal/js/vendor/modernizr-2.8.3.min.js.un
notika/notika/green-horizotal/js/color-picker/farbtastic.min.js.un
notika/notika/green-horizotal/js/flot/jquery.flot.tooltip.min.js.un
notika/notika/green-horizotal/js/counterup/jquery.counterup.min.js.un
notika/notika/green-horizotal/js/sparkline/jquery.sparkline.min.js.un
notika/notika/green-horizotal/js/data-table/jquery.dataTables.min.js.un
notika/notika/green-horizotal/js/notification/bootstrap-growl.min.js.un
notika/notika/green-horizotal/js/summernote/summernote-updated.min.js.un
notika/notika/green-horizotal/js/easytopie/jquery.easypiechart.min.js.un
notika/notika/green-horizotal/js/wizard/jquery.bootstrap.wizard.min.js.un
notika/notika/green-horizotal/js/jvectormap/jquery-jvectormap-2.0.2.min.js.un
notika/notika/green-horizotal/css/scrollbar/jquery.mCustomScrollbar.min.css.un
notika/notika/green-horizotal/js/rangle-slider/jquery-ui-touch-punch.min.js.un
notika/notika/green-horizotal/js/rangle-slider/jquery-ui-1.10.4.custom.min.js.un
notika/notika/green-horizotal/js/scrollbar/jquery.mCustomScrollbar.concat.min.js.un
