{'404.html': ['notika/notika/green-horizotal/404.html'],
 'accordion.html': ['notika/notika/green-horizotal/accordion.html'],
 'alert.html': ['notika/notika/green-horizotal/alert.html'],
 'analytics.html': ['notika/notika/green-horizotal/analytics.html'],
 'animations.html': ['notika/notika/green-horizotal/animations.html'],
 'area-charts.html': ['notika/notika/green-horizotal/area-charts.html'],
 'bar-charts.html': ['notika/notika/green-horizotal/bar-charts.html'],
 'buttons.html': ['notika/notika/green-horizotal/buttons.html'],
 'code-editor.html': ['notika/notika/green-horizotal/code-editor.html'],
 'color.html': ['notika/notika/green-horizotal/color.html'],
 'compose-email.html': ['notika/notika/green-horizotal/compose-email.html'],
 'contact.html': ['notika/notika/green-horizotal/contact.html'],
 'data-map.html': ['notika/notika/green-horizotal/data-map.html'],
 'data-table.html': ['notika/notika/green-horizotal/data-table.html'],
 'dialog.html': ['notika/notika/green-horizotal/dialog.html'],
 'dropdown.html': ['notika/notika/green-horizotal/dropdown.html'],
 'flot-charts.html': ['notika/notika/green-horizotal/flot-charts.html'],
 'form-components.html': ['notika/notika/green-horizotal/form-components.html'],
 'form-elements.html': ['notika/notika/green-horizotal/form-elements.html'],
 'form-examples.html': ['notika/notika/green-horizotal/form-examples.html'],
 'google-map.html': ['notika/notika/green-horizotal/google-map.html'],
 'image-cropper.html': ['notika/notika/green-horizotal/image-cropper.html'],
 'inbox.html': ['notika/notika/green-horizotal/inbox.html'],
 'index-2.html': ['notika/notika/green-horizotal/index-2.html'],
 'index-3.html': ['notika/notika/green-horizotal/index-3.html'],
 'index-4.html': ['notika/notika/green-horizotal/index-4.html'],
 'index.html': ['notika/documentation/index.html',
                'notika/notika/green-horizotal/index.html'],
 'invoice.html': ['notika/notika/green-horizotal/invoice.html'],
 'line-charts.html': ['notika/notika/green-horizotal/line-charts.html'],
 'login-register.html': ['notika/notika/green-horizotal/login-register.html'],
 'modals.html': ['notika/notika/green-horizotal/modals.html'],
 'normal-table.html': ['notika/notika/green-horizotal/normal-table.html'],
 'notification.html': ['notika/notika/green-horizotal/notification.html'],
 'popovers.html': ['notika/notika/green-horizotal/popovers.html'],
 'tabs.html': ['notika/notika/green-horizotal/tabs.html'],
 'tooltips.html': ['notika/notika/green-horizotal/tooltips.html'],
 'typography.html': ['notika/notika/green-horizotal/typography.html'],
 'view-email.html': ['notika/notika/green-horizotal/view-email.html'],
 'widgets.html': ['notika/notika/green-horizotal/widgets.html'],
 'wizard.html': ['notika/notika/green-horizotal/wizard.html']}
