notika/documentation/index.html
notika/notika/green-horizotal/404.html
notika/notika/green-horizotal/tabs.html
notika/notika/green-horizotal/inbox.html
notika/notika/green-horizotal/index.html
notika/notika/green-horizotal/color.html
notika/notika/green-horizotal/alert.html
notika/notika/green-horizotal/wizard.html
notika/notika/green-horizotal/dialog.html
notika/notika/green-horizotal/modals.html
notika/notika/green-horizotal/widgets.html
notika/notika/green-horizotal/index-3.html
notika/notika/green-horizotal/contact.html
notika/notika/green-horizotal/index-4.html
notika/notika/green-horizotal/buttons.html
notika/notika/green-horizotal/invoice.html
notika/notika/green-horizotal/index-2.html
notika/notika/green-horizotal/tooltips.html
notika/notika/green-horizotal/data-map.html
notika/notika/green-horizotal/popovers.html
notika/notika/green-horizotal/dropdown.html
notika/notika/green-horizotal/analytics.html
notika/notika/green-horizotal/accordion.html
notika/notika/green-horizotal/data-table.html
notika/notika/green-horizotal/google-map.html
notika/notika/green-horizotal/bar-charts.html
notika/notika/green-horizotal/view-email.html
notika/notika/green-horizotal/typography.html
notika/notika/green-horizotal/animations.html
notika/notika/green-horizotal/line-charts.html
notika/notika/green-horizotal/area-charts.html
notika/notika/green-horizotal/flot-charts.html
notika/notika/green-horizotal/code-editor.html
notika/notika/green-horizotal/normal-table.html
notika/notika/green-horizotal/notification.html
notika/notika/green-horizotal/image-cropper.html
notika/notika/green-horizotal/compose-email.html
notika/notika/green-horizotal/form-examples.html
notika/notika/green-horizotal/form-elements.html
notika/notika/green-horizotal/login-register.html
notika/notika/green-horizotal/form-components.html
favicon.ico
sr_in_html.yml
notika/README.md
img/dialog/like.png
img/logo/favicon.png
css/code-editor/1.jpg
fonts/FontAwesome.otf
css/chosen/chosen-sprite.png
js/metisMenu/metisMenu.min.js
js/easytopie/salvattore.min.js
css/metisMenu/metisMenu.min.css
js/summernote/summernote.min.js
js/metisMenu/metisMenu-active.js
notika/documentation/img/logo.png
notika/documentation/css/style.css
notika/documentation/img/favicon.ico
css/metisMenu/metisMenu-vertical.css
notika/documentation/js/jstree.min.js
notika/notika/green-horizotal/style.css
js/easytopie/jquery.easypiechart.min.js
notika/notika/green-horizotal/js/main.js
notika/documentation/js/jstree.active.js
notika/documentation/js/bootstrap.min.js
notika/documentation/css/tree-viewer.css
notika/notika/green-horizotal/css/main.css
notika/documentation/css/bootstrap.min.css
notika/notika/green-horizotal/js/plugins.js
notika/notika/green-horizotal/js/wow.min.js
notika/documentation/js/jquery-3.1.0.min.js
notika/notika/green-horizotal/img/blog/1.jpg
notika/notika/green-horizotal/img/green1.png
notika/notika/green-horizotal/img/post/4.jpg
notika/notika/green-horizotal/img/post/2.jpg
notika/notika/green-horizotal/img/post/1.jpg
notika/notika/green-horizotal/css/animate.css
notika/notika/green-horizotal/js/tawk-chat.js
notika/notika/green-horizotal/img/favicon.ico
notika/notika/green-horizotal/css/c3/c3.min.css
notika/notika/green-horizotal/css/normalize.css
notika/notika/green-horizotal/css/owl.theme.css
notika/notika/green-horizotal/images/select.png
notika/notika/green-horizotal/img/country/3.png
notika/notika/green-horizotal/img/country/1.png
notika/notika/green-horizotal/img/country/2.png
notika/notika/green-horizotal/img/cropper/1.jpg
notika/notika/green-horizotal/img/widgets/4.png
notika/notika/green-horizotal/img/widgets/6.png
notika/notika/green-horizotal/img/widgets/2.png
notika/notika/green-horizotal/img/logo/logo.png
notika/notika/green-horizotal/chosen-sprite.png
notika/notika/green-horizotal/css/responsive.css
notika/notika/green-horizotal/js/autosize.min.js
notika/notika/green-horizotal/js/charts/Chart.js
notika/notika/green-horizotal/css/wave/button.css
notika/notika/green-horizotal/js/bootstrap.min.js
notika/notika/green-horizotal/images/sort_asc.png
notika/notika/green-horizotal/img/dialog/like.png
notika/notika/green-horizotal/css/owl.carousel.css
notika/notika/green-horizotal/js/wave/waves.min.js
notika/notika/green-horizotal/images/sort_both.png
notika/notika/green-horizotal/images/sort_desc.png
notika/notika/green-horizotal/img/logo/favicon.png
notika/notika/green-horizotal/css/dialog/dialog.css
notika/notika/green-horizotal/css/chosen/chosen.css
notika/notika/green-horizotal/css/code-editor/1.jpg
notika/notika/green-horizotal/css/bootstrap.min.css
notika/notika/green-horizotal/js/data-map/d3.min.js
notika/notika/green-horizotal/js/chat/moment.min.js
notika/notika/green-horizotal/img/chosen-sprite.png
notika/notika/green-horizotal/fonts/notika-icon.svg
notika/notika/green-horizotal/fonts/notika-icon.eot
notika/notika/green-horizotal/fonts/FontAwesome.otf
notika/notika/green-horizotal/fonts/notika-icon.ttf
notika/notika/green-horizotal/css/wave/waves.min.css
notika/notika/green-horizotal/js/flot/flot-active.js
notika/notika/green-horizotal/js/flot/jquery.flot.js
notika/notika/green-horizotal/js/flot/curvedLines.js
notika/notika/green-horizotal/js/chat/jquery.chat.js
notika/notika/green-horizotal/js/wave/wave-active.js
notika/notika/green-horizotal/js/owl.carousel.min.js
notika/notika/green-horizotal/js/charts/bar-chart.js
notika/notika/green-horizotal/js/knob/knob-active.js
notika/notika/green-horizotal/js/knob/jquery.knob.js
notika/notika/green-horizotal/js/todo/jquery.todo.js
notika/notika/green-horizotal/fonts/notika-icon.woff
notika/notika/green-horizotal/css/owl.transitions.css
notika/notika/green-horizotal/js/data-map/topojson.js
notika/notika/green-horizotal/js/icheck/icheck.min.js
notika/notika/green-horizotal/js/dropzone/dropzone.js
notika/notika/green-horizotal/js/charts/line-chart.js
notika/notika/green-horizotal/js/charts/area-chart.js
notika/notika/green-horizotal/css/font-awesome.min.css
notika/notika/green-horizotal/js/knob/jquery.appear.js
notika/notika/green-horizotal/js/login/login-action.js
notika/notika/green-horizotal/css/dropzone/dropzone.css
notika/notika/green-horizotal/css/themesaller-forms.css
notika/notika/green-horizotal/css/color-picker/mask.png
notika/notika/green-horizotal/js/flot/chart-tooltips.js
notika/notika/green-horizotal/js/cropper/cropper.min.js
notika/notika/green-horizotal/js/jquery.scrollUp.min.js
notika/notika/green-horizotal/js/jquery-price-slider.js
notika/notika/green-horizotal/js/jasny-bootstrap.min.js
notika/notika/green-horizotal/css/notika-custom-icon.css
notika/notika/green-horizotal/css/color-picker/wheel.png
notika/notika/green-horizotal/js/wizard/wizard-active.js
notika/notika/green-horizotal/js/flot/jquery.flot.pie.js
notika/notika/green-horizotal/js/dialog/dialog-active.js
notika/notika/green-horizotal/js/icheck/icheck-active.js
notika/notika/green-horizotal/js/chosen/chosen.jquery.js
notika/notika/green-horizotal/css/cropper/cropper.min.css
notika/notika/green-horizotal/css/color-picker/marker.png
notika/notika/green-horizotal/js/flot/jquery.flot.time.js
notika/notika/green-horizotal/img/search-engines/bing.png
notika/notika/green-horizotal/css/chosen/chosen-sprite.png
notika/notika/green-horizotal/css/code-editor/ambiance.css
notika/notika/green-horizotal/js/dialog/sweetalert2.min.js
notika/notika/green-horizotal/js/cropper/cropper-actice.js
notika/notika/green-horizotal/js/code-editor/codemirror.js
notika/notika/green-horizotal/images/sort_asc_disabled.png
notika/notika/green-horizotal/img/search-engines/baidu.png
notika/notika/green-horizotal/img/search-engines/yahoo.png
notika/notika/green-horizotal/css/meanmenu/meanmenu.min.css
notika/notika/green-horizotal/css/summernote/summernote.css
notika/notika/green-horizotal/css/jquery.dataTables.min.css
notika/notika/green-horizotal/js/counterup/waypoints.min.js
notika/notika/green-horizotal/js/flot/jquery.flot.resize.js
notika/notika/green-horizotal/js/metisMenu/metisMenu.min.js
notika/notika/green-horizotal/js/code-editor/code-editor.js
notika/notika/green-horizotal/images/sort_desc_disabled.png
notika/notika/green-horizotal/img/search-engines/yandex.png
notika/notika/green-horizotal/img/search-engines/google.png
notika/notika/green-horizotal/fonts/fontawesome-webfont.ttf
notika/notika/green-horizotal/fonts/fontawesome-webfont.svg
notika/notika/green-horizotal/fonts/fontawesome-webfont.eot
notika/notika/green-horizotal/css/dialog/sweetalert2.min.css
notika/notika/green-horizotal/css/datapicker/datepicker3.css
notika/notika/green-horizotal/css/code-editor/codemirror.css
notika/notika/green-horizotal/js/easytopie/salvattore.min.js
notika/notika/green-horizotal/js/vendor/jquery-1.12.4.min.js
notika/notika/green-horizotal/js/flot/analtic-flot-active.js
notika/notika/green-horizotal/js/meanmenu/jquery.meanmenu.js
notika/notika/green-horizotal/fonts/fontawesome-webfont.woff
notika/notika/green-horizotal/css/metisMenu/metisMenu.min.css
notika/notika/green-horizotal/css/color-picker/farbtastic.css
notika/notika/green-horizotal/js/summernote/summernote.min.js
notika/notika/green-horizotal/js/data-table/data-table-act.js
notika/notika/green-horizotal/js/data-map/data-maps-active.js
notika/notika/green-horizotal/js/data-map/datamaps.all.min.js
notika/notika/green-horizotal/js/color-picker/color-picker.js
notika/notika/green-horizotal/fonts/fontawesome-webfont.woff2
notika/notika/green-horizotal/js/counterup/counterup-active.js
notika/notika/green-horizotal/js/sparkline/sparkline-active.js
notika/notika/green-horizotal/js/vendor/modernizr-2.8.3.min.js
notika/notika/green-horizotal/js/flot/jquery.flot.orderBars.js
notika/notika/green-horizotal/js/metisMenu/metisMenu-active.js
notika/notika/green-horizotal/js/animation/animation-active.js
notika/notika/green-horizotal/css/notification/notification.css
notika/notika/green-horizotal/js/rangle-slider/rangle-active.js
notika/notika/green-horizotal/js/color-picker/farbtastic.min.js
notika/notika/green-horizotal/img/search-engines/duckduckgo.png
notika/notika/green-horizotal/css/animation/animation-custom.css
notika/notika/green-horizotal/js/jvectormap/jvectormap-active.js
notika/notika/green-horizotal/js/summernote/summernote-active.js
notika/notika/green-horizotal/js/flot/jquery.flot.tooltip.min.js
notika/notika/green-horizotal/js/datapicker/datepicker-active.js
notika/notika/green-horizotal/css/metisMenu/metisMenu-vertical.css
notika/notika/green-horizotal/js/counterup/jquery.counterup.min.js
notika/notika/green-horizotal/js/sparkline/jquery.sparkline.min.js
notika/notika/green-horizotal/js/flot/flot-widget-anatic-active.js
notika/notika/green-horizotal/js/code-editor/code-editor-active.js
notika/notika/green-horizotal/js/google.maps/google.maps-active.js
notika/notika/green-horizotal/js/datapicker/bootstrap-datepicker.js
notika/notika/green-horizotal/js/google.maps/google.maps2-active.js
notika/notika/green-horizotal/js/data-table/jquery.dataTables.min.js
notika/notika/green-horizotal/js/notification/bootstrap-growl.min.js
notika/notika/green-horizotal/js/notification/notification-active.js
notika/notika/green-horizotal/fonts/glyphicons-halflings-regular.svg
notika/notika/green-horizotal/fonts/glyphicons-halflings-regular.ttf
notika/notika/green-horizotal/fonts/glyphicons-halflings-regular.eot
notika/notika/green-horizotal/js/summernote/summernote-updated.min.js
notika/notika/green-horizotal/js/easytopie/jquery.easypiechart.min.js
notika/notika/green-horizotal/js/bootstrap-select/bootstrap-select.js
notika/notika/green-horizotal/fonts/glyphicons-halflings-regular.woff
notika/notika/green-horizotal/js/wizard/jquery.bootstrap.wizard.min.js
notika/notika/green-horizotal/fonts/glyphicons-halflings-regular.woff2
notika/notika/green-horizotal/css/bootstrap-select/bootstrap-select.css
notika/notika/green-horizotal/css/jvectormap/jquery-jvectormap-2.0.3.css
notika/notika/green-horizotal/js/jvectormap/jquery-jvectormap-2.0.2.min.js
notika/notika/green-horizotal/css/scrollbar/jquery.mCustomScrollbar.min.css
notika/notika/green-horizotal/js/rangle-slider/jquery-ui-touch-punch.min.js
notika/notika/green-horizotal/js/rangle-slider/jquery-ui-1.10.4.custom.min.js
notika/notika/green-horizotal/js/jvectormap/jquery-jvectormap-world-mill-en.js
notika/notika/green-horizotal/js/scrollbar/jquery.mCustomScrollbar.concat.min.js
