{'forms-advanced.html': ['octopus/octopus/forms-advanced.html'],
 'forms-basic.html': ['octopus/octopus/forms-basic.html'],
 'forms-code-editor.html': ['octopus/octopus/forms-code-editor.html'],
 'forms-layouts.html': ['octopus/octopus/forms-layouts.html'],
 'forms-validation.html': ['octopus/octopus/forms-validation.html'],
 'forms-wizard.html': ['octopus/octopus/forms-wizard.html'],
 'index.html': ['octopus/octopus/index.html',
                'octopus/documentation/index.html',
                'assets/vendor/jquery-ui/index.html',
                'assets/vendor/flot/examples/index.html',
                'assets/vendor/codemirror/mode/index.html',
                'assets/vendor/codemirror/mode/d/index.html',
                'assets/vendor/codemirror/mode/r/index.html',
                'assets/vendor/codemirror/mode/q/index.html',
                'assets/vendor/flot/examples/ajax/index.html',
                'assets/vendor/codemirror/mode/vb/index.html',
                'assets/vendor/codemirror/mode/go/index.html',
                'assets/vendor/flot/examples/image/index.html',
                'assets/vendor/codemirror/mode/php/index.html',
                'assets/vendor/codemirror/mode/xml/index.html',
                'assets/vendor/codemirror/mode/pig/index.html',
                'assets/vendor/codemirror/mode/css/index.html',
                'assets/vendor/codemirror/mode/dtd/index.html',
                'assets/vendor/codemirror/mode/sql/index.html',
                'assets/vendor/codemirror/mode/z80/index.html',
                'assets/vendor/codemirror/mode/gfm/index.html',
                'assets/vendor/codemirror/mode/lua/index.html',
                'assets/vendor/codemirror/mode/ecl/index.html',
                'assets/vendor/codemirror/mode/apl/index.html',
                'assets/vendor/codemirror/mode/gas/index.html',
                'assets/vendor/codemirror/mode/rst/index.html',
                'assets/vendor/codemirror/mode/tcl/index.html',
                'assets/vendor/codemirror/mode/rpm/index.html',
                'assets/vendor/flot/examples/resize/index.html',
                'assets/vendor/flot/examples/canvas/index.html',
                'assets/vendor/codemirror/mode/ruby/index.html',
                'assets/vendor/codemirror/mode/solr/index.html',
                'assets/vendor/codemirror/mode/stex/index.html',
                'assets/vendor/codemirror/mode/haml/index.html',
                'assets/vendor/codemirror/mode/rust/index.html',
                'assets/vendor/codemirror/mode/sass/index.html',
                'assets/vendor/codemirror/mode/mirc/index.html',
                'assets/vendor/codemirror/mode/perl/index.html',
                'assets/vendor/codemirror/mode/haxe/index.html',
                'assets/vendor/codemirror/mode/http/index.html',
                'assets/vendor/codemirror/mode/yaml/index.html',
                'assets/vendor/codemirror/mode/jade/index.html',
                'assets/vendor/codemirror/mode/tiki/index.html',
                'assets/vendor/codemirror/mode/toml/index.html',
                'assets/vendor/codemirror/mode/diff/index.html',
                'assets/vendor/flot/examples/symbols/index.html',
                'assets/vendor/flot/examples/zooming/index.html',
                'assets/vendor/jquery-datatables-bs3/index.html',
                'assets/vendor/codemirror/mode/pegjs/index.html',
                'assets/vendor/codemirror/mode/nginx/index.html',
                'assets/vendor/codemirror/mode/sieve/index.html',
                'assets/vendor/codemirror/mode/shell/index.html',
                'assets/vendor/codemirror/mode/clike/index.html',
                'assets/vendor/codemirror/mode/cobol/index.html',
                'assets/vendor/codemirror/mode/julia/index.html',
                'assets/vendor/flot/examples/tracking/index.html',
                'assets/vendor/flot/examples/realtime/index.html',
                'assets/vendor/flot/examples/visitors/index.html',
                'assets/vendor/flot/examples/stacking/index.html',
                'assets/vendor/flot/examples/navigate/index.html',
                'assets/vendor/codemirror/mode/octave/index.html',
                'assets/vendor/codemirror/mode/turtle/index.html',
                'assets/vendor/codemirror/mode/eiffel/index.html',
                'assets/vendor/codemirror/mode/scheme/index.html',
                'assets/vendor/codemirror/mode/puppet/index.html',
                'assets/vendor/codemirror/mode/mllike/index.html',
                'assets/vendor/codemirror/mode/jinja2/index.html',
                'assets/vendor/codemirror/mode/erlang/index.html',
                'assets/vendor/codemirror/mode/sparql/index.html',
                'assets/vendor/codemirror/mode/python/index.html',
                'assets/vendor/codemirror/mode/smarty/index.html',
                'assets/vendor/codemirror/mode/groovy/index.html',
                'assets/vendor/codemirror/mode/pascal/index.html',
                'assets/vendor/codemirror/mode/xquery/index.html',
                'assets/vendor/jquery-idletimer/demos/index.html',
                'assets/vendor/flot/examples/selection/index.html',
                'assets/vendor/flot/examples/axes-time/index.html',
                'assets/vendor/flot/examples/threshold/index.html',
                'assets/vendor/codemirror/mode/fortran/index.html',
                'assets/vendor/codemirror/mode/gherkin/index.html',
                'assets/vendor/codemirror/mode/haskell/index.html',
                'assets/vendor/codemirror/mode/clojure/index.html',
                'assets/vendor/codemirror/mode/verilog/index.html',
                'assets/vendor/flot/examples/annotating/index.html',
                'assets/vendor/flot/examples/series-pie/index.html',
                'assets/vendor/flot/examples/categories/index.html',
                'assets/vendor/codemirror/mode/velocity/index.html',
                'assets/vendor/codemirror/mode/asterisk/index.html',
                'assets/vendor/codemirror/mode/markdown/index.html',
                'assets/vendor/codemirror/mode/ntriples/index.html',
                'assets/vendor/codemirror/mode/vbscript/index.html',
                'octopus/octopus/assets/vendor/jquery-ui/index.html',
                'assets/vendor/flot/examples/interacting/index.html',
                'assets/vendor/flot/examples/basic-usage/index.html',
                'assets/vendor/flot/examples/percentiles/index.html',
                'assets/vendor/codemirror/mode/smalltalk/index.html',
                'assets/vendor/codemirror/mode/htmlmixed/index.html',
                'assets/vendor/flot/examples/series-types/index.html',
                'assets/vendor/codemirror/mode/tiddlywiki/index.html',
                'assets/vendor/codemirror/mode/livescript/index.html',
                'assets/vendor/codemirror/mode/properties/index.html',
                'assets/vendor/codemirror/mode/javascript/index.html',
                'assets/vendor/codemirror/mode/commonlisp/index.html',
                'assets/vendor/jquery-datatables/examples/index.html',
                'assets/vendor/flot/examples/basic-options/index.html',
                'assets/vendor/flot/examples/series-toggle/index.html',
                'assets/vendor/flot/examples/axes-multiple/index.html',
                'assets/vendor/codemirror/mode/smartymixed/index.html',
                'assets/vendor/codemirror/mode/rpm/changes/index.html',
                'assets/vendor/codemirror/mode/htmlembedded/index.html',
                'assets/vendor/codemirror/mode/coffeescript/index.html',
                'octopus/octopus/assets/vendor/flot/examples/index.html',
                'assets/vendor/flot/examples/axes-time-zones/index.html',
                'assets/vendor/flot/examples/series-errorbars/index.html',
                'assets/vendor/flot/examples/axes-interacting/index.html',
                'assets/vendor/jquery-datatables/examples/api/index.html',
                'octopus/octopus/assets/vendor/codemirror/mode/index.html',
                'assets/vendor/jquery-datatables/examples/ajax/index.html',
                'octopus/octopus/assets/vendor/codemirror/mode/d/index.html',
                'octopus/octopus/assets/vendor/codemirror/mode/r/index.html',
                'octopus/octopus/assets/vendor/codemirror/mode/q/index.html',
                'octopus/octopus/assets/vendor/flot/examples/ajax/index.html',
                'octopus/octopus/assets/vendor/codemirror/mode/vb/index.html',
                'octopus/octopus/assets/vendor/codemirror/mode/go/index.html',
                'assets/vendor/jquery-ui/development-bundle/demos/index.html',
                'assets/vendor/jquery-datatables/examples/styling/index.html',
                'octopus/octopus/assets/vendor/flot/examples/image/index.html',
                'octopus/octopus/assets/vendor/codemirror/mode/php/index.html',
                'octopus/octopus/assets/vendor/codemirror/mode/xml/index.html',
                'octopus/octopus/assets/vendor/codemirror/mode/pig/index.html',
                'octopus/octopus/assets/vendor/codemirror/mode/css/index.html',
                'octopus/octopus/assets/vendor/codemirror/mode/dtd/index.html',
                'octopus/octopus/assets/vendor/codemirror/mode/sql/index.html',
                'octopus/octopus/assets/vendor/codemirror/mode/z80/index.html',
                'octopus/octopus/assets/vendor/codemirror/mode/gfm/index.html',
                'octopus/octopus/assets/vendor/codemirror/mode/lua/index.html',
                'octopus/octopus/assets/vendor/codemirror/mode/ecl/index.html',
                'octopus/octopus/assets/vendor/codemirror/mode/apl/index.html',
                'octopus/octopus/assets/vendor/codemirror/mode/gas/index.html',
                'octopus/octopus/assets/vendor/codemirror/mode/rst/index.html',
                'octopus/octopus/assets/vendor/codemirror/mode/tcl/index.html',
                'octopus/octopus/assets/vendor/codemirror/mode/rpm/index.html',
                'assets/vendor/jquery-datatables/examples/plug-ins/index.html',
                'octopus/octopus/assets/vendor/flot/examples/resize/index.html',
                'octopus/octopus/assets/vendor/flot/examples/canvas/index.html',
                'octopus/octopus/assets/vendor/codemirror/mode/ruby/index.html',
                'octopus/octopus/assets/vendor/codemirror/mode/solr/index.html',
                'octopus/octopus/assets/vendor/codemirror/mode/stex/index.html',
                'octopus/octopus/assets/vendor/codemirror/mode/haml/index.html',
                'octopus/octopus/assets/vendor/codemirror/mode/rust/index.html',
                'octopus/octopus/assets/vendor/codemirror/mode/sass/index.html',
                'octopus/octopus/assets/vendor/codemirror/mode/mirc/index.html',
                'octopus/octopus/assets/vendor/codemirror/mode/perl/index.html',
                'octopus/octopus/assets/vendor/codemirror/mode/haxe/index.html',
                'octopus/octopus/assets/vendor/codemirror/mode/http/index.html',
                'octopus/octopus/assets/vendor/codemirror/mode/yaml/index.html',
                'octopus/octopus/assets/vendor/codemirror/mode/jade/index.html',
                'octopus/octopus/assets/vendor/codemirror/mode/tiki/index.html',
                'octopus/octopus/assets/vendor/codemirror/mode/toml/index.html',
                'octopus/octopus/assets/vendor/codemirror/mode/diff/index.html',
                'octopus/octopus/assets/vendor/flot/examples/symbols/index.html',
                'octopus/octopus/assets/vendor/flot/examples/zooming/index.html',
                'octopus/octopus/assets/vendor/jquery-datatables-bs3/index.html',
                'octopus/octopus/assets/vendor/codemirror/mode/pegjs/index.html',
                'octopus/octopus/assets/vendor/codemirror/mode/nginx/index.html',
                'octopus/octopus/assets/vendor/codemirror/mode/sieve/index.html',
                'octopus/octopus/assets/vendor/codemirror/mode/shell/index.html',
                'octopus/octopus/assets/vendor/codemirror/mode/clike/index.html',
                'octopus/octopus/assets/vendor/codemirror/mode/cobol/index.html',
                'octopus/octopus/assets/vendor/codemirror/mode/julia/index.html',
                'assets/vendor/jquery-datatables/examples/basic_init/index.html',
                'octopus/octopus/assets/vendor/flot/examples/tracking/index.html',
                'octopus/octopus/assets/vendor/flot/examples/realtime/index.html',
                'octopus/octopus/assets/vendor/flot/examples/visitors/index.html',
                'octopus/octopus/assets/vendor/flot/examples/stacking/index.html',
                'octopus/octopus/assets/vendor/flot/examples/navigate/index.html',
                'octopus/octopus/assets/vendor/codemirror/mode/octave/index.html',
                'octopus/octopus/assets/vendor/codemirror/mode/turtle/index.html',
                'octopus/octopus/assets/vendor/codemirror/mode/eiffel/index.html',
                'octopus/octopus/assets/vendor/codemirror/mode/scheme/index.html',
                'octopus/octopus/assets/vendor/codemirror/mode/puppet/index.html',
                'octopus/octopus/assets/vendor/codemirror/mode/mllike/index.html',
                'octopus/octopus/assets/vendor/codemirror/mode/jinja2/index.html',
                'octopus/octopus/assets/vendor/codemirror/mode/erlang/index.html',
                'octopus/octopus/assets/vendor/codemirror/mode/sparql/index.html',
                'octopus/octopus/assets/vendor/codemirror/mode/python/index.html',
                'octopus/octopus/assets/vendor/codemirror/mode/smarty/index.html',
                'octopus/octopus/assets/vendor/codemirror/mode/groovy/index.html',
                'octopus/octopus/assets/vendor/codemirror/mode/pascal/index.html',
                'octopus/octopus/assets/vendor/codemirror/mode/xquery/index.html',
                'octopus/octopus/assets/vendor/jquery-idletimer/demos/index.html',
                'assets/vendor/jquery-datatables/examples/server_side/index.html',
                'octopus/octopus/assets/vendor/flot/examples/selection/index.html',
                'octopus/octopus/assets/vendor/flot/examples/axes-time/index.html',
                'octopus/octopus/assets/vendor/flot/examples/threshold/index.html',
                'octopus/octopus/assets/vendor/codemirror/mode/fortran/index.html',
                'octopus/octopus/assets/vendor/codemirror/mode/gherkin/index.html',
                'octopus/octopus/assets/vendor/codemirror/mode/haskell/index.html',
                'octopus/octopus/assets/vendor/codemirror/mode/clojure/index.html',
                'octopus/octopus/assets/vendor/codemirror/mode/verilog/index.html',
                'assets/vendor/jquery-datatables/examples/data_sources/index.html',
                'octopus/octopus/assets/vendor/flot/examples/annotating/index.html',
                'octopus/octopus/assets/vendor/flot/examples/series-pie/index.html',
                'octopus/octopus/assets/vendor/flot/examples/categories/index.html',
                'octopus/octopus/assets/vendor/codemirror/mode/velocity/index.html',
                'octopus/octopus/assets/vendor/codemirror/mode/asterisk/index.html',
                'octopus/octopus/assets/vendor/codemirror/mode/markdown/index.html',
                'octopus/octopus/assets/vendor/codemirror/mode/ntriples/index.html',
                'octopus/octopus/assets/vendor/codemirror/mode/vbscript/index.html',
                'assets/vendor/jquery-datatables/extras/ColVis/examples/index.html',
                'assets/vendor/jquery-datatables/examples/advanced_init/index.html',
                'octopus/octopus/assets/vendor/flot/examples/interacting/index.html',
                'octopus/octopus/assets/vendor/flot/examples/basic-usage/index.html',
                'octopus/octopus/assets/vendor/flot/examples/percentiles/index.html',
                'octopus/octopus/assets/vendor/codemirror/mode/smalltalk/index.html',
                'octopus/octopus/assets/vendor/codemirror/mode/htmlmixed/index.html',
                'assets/vendor/jquery-ui/development-bundle/demos/widget/index.html',
                'assets/vendor/jquery-ui/development-bundle/demos/slider/index.html',
                'assets/vendor/jquery-ui/development-bundle/demos/button/index.html',
                'octopus/octopus/assets/vendor/flot/examples/series-types/index.html',
                'octopus/octopus/assets/vendor/codemirror/mode/tiddlywiki/index.html',
                'octopus/octopus/assets/vendor/codemirror/mode/livescript/index.html',
                'octopus/octopus/assets/vendor/codemirror/mode/properties/index.html',
                'octopus/octopus/assets/vendor/codemirror/mode/javascript/index.html',
                'octopus/octopus/assets/vendor/codemirror/mode/commonlisp/index.html',
                'octopus/octopus/assets/vendor/jquery-datatables/examples/index.html',
                'assets/vendor/jquery-ui/development-bundle/demos/spinner/index.html',
                'assets/vendor/jquery-datatables/extras/Scroller/examples/index.html',
                'assets/vendor/jquery-datatables/extras/AutoFill/examples/index.html',
                'octopus/octopus/assets/vendor/flot/examples/basic-options/index.html',
                'octopus/octopus/assets/vendor/flot/examples/series-toggle/index.html',
                'octopus/octopus/assets/vendor/flot/examples/axes-multiple/index.html',
                'octopus/octopus/assets/vendor/codemirror/mode/smartymixed/index.html',
                'octopus/octopus/assets/vendor/codemirror/mode/rpm/changes/index.html',
                'octopus/octopus/assets/vendor/codemirror/mode/htmlembedded/index.html',
                'octopus/octopus/assets/vendor/codemirror/mode/coffeescript/index.html',
                'assets/vendor/jquery-ui/development-bundle/demos/resizable/index.html',
                'assets/vendor/jquery-ui/development-bundle/demos/droppable/index.html',
                'assets/vendor/jquery-ui/development-bundle/demos/draggable/index.html',
                'assets/vendor/jquery-datatables/extras/ColReorder/examples/index.html',
                'assets/vendor/jquery-datatables/extras/TableTools/examples/index.html',
                'assets/vendor/jquery-datatables/extras/Responsive/examples/index.html',
                'assets/vendor/jquery-datatables/extensions/ColVis/examples/index.html',
                'octopus/octopus/assets/vendor/flot/examples/axes-time-zones/index.html',
                'assets/vendor/jquery-datatables/extras/FixedHeader/examples/index.html',
                'assets/vendor/jquery-datatables/examples/resources/jqueryui/index.html',
                'octopus/octopus/assets/vendor/flot/examples/series-errorbars/index.html',
                'octopus/octopus/assets/vendor/flot/examples/axes-interacting/index.html',
                'octopus/octopus/assets/vendor/jquery-datatables/examples/api/index.html',
                'assets/vendor/jquery-datatables/extras/FixedColumns/examples/index.html',
                'assets/vendor/jquery-datatables/extensions/Scroller/examples/index.html',
                'assets/vendor/jquery-datatables/extensions/KeyTable/examples/index.html',
                'assets/vendor/jquery-datatables/extensions/AutoFill/examples/index.html',
                'octopus/octopus/assets/vendor/jquery-datatables/examples/ajax/index.html',
                'assets/vendor/jquery-datatables/extensions/ColReorder/examples/index.html',
                'assets/vendor/jquery-datatables/extensions/TableTools/examples/index.html',
                'assets/vendor/jquery-datatables/extensions/Responsive/examples/index.html',
                'assets/vendor/jquery-datatables/examples/resources/bootstrap/3/index.html',
                'assets/vendor/jquery-datatables/extensions/FixedHeader/examples/index.html',
                'octopus/octopus/assets/vendor/jquery-ui/development-bundle/demos/index.html',
                'octopus/octopus/assets/vendor/jquery-datatables/examples/styling/index.html',
                'assets/vendor/jquery-datatables/extensions/FixedColumns/examples/index.html',
                'octopus/octopus/assets/vendor/jquery-datatables/examples/plug-ins/index.html',
                'assets/vendor/jquery-datatables/extras/Responsive/examples/styling/index.html',
                'octopus/octopus/assets/vendor/jquery-datatables/examples/basic_init/index.html',
                'octopus/octopus/assets/vendor/jquery-datatables/examples/server_side/index.html',
                'octopus/octopus/assets/vendor/jquery-datatables/examples/data_sources/index.html',
                'assets/vendor/jquery-datatables/extras/Responsive/examples/child-rows/index.html',
                'octopus/octopus/assets/vendor/jquery-datatables/extras/ColVis/examples/index.html',
                'octopus/octopus/assets/vendor/jquery-datatables/examples/advanced_init/index.html',
                'assets/vendor/jquery-datatables/extensions/Responsive/examples/styling/index.html',
                'octopus/octopus/assets/vendor/jquery-ui/development-bundle/demos/widget/index.html',
                'octopus/octopus/assets/vendor/jquery-ui/development-bundle/demos/slider/index.html',
                'octopus/octopus/assets/vendor/jquery-ui/development-bundle/demos/button/index.html',
                'octopus/octopus/assets/vendor/jquery-ui/development-bundle/demos/spinner/index.html',
                'octopus/octopus/assets/vendor/jquery-datatables/extras/Scroller/examples/index.html',
                'octopus/octopus/assets/vendor/jquery-datatables/extras/AutoFill/examples/index.html',
                'assets/vendor/jquery-datatables/extras/Responsive/examples/initialisation/index.html',
                'assets/vendor/jquery-datatables/extensions/Responsive/examples/child-rows/index.html',
                'octopus/octopus/assets/vendor/jquery-ui/development-bundle/demos/resizable/index.html',
                'octopus/octopus/assets/vendor/jquery-ui/development-bundle/demos/droppable/index.html',
                'octopus/octopus/assets/vendor/jquery-ui/development-bundle/demos/draggable/index.html',
                'octopus/octopus/assets/vendor/jquery-datatables/extras/ColReorder/examples/index.html',
                'octopus/octopus/assets/vendor/jquery-datatables/extras/TableTools/examples/index.html',
                'octopus/octopus/assets/vendor/jquery-datatables/extras/Responsive/examples/index.html',
                'octopus/octopus/assets/vendor/jquery-datatables/extensions/ColVis/examples/index.html',
                'assets/vendor/jquery-datatables/extras/Responsive/examples/display-control/index.html',
                'octopus/octopus/assets/vendor/jquery-datatables/extras/FixedHeader/examples/index.html',
                'octopus/octopus/assets/vendor/jquery-datatables/examples/resources/jqueryui/index.html',
                'octopus/octopus/assets/vendor/jquery-datatables/extras/FixedColumns/examples/index.html',
                'octopus/octopus/assets/vendor/jquery-datatables/extensions/Scroller/examples/index.html',
                'octopus/octopus/assets/vendor/jquery-datatables/extensions/KeyTable/examples/index.html',
                'octopus/octopus/assets/vendor/jquery-datatables/extensions/AutoFill/examples/index.html',
                'assets/vendor/jquery-datatables/extensions/Responsive/examples/initialisation/index.html',
                'octopus/octopus/assets/vendor/jquery-datatables/extensions/ColReorder/examples/index.html',
                'octopus/octopus/assets/vendor/jquery-datatables/extensions/TableTools/examples/index.html',
                'octopus/octopus/assets/vendor/jquery-datatables/extensions/Responsive/examples/index.html',
                'octopus/octopus/assets/vendor/jquery-datatables/examples/resources/bootstrap/3/index.html',
                'assets/vendor/jquery-datatables/extensions/Responsive/examples/display-control/index.html',
                'octopus/octopus/assets/vendor/jquery-datatables/extensions/FixedHeader/examples/index.html',
                'octopus/octopus/assets/vendor/jquery-datatables/extensions/FixedColumns/examples/index.html',
                'octopus/octopus/assets/vendor/jquery-datatables/extras/Responsive/examples/styling/index.html',
                'octopus/octopus/assets/vendor/jquery-datatables/extras/Responsive/examples/child-rows/index.html',
                'octopus/octopus/assets/vendor/jquery-datatables/extensions/Responsive/examples/styling/index.html',
                'octopus/octopus/assets/vendor/jquery-datatables/extras/Responsive/examples/initialisation/index.html',
                'octopus/octopus/assets/vendor/jquery-datatables/extensions/Responsive/examples/child-rows/index.html',
                'octopus/octopus/assets/vendor/jquery-datatables/extras/Responsive/examples/display-control/index.html',
                'octopus/octopus/assets/vendor/jquery-datatables/extensions/Responsive/examples/initialisation/index.html',
                'octopus/octopus/assets/vendor/jquery-datatables/extensions/Responsive/examples/display-control/index.html'],
 'layouts-boxed.html': ['octopus/octopus/layouts-boxed.html'],
 'layouts-default.html': ['octopus/octopus/layouts-default.html'],
 'layouts-menu-collapsed.html': ['octopus/octopus/layouts-menu-collapsed.html'],
 'layouts-scroll.html': ['octopus/octopus/layouts-scroll.html'],
 'mailbox-compose.html': ['octopus/octopus/mailbox-compose.html'],
 'mailbox-email.html': ['octopus/octopus/mailbox-email.html'],
 'mailbox-folder.html': ['octopus/octopus/mailbox-folder.html'],
 'maps-google-maps-builder.html': ['octopus/octopus/maps-google-maps-builder.html'],
 'maps-google-maps.html': ['octopus/octopus/maps-google-maps.html'],
 'maps-vector.html': ['octopus/octopus/maps-vector.html'],
 'pages-404.html': ['octopus/octopus/pages-404.html'],
 'pages-500.html': ['octopus/octopus/pages-500.html'],
 'pages-blank.html': ['octopus/octopus/pages-blank.html'],
 'pages-calendar.html': ['octopus/octopus/pages-calendar.html'],
 'pages-invoice-print.html': ['octopus/octopus/pages-invoice-print.html'],
 'pages-invoice.html': ['octopus/octopus/pages-invoice.html'],
 'pages-lock-screen.html': ['octopus/octopus/pages-lock-screen.html'],
 'pages-log-viewer.html': ['octopus/octopus/pages-log-viewer.html'],
 'pages-media-gallery.html': ['octopus/octopus/pages-media-gallery.html'],
 'pages-recover-password.html': ['octopus/octopus/pages-recover-password.html'],
 'pages-search-results.html': ['octopus/octopus/pages-search-results.html'],
 'pages-session-timeout.html': ['octopus/octopus/pages-session-timeout.html'],
 'pages-signin.html': ['octopus/octopus/pages-signin.html'],
 'pages-signup.html': ['octopus/octopus/pages-signup.html'],
 'pages-timeline.html': ['octopus/octopus/pages-timeline.html'],
 'pages-user-profile.html': ['octopus/octopus/pages-user-profile.html'],
 'tables-advanced.html': ['octopus/octopus/tables-advanced.html'],
 'tables-ajax.html': ['octopus/octopus/tables-ajax.html'],
 'tables-basic.html': ['octopus/octopus/tables-basic.html'],
 'tables-editable.html': ['octopus/octopus/tables-editable.html'],
 'tables-pricing.html': ['octopus/octopus/tables-pricing.html'],
 'tables-responsive.html': ['octopus/octopus/tables-responsive.html'],
 'ui-elements-accordions.html': ['octopus/octopus/ui-elements-accordions.html'],
 'ui-elements-alerts.html': ['octopus/octopus/ui-elements-alerts.html'],
 'ui-elements-animations.html': ['octopus/octopus/ui-elements-animations.html'],
 'ui-elements-buttons.html': ['octopus/octopus/ui-elements-buttons.html'],
 'ui-elements-carousels.html': ['octopus/octopus/ui-elements-carousels.html'],
 'ui-elements-charts.html': ['octopus/octopus/ui-elements-charts.html'],
 'ui-elements-extra.html': ['octopus/octopus/ui-elements-extra.html'],
 'ui-elements-grid-system.html': ['octopus/octopus/ui-elements-grid-system.html'],
 'ui-elements-icons.html': ['octopus/octopus/ui-elements-icons.html'],
 'ui-elements-lightbox-ajax.html': ['assets/ajax/ui-elements-lightbox-ajax.html',
                                    'octopus/octopus/assets/ajax/ui-elements-lightbox-ajax.html'],
 'ui-elements-lightbox.html': ['octopus/octopus/ui-elements-lightbox.html'],
 'ui-elements-modals-ajax.html': ['assets/ajax/ui-elements-modals-ajax.html',
                                  'octopus/octopus/assets/ajax/ui-elements-modals-ajax.html'],
 'ui-elements-modals.html': ['octopus/octopus/ui-elements-modals.html'],
 'ui-elements-nestable.html': ['octopus/octopus/ui-elements-nestable.html'],
 'ui-elements-notifications.html': ['octopus/octopus/ui-elements-notifications.html'],
 'ui-elements-panels.html': ['octopus/octopus/ui-elements-panels.html'],
 'ui-elements-portlets.html': ['octopus/octopus/ui-elements-portlets.html'],
 'ui-elements-progressbars.html': ['octopus/octopus/ui-elements-progressbars.html'],
 'ui-elements-sliders.html': ['octopus/octopus/ui-elements-sliders.html'],
 'ui-elements-tabs.html': ['octopus/octopus/ui-elements-tabs.html'],
 'ui-elements-tree-view.html': ['octopus/octopus/ui-elements-tree-view.html'],
 'ui-elements-typography.html': ['octopus/octopus/ui-elements-typography.html'],
 'ui-elements-widgets.html': ['octopus/octopus/ui-elements-widgets.html']}
