index.html
pages-500.html
pages-404.html
maps-vector.html
forms-basic.html
pages-blank.html
tables-ajax.html
pages-signin.html
pages-signup.html
tables-basic.html
forms-wizard.html
layouts-boxed.html
forms-layouts.html
pages-invoice.html
mailbox-email.html
forms-advanced.html
layouts-scroll.html
pages-timeline.html
pages-calendar.html
mailbox-folder.html
tables-pricing.html
layouts-default.html
tables-editable.html
mailbox-compose.html
tables-advanced.html
forms-validation.html
ui-elements-tabs.html
pages-log-viewer.html
maps-google-maps.html
ui-elements-icons.html
forms-code-editor.html
tables-responsive.html
pages-lock-screen.html
ui-elements-extra.html
ui-elements-alerts.html
ui-elements-charts.html
pages-user-profile.html
ui-elements-modals.html
ui-elements-panels.html
pages-media-gallery.html
pages-invoice-print.html
ui-elements-buttons.html
ui-elements-widgets.html
ui-elements-sliders.html
ui-elements-portlets.html
ui-elements-nestable.html
pages-search-results.html
ui-elements-lightbox.html
pages-session-timeout.html
ui-elements-carousels.html
ui-elements-tree-view.html
ui-elements-animations.html
layouts-menu-collapsed.html
ui-elements-typography.html
pages-recover-password.html
ui-elements-accordions.html
ui-elements-modals-ajax.html
ui-elements-grid-system.html
ui-elements-progressbars.html
maps-google-maps-builder.html
ui-elements-lightbox-ajax.html
ui-elements-notifications.html
favicon.ico
assets/images/logo.png
assets/images/arrows.png
assets/images/jstree.png
assets/images/device.png
assets/javascripts/theme.js
assets/stylesheets/theme.css
assets/vendor/gmaps/gmaps.js
assets/vendor/gauge/gauge.js
assets/images/jstree-dark.png
assets/images/invoice-logo.png
assets/images/post-thumb-1.jpg
assets/images/blog-image-3.jpg
assets/images/!logged-user.jpg
assets/images/post-thumb-2.jpg
assets/images/blog-image-1.jpg
assets/images/post-thumb-3.jpg
assets/images/!sample-user.jpg
assets/images/blog-image-2.jpg
assets/vendor/jquery/jquery.js
assets/vendor/morris/morris.js
assets/vendor/jstree/jstree.js
assets/vendor/jqvmap/jqvmap.css
assets/vendor/morris/morris.css
assets/vendor/store-js/store.js
assets/images/patterns/denim.png
assets/javascripts/theme.init.js
assets/vendor/select2/select2.js
assets/vendor/raphael/raphael.js
assets/vendor/flot/jquery.flot.js
assets/vendor/select2/select2.css
assets/vendor/select2/select2.png
octopus/documentation/css/32px.png
assets/images/projects/project.jpg
assets/javascripts/theme.custom.js
assets/vendor/dropzone/dropzone.js
assets/vendor/snap-svg/snap.svg.js
assets/vendor/fuelux/js/spinner.js
assets/stylesheets/theme-custom.css
assets/vendor/flot/jquery.min.js.un
assets/vendor/jqvmap/jquery.vmap.js
assets/vendor/select2/select2x2.png
assets/images/projects/project-4.jpg
assets/images/projects/project-6.jpg
assets/images/projects/project-3.jpg
assets/images/projects/project-1.jpg
assets/images/projects/project-2.jpg
assets/images/projects/project-5.jpg
assets/images/projects/project-7.jpg
assets/images/patterns/noisy_net.png
assets/stylesheets/invoice-print.css
assets/stylesheets/skins/default.css
assets/vendor/dropzone/css/basic.css
assets/vendor/modernizr/modernizr.js
assets/vendor/flot/excanvas.min.js.un
assets/vendor/flot/jquery.flot.pie.js
assets/vendor/jquery/jquery.min.js.un
assets/vendor/morris/morris.min.js.un
octopus/documentation/css/throbber.gif
assets/vendor/summernote/summernote.js
assets/ajax/ajax-datatables-sample.json
assets/vendor/owl-carousel/grabbing.png
assets/vendor/dropzone/css/dropzone.css
assets/vendor/select2/select2.min.js.un
assets/vendor/isotope/jquery.isotope.js
assets/vendor/summernote/summernote.css
assets/vendor/pnotify/pnotify.custom.js
assets/vendor/bootstrap/js/bootstrap.js
assets/images/widget-twitter-profile.jpg
assets/javascripts/maps/examples.gmap.js
assets/javascripts/maps/snazzy.themes.js
assets/vendor/flot/jquery.flot.min.js.un
assets/vendor/flot/jquery.flot.resize.js
assets/vendor/owl-carousel/owl.theme.css
assets/vendor/isotope/jquery.isotope.css
assets/vendor/codemirror/mode/xml/xml.js
assets/vendor/codemirror/mode/css/css.js
assets/vendor/ios7-switch/ios7-switch.js
assets/vendor/pnotify/pnotify.custom.css
octopus/documentation/js/jstree.min.js.un
assets/vendor/owl-carousel/AjaxLoader.gif
assets/vendor/dropzone/dropzone.min.js.un
assets/vendor/select2/select2-spinner.gif
assets/vendor/bootstrap/css/bootstrap.css
assets/vendor/flot/examples/background.png
assets/vendor/fullcalendar/fullcalendar.js
assets/vendor/owl-carousel/owl.carousel.js
assets/vendor/jqvmap/jquery.vmap.min.js.un
assets/vendor/liquid-meter/liquid.meter.js
assets/vendor/codemirror/lib/codemirror.js
assets/vendor/codemirror/theme/monokai.css
assets/vendor/nanoscroller/nanoscroller.js
assets/javascripts/forms/examples.wizard.js
assets/vendor/fullcalendar/fullcalendar.css
assets/vendor/owl-carousel/owl.carousel.css
assets/vendor/dropzone/images/spritemap.png
assets/vendor/codemirror/lib/codemirror.css
assets/vendor/summernote/summernote-bs3.css
octopus/documentation/js/bootstrap.min.js.un
assets/vendor/flot/jquery.flot.pie.min.js.un
assets/vendor/flot/jquery.flot.categories.js
assets/vendor/fullcalendar/lib/moment.min.js
assets/vendor/jquery-appear/jquery.appear.js
assets/vendor/jstree/themes/default/40px.png
assets/javascripts/pages/examples.timeline.js
assets/javascripts/pages/examples.calendar.js
assets/vendor/flot/jquery.flot.time.min.js.un
assets/vendor/jstree/themes/default/style.css
octopus/documentation/css/bootstrap.min.css.un
assets/vendor/flot/jquery.flot.image.min.js.un
assets/vendor/flot/jquery.flot.stack.min.js.un
assets/vendor/jqvmap/maps/jquery.vmap.world.js
assets/vendor/magnific-popup/magnific-popup.js
assets/vendor/bootstrap/js/bootstrap.min.js.un
octopus/documentation/js/jquery-3.1.0.min.js.un
assets/javascripts/pages/examples.lockscreen.js
assets/javascripts/maps/examples.vector.maps.js
assets/javascripts/maps/examples.map.builder.js
assets/javascripts/forms/examples.validation.js
assets/vendor/flot/jquery.flot.canvas.min.js.un
assets/vendor/flot/jquery.flot.resize.min.js.un
assets/vendor/flot/jquery.flot.symbol.min.js.un
assets/vendor/fullcalendar/lib/moment.min.js.un
assets/vendor/fullcalendar/lib/jquery.min.js.un
assets/vendor/magnific-popup/magnific-popup.css
assets/vendor/bootstrap-markdown/js/markdown.js
assets/vendor/font-awesome/css/font-awesome.css
assets/vendor/flot/jquery.colorhelpers.min.js.un
assets/vendor/jquery-autosize/jquery.autosize.js
assets/vendor/jquery-nestable/jquery.nestable.js
assets/vendor/bootstrap/css/bootstrap.min.css.un
assets/javascripts/pages/examples.mediagallery.js
assets/javascripts/ui-elements/examples.charts.js
assets/javascripts/ui-elements/examples.modals.js
assets/vendor/flot/jquery.flot.navigate.min.js.un
assets/vendor/fullcalendar/fullcalendar.min.js.un
assets/vendor/fullcalendar/fullcalendar.print.css
assets/vendor/owl-carousel/owl.carousel.min.js.un
assets/vendor/flot-tooltip/jquery.flot.tooltip.js
assets/vendor/jquery-idletimer/dist/idle-timer.js
assets/javascripts/ui-elements/examples.widgets.js
assets/javascripts/dashboard/examples.dashboard.js
assets/javascripts/forms/examples.advanced.form.js
assets/vendor/jquery-validation/jquery.validate.js
assets/vendor/flot/jquery.flot.selection.min.js.un
assets/vendor/flot/jquery.flot.threshold.min.js.un
assets/vendor/flot/jquery.flot.crosshair.min.js.un
assets/vendor/flot/jquery.flot.errorbars.min.js.un
assets/vendor/jquery-sparkline/jquery.sparkline.js
assets/vendor/bootstrap-markdown/js/to-markdown.js
octopus/octopus/assets/vendor/flot/jquery.min.js.un
assets/javascripts/ui-elements/examples.lightbox.js
assets/javascripts/ui-elements/examples.nestable.js
assets/javascripts/ui-elements/examples.treeview.js
assets/javascripts/ui-elements/examples.portlets.js
assets/vendor/flot/jquery.flot.categories.min.js.un
assets/vendor/jqvmap/data/jquery.vmap.sampledata.js
assets/javascripts/pages/examples.session.timeout.js
assets/vendor/flot/jquery.flot.fillbetween.min.js.un
assets/vendor/codemirror/mode/htmlmixed/htmlmixed.js
assets/vendor/codemirror/addon/edit/matchbrackets.js
assets/vendor/jstree/themes/default/style.min.css.un
octopus/octopus/assets/vendor/flot/excanvas.min.js.un
octopus/octopus/assets/vendor/jquery/jquery.min.js.un
octopus/octopus/assets/vendor/morris/morris.min.js.un
assets/javascripts/tables/examples.datatables.ajax.js
assets/vendor/jquery-ui/js/jquery-ui-1.10.4.custom.js
assets/vendor/jquery-maskedinput/jquery.maskedinput.js
assets/vendor/codemirror/mode/javascript/javascript.js
assets/vendor/bootstrap-datepicker/css/datepicker3.css
assets/vendor/jquery-placeholder/jquery.placeholder.js
assets/vendor/bootstrap/css/bootstrap-theme.min.css.un
assets/vendor/font-awesome/css/font-awesome.min.css.un
octopus/octopus/assets/vendor/select2/select2.min.js.un
assets/vendor/codemirror/addon/selection/active-line.js
octopus/octopus/assets/vendor/flot/jquery.flot.min.js.un
assets/javascripts/tables/examples.datatables.default.js
assets/javascripts/ui-elements/examples.notifications.js
assets/vendor/jqvmap/maps/continents/jquery.vmap.asia.js
assets/vendor/bootstrap-maxlength/bootstrap-maxlength.js
assets/vendor/bootstrap-tagsinput/bootstrap-tagsinput.js
assets/vendor/jquery-easypiechart/jquery.easypiechart.js
assets/vendor/jquery-idletimer/dist/idle-timer.min.js.un
assets/vendor/font-awesome/fonts/fontawesome-webfont.ttf
assets/vendor/font-awesome/fonts/fontawesome-webfont.svg
assets/vendor/font-awesome/fonts/fontawesome-webfont.eot
octopus/octopus/assets/vendor/dropzone/dropzone.min.js.un
assets/javascripts/tables/examples.datatables.editable.js
assets/vendor/jquery-validation/jquery.validate.min.js.un
assets/vendor/fullcalendar/lib/jquery-ui.custom.min.js.un
assets/vendor/bootstrap-tagsinput/bootstrap-tagsinput.css
assets/vendor/bootstrap-markdown/js/bootstrap-markdown.js
assets/vendor/font-awesome/fonts/fontawesome-webfont.woff
assets/vendor/jquery-datatables/media/images/sort_asc.png
assets/vendor/bootstrap-wizard/jquery.bootstrap.wizard.js
octopus/octopus/assets/vendor/jqvmap/jquery.vmap.min.js.un
assets/vendor/jqvmap/maps/continents/jquery.vmap.europe.js
assets/vendor/jqvmap/maps/continents/jquery.vmap.africa.js
assets/vendor/jquery-datatables/media/images/sort_both.png
assets/vendor/jquery-datatables/media/images/sort_desc.png
assets/javascripts/tables/examples.datatables.tabletools.js
assets/vendor/jquery-datatables-bs3/assets/js/datatables.js
octopus/octopus/assets/vendor/flot/jquery.flot.pie.min.js.un
assets/vendor/jquery-validation/additional-methods.min.js.un
assets/vendor/bootstrap-multiselect/bootstrap-multiselect.js
assets/vendor/jquery-browser-mobile/jquery.browser.mobile.js
assets/vendor/jquery-ui/js/jquery-ui-1.10.4.custom.min.js.un
assets/vendor/jquery-ui-touch-punch/jquery.ui.touch-punch.js
octopus/octopus/assets/vendor/flot/jquery.flot.time.min.js.un
assets/vendor/jquery-maskedinput/jquery.maskedinput.min.js.un
assets/vendor/fullcalendar/lib/cupertino/jquery-ui.min.css.un
assets/vendor/jqvmap/maps/continents/jquery.vmap.australia.js
assets/vendor/bootstrap-multiselect/bootstrap-multiselect.css
assets/vendor/jquery-datatables-bs3/assets/css/datatables.css
assets/vendor/bootstrap-timepicker/js/bootstrap-timepicker.js
assets/vendor/bootstrap-datepicker/js/bootstrap-datepicker.js
assets/vendor/jquery-datatables/media/js/jquery.dataTables.js
octopus/octopus/assets/vendor/flot/jquery.flot.stack.min.js.un
octopus/octopus/assets/vendor/flot/jquery.flot.image.min.js.un
octopus/octopus/assets/vendor/bootstrap/js/bootstrap.min.js.un
assets/vendor/bootstrap-fileupload/bootstrap-fileupload.min.js
assets/vendor/jquery-idletimer/dist/idle-timer.1.0.1.min.js.un
assets/vendor/jquery-idletimer/dist/idle-timer.0.9.3.min.js.un
assets/vendor/jquery-idletimer/dist/idle-timer.1.0.0.min.js.un
assets/vendor/bootstrap/fonts/glyphicons-halflings-regular.svg
assets/vendor/bootstrap/fonts/glyphicons-halflings-regular.ttf
assets/vendor/bootstrap/fonts/glyphicons-halflings-regular.eot
octopus/octopus/assets/vendor/flot/jquery.flot.resize.min.js.un
octopus/octopus/assets/vendor/flot/jquery.flot.canvas.min.js.un
octopus/octopus/assets/vendor/flot/jquery.flot.symbol.min.js.un
octopus/octopus/assets/vendor/fullcalendar/lib/moment.min.js.un
octopus/octopus/assets/vendor/fullcalendar/lib/jquery.min.js.un
assets/vendor/bootstrap-fileupload/bootstrap-fileupload.min.css
assets/vendor/bootstrap-colorpicker/js/bootstrap-colorpicker.js
assets/vendor/bootstrap-timepicker/css/bootstrap-timepicker.css
assets/vendor/bootstrap-markdown/css/bootstrap-markdown.min.css
assets/vendor/bootstrap/fonts/glyphicons-halflings-regular.woff
octopus/octopus/assets/vendor/flot/jquery.colorhelpers.min.js.un
octopus/octopus/assets/vendor/bootstrap/css/bootstrap.min.css.un
assets/vendor/flot/examples/shared/jquery-ui/jquery-ui.min.js.un
assets/vendor/jquery-datatables/extras/TableTools/images/xls.png
assets/vendor/jquery-datatables/extras/TableTools/images/csv.png
assets/vendor/jquery-datatables/extras/TableTools/images/pdf.png
octopus/octopus/assets/vendor/flot/jquery.flot.navigate.min.js.un
octopus/octopus/assets/vendor/fullcalendar/fullcalendar.min.js.un
octopus/octopus/assets/vendor/owl-carousel/owl.carousel.min.js.un
assets/javascripts/tables/examples.datatables.row.with.details.js
assets/vendor/bootstrap-fileupload/bootstrap-fileupload.min.js.un
assets/vendor/flot/examples/shared/jquery-ui/jquery-ui.min.css.un
assets/vendor/jqvmap/maps/continents/jquery.vmap.north-america.js
assets/vendor/jqvmap/maps/continents/jquery.vmap.south-america.js
assets/vendor/bootstrap-colorpicker/css/bootstrap-colorpicker.css
assets/vendor/jquery-datatables/extras/TableTools/images/copy.png
assets/vendor/jquery-datatables/extras/AutoFill/images/filler.png
octopus/octopus/assets/vendor/flot/jquery.flot.crosshair.min.js.un
octopus/octopus/assets/vendor/flot/jquery.flot.selection.min.js.un
octopus/octopus/assets/vendor/flot/jquery.flot.threshold.min.js.un
octopus/octopus/assets/vendor/flot/jquery.flot.errorbars.min.js.un
assets/vendor/bootstrap-fileupload/bootstrap-fileupload.min.css.un
assets/vendor/bootstrap-markdown/css/bootstrap-markdown.min.css.un
assets/vendor/jquery-datatables/extras/TableTools/images/print.png
assets/vendor/jquery-datatables/media/images/sort_asc_disabled.png
octopus/octopus/assets/vendor/flot/jquery.flot.categories.min.js.un
assets/vendor/style-switcher/colorpicker/images/colorpicker_hex.png
assets/vendor/jquery-datatables/media/images/sort_desc_disabled.png
octopus/octopus/assets/vendor/flot/jquery.flot.fillbetween.min.js.un
octopus/octopus/assets/vendor/jstree/themes/default/style.min.css.un
assets/vendor/jquery-ui/css/ui-lightness/jquery-ui-1.10.4.custom.css
assets/vendor/bootstrap-timepicker/js/bootstrap-timepicker.min.js.un
assets/vendor/jquery-datatables/media/js/jquery.dataTables.min.js.un
assets/vendor/style-switcher/colorpicker/images/colorpicker_rgb_b.png
assets/vendor/style-switcher/colorpicker/images/colorpicker_indic.gif
assets/vendor/style-switcher/colorpicker/images/colorpicker_rgb_g.png
assets/vendor/style-switcher/colorpicker/images/colorpicker_rgb_r.png
assets/vendor/style-switcher/colorpicker/images/colorpicker_hsb_b.png
assets/vendor/style-switcher/colorpicker/images/colorpicker_hsb_s.png
assets/vendor/style-switcher/colorpicker/images/colorpicker_hsb_h.png
assets/vendor/bootstrap-colorpicker/img/bootstrap-colorpicker/hue.png
octopus/octopus/assets/vendor/bootstrap/css/bootstrap-theme.min.css.un
octopus/octopus/assets/vendor/font-awesome/css/font-awesome.min.css.un
assets/vendor/style-switcher/colorpicker/images/colorpicker_submit.png
assets/vendor/style-switcher/colorpicker/images/colorpicker_select.gif
assets/vendor/bootstrap-colorpicker/js/bootstrap-colorpicker.min.js.un
assets/vendor/bootstrap-timepicker/css/bootstrap-timepicker.min.css.un
assets/vendor/jquery-datatables/extras/TableTools/images/pdf_hover.png
assets/vendor/jquery-datatables/extras/TableTools/images/csv_hover.png
assets/vendor/jquery-datatables/extras/TableTools/images/xls_hover.png
assets/vendor/jquery-datatables/media/css/jquery.dataTables.min.css.un
assets/vendor/style-switcher/colorpicker/images/colorpicker_overlay.png
assets/vendor/bootstrap-colorpicker/img/bootstrap-colorpicker/alpha.png
assets/vendor/jquery-datatables/extras/TableTools/images/copy_hover.png
assets/vendor/jquery-datatables/extras/TableTools/images/background.png
assets/vendor/jquery-datatables/extras/TableTools/images/collection.png
octopus/octopus/assets/vendor/jquery-idletimer/dist/idle-timer.min.js.un
assets/vendor/bootstrap-colorpicker/css/bootstrap-colorpicker.min.css.un
assets/vendor/jquery-datatables/extras/TableTools/images/print_hover.png
octopus/octopus/assets/vendor/jquery-validation/jquery.validate.min.js.un
octopus/octopus/assets/vendor/fullcalendar/lib/jquery-ui.custom.min.js.un
assets/vendor/jquery-ui/development-bundle/themes/base/jquery.ui.core.css
assets/vendor/style-switcher/colorpicker/images/colorpicker_background.png
assets/vendor/jquery-datatables/extras/TableTools/swf/copy_csv_xls_pdf.swf
assets/vendor/fullcalendar/lib/cupertino/images/ui-icons_72a7cf_256x240.png
assets/vendor/fullcalendar/lib/cupertino/images/ui-icons_2694e8_256x240.png
assets/vendor/fullcalendar/lib/cupertino/images/ui-icons_ffffff_256x240.png
assets/vendor/fullcalendar/lib/cupertino/images/ui-icons_2e83ff_256x240.png
assets/vendor/fullcalendar/lib/cupertino/images/ui-icons_3d80b3_256x240.png
assets/vendor/jquery-ui/css/ui-lightness/jquery-ui-1.10.4.custom.min.css.un
assets/vendor/jquery-ui/css/ui-lightness/images/ui-icons_ef8c08_256x240.png
assets/vendor/jquery-ui/css/ui-lightness/images/ui-icons_228ef1_256x240.png
assets/vendor/jquery-ui/css/ui-lightness/images/ui-icons_ffd27a_256x240.png
assets/vendor/jquery-ui/css/ui-lightness/images/ui-icons_222222_256x240.png
assets/vendor/jquery-ui/development-bundle/themes/base/jquery.ui.button.css
assets/vendor/jquery-ui/development-bundle/themes/base/jquery.ui.slider.css
octopus/octopus/assets/vendor/jquery-validation/additional-methods.min.js.un
octopus/octopus/assets/vendor/jquery-ui/js/jquery-ui-1.10.4.custom.min.js.un
assets/vendor/bootstrap-colorpicker/img/bootstrap-colorpicker/saturation.png
assets/vendor/jquery-ui/development-bundle/themes/base/jquery.ui.spinner.css
assets/vendor/jquery-datatables/extras/ColVis/js/dataTables.colVis.min.js.un
octopus/octopus/assets/vendor/jquery-maskedinput/jquery.maskedinput.min.js.un
octopus/octopus/assets/vendor/fullcalendar/lib/cupertino/jquery-ui.min.css.un
assets/vendor/jquery-datatables/extras/Scroller/images/loading-background.png
assets/vendor/jquery-datatables/extras/TableTools/images/collection_hover.png
octopus/octopus/assets/vendor/jquery-idletimer/dist/idle-timer.1.0.1.min.js.un
octopus/octopus/assets/vendor/jquery-idletimer/dist/idle-timer.0.9.3.min.js.un
octopus/octopus/assets/vendor/jquery-idletimer/dist/idle-timer.1.0.0.min.js.un
assets/vendor/jquery-ui/development-bundle/themes/base/jquery.ui.resizable.css
assets/vendor/jquery-datatables/extras/ColVis/css/dataTables.colVis.min.css.un
assets/vendor/fullcalendar/lib/cupertino/images/ui-bg_flat_15_cd0a0a_40x100.png
assets/vendor/fullcalendar/lib/cupertino/images/ui-bg_glass_50_3baae3_1x400.png
assets/vendor/fullcalendar/lib/cupertino/images/ui-bg_glass_80_d7ebf9_1x400.png
assets/vendor/jquery-ui/css/ui-lightness/images/ui-bg_flat_10_000000_40x100.png
assets/vendor/jquery-ui/css/ui-lightness/images/ui-bg_glass_65_ffffff_1x400.png
assets/vendor/jquery-ui/development-bundle/ui/minified/jquery.ui.core.min.js.un
octopus/octopus/assets/vendor/flot/examples/shared/jquery-ui/jquery-ui.min.js.un
assets/vendor/fullcalendar/lib/cupertino/images/ui-bg_glass_100_e4f1fb_1x400.png
assets/vendor/bootstrap-colorpicker/img/bootstrap-colorpicker/hue-horizontal.png
assets/vendor/jquery-ui/css/ui-lightness/images/ui-bg_glass_100_fdf5ce_1x400.png
assets/vendor/jquery-ui/css/ui-lightness/images/ui-bg_glass_100_f6f6f6_1x400.png
assets/vendor/jquery-ui/development-bundle/ui/minified/jquery.ui.mouse.min.js.un
assets/vendor/jquery-datatables/extras/Scroller/js/dataTables.scroller.min.js.un
assets/vendor/jquery-datatables/extras/AutoFill/js/dataTables.autoFill.min.js.un
assets/vendor/jquery-datatables/extensions/ColVis/js/dataTables.colVis.min.js.un
assets/vendor/jquery-datatables/examples/resources/font/raleway_thin-webfont.eot
assets/vendor/jquery-datatables/examples/resources/font/raleway_thin-webfont.ttf
octopus/octopus/assets/vendor/bootstrap-fileupload/bootstrap-fileupload.min.js.un
octopus/octopus/assets/vendor/flot/examples/shared/jquery-ui/jquery-ui.min.css.un
assets/vendor/jquery-ui/development-bundle/ui/minified/jquery-ui.custom.min.js.un
assets/vendor/jquery-ui/development-bundle/ui/minified/jquery.ui.widget.min.js.un
assets/vendor/jquery-ui/development-bundle/ui/minified/jquery.ui.slider.min.js.un
assets/vendor/jquery-ui/development-bundle/ui/minified/jquery.ui.button.min.js.un
assets/vendor/jquery-datatables/extras/TableTools/js/dataTables.tableTools.min.js
assets/vendor/jquery-datatables/examples/resources/font/raleway_thin-webfont.woff
octopus/octopus/assets/vendor/bootstrap-fileupload/bootstrap-fileupload.min.css.un
octopus/octopus/assets/vendor/bootstrap-markdown/css/bootstrap-markdown.min.css.un
assets/vendor/bootstrap-colorpicker/img/bootstrap-colorpicker/alpha-horizontal.png
assets/vendor/jquery-ui/development-bundle/ui/minified/jquery.ui.spinner.min.js.un
assets/vendor/jquery-datatables/extras/Scroller/css/dataTables.scroller.min.css.un
assets/vendor/jquery-datatables/extras/AutoFill/css/dataTables.autoFill.min.css.un
assets/vendor/jquery-datatables/extensions/ColVis/css/dataTables.colVis.min.css.un
octopus/octopus/assets/vendor/bootstrap-timepicker/js/bootstrap-timepicker.min.js.un
octopus/octopus/assets/vendor/jquery-datatables/media/js/jquery.dataTables.min.js.un
assets/vendor/jquery-ui/development-bundle/themes/base/minified/jquery-ui.min.css.un
assets/vendor/jquery-ui/development-bundle/ui/minified/jquery.ui.draggable.min.js.un
assets/vendor/jquery-ui/development-bundle/ui/minified/jquery.ui.droppable.min.js.un
assets/vendor/jquery-ui/development-bundle/ui/minified/jquery.ui.resizable.min.js.un
assets/vendor/jquery-datatables/extras/ColReorder/js/dataTables.colReorder.min.js.un
assets/vendor/jquery-datatables/extras/TableTools/js/dataTables.tableTools.min.js.un
assets/vendor/jquery-datatables/extras/Responsive/js/dataTables.responsive.min.js.un
assets/vendor/jquery-datatables/extensions/Scroller/js/dataTables.scroller.min.js.un
assets/vendor/jquery-datatables/extensions/KeyTable/js/dataTables.keyTable.min.js.un
assets/vendor/jquery-datatables/extensions/AutoFill/js/dataTables.autoFill.min.js.un
octopus/octopus/assets/vendor/bootstrap-colorpicker/js/bootstrap-colorpicker.min.js.un
octopus/octopus/assets/vendor/bootstrap-timepicker/css/bootstrap-timepicker.min.css.un
octopus/octopus/assets/vendor/jquery-datatables/media/css/jquery.dataTables.min.css.un
assets/vendor/jquery-ui/css/ui-lightness/images/ui-bg_gloss-wave_35_f6a828_500x100.png
assets/vendor/jquery-datatables/extras/ColReorder/css/dataTables.colReorder.min.css.un
assets/vendor/jquery-datatables/extras/FixedHeader/js/dataTables.fixedHeader.min.js.un
assets/vendor/jquery-datatables/extras/TableTools/css/dataTables.tableTools.min.css.un
assets/vendor/jquery-datatables/extensions/Scroller/css/dataTables.scroller.min.css.un
assets/vendor/jquery-datatables/extensions/KeyTable/css/dataTables.keyTable.min.css.un
assets/vendor/jquery-datatables/extensions/AutoFill/css/dataTables.autoFill.min.css.un
octopus/octopus/assets/vendor/bootstrap-colorpicker/css/bootstrap-colorpicker.min.css.un
assets/vendor/fullcalendar/lib/cupertino/images/ui-bg_highlight-soft_25_ffef8f_1x100.png
assets/vendor/fullcalendar/lib/cupertino/images/ui-bg_highlight-hard_70_000000_1x100.png
assets/vendor/jquery-ui/css/ui-lightness/images/ui-bg_highlight-soft_75_ffe45c_1x100.png
assets/vendor/jquery-datatables/extras/FixedHeader/css/dataTables.fixedHeader.min.css.un
assets/vendor/jquery-datatables/extras/FixedColumns/js/dataTables.fixedColumns.min.js.un
assets/vendor/jquery-datatables/extensions/ColReorder/js/dataTables.colReorder.min.js.un
assets/vendor/jquery-datatables/extensions/TableTools/js/dataTables.tableTools.min.js.un
assets/vendor/jquery-datatables/extensions/Responsive/js/dataTables.responsive.min.js.un
assets/vendor/fullcalendar/lib/cupertino/images/ui-bg_highlight-hard_100_f2f5f7_1x100.png
assets/vendor/fullcalendar/lib/cupertino/images/ui-bg_diagonals-thick_90_eeeeee_40x40.png
assets/vendor/fullcalendar/lib/cupertino/images/ui-bg_highlight-soft_100_deedf7_1x100.png
assets/vendor/jquery-ui/css/ui-lightness/images/ui-bg_highlight-soft_100_eeeeee_1x100.png
assets/vendor/jquery-ui/css/ui-lightness/images/ui-bg_diagonals-thick_18_b81900_40x40.png
assets/vendor/jquery-ui/css/ui-lightness/images/ui-bg_diagonals-thick_20_666666_40x40.png
assets/vendor/jquery-ui/development-bundle/themes/base/minified/jquery.ui.core.min.css.un
assets/vendor/jquery-ui/development-bundle/themes/base/images/ui-icons_888888_256x240.png
assets/vendor/jquery-ui/development-bundle/themes/base/images/ui-icons_cd0a0a_256x240.png
assets/vendor/jquery-ui/development-bundle/themes/base/images/ui-icons_454545_256x240.png
assets/vendor/jquery-ui/development-bundle/themes/base/minified/jquery.ui.theme.min.css.un
assets/vendor/jquery-datatables/extras/FixedColumns/css/dataTables.fixedColumns.min.css.un
assets/vendor/jquery-datatables/extensions/ColReorder/css/dataTables.colReorder.min.css.un
assets/vendor/jquery-datatables/extensions/FixedHeader/js/dataTables.fixedHeader.min.js.un
assets/vendor/jquery-datatables/extensions/TableTools/css/dataTables.tableTools.min.css.un
octopus/octopus/assets/vendor/jquery-ui/css/ui-lightness/jquery-ui-1.10.4.custom.min.css.un
assets/vendor/jquery-ui/development-bundle/themes/base/minified/jquery.ui.button.min.css.un
assets/vendor/jquery-ui/development-bundle/themes/base/minified/jquery.ui.slider.min.css.un
octopus/octopus/assets/vendor/jquery-datatables/extras/ColVis/js/dataTables.colVis.min.js.un
assets/vendor/jquery-ui/development-bundle/themes/ui-lightness/minified/jquery-ui.min.css.un
assets/vendor/jquery-ui/development-bundle/themes/base/minified/jquery.ui.spinner.min.css.un
assets/vendor/jquery-ui/development-bundle/themes/base/images/ui-bg_flat_0_aaaaaa_40x100.png
assets/vendor/jquery-datatables/extensions/FixedHeader/css/dataTables.fixedHeader.min.css.un
assets/vendor/jquery-datatables/extensions/FixedColumns/js/dataTables.fixedColumns.min.js.un
assets/vendor/jquery-ui/development-bundle/themes/base/images/ui-bg_glass_75_dadada_1x400.png
assets/vendor/jquery-ui/development-bundle/themes/base/images/ui-bg_glass_95_fef1ec_1x400.png
assets/vendor/jquery-ui/development-bundle/themes/base/images/ui-bg_glass_75_e6e6e6_1x400.png
assets/vendor/jquery-ui/development-bundle/themes/base/images/ui-bg_flat_75_ffffff_40x100.png
assets/vendor/jquery-ui/development-bundle/themes/base/images/ui-bg_glass_55_fbf9ee_1x400.png
octopus/octopus/assets/vendor/jquery-datatables/extras/ColVis/css/dataTables.colVis.min.css.un
assets/vendor/jquery-ui/development-bundle/themes/base/minified/jquery.ui.resizable.min.css.un
assets/vendor/jquery-datatables/extensions/FixedColumns/css/dataTables.fixedColumns.min.css.un
octopus/octopus/assets/vendor/jquery-ui/development-bundle/ui/minified/jquery.ui.core.min.js.un
octopus/octopus/assets/vendor/jquery-ui/development-bundle/ui/minified/jquery.ui.mouse.min.js.un
octopus/octopus/assets/vendor/jquery-datatables/extras/Scroller/js/dataTables.scroller.min.js.un
octopus/octopus/assets/vendor/jquery-datatables/extras/AutoFill/js/dataTables.autoFill.min.js.un
octopus/octopus/assets/vendor/jquery-datatables/extensions/ColVis/js/dataTables.colVis.min.js.un
octopus/octopus/assets/vendor/jquery-ui/development-bundle/ui/minified/jquery-ui.custom.min.js.un
octopus/octopus/assets/vendor/jquery-ui/development-bundle/ui/minified/jquery.ui.widget.min.js.un
octopus/octopus/assets/vendor/jquery-ui/development-bundle/ui/minified/jquery.ui.slider.min.js.un
octopus/octopus/assets/vendor/jquery-ui/development-bundle/ui/minified/jquery.ui.button.min.js.un
assets/vendor/jquery-ui/development-bundle/themes/ui-lightness/minified/jquery.ui.core.min.css.un
octopus/octopus/assets/vendor/jquery-ui/development-bundle/ui/minified/jquery.ui.spinner.min.js.un
octopus/octopus/assets/vendor/jquery-datatables/extras/Scroller/css/dataTables.scroller.min.css.un
octopus/octopus/assets/vendor/jquery-datatables/extras/AutoFill/css/dataTables.autoFill.min.css.un
octopus/octopus/assets/vendor/jquery-datatables/extensions/ColVis/css/dataTables.colVis.min.css.un
assets/vendor/jquery-ui/development-bundle/themes/ui-lightness/minified/jquery.ui.theme.min.css.un
assets/vendor/jquery-ui/development-bundle/themes/ui-lightness/minified/jquery.ui.button.min.css.un
assets/vendor/jquery-ui/development-bundle/themes/ui-lightness/minified/jquery.ui.slider.min.css.un
octopus/octopus/assets/vendor/jquery-ui/development-bundle/themes/base/minified/jquery-ui.min.css.un
octopus/octopus/assets/vendor/jquery-ui/development-bundle/ui/minified/jquery.ui.draggable.min.js.un
octopus/octopus/assets/vendor/jquery-ui/development-bundle/ui/minified/jquery.ui.droppable.min.js.un
octopus/octopus/assets/vendor/jquery-ui/development-bundle/ui/minified/jquery.ui.resizable.min.js.un
octopus/octopus/assets/vendor/jquery-datatables/extras/ColReorder/js/dataTables.colReorder.min.js.un
octopus/octopus/assets/vendor/jquery-datatables/extras/TableTools/js/dataTables.tableTools.min.js.un
octopus/octopus/assets/vendor/jquery-datatables/extras/Responsive/js/dataTables.responsive.min.js.un
octopus/octopus/assets/vendor/jquery-datatables/extensions/Scroller/js/dataTables.scroller.min.js.un
octopus/octopus/assets/vendor/jquery-datatables/extensions/KeyTable/js/dataTables.keyTable.min.js.un
octopus/octopus/assets/vendor/jquery-datatables/extensions/AutoFill/js/dataTables.autoFill.min.js.un
assets/vendor/jquery-ui/development-bundle/themes/ui-lightness/minified/jquery.ui.spinner.min.css.un
octopus/octopus/assets/vendor/jquery-datatables/extras/ColReorder/css/dataTables.colReorder.min.css.un
octopus/octopus/assets/vendor/jquery-datatables/extras/FixedHeader/js/dataTables.fixedHeader.min.js.un
octopus/octopus/assets/vendor/jquery-datatables/extras/TableTools/css/dataTables.tableTools.min.css.un
octopus/octopus/assets/vendor/jquery-datatables/extensions/Scroller/css/dataTables.scroller.min.css.un
octopus/octopus/assets/vendor/jquery-datatables/extensions/KeyTable/css/dataTables.keyTable.min.css.un
octopus/octopus/assets/vendor/jquery-datatables/extensions/AutoFill/css/dataTables.autoFill.min.css.un
assets/vendor/jquery-ui/development-bundle/themes/ui-lightness/minified/jquery.ui.resizable.min.css.un
assets/vendor/jquery-ui/development-bundle/themes/base/images/ui-bg_highlight-soft_75_cccccc_1x100.png
octopus/octopus/assets/vendor/jquery-datatables/extras/FixedHeader/css/dataTables.fixedHeader.min.css.un
octopus/octopus/assets/vendor/jquery-datatables/extras/FixedColumns/js/dataTables.fixedColumns.min.js.un
octopus/octopus/assets/vendor/jquery-datatables/extensions/ColReorder/js/dataTables.colReorder.min.js.un
octopus/octopus/assets/vendor/jquery-datatables/extensions/TableTools/js/dataTables.tableTools.min.js.un
octopus/octopus/assets/vendor/jquery-datatables/extensions/Responsive/js/dataTables.responsive.min.js.un
octopus/octopus/assets/vendor/jquery-ui/development-bundle/themes/base/minified/jquery.ui.core.min.css.un
octopus/octopus/assets/vendor/jquery-ui/development-bundle/themes/base/minified/jquery.ui.theme.min.css.un
octopus/octopus/assets/vendor/jquery-datatables/extras/FixedColumns/css/dataTables.fixedColumns.min.css.un
octopus/octopus/assets/vendor/jquery-datatables/extensions/ColReorder/css/dataTables.colReorder.min.css.un
octopus/octopus/assets/vendor/jquery-datatables/extensions/FixedHeader/js/dataTables.fixedHeader.min.js.un
octopus/octopus/assets/vendor/jquery-datatables/extensions/TableTools/css/dataTables.tableTools.min.css.un
octopus/octopus/assets/vendor/jquery-ui/development-bundle/themes/base/minified/jquery.ui.button.min.css.un
octopus/octopus/assets/vendor/jquery-ui/development-bundle/themes/base/minified/jquery.ui.slider.min.css.un
octopus/octopus/assets/vendor/jquery-ui/development-bundle/themes/ui-lightness/minified/jquery-ui.min.css.un
octopus/octopus/assets/vendor/jquery-ui/development-bundle/themes/base/minified/jquery.ui.spinner.min.css.un
octopus/octopus/assets/vendor/jquery-datatables/extensions/FixedHeader/css/dataTables.fixedHeader.min.css.un
octopus/octopus/assets/vendor/jquery-datatables/extensions/FixedColumns/js/dataTables.fixedColumns.min.js.un
octopus/octopus/assets/vendor/jquery-ui/development-bundle/themes/base/minified/jquery.ui.resizable.min.css.un
octopus/octopus/assets/vendor/jquery-datatables/extensions/FixedColumns/css/dataTables.fixedColumns.min.css.un
octopus/octopus/assets/vendor/jquery-ui/development-bundle/themes/ui-lightness/minified/jquery.ui.core.min.css.un
octopus/octopus/assets/vendor/jquery-ui/development-bundle/themes/ui-lightness/minified/jquery.ui.theme.min.css.un
octopus/octopus/assets/vendor/jquery-ui/development-bundle/themes/ui-lightness/minified/jquery.ui.button.min.css.un
octopus/octopus/assets/vendor/jquery-ui/development-bundle/themes/ui-lightness/minified/jquery.ui.slider.min.css.un
octopus/octopus/assets/vendor/jquery-ui/development-bundle/themes/ui-lightness/minified/jquery.ui.spinner.min.css.un
octopus/octopus/assets/vendor/jquery-ui/development-bundle/themes/ui-lightness/minified/jquery.ui.resizable.min.css.un
