assets/vendor/flot/jquery.min.js.un
assets/vendor/flot/excanvas.min.js.un
assets/vendor/jquery/jquery.min.js.un
assets/vendor/morris/morris.min.js.un
assets/vendor/select2/select2.min.js.un
assets/vendor/flot/jquery.flot.min.js.un
octopus/documentation/js/jstree.min.js.un
assets/vendor/dropzone/dropzone.min.js.un
assets/vendor/jqvmap/jquery.vmap.min.js.un
octopus/documentation/js/bootstrap.min.js.un
assets/vendor/flot/jquery.flot.pie.min.js.un
assets/vendor/flot/jquery.flot.time.min.js.un
octopus/documentation/css/bootstrap.min.css.un
assets/vendor/flot/jquery.flot.stack.min.js.un
assets/vendor/flot/jquery.flot.image.min.js.un
assets/vendor/bootstrap/js/bootstrap.min.js.un
octopus/documentation/js/jquery-3.1.0.min.js.un
assets/vendor/flot/jquery.flot.symbol.min.js.un
assets/vendor/flot/jquery.flot.canvas.min.js.un
assets/vendor/flot/jquery.flot.resize.min.js.un
assets/vendor/fullcalendar/lib/jquery.min.js.un
assets/vendor/fullcalendar/lib/moment.min.js.un
assets/vendor/flot/jquery.colorhelpers.min.js.un
assets/vendor/bootstrap/css/bootstrap.min.css.un
assets/vendor/flot/jquery.flot.navigate.min.js.un
assets/vendor/fullcalendar/fullcalendar.min.js.un
assets/vendor/owl-carousel/owl.carousel.min.js.un
assets/vendor/flot/jquery.flot.selection.min.js.un
assets/vendor/flot/jquery.flot.threshold.min.js.un
assets/vendor/flot/jquery.flot.errorbars.min.js.un
assets/vendor/flot/jquery.flot.crosshair.min.js.un
octopus/octopus/assets/vendor/flot/jquery.min.js.un
assets/vendor/flot/jquery.flot.categories.min.js.un
assets/vendor/flot/jquery.flot.fillbetween.min.js.un
assets/vendor/jstree/themes/default/style.min.css.un
octopus/octopus/assets/vendor/flot/excanvas.min.js.un
octopus/octopus/assets/vendor/jquery/jquery.min.js.un
octopus/octopus/assets/vendor/morris/morris.min.js.un
assets/vendor/bootstrap/css/bootstrap-theme.min.css.un
assets/vendor/font-awesome/css/font-awesome.min.css.un
octopus/octopus/assets/vendor/select2/select2.min.js.un
octopus/octopus/assets/vendor/flot/jquery.flot.min.js.un
assets/vendor/jquery-idletimer/dist/idle-timer.min.js.un
octopus/octopus/assets/vendor/dropzone/dropzone.min.js.un
assets/vendor/jquery-validation/jquery.validate.min.js.un
assets/vendor/fullcalendar/lib/jquery-ui.custom.min.js.un
octopus/octopus/assets/vendor/jqvmap/jquery.vmap.min.js.un
octopus/octopus/assets/vendor/flot/jquery.flot.pie.min.js.un
assets/vendor/jquery-validation/additional-methods.min.js.un
assets/vendor/jquery-ui/js/jquery-ui-1.10.4.custom.min.js.un
octopus/octopus/assets/vendor/flot/jquery.flot.time.min.js.un
assets/vendor/jquery-maskedinput/jquery.maskedinput.min.js.un
assets/vendor/fullcalendar/lib/cupertino/jquery-ui.min.css.un
octopus/octopus/assets/vendor/flot/jquery.flot.stack.min.js.un
octopus/octopus/assets/vendor/flot/jquery.flot.image.min.js.un
octopus/octopus/assets/vendor/bootstrap/js/bootstrap.min.js.un
assets/vendor/jquery-idletimer/dist/idle-timer.0.9.3.min.js.un
assets/vendor/jquery-idletimer/dist/idle-timer.1.0.0.min.js.un
assets/vendor/jquery-idletimer/dist/idle-timer.1.0.1.min.js.un
octopus/octopus/assets/vendor/flot/jquery.flot.symbol.min.js.un
octopus/octopus/assets/vendor/flot/jquery.flot.canvas.min.js.un
octopus/octopus/assets/vendor/flot/jquery.flot.resize.min.js.un
octopus/octopus/assets/vendor/fullcalendar/lib/jquery.min.js.un
octopus/octopus/assets/vendor/fullcalendar/lib/moment.min.js.un
octopus/octopus/assets/vendor/flot/jquery.colorhelpers.min.js.un
octopus/octopus/assets/vendor/bootstrap/css/bootstrap.min.css.un
assets/vendor/flot/examples/shared/jquery-ui/jquery-ui.min.js.un
octopus/octopus/assets/vendor/flot/jquery.flot.navigate.min.js.un
octopus/octopus/assets/vendor/fullcalendar/fullcalendar.min.js.un
octopus/octopus/assets/vendor/owl-carousel/owl.carousel.min.js.un
assets/vendor/bootstrap-fileupload/bootstrap-fileupload.min.js.un
assets/vendor/flot/examples/shared/jquery-ui/jquery-ui.min.css.un
octopus/octopus/assets/vendor/flot/jquery.flot.selection.min.js.un
octopus/octopus/assets/vendor/flot/jquery.flot.threshold.min.js.un
octopus/octopus/assets/vendor/flot/jquery.flot.errorbars.min.js.un
octopus/octopus/assets/vendor/flot/jquery.flot.crosshair.min.js.un
assets/vendor/bootstrap-fileupload/bootstrap-fileupload.min.css.un
assets/vendor/bootstrap-markdown/css/bootstrap-markdown.min.css.un
octopus/octopus/assets/vendor/flot/jquery.flot.categories.min.js.un
octopus/octopus/assets/vendor/flot/jquery.flot.fillbetween.min.js.un
octopus/octopus/assets/vendor/jstree/themes/default/style.min.css.un
assets/vendor/bootstrap-timepicker/js/bootstrap-timepicker.min.js.un
assets/vendor/jquery-datatables/media/js/jquery.dataTables.min.js.un
octopus/octopus/assets/vendor/bootstrap/css/bootstrap-theme.min.css.un
octopus/octopus/assets/vendor/font-awesome/css/font-awesome.min.css.un
assets/vendor/bootstrap-colorpicker/js/bootstrap-colorpicker.min.js.un
assets/vendor/bootstrap-timepicker/css/bootstrap-timepicker.min.css.un
assets/vendor/jquery-datatables/media/css/jquery.dataTables.min.css.un
octopus/octopus/assets/vendor/jquery-idletimer/dist/idle-timer.min.js.un
assets/vendor/bootstrap-colorpicker/css/bootstrap-colorpicker.min.css.un
octopus/octopus/assets/vendor/jquery-validation/jquery.validate.min.js.un
octopus/octopus/assets/vendor/fullcalendar/lib/jquery-ui.custom.min.js.un
assets/vendor/jquery-ui/css/ui-lightness/jquery-ui-1.10.4.custom.min.css.un
octopus/octopus/assets/vendor/jquery-validation/additional-methods.min.js.un
octopus/octopus/assets/vendor/jquery-ui/js/jquery-ui-1.10.4.custom.min.js.un
assets/vendor/jquery-datatables/extras/ColVis/js/dataTables.colVis.min.js.un
octopus/octopus/assets/vendor/jquery-maskedinput/jquery.maskedinput.min.js.un
octopus/octopus/assets/vendor/fullcalendar/lib/cupertino/jquery-ui.min.css.un
octopus/octopus/assets/vendor/jquery-idletimer/dist/idle-timer.0.9.3.min.js.un
octopus/octopus/assets/vendor/jquery-idletimer/dist/idle-timer.1.0.0.min.js.un
octopus/octopus/assets/vendor/jquery-idletimer/dist/idle-timer.1.0.1.min.js.un
assets/vendor/jquery-datatables/extras/ColVis/css/dataTables.colVis.min.css.un
assets/vendor/jquery-ui/development-bundle/ui/minified/jquery.ui.core.min.js.un
octopus/octopus/assets/vendor/flot/examples/shared/jquery-ui/jquery-ui.min.js.un
assets/vendor/jquery-ui/development-bundle/ui/minified/jquery.ui.mouse.min.js.un
assets/vendor/jquery-datatables/extras/Scroller/js/dataTables.scroller.min.js.un
assets/vendor/jquery-datatables/extras/AutoFill/js/dataTables.autoFill.min.js.un
assets/vendor/jquery-datatables/extensions/ColVis/js/dataTables.colVis.min.js.un
octopus/octopus/assets/vendor/bootstrap-fileupload/bootstrap-fileupload.min.js.un
octopus/octopus/assets/vendor/flot/examples/shared/jquery-ui/jquery-ui.min.css.un
assets/vendor/jquery-ui/development-bundle/ui/minified/jquery.ui.button.min.js.un
assets/vendor/jquery-ui/development-bundle/ui/minified/jquery-ui.custom.min.js.un
assets/vendor/jquery-ui/development-bundle/ui/minified/jquery.ui.widget.min.js.un
assets/vendor/jquery-ui/development-bundle/ui/minified/jquery.ui.slider.min.js.un
octopus/octopus/assets/vendor/bootstrap-fileupload/bootstrap-fileupload.min.css.un
octopus/octopus/assets/vendor/bootstrap-markdown/css/bootstrap-markdown.min.css.un
assets/vendor/jquery-ui/development-bundle/ui/minified/jquery.ui.spinner.min.js.un
assets/vendor/jquery-datatables/extras/Scroller/css/dataTables.scroller.min.css.un
assets/vendor/jquery-datatables/extras/AutoFill/css/dataTables.autoFill.min.css.un
assets/vendor/jquery-datatables/extensions/ColVis/css/dataTables.colVis.min.css.un
octopus/octopus/assets/vendor/bootstrap-timepicker/js/bootstrap-timepicker.min.js.un
octopus/octopus/assets/vendor/jquery-datatables/media/js/jquery.dataTables.min.js.un
assets/vendor/jquery-ui/development-bundle/themes/base/minified/jquery-ui.min.css.un
assets/vendor/jquery-ui/development-bundle/ui/minified/jquery.ui.droppable.min.js.un
assets/vendor/jquery-ui/development-bundle/ui/minified/jquery.ui.draggable.min.js.un
assets/vendor/jquery-ui/development-bundle/ui/minified/jquery.ui.resizable.min.js.un
assets/vendor/jquery-datatables/extras/ColReorder/js/dataTables.colReorder.min.js.un
assets/vendor/jquery-datatables/extras/TableTools/js/dataTables.tableTools.min.js.un
assets/vendor/jquery-datatables/extras/Responsive/js/dataTables.responsive.min.js.un
assets/vendor/jquery-datatables/extensions/Scroller/js/dataTables.scroller.min.js.un
assets/vendor/jquery-datatables/extensions/KeyTable/js/dataTables.keyTable.min.js.un
assets/vendor/jquery-datatables/extensions/AutoFill/js/dataTables.autoFill.min.js.un
octopus/octopus/assets/vendor/bootstrap-colorpicker/js/bootstrap-colorpicker.min.js.un
octopus/octopus/assets/vendor/bootstrap-timepicker/css/bootstrap-timepicker.min.css.un
octopus/octopus/assets/vendor/jquery-datatables/media/css/jquery.dataTables.min.css.un
assets/vendor/jquery-datatables/extras/ColReorder/css/dataTables.colReorder.min.css.un
assets/vendor/jquery-datatables/extras/FixedHeader/js/dataTables.fixedHeader.min.js.un
assets/vendor/jquery-datatables/extras/TableTools/css/dataTables.tableTools.min.css.un
assets/vendor/jquery-datatables/extensions/Scroller/css/dataTables.scroller.min.css.un
assets/vendor/jquery-datatables/extensions/KeyTable/css/dataTables.keyTable.min.css.un
assets/vendor/jquery-datatables/extensions/AutoFill/css/dataTables.autoFill.min.css.un
octopus/octopus/assets/vendor/bootstrap-colorpicker/css/bootstrap-colorpicker.min.css.un
assets/vendor/jquery-datatables/extras/FixedHeader/css/dataTables.fixedHeader.min.css.un
assets/vendor/jquery-datatables/extras/FixedColumns/js/dataTables.fixedColumns.min.js.un
assets/vendor/jquery-datatables/extensions/ColReorder/js/dataTables.colReorder.min.js.un
assets/vendor/jquery-datatables/extensions/TableTools/js/dataTables.tableTools.min.js.un
assets/vendor/jquery-datatables/extensions/Responsive/js/dataTables.responsive.min.js.un
assets/vendor/jquery-ui/development-bundle/themes/base/minified/jquery.ui.core.min.css.un
assets/vendor/jquery-ui/development-bundle/themes/base/minified/jquery.ui.theme.min.css.un
assets/vendor/jquery-datatables/extras/FixedColumns/css/dataTables.fixedColumns.min.css.un
assets/vendor/jquery-datatables/extensions/ColReorder/css/dataTables.colReorder.min.css.un
assets/vendor/jquery-datatables/extensions/FixedHeader/js/dataTables.fixedHeader.min.js.un
assets/vendor/jquery-datatables/extensions/TableTools/css/dataTables.tableTools.min.css.un
octopus/octopus/assets/vendor/jquery-ui/css/ui-lightness/jquery-ui-1.10.4.custom.min.css.un
assets/vendor/jquery-ui/development-bundle/themes/base/minified/jquery.ui.button.min.css.un
assets/vendor/jquery-ui/development-bundle/themes/base/minified/jquery.ui.slider.min.css.un
octopus/octopus/assets/vendor/jquery-datatables/extras/ColVis/js/dataTables.colVis.min.js.un
assets/vendor/jquery-ui/development-bundle/themes/ui-lightness/minified/jquery-ui.min.css.un
assets/vendor/jquery-ui/development-bundle/themes/base/minified/jquery.ui.spinner.min.css.un
assets/vendor/jquery-datatables/extensions/FixedHeader/css/dataTables.fixedHeader.min.css.un
assets/vendor/jquery-datatables/extensions/FixedColumns/js/dataTables.fixedColumns.min.js.un
octopus/octopus/assets/vendor/jquery-datatables/extras/ColVis/css/dataTables.colVis.min.css.un
assets/vendor/jquery-ui/development-bundle/themes/base/minified/jquery.ui.resizable.min.css.un
assets/vendor/jquery-datatables/extensions/FixedColumns/css/dataTables.fixedColumns.min.css.un
octopus/octopus/assets/vendor/jquery-ui/development-bundle/ui/minified/jquery.ui.core.min.js.un
octopus/octopus/assets/vendor/jquery-ui/development-bundle/ui/minified/jquery.ui.mouse.min.js.un
octopus/octopus/assets/vendor/jquery-datatables/extras/Scroller/js/dataTables.scroller.min.js.un
octopus/octopus/assets/vendor/jquery-datatables/extras/AutoFill/js/dataTables.autoFill.min.js.un
octopus/octopus/assets/vendor/jquery-datatables/extensions/ColVis/js/dataTables.colVis.min.js.un
octopus/octopus/assets/vendor/jquery-ui/development-bundle/ui/minified/jquery.ui.button.min.js.un
octopus/octopus/assets/vendor/jquery-ui/development-bundle/ui/minified/jquery-ui.custom.min.js.un
octopus/octopus/assets/vendor/jquery-ui/development-bundle/ui/minified/jquery.ui.widget.min.js.un
octopus/octopus/assets/vendor/jquery-ui/development-bundle/ui/minified/jquery.ui.slider.min.js.un
assets/vendor/jquery-ui/development-bundle/themes/ui-lightness/minified/jquery.ui.core.min.css.un
octopus/octopus/assets/vendor/jquery-ui/development-bundle/ui/minified/jquery.ui.spinner.min.js.un
octopus/octopus/assets/vendor/jquery-datatables/extras/Scroller/css/dataTables.scroller.min.css.un
octopus/octopus/assets/vendor/jquery-datatables/extras/AutoFill/css/dataTables.autoFill.min.css.un
octopus/octopus/assets/vendor/jquery-datatables/extensions/ColVis/css/dataTables.colVis.min.css.un
assets/vendor/jquery-ui/development-bundle/themes/ui-lightness/minified/jquery.ui.theme.min.css.un
assets/vendor/jquery-ui/development-bundle/themes/ui-lightness/minified/jquery.ui.button.min.css.un
assets/vendor/jquery-ui/development-bundle/themes/ui-lightness/minified/jquery.ui.slider.min.css.un
octopus/octopus/assets/vendor/jquery-ui/development-bundle/themes/base/minified/jquery-ui.min.css.un
octopus/octopus/assets/vendor/jquery-ui/development-bundle/ui/minified/jquery.ui.droppable.min.js.un
octopus/octopus/assets/vendor/jquery-ui/development-bundle/ui/minified/jquery.ui.draggable.min.js.un
octopus/octopus/assets/vendor/jquery-ui/development-bundle/ui/minified/jquery.ui.resizable.min.js.un
octopus/octopus/assets/vendor/jquery-datatables/extras/ColReorder/js/dataTables.colReorder.min.js.un
octopus/octopus/assets/vendor/jquery-datatables/extras/TableTools/js/dataTables.tableTools.min.js.un
octopus/octopus/assets/vendor/jquery-datatables/extras/Responsive/js/dataTables.responsive.min.js.un
octopus/octopus/assets/vendor/jquery-datatables/extensions/Scroller/js/dataTables.scroller.min.js.un
octopus/octopus/assets/vendor/jquery-datatables/extensions/KeyTable/js/dataTables.keyTable.min.js.un
octopus/octopus/assets/vendor/jquery-datatables/extensions/AutoFill/js/dataTables.autoFill.min.js.un
assets/vendor/jquery-ui/development-bundle/themes/ui-lightness/minified/jquery.ui.spinner.min.css.un
octopus/octopus/assets/vendor/jquery-datatables/extras/ColReorder/css/dataTables.colReorder.min.css.un
octopus/octopus/assets/vendor/jquery-datatables/extras/FixedHeader/js/dataTables.fixedHeader.min.js.un
octopus/octopus/assets/vendor/jquery-datatables/extras/TableTools/css/dataTables.tableTools.min.css.un
octopus/octopus/assets/vendor/jquery-datatables/extensions/Scroller/css/dataTables.scroller.min.css.un
octopus/octopus/assets/vendor/jquery-datatables/extensions/KeyTable/css/dataTables.keyTable.min.css.un
octopus/octopus/assets/vendor/jquery-datatables/extensions/AutoFill/css/dataTables.autoFill.min.css.un
assets/vendor/jquery-ui/development-bundle/themes/ui-lightness/minified/jquery.ui.resizable.min.css.un
octopus/octopus/assets/vendor/jquery-datatables/extras/FixedHeader/css/dataTables.fixedHeader.min.css.un
octopus/octopus/assets/vendor/jquery-datatables/extras/FixedColumns/js/dataTables.fixedColumns.min.js.un
octopus/octopus/assets/vendor/jquery-datatables/extensions/ColReorder/js/dataTables.colReorder.min.js.un
octopus/octopus/assets/vendor/jquery-datatables/extensions/TableTools/js/dataTables.tableTools.min.js.un
octopus/octopus/assets/vendor/jquery-datatables/extensions/Responsive/js/dataTables.responsive.min.js.un
octopus/octopus/assets/vendor/jquery-ui/development-bundle/themes/base/minified/jquery.ui.core.min.css.un
octopus/octopus/assets/vendor/jquery-ui/development-bundle/themes/base/minified/jquery.ui.theme.min.css.un
octopus/octopus/assets/vendor/jquery-datatables/extras/FixedColumns/css/dataTables.fixedColumns.min.css.un
octopus/octopus/assets/vendor/jquery-datatables/extensions/ColReorder/css/dataTables.colReorder.min.css.un
octopus/octopus/assets/vendor/jquery-datatables/extensions/FixedHeader/js/dataTables.fixedHeader.min.js.un
octopus/octopus/assets/vendor/jquery-datatables/extensions/TableTools/css/dataTables.tableTools.min.css.un
octopus/octopus/assets/vendor/jquery-ui/development-bundle/themes/base/minified/jquery.ui.button.min.css.un
octopus/octopus/assets/vendor/jquery-ui/development-bundle/themes/base/minified/jquery.ui.slider.min.css.un
octopus/octopus/assets/vendor/jquery-ui/development-bundle/themes/ui-lightness/minified/jquery-ui.min.css.un
octopus/octopus/assets/vendor/jquery-ui/development-bundle/themes/base/minified/jquery.ui.spinner.min.css.un
octopus/octopus/assets/vendor/jquery-datatables/extensions/FixedHeader/css/dataTables.fixedHeader.min.css.un
octopus/octopus/assets/vendor/jquery-datatables/extensions/FixedColumns/js/dataTables.fixedColumns.min.js.un
octopus/octopus/assets/vendor/jquery-ui/development-bundle/themes/base/minified/jquery.ui.resizable.min.css.un
octopus/octopus/assets/vendor/jquery-datatables/extensions/FixedColumns/css/dataTables.fixedColumns.min.css.un
octopus/octopus/assets/vendor/jquery-ui/development-bundle/themes/ui-lightness/minified/jquery.ui.core.min.css.un
octopus/octopus/assets/vendor/jquery-ui/development-bundle/themes/ui-lightness/minified/jquery.ui.theme.min.css.un
octopus/octopus/assets/vendor/jquery-ui/development-bundle/themes/ui-lightness/minified/jquery.ui.button.min.css.un
octopus/octopus/assets/vendor/jquery-ui/development-bundle/themes/ui-lightness/minified/jquery.ui.slider.min.css.un
octopus/octopus/assets/vendor/jquery-ui/development-bundle/themes/ui-lightness/minified/jquery.ui.spinner.min.css.un
octopus/octopus/assets/vendor/jquery-ui/development-bundle/themes/ui-lightness/minified/jquery.ui.resizable.min.css.un
