"http://www.w3.org/2000/svg"
'http://maps.googleapis.com/maps/api/staticmap'
"http://raphaeljs.com/"
"http://www.w3.org/TR/SVG11/feature#BasicStructure"
"http://www.w3.org/1999/xlink"
"http://www.w3.org/TR/SVG/paths.html#PathData"
"https://developer.mozilla.org/en/SVG/Tutorial/Paths"
"http://en.wikipedia.org/wiki/Catmull–Rom_spline#Catmull.E2.80.93Rom_spline"
"http://www.google.com"
"http://sciactive.com/pnotify/includes/desktop/"
'http://www.w3.org/2000/svg'
"http://example.com/ANamespace\"
"http://www.example.com/ns/my\"
'http://www.example.com/ns/my'
'http://google.com/'
"http://example.com"
"http://xmlns.com/foaf/0.1/"
"http://dbpedia.org/resource/John_Lennon"
"http://www.w3.org/2001/XMLSchema#dateTime"
'http://code.jquery.com/jquery-'
'http://datatables.net/tn/'
"http://www.sprymedia.co.uk/dataTables/lang.txt"
"http://www.macromedia.com/go/getflashplayer"
