daneden.me/animate
github.com/nickpettit/glide
http://jqvmap.com
https://github.com/manifestinteractive/jqvmap
http://www.quirksmode.org/css/box.html
http://www.w3.org/2000/svg\
http://getbootstrap.com
https://github.com/twbs/bootstrap/blob/master/LICENSE
http://getbootstrap.com/customize/
https://gist.github.com/44a1de7e0e4941725c68
git.io/normalize
https://github.com/h5bp/html5-boilerplate/blob/master/src/css/main.css
github.com/necolas/normalize.css
http://arshaw.com/fullcalendar/
http://twitter.github.com/bootstrap/
http://github.com/idleberg
https://github.com/idleberg/base16-codemirror
https://github.com/chriskempson/base16
https://github.com/marijnh/CodeMirror/issues
https://developer.mozilla.org/en-US/docs/Web/CSS/animation
http://bonsaiden.github.com/JavaScript-Garden
http://ethanschoonover.com/solarized
http://ethanschoonover.com/solarized/img/solarized-palette.png
http://chriskempson.com
https://github.com/idleberg/base16-chrome-devtools
http://lesscss.org/
https://github.com/idleberg/Paraiso-CodeMirror
http://www.rubenslp.com.br
http://fontawesome.io
http://fontawesome.io/license
https://github.com/atomicpages/codemirror-pastel-on-dark-theme
http://docs.jquery.com/QUnit
http://www.apache.org/licenses/LICENSE-2.0
http://jqueryui.com
http://jqueryui.com/themeroller/
https://www.theleagueofmoveabletype.com
http://qunitjs.com
http://jquery.org/license
https://github.com/jdewit/bootstrap-timepicker/graphs/contributors
http://mjolnic.github.io/bootstrap-colorpicker/
http://www.apache.org/licenses/LICENSE-2.0.txt
http://alexgorbatchev.com/SyntaxHighlighter
http://alexgorbatchev.com/SyntaxHighlighter/donate.html
http://www.colorzilla.com/gradient-editor/
http://api.jqueryui.com/category/theming/
http://api.jqueryui.com/button/#theming
http://api.jqueryui.com/slider/#theming
http://api.jqueryui.com/spinner/#theming
www.sprymedia.co.uk
