//cdn.jsdelivr.net/npm/sweetalert2@10
https://colorlib.com/wp/
http://via.placeholder.com/200x150
http://via.placeholder.com/150x150
https://cdn.datatables.net/1.10.19/js/jquery.dataTables.min.js
https://cdn.datatables.net/buttons/1.5.2/js/dataTables.buttons.min.js
https://cdnjs.cloudflare.com/ajax/libs/jszip/3.1.3/jszip.min.js
https://cdnjs.cloudflare.com/ajax/libs/pdfmake/0.1.36/pdfmake.min.js
https://cdnjs.cloudflare.com/ajax/libs/pdfmake/0.1.36/vfs_fonts.js
https://cdn.datatables.net/buttons/1.5.2/js/buttons.html5.min.js
https://cdn.datatables.net/buttons/1.5.2/js/buttons.print.min.js
https://cdn.datatables.net/buttons/1.5.2/js/buttons.colVis.min.js
https://cdn.datatables.net/rowgroup/1.0.4/js/dataTables.rowGroup.min.js
https://cdn.datatables.net/select/1.2.7/js/dataTables.select.min.js
https://cdn.datatables.net/fixedheader/3.1.5/js/dataTables.fixedHeader.min.js
http://www.stubbornella.org/content/2010/06/25/the-media-object-saves-hundreds-of-lines-of-code/
https://jituchauhan.com/
https://maps.google.com/maps/api/js?key=AIzaSyBUb3jDWJQ28vDJhuQZxkC0NXr_zycm8D0&amp;sensor=true
http://gmpg.org/xfn/11
https://fonts.googleapis.com/css?family=Open+Sans:300,400,400i,600,600i,700,700i,800
//maxcdn.bootstrapcdn.com
//s.w.org
https://jituchauhan.com/feed/
https://jituchauhan.com/comments/feed/
https://jituchauhan.com/wp-content/plugins/contact-form-7/includes/css/styles.css?ver=5.0.3
https://jituchauhan.com/wp-content/themes/jituchauhan/css/bootstrap.min.css?ver=3.3.7
https://jituchauhan.com/wp-content/themes/jituchauhan/style.css?ver=4.9.8
https://maxcdn.bootstrapcdn.com/font-awesome/4.4.0/css/font-awesome.min.css?ver=4.9.8
https://jituchauhan.com/wp-content/plugins/add-to-any/addtoany.min.css?ver=1.14
https://jituchauhan.com/wp-includes/js/jquery/jquery.js?ver=1.12.4
https://jituchauhan.com/wp-includes/js/jquery/jquery-migrate.min.js?ver=1.4.1
https://jituchauhan.com/wp-content/plugins/add-to-any/addtoany.min.js?ver=1.0
https://jituchauhan.com/wp-json/
https://api.w.org/
https://jituchauhan.com/xmlrpc.php?rsd
https://jituchauhan.com/wp-includes/wlwmanifest.xml
http://jituchauhan.com/wp-content/plugins/template-help-featured-templates/css/style.css
http://jituchauhan.com/wp-content/plugins/template-help-featured-templates/css/preview.css
https://jituchauhan.com/wp-content/uploads/2017/07/cropped-jituchauhan-32x32.png
https://jituchauhan.com/wp-content/uploads/2017/07/cropped-jituchauhan-192x192.png
https://jituchauhan.com/wp-content/uploads/2017/07/cropped-jituchauhan-180x180.png
https://jituchauhan.com/wp-content/uploads/2017/07/cropped-jituchauhan-270x270.png
//pagead2.googlesyndication.com/pagead/js/adsbygoogle.js
https://jituchauhan.com/about-me/
https://jituchauhan.com/blog/
https://jituchauhan.com/contact-me/
https://jituchauhan.com/privacy-policy/
https://jituchauhan.com/law-bootstrap-website-templates-free-download/
https://jituchauhan.com/digital-marketing-seo-website-template/
https://jituchauhan.com/10-best-architecture-interior-design-wordpress-theme/
https://jituchauhan.com/10-best-medical-health-care-website-template/
https://jituchauhan.com/10-youtube-channel-that-useful-to-beginner-for-wordpress-theme-development-tutorial/
https://jituchauhan.com/category/wordpress-theme/
https://jituchauhan.com/category/website-template/
https://jituchauhan.com/category/freebies/
https://jituchauhan.com/category/wordpress-tutorial/
https://jituchauhan.com/2017/07/
https://jituchauhan.com/2017/05/
https://jituchauhan.com/2017/03/
https://jituchauhan.com/2017/02/
https://jituchauhan.com/2017/01/
https://jituchauhan.com/tag/architectect/
https://jituchauhan.com/tag/architecture/
https://jituchauhan.com/tag/attorney-website-templates/
https://jituchauhan.com/tag/beginner-wordpress-theme-development/
https://jituchauhan.com/tag/cardiology/
https://jituchauhan.com/tag/clinic/
https://jituchauhan.com/tag/commercial/
https://jituchauhan.com/tag/dentist-clinic-wordpress-theme/
https://jituchauhan.com/tag/dentistry-wordpress-theme/
https://jituchauhan.com/tag/dentists/
https://jituchauhan.com/tag/digital-marketing/
https://jituchauhan.com/tag/digital-marketing-templates/
https://jituchauhan.com/tag/doctor/
https://jituchauhan.com/tag/exterior-design/
https://jituchauhan.com/tag/eye-care/
https://jituchauhan.com/tag/freebies/
https://jituchauhan.com/tag/free-website-templates/
https://jituchauhan.com/tag/gynecology/
https://jituchauhan.com/tag/health-care/
https://jituchauhan.com/tag/hospital/
https://jituchauhan.com/tag/interior-design/
https://jituchauhan.com/tag/laboratory/
https://jituchauhan.com/tag/law-templates/
https://jituchauhan.com/tag/lawyer-templates/
https://jituchauhan.com/tag/lawyer-website-templates/
https://jituchauhan.com/tag/medical-website/
https://jituchauhan.com/tag/neurologist/
https://jituchauhan.com/tag/orthodontist-wordpress-theme/
https://jituchauhan.com/tag/psychologist/
https://jituchauhan.com/tag/seo-website-templates/
https://jituchauhan.com/tag/step-by-step-theme-development-tutorial-youtube-channel/
https://jituchauhan.com/tag/website-template/
https://jituchauhan.com/tag/wordpress-101/
https://jituchauhan.com/tag/wordpress-theme-dentist-clinic/
https://jituchauhan.com/tag/wordpress-theme-development/
https://jituchauhan.com/tag/yoga-blog/
https://jituchauhan.com/tag/yoga-fitness/
https://jituchauhan.com/tag/yoga-instructor/
https://jituchauhan.com/tag/yoga-responsive/
https://jituchauhan.com/tag/yoga-studio/
https://jituchauhan.com/tag/yoga-teacher/
https://jituchauhan.com/tag/yoga-theme/
https://jituchauhan.com/tag/yoga-website/
https://jituchauhan.com/home/
https://wordpress.org/
http://jituchauhan.com/
https://www.addtoany.com/add_to/facebook?linkurl=https%3A%2F%2Fjituchauhan.com%2Finfluence%2Flandingpage%2Finfluence%2Fassets%2Fvendor%2Fcharts%2Fmorris-bundle%2Fmorrisjs.js&amp;linkname=Page%20not%20found%20-%20Jitu%20Chauhan
https://www.addtoany.com/add_to/twitter?linkurl=https%3A%2F%2Fjituchauhan.com%2Finfluence%2Flandingpage%2Finfluence%2Fassets%2Fvendor%2Fcharts%2Fmorris-bundle%2Fmorrisjs.js&amp;linkname=Page%20not%20found%20-%20Jitu%20Chauhan
https://www.addtoany.com/add_to/google_plus?linkurl=https%3A%2F%2Fjituchauhan.com%2Finfluence%2Flandingpage%2Finfluence%2Fassets%2Fvendor%2Fcharts%2Fmorris-bundle%2Fmorrisjs.js&amp;linkname=Page%20not%20found%20-%20Jitu%20Chauhan
https://www.addtoany.com/add_to/pinterest?linkurl=https%3A%2F%2Fjituchauhan.com%2Finfluence%2Flandingpage%2Finfluence%2Fassets%2Fvendor%2Fcharts%2Fmorris-bundle%2Fmorrisjs.js&amp;linkname=Page%20not%20found%20-%20Jitu%20Chauhan
https://www.addtoany.com/add_to/linkedin?linkurl=https%3A%2F%2Fjituchauhan.com%2Finfluence%2Flandingpage%2Finfluence%2Fassets%2Fvendor%2Fcharts%2Fmorris-bundle%2Fmorrisjs.js&amp;linkname=Page%20not%20found%20-%20Jitu%20Chauhan
https://www.addtoany.com/share
https://jituchauhan.com/wp-content/plugins/contact-form-7/includes/js/scripts.js?ver=5.0.3
https://jituchauhan.com/wp-content/themes/jituchauhan/js/bootstrap.min.js?ver=3.3.7
https://jituchauhan.com/wp-content/themes/jituchauhan/js/navigation.js?ver=20151215
https://jituchauhan.com/wp-content/themes/jituchauhan/js/skip-link-focus-fix.js?ver=20151215
https://jituchauhan.com/wp-includes/js/wp-embed.min.js?ver=4.9.8
https://jituchauhan.com/wp-content/plugins/mailchimp-for-wp/assets/js/forms-api.min.js?ver=4.2.4
https://jituchauhan.com/wp-content/plugins/mailchimp-for-wp/assets/js/third-party/placeholders.min.js?ver=4.2.4
https://www.addtoany.com/add_to/facebook?linkurl=https%3A%2F%2Fjituchauhan.com%2Finfluence%2Flandingpage%2Finfluence%2Fassets%2Fvendor%2Fcustom-js%2Fjquery.multi-select.js&amp;linkname=Page%20not%20found%20-%20Jitu%20Chauhan
https://www.addtoany.com/add_to/twitter?linkurl=https%3A%2F%2Fjituchauhan.com%2Finfluence%2Flandingpage%2Finfluence%2Fassets%2Fvendor%2Fcustom-js%2Fjquery.multi-select.js&amp;linkname=Page%20not%20found%20-%20Jitu%20Chauhan
https://www.addtoany.com/add_to/google_plus?linkurl=https%3A%2F%2Fjituchauhan.com%2Finfluence%2Flandingpage%2Finfluence%2Fassets%2Fvendor%2Fcustom-js%2Fjquery.multi-select.js&amp;linkname=Page%20not%20found%20-%20Jitu%20Chauhan
https://www.addtoany.com/add_to/pinterest?linkurl=https%3A%2F%2Fjituchauhan.com%2Finfluence%2Flandingpage%2Finfluence%2Fassets%2Fvendor%2Fcustom-js%2Fjquery.multi-select.js&amp;linkname=Page%20not%20found%20-%20Jitu%20Chauhan
https://www.addtoany.com/add_to/linkedin?linkurl=https%3A%2F%2Fjituchauhan.com%2Finfluence%2Flandingpage%2Finfluence%2Fassets%2Fvendor%2Fcustom-js%2Fjquery.multi-select.js&amp;linkname=Page%20not%20found%20-%20Jitu%20Chauhan
https://www.addtoany.com/add_to/facebook?linkurl=https%3A%2F%2Fjituchauhan.com%2Finfluence%2Flandingpage%2Finfluence%2Fpages%2Fpages-sign-up.html&amp;linkname=Page%20not%20found%20-%20Jitu%20Chauhan
https://www.addtoany.com/add_to/twitter?linkurl=https%3A%2F%2Fjituchauhan.com%2Finfluence%2Flandingpage%2Finfluence%2Fpages%2Fpages-sign-up.html&amp;linkname=Page%20not%20found%20-%20Jitu%20Chauhan
https://www.addtoany.com/add_to/google_plus?linkurl=https%3A%2F%2Fjituchauhan.com%2Finfluence%2Flandingpage%2Finfluence%2Fpages%2Fpages-sign-up.html&amp;linkname=Page%20not%20found%20-%20Jitu%20Chauhan
https://www.addtoany.com/add_to/pinterest?linkurl=https%3A%2F%2Fjituchauhan.com%2Finfluence%2Flandingpage%2Finfluence%2Fpages%2Fpages-sign-up.html&amp;linkname=Page%20not%20found%20-%20Jitu%20Chauhan
https://www.addtoany.com/add_to/linkedin?linkurl=https%3A%2F%2Fjituchauhan.com%2Finfluence%2Flandingpage%2Finfluence%2Fpages%2Fpages-sign-up.html&amp;linkname=Page%20not%20found%20-%20Jitu%20Chauhan
https://www.addtoany.com/add_to/facebook?linkurl=https%3A%2F%2Fjituchauhan.com%2Finfluence%2Flandingpage%2Finfluence%2Fpages%2Fuser-profile.html&amp;linkname=Page%20not%20found%20-%20Jitu%20Chauhan
https://www.addtoany.com/add_to/twitter?linkurl=https%3A%2F%2Fjituchauhan.com%2Finfluence%2Flandingpage%2Finfluence%2Fpages%2Fuser-profile.html&amp;linkname=Page%20not%20found%20-%20Jitu%20Chauhan
https://www.addtoany.com/add_to/google_plus?linkurl=https%3A%2F%2Fjituchauhan.com%2Finfluence%2Flandingpage%2Finfluence%2Fpages%2Fuser-profile.html&amp;linkname=Page%20not%20found%20-%20Jitu%20Chauhan
https://www.addtoany.com/add_to/pinterest?linkurl=https%3A%2F%2Fjituchauhan.com%2Finfluence%2Flandingpage%2Finfluence%2Fpages%2Fuser-profile.html&amp;linkname=Page%20not%20found%20-%20Jitu%20Chauhan
https://www.addtoany.com/add_to/linkedin?linkurl=https%3A%2F%2Fjituchauhan.com%2Finfluence%2Flandingpage%2Finfluence%2Fpages%2Fuser-profile.html&amp;linkname=Page%20not%20found%20-%20Jitu%20Chauhan
https://www.addtoany.com/add_to/facebook?linkurl=https%3A%2F%2Fjituchauhan.com%2Finfluence%2Flandingpage%2Finfluence%2Fpages%2Fpages-app.html&amp;linkname=Page%20not%20found%20-%20Jitu%20Chauhan
https://www.addtoany.com/add_to/twitter?linkurl=https%3A%2F%2Fjituchauhan.com%2Finfluence%2Flandingpage%2Finfluence%2Fpages%2Fpages-app.html&amp;linkname=Page%20not%20found%20-%20Jitu%20Chauhan
https://www.addtoany.com/add_to/google_plus?linkurl=https%3A%2F%2Fjituchauhan.com%2Finfluence%2Flandingpage%2Finfluence%2Fpages%2Fpages-app.html&amp;linkname=Page%20not%20found%20-%20Jitu%20Chauhan
https://www.addtoany.com/add_to/pinterest?linkurl=https%3A%2F%2Fjituchauhan.com%2Finfluence%2Flandingpage%2Finfluence%2Fpages%2Fpages-app.html&amp;linkname=Page%20not%20found%20-%20Jitu%20Chauhan
https://www.addtoany.com/add_to/linkedin?linkurl=https%3A%2F%2Fjituchauhan.com%2Finfluence%2Flandingpage%2Finfluence%2Fpages%2Fpages-app.html&amp;linkname=Page%20not%20found%20-%20Jitu%20Chauhan
