assets/libs/js/gmaps.min.js.un
documentation/js/jstree.min.js.un
assets/vendor/gauge/gauge.min.js.un
documentation/js/bootstrap.min.js.un
documentation/css/bootstrap.min.css.un
concept/assets/libs/js/gmaps.min.js.un
documentation/js/jquery-3.1.0.min.js.un
concept/documentation/js/jstree.min.js.un
assets/vendor/select2/js/select2.min.js.un
assets/vendor/charts/c3charts/c3.min.js.un
assets/vendor/jquery/jquery-3.3.1.min.js.un
concept/assets/vendor/gauge/gauge.min.js.un
assets/vendor/cropper/dist/cropper.min.js.un
concept/documentation/js/bootstrap.min.js.un
assets/vendor/cropper/dist/cropper.min.css.un
concept/documentation/css/bootstrap.min.css.un
assets/vendor/full-calendar/js/moment.min.js.un
concept/documentation/js/jquery-3.1.0.min.js.un
assets/vendor/charts/c3charts/d3-5.4.0.min.js.un
assets/vendor/bootstrap/css/bootstrap.min.css.un
cdn.jsdelivr.net/momentjs/latest/moment.min.js.un
assets/vendor/full-calendar/js/jquery-ui.min.js.un
concept/assets/vendor/select2/js/select2.min.js.un
concept/assets/vendor/charts/c3charts/c3.min.js.un
assets/vendor/shortable-nestable/Sortable.min.js.un
concept/assets/vendor/jquery/jquery-3.3.1.min.js.un
assets/vendor/charts/morris-bundle/raphael.min.js.un
concept/assets/vendor/cropper/dist/cropper.min.js.un
concept/assets/vendor/cropper/dist/cropper.min.css.un
assets/vendor/fonts/flag-icon-css/flag-icon.min.css.un
assets/vendor/charts/chartist-bundle/chartist.min.js.un
concept/assets/vendor/full-calendar/js/moment.min.js.un
assets/vendor/datatables/js/buttons.bootstrap4.min.js.un
concept/assets/vendor/charts/c3charts/d3-5.4.0.min.js.un
concept/assets/vendor/bootstrap/css/bootstrap.min.css.un
assets/vendor/jvectormap/jquery-jvectormap-2.0.2.min.js.un
concept/assets/vendor/full-calendar/js/jquery-ui.min.js.un
assets/vendor/datatables/js/dataTables.bootstrap4.min.js.un
concept/assets/vendor/shortable-nestable/Sortable.min.js.un
concept/assets/vendor/charts/morris-bundle/raphael.min.js.un
assets/vendor/fonts/weather-icons/css/weather-icons.min.css.un
concept/assets/vendor/fonts/flag-icon-css/flag-icon.min.css.un
concept/assets/vendor/charts/chartist-bundle/chartist.min.js.un
concept/assets/vendor/datatables/js/buttons.bootstrap4.min.js.un
concept/assets/vendor/jvectormap/jquery-jvectormap-2.0.2.min.js.un
concept/assets/vendor/datatables/js/dataTables.bootstrap4.min.js.un
concept/assets/vendor/fonts/weather-icons/css/weather-icons.min.css.un
assets/vendor/bootstrap-colorpicker/jquery-asColor/dist/jquery-asColor.min.js.un
assets/vendor/fonts/material-design-iconic-font/css/materialdesignicons.min.css.un
concept/assets/vendor/bootstrap-colorpicker/jquery-asColor/dist/jquery-asColor.min.js.un
concept/assets/vendor/fonts/material-design-iconic-font/css/materialdesignicons.min.css.un
assets/vendor/bootstrap-colorpicker/@claviska/jquery-minicolors/jquery.minicolors.min.js.un
assets/vendor/bootstrap-colorpicker/jquery-asColorPicker/dist/jquery-asColorPicker.min.js.un
assets/vendor/bootstrap-colorpicker/%40claviska/jquery-minicolors/jquery.minicolors.min.js.un
concept/assets/vendor/bootstrap-colorpicker/@claviska/jquery-minicolors/jquery.minicolors.min.js.un
concept/assets/vendor/bootstrap-colorpicker/jquery-asColorPicker/dist/jquery-asColorPicker.min.js.un
