tabs.html
inbox.html
cards.html
index.html
login.html
invoice.html
widgets.html
pricing.html
general.html
sign-up.html
morrisjs.html
calendar.html
timeline.html
chart-c3.html
carousel.html
404-page.html
pages-app.html
icon-flag.html
listgroup.html
map-vector.html
map-google.html
blank-page.html
datepicker.html
accordions.html
typography.html
data-tables.html
multiselect.html
chart-gauge.html
user-profile.html
icon-weather.html
icon-themify.html
message-chat.html
color-picker.html
media-object.html
chart-morris.html
chart-charts.html
pages-sign-up.html
icon-material.html
email-compose.html
email-details.html
cropper-image.html
general-table.html
form-elements.html
chart-chartist.html
form-validation.html
chart-sparkline.html
dashboard-sales.html
forgot-password.html
icon-fontawesome.html
bootstrap-select.html
blank-page-header.html
influencer-finder.html
dashboard-finance.html
ecommerce-product.html
influencer-profile.html
jquery.multi-select.html
icon-simple-lineicon.html
dashboard-influencer.html
sortable-nestable-lists.html
ecommerce-product-single.html
ecommerce-product-checkout.html
assets/images/logo.png
assets/images/slack.png
assets/images/github.png
assets/images/switch.png
assets/images/loader.svg
assets/libs/js/main-js.js
assets/libs/css/style.css
assets/images/dropbox.png
documentation/css/32px.png
assets/images/card-img.jpg
assets/images/avatar-5.jpg
assets/images/dribbble.png
assets/images/avatar-4.jpg
assets/images/avatar-2.jpg
assets/images/avatar-1.jpg
assets/images/avatar-3.jpg
assets/libs/js/gmaps.min.js
assets/images/error-img.png
assets/images/bitbucket.png
assets/vendor/gauge/gauge.js
assets/libs/js/google_map.js
assets/images/mail_chimp.png
assets/images/card-img-3.jpg
assets/images/card-img-1.jpg
assets/images/down-arrow.png
assets/images/card-img-2.jpg
assets/images/product-pic.jpg
documentation/css/throbber.gif
assets/libs/js/gmaps.min.js.un
assets/images/product-pic-3.jpg
assets/images/product-pic-4.jpg
assets/images/product-pic-2.jpg
assets/vendor/gauge/gauge.min.js
assets/vendor/parsley/parsley.js
assets/images/drag-indicator.png
documentation/js/jstree.min.js.un
assets/vendor/timeline/js/main.js
assets/libs/js/dashboard-sales.js
assets/vendor/dropzone/dropzone.js
assets/vendor/datepicker/moment.js
assets/images/eco-slider-img-3.png
assets/images/eco-slider-img-1.png
assets/images/eco-slider-img-2.png
assets/vendor/gauge/gauge.min.js.un
assets/vendor/vector-map/jqvmap.css
assets/libs/js/jvectormap.custom.js
assets/libs/js/dashboard-finance.js
assets/images/eco-product-img-2.png
assets/images/eco-product-img-1.png
assets/images/eco-product-img-3.png
assets/images/eco-product-img-4.png
documentation/js/bootstrap.min.js.un
assets/vendor/charts/c3charts/c3.css
assets/vendor/select2/css/select2.css
assets/libs/js/dashboard-ecommerce.js
documentation/css/bootstrap.min.css.un
assets/vendor/datepicker/datepicker.js
assets/libs/js/dashboard-influencer.js
concept/assets/libs/js/gmaps.min.js.un
documentation/js/jquery-3.1.0.min.js.un
assets/vendor/select2/js/select2.min.js
assets/vendor/charts/c3charts/c3.min.js
assets/vendor/jquery/jquery-3.3.1.min.js
assets/vendor/inputmask/css/inputmask.css
assets/vendor/datatables/js/data-table.js
assets/vendor/cropper/dist/cropper-int.js
assets/vendor/cropper/dist/cropper.min.js
concept/documentation/js/jstree.min.js.un
assets/vendor/select2/js/select2.min.js.un
assets/vendor/full-calendar/js/calendar.js
assets/vendor/fonts/circular-std/style.css
assets/vendor/cropper/dist/cropper.min.css
assets/vendor/charts/c3charts/c3.min.js.un
assets/vendor/charts/c3charts/C3chartjs.js
assets/vendor/charts/sparkline/spark-js.js
assets/vendor/jquery/jquery-3.3.1.min.js.un
concept/assets/vendor/gauge/gauge.min.js.un
assets/vendor/timeline/img/cd-icon-movie.svg
assets/vendor/full-calendar/js/moment.min.js
assets/vendor/cropper/dist/cropper.min.js.un
assets/vendor/charts/morris-bundle/morris.js
concept/documentation/js/bootstrap.min.js.un
assets/vendor/shortable-nestable/sort-nest.js
assets/vendor/summernote/js/summernote-bs4.js
assets/vendor/slimscroll/jquery.slimscroll.js
assets/vendor/cropper/dist/cropper.min.css.un
assets/vendor/charts/morris-bundle/morris.css
assets/vendor/charts/c3charts/d3-5.4.0.min.js
assets/vendor/charts/charts-bundle/chartjs.js
assets/vendor/bootstrap/css/bootstrap.min.css
cdn.jsdelivr.net/momentjs/latest/moment.min.js
assets/vendor/timeline/img/cd-icon-picture.svg
assets/vendor/full-calendar/js/fullcalendar.js
assets/vendor/fonts/flag-icon-css/flags/zm.svg
assets/vendor/fonts/flag-icon-css/flags/zw.svg
assets/vendor/fonts/flag-icon-css/flags/vu.svg
assets/vendor/fonts/flag-icon-css/flags/ws.svg
assets/vendor/fonts/flag-icon-css/flags/za.svg
assets/vendor/fonts/flag-icon-css/flags/ye.svg
assets/vendor/fonts/flag-icon-css/flags/vi.svg
assets/vendor/fonts/flag-icon-css/flags/vg.svg
assets/vendor/fonts/flag-icon-css/flags/wf.svg
assets/vendor/fonts/flag-icon-css/flags/yt.svg
assets/vendor/fonts/flag-icon-css/flags/vn.svg
assets/vendor/fonts/flag-icon-css/flags/ve.svg
assets/vendor/fonts/flag-icon-css/flags/vc.svg
assets/vendor/fonts/flag-icon-css/flags/va.svg
assets/vendor/fonts/flag-icon-css/flags/uz.svg
assets/vendor/fonts/flag-icon-css/flags/uy.svg
assets/vendor/fonts/flag-icon-css/flags/us.svg
assets/vendor/fonts/flag-icon-css/flags/tn.svg
assets/vendor/fonts/flag-icon-css/flags/ua.svg
assets/vendor/fonts/flag-icon-css/flags/tw.svg
assets/vendor/fonts/flag-icon-css/flags/um.svg
assets/vendor/fonts/flag-icon-css/flags/tz.svg
assets/vendor/fonts/flag-icon-css/flags/tr.svg
assets/vendor/fonts/flag-icon-css/flags/tv.svg
assets/vendor/fonts/flag-icon-css/flags/tm.svg
assets/vendor/fonts/flag-icon-css/flags/ug.svg
assets/vendor/fonts/flag-icon-css/flags/to.svg
assets/vendor/fonts/flag-icon-css/flags/tt.svg
assets/vendor/fonts/flag-icon-css/flags/tk.svg
assets/vendor/fonts/flag-icon-css/flags/tj.svg
assets/vendor/fonts/flag-icon-css/flags/tc.svg
assets/vendor/fonts/flag-icon-css/flags/tf.svg
assets/vendor/fonts/flag-icon-css/flags/td.svg
assets/vendor/fonts/flag-icon-css/flags/tl.svg
assets/vendor/fonts/flag-icon-css/flags/sz.svg
assets/vendor/fonts/flag-icon-css/flags/tg.svg
assets/vendor/fonts/flag-icon-css/flags/th.svg
assets/vendor/fonts/flag-icon-css/flags/sx.svg
assets/vendor/fonts/flag-icon-css/flags/sy.svg
assets/vendor/fonts/flag-icon-css/flags/sv.svg
assets/vendor/fonts/flag-icon-css/flags/st.svg
assets/vendor/fonts/flag-icon-css/flags/so.svg
assets/vendor/fonts/flag-icon-css/flags/ss.svg
assets/vendor/fonts/flag-icon-css/flags/sn.svg
assets/vendor/fonts/flag-icon-css/flags/sk.svg
assets/vendor/fonts/flag-icon-css/flags/sm.svg
assets/vendor/fonts/flag-icon-css/flags/sr.svg
assets/vendor/fonts/flag-icon-css/flags/sl.svg
assets/vendor/fonts/flag-icon-css/flags/si.svg
assets/vendor/fonts/flag-icon-css/flags/sh.svg
assets/vendor/fonts/flag-icon-css/flags/sg.svg
assets/vendor/fonts/flag-icon-css/flags/sc.svg
assets/vendor/fonts/flag-icon-css/flags/rs.svg
assets/vendor/fonts/flag-icon-css/flags/sj.svg
assets/vendor/fonts/flag-icon-css/flags/sd.svg
assets/vendor/fonts/flag-icon-css/flags/rw.svg
assets/vendor/fonts/flag-icon-css/flags/ru.svg
assets/vendor/fonts/flag-icon-css/flags/se.svg
assets/vendor/fonts/flag-icon-css/flags/sa.svg
assets/vendor/fonts/flag-icon-css/flags/sb.svg
assets/vendor/fonts/flag-icon-css/flags/py.svg
assets/vendor/fonts/flag-icon-css/flags/ro.svg
assets/vendor/fonts/flag-icon-css/flags/qa.svg
assets/vendor/fonts/flag-icon-css/flags/re.svg
assets/vendor/fonts/flag-icon-css/flags/pr.svg
assets/vendor/fonts/flag-icon-css/flags/pw.svg
assets/vendor/fonts/flag-icon-css/flags/ps.svg
assets/vendor/fonts/flag-icon-css/flags/pe.svg
assets/vendor/fonts/flag-icon-css/flags/pm.svg
assets/vendor/fonts/flag-icon-css/flags/pt.svg
assets/vendor/fonts/flag-icon-css/flags/pn.svg
assets/vendor/fonts/flag-icon-css/flags/pf.svg
assets/vendor/fonts/flag-icon-css/flags/pg.svg
assets/vendor/fonts/flag-icon-css/flags/pl.svg
assets/vendor/fonts/flag-icon-css/flags/np.svg
assets/vendor/fonts/flag-icon-css/flags/pa.svg
assets/vendor/fonts/flag-icon-css/flags/ph.svg
assets/vendor/fonts/flag-icon-css/flags/pk.svg
assets/vendor/fonts/flag-icon-css/flags/nl.svg
assets/vendor/fonts/flag-icon-css/flags/nu.svg
assets/vendor/fonts/flag-icon-css/flags/nr.svg
assets/vendor/fonts/flag-icon-css/flags/om.svg
assets/vendor/fonts/flag-icon-css/flags/ni.svg
assets/vendor/fonts/flag-icon-css/flags/nz.svg
assets/vendor/fonts/flag-icon-css/flags/no.svg
assets/vendor/fonts/flag-icon-css/flags/na.svg
assets/vendor/fonts/flag-icon-css/flags/nf.svg
assets/vendor/fonts/flag-icon-css/flags/nc.svg
assets/vendor/fonts/flag-icon-css/flags/ne.svg
assets/vendor/fonts/flag-icon-css/flags/my.svg
assets/vendor/fonts/flag-icon-css/flags/mw.svg
assets/vendor/fonts/flag-icon-css/flags/ng.svg
assets/vendor/fonts/flag-icon-css/flags/mr.svg
assets/vendor/fonts/flag-icon-css/flags/mu.svg
assets/vendor/fonts/flag-icon-css/flags/mx.svg
assets/vendor/fonts/flag-icon-css/flags/mz.svg
assets/vendor/fonts/flag-icon-css/flags/mt.svg
assets/vendor/fonts/flag-icon-css/flags/mp.svg
assets/vendor/fonts/flag-icon-css/flags/mv.svg
assets/vendor/fonts/flag-icon-css/flags/mg.svg
assets/vendor/fonts/flag-icon-css/flags/mo.svg
assets/vendor/fonts/flag-icon-css/flags/ms.svg
assets/vendor/fonts/flag-icon-css/flags/mq.svg
assets/vendor/fonts/flag-icon-css/flags/ml.svg
assets/vendor/fonts/flag-icon-css/flags/mk.svg
assets/vendor/fonts/flag-icon-css/flags/mm.svg
assets/vendor/fonts/flag-icon-css/flags/mh.svg
assets/vendor/fonts/flag-icon-css/flags/me.svg
assets/vendor/fonts/flag-icon-css/flags/mf.svg
assets/vendor/fonts/flag-icon-css/flags/mn.svg
assets/vendor/fonts/flag-icon-css/flags/lr.svg
assets/vendor/fonts/flag-icon-css/flags/ly.svg
assets/vendor/fonts/flag-icon-css/flags/md.svg
assets/vendor/fonts/flag-icon-css/flags/lk.svg
assets/vendor/fonts/flag-icon-css/flags/lt.svg
assets/vendor/fonts/flag-icon-css/flags/mc.svg
assets/vendor/fonts/flag-icon-css/flags/ls.svg
assets/vendor/fonts/flag-icon-css/flags/la.svg
assets/vendor/fonts/flag-icon-css/flags/lv.svg
assets/vendor/fonts/flag-icon-css/flags/lu.svg
assets/vendor/fonts/flag-icon-css/flags/ma.svg
assets/vendor/fonts/flag-icon-css/flags/lb.svg
assets/vendor/fonts/flag-icon-css/flags/li.svg
assets/vendor/fonts/flag-icon-css/flags/ky.svg
assets/vendor/fonts/flag-icon-css/flags/kr.svg
assets/vendor/fonts/flag-icon-css/flags/kp.svg
assets/vendor/fonts/flag-icon-css/flags/kz.svg
assets/vendor/fonts/flag-icon-css/flags/lc.svg
assets/vendor/fonts/flag-icon-css/flags/jp.svg
assets/vendor/fonts/flag-icon-css/flags/kw.svg
assets/vendor/fonts/flag-icon-css/flags/kn.svg
assets/vendor/fonts/flag-icon-css/flags/km.svg
assets/vendor/fonts/flag-icon-css/flags/ki.svg
assets/vendor/fonts/flag-icon-css/flags/kg.svg
assets/vendor/fonts/flag-icon-css/flags/jo.svg
assets/vendor/fonts/flag-icon-css/flags/jm.svg
assets/vendor/fonts/flag-icon-css/flags/kh.svg
assets/vendor/fonts/flag-icon-css/flags/ke.svg
assets/vendor/fonts/flag-icon-css/flags/je.svg
assets/vendor/fonts/flag-icon-css/flags/ir.svg
assets/vendor/fonts/flag-icon-css/flags/in.svg
assets/vendor/fonts/flag-icon-css/flags/it.svg
assets/vendor/fonts/flag-icon-css/flags/is.svg
assets/vendor/fonts/flag-icon-css/flags/ie.svg
assets/vendor/fonts/flag-icon-css/flags/iq.svg
assets/vendor/fonts/flag-icon-css/flags/io.svg
assets/vendor/fonts/flag-icon-css/flags/id.svg
assets/vendor/fonts/flag-icon-css/flags/il.svg
assets/vendor/fonts/flag-icon-css/flags/im.svg
assets/vendor/fonts/flag-icon-css/flags/hu.svg
assets/vendor/fonts/flag-icon-css/flags/ht.svg
assets/vendor/fonts/flag-icon-css/flags/hr.svg
assets/vendor/fonts/flag-icon-css/flags/gu.svg
assets/vendor/fonts/flag-icon-css/flags/gt.svg
assets/vendor/fonts/flag-icon-css/flags/hn.svg
assets/vendor/fonts/flag-icon-css/flags/hm.svg
assets/vendor/fonts/flag-icon-css/flags/gw.svg
assets/vendor/fonts/flag-icon-css/flags/hk.svg
assets/vendor/fonts/flag-icon-css/flags/gy.svg
assets/vendor/fonts/flag-icon-css/flags/gi.svg
assets/vendor/fonts/flag-icon-css/flags/gp.svg
assets/vendor/fonts/flag-icon-css/flags/gr.svg
assets/vendor/fonts/flag-icon-css/flags/gs.svg
assets/vendor/fonts/flag-icon-css/flags/gl.svg
assets/vendor/fonts/flag-icon-css/flags/gm.svg
assets/vendor/fonts/flag-icon-css/flags/gn.svg
assets/vendor/fonts/flag-icon-css/flags/gq.svg
assets/vendor/fonts/flag-icon-css/flags/ge.svg
assets/vendor/fonts/flag-icon-css/flags/fm.svg
assets/vendor/fonts/flag-icon-css/flags/fo.svg
assets/vendor/fonts/flag-icon-css/flags/ga.svg
assets/vendor/fonts/flag-icon-css/flags/gb.svg
assets/vendor/fonts/flag-icon-css/flags/gd.svg
assets/vendor/fonts/flag-icon-css/flags/gf.svg
assets/vendor/fonts/flag-icon-css/flags/gh.svg
assets/vendor/fonts/flag-icon-css/flags/fr.svg
assets/vendor/fonts/flag-icon-css/flags/gg.svg
assets/vendor/fonts/flag-icon-css/flags/fk.svg
assets/vendor/fonts/flag-icon-css/flags/fj.svg
assets/vendor/fonts/flag-icon-css/flags/et.svg
assets/vendor/fonts/flag-icon-css/flags/fi.svg
assets/vendor/fonts/flag-icon-css/flags/ee.svg
assets/vendor/fonts/flag-icon-css/flags/er.svg
assets/vendor/fonts/flag-icon-css/flags/es.svg
assets/vendor/fonts/flag-icon-css/flags/eg.svg
assets/vendor/fonts/flag-icon-css/flags/eh.svg
assets/vendor/fonts/flag-icon-css/flags/ec.svg
assets/vendor/fonts/flag-icon-css/flags/do.svg
assets/vendor/fonts/flag-icon-css/flags/dj.svg
assets/vendor/fonts/flag-icon-css/flags/dz.svg
assets/vendor/fonts/flag-icon-css/flags/cn.svg
assets/vendor/fonts/flag-icon-css/flags/dm.svg
assets/vendor/fonts/flag-icon-css/flags/dk.svg
assets/vendor/fonts/flag-icon-css/flags/de.svg
assets/vendor/fonts/flag-icon-css/flags/cz.svg
assets/vendor/fonts/flag-icon-css/flags/cx.svg
assets/vendor/fonts/flag-icon-css/flags/cu.svg
assets/vendor/fonts/flag-icon-css/flags/cr.svg
assets/vendor/fonts/flag-icon-css/flags/cy.svg
assets/vendor/fonts/flag-icon-css/flags/cv.svg
assets/vendor/fonts/flag-icon-css/flags/cw.svg
assets/vendor/fonts/flag-icon-css/flags/cd.svg
assets/vendor/fonts/flag-icon-css/flags/bz.svg
assets/vendor/fonts/flag-icon-css/flags/ca.svg
assets/vendor/fonts/flag-icon-css/flags/co.svg
assets/vendor/fonts/flag-icon-css/flags/cf.svg
assets/vendor/fonts/flag-icon-css/flags/ci.svg
assets/vendor/fonts/flag-icon-css/flags/cl.svg
assets/vendor/fonts/flag-icon-css/flags/ch.svg
assets/vendor/fonts/flag-icon-css/flags/cc.svg
assets/vendor/fonts/flag-icon-css/flags/cm.svg
assets/vendor/fonts/flag-icon-css/flags/cg.svg
assets/vendor/fonts/flag-icon-css/flags/bv.svg
assets/vendor/fonts/flag-icon-css/flags/bt.svg
assets/vendor/fonts/flag-icon-css/flags/ck.svg
assets/vendor/fonts/flag-icon-css/flags/bs.svg
assets/vendor/fonts/flag-icon-css/flags/by.svg
assets/vendor/fonts/flag-icon-css/flags/bq.svg
assets/vendor/fonts/flag-icon-css/flags/bw.svg
assets/vendor/fonts/flag-icon-css/flags/bn.svg
assets/vendor/fonts/flag-icon-css/flags/bo.svg
assets/vendor/fonts/flag-icon-css/flags/br.svg
assets/vendor/fonts/flag-icon-css/flags/bg.svg
assets/vendor/fonts/flag-icon-css/flags/bl.svg
assets/vendor/fonts/flag-icon-css/flags/bj.svg
assets/vendor/fonts/flag-icon-css/flags/bm.svg
assets/vendor/fonts/flag-icon-css/flags/as.svg
assets/vendor/fonts/flag-icon-css/flags/at.svg
assets/vendor/fonts/flag-icon-css/flags/bh.svg
assets/vendor/fonts/flag-icon-css/flags/bi.svg
assets/vendor/fonts/flag-icon-css/flags/aw.svg
assets/vendor/fonts/flag-icon-css/flags/bf.svg
assets/vendor/fonts/flag-icon-css/flags/ax.svg
assets/vendor/fonts/flag-icon-css/flags/bb.svg
assets/vendor/fonts/flag-icon-css/flags/au.svg
assets/vendor/fonts/flag-icon-css/flags/bd.svg
assets/vendor/fonts/flag-icon-css/flags/be.svg
assets/vendor/fonts/flag-icon-css/flags/ao.svg
assets/vendor/fonts/flag-icon-css/flags/am.svg
assets/vendor/fonts/flag-icon-css/flags/az.svg
assets/vendor/fonts/flag-icon-css/flags/ba.svg
assets/vendor/fonts/flag-icon-css/flags/aq.svg
assets/vendor/fonts/flag-icon-css/flags/al.svg
assets/vendor/fonts/flag-icon-css/flags/ar.svg
assets/vendor/fonts/flag-icon-css/flags/af.svg
assets/vendor/fonts/flag-icon-css/flags/ag.svg
assets/vendor/fonts/flag-icon-css/flags/ai.svg
assets/vendor/fonts/flag-icon-css/flags/ad.svg
assets/vendor/fonts/flag-icon-css/flags/ae.svg
assets/vendor/charts/morris-bundle/Morrisjs.js
assets/vendor/bootstrap/js/bootstrap.bundle.js
concept/documentation/css/bootstrap.min.css.un
assets/vendor/timeline/img/cd-icon-location.svg
assets/vendor/summernote/css/summernote-bs4.css
assets/vendor/multi-select/css/multi-select.css
assets/vendor/full-calendar/js/moment.min.js.un
assets/vendor/full-calendar/js/jquery-ui.min.js
concept/documentation/js/jquery-3.1.0.min.js.un
assets/vendor/shortable-nestable/Sortable.min.js
assets/vendor/summernote/css/font/summernote.eot
assets/vendor/summernote/css/font/summernote.ttf
assets/vendor/full-calendar/css/fullcalendar.css
assets/vendor/charts/c3charts/d3-5.4.0.min.js.un
assets/vendor/bootstrap/css/bootstrap.min.css.un
cdn.jsdelivr.net/momentjs/latest/moment.min.js.un
assets/vendor/summernote/css/font/summernote.woff
assets/vendor/daterangepicker/daterangepicker.css
assets/vendor/charts/chartist-bundle/chartist.css
assets/vendor/charts/morris-bundle/raphael.min.js
assets/vendor/summernote/css/font/summernote.woff2
assets/vendor/full-calendar/js/jquery-ui.min.js.un
assets/vendor/datatables/css/select.bootstrap4.css
assets/vendor/charts/chartist-bundle/Chartistjs.js
assets/vendor/charts/sparkline/jquery.sparkline.js
assets/vendor/charts/charts-bundle/Chart.bundle.js
concept/assets/vendor/select2/js/select2.min.js.un
concept/assets/vendor/charts/c3charts/c3.min.js.un
assets/vendor/shortable-nestable/Sortable.min.js.un
assets/vendor/shortable-nestable/jquery.nestable.js
assets/vendor/fonts/flag-icon-css/flag-icon.min.css
assets/vendor/fonts/themify-icons/themify-icons.css
assets/vendor/fonts/themify-icons/fonts/themify.ttf
assets/vendor/datatables/css/buttons.bootstrap4.css
concept/assets/vendor/jquery/jquery-3.3.1.min.js.un
assets/vendor/jvectormap/jquery-jvectormap-2.0.2.css
assets/vendor/multi-select/js/jquery.multi-select.js
assets/vendor/fonts/themify-icons/fonts/themify.woff
assets/vendor/charts/chartist-bundle/chartist.min.js
assets/vendor/charts/morris-bundle/raphael.min.js.un
concept/assets/vendor/cropper/dist/cropper.min.js.un
assets/vendor/jvectormap/jquery-jvectormap-in-mill.js
assets/vendor/jvectormap/jquery-jvectormap-au-mill.js
assets/vendor/inputmask/js/jquery.inputmask.bundle.js
assets/vendor/datepicker/tempusdominus-bootstrap-4.js
assets/vendor/datatables/js/buttons.bootstrap4.min.js
assets/vendor/bootstrap-select/js/bootstrap-select.js
concept/assets/vendor/cropper/dist/cropper.min.css.un
assets/vendor/full-calendar/css/fullcalendar.print.css
assets/vendor/fonts/flag-icon-css/flag-icon.min.css.un
assets/vendor/fonts/circular-std/CircularStd-Book.woff
assets/vendor/fonts/circular-std/CircularStd-Bold.woff
assets/vendor/datepicker/tempusdominus-bootstrap-4.css
assets/vendor/datatables/css/dataTables.bootstrap4.css
assets/vendor/jvectormap/jquery-jvectormap-us-aea-en.js
assets/vendor/jvectormap/jquery-jvectormap-2.0.2.min.js
assets/vendor/fonts/themify-icons/fonts/themifyd41d.eot
assets/vendor/fonts/themify-icons/fonts/themify9f24.svg
assets/vendor/fonts/themify-icons/fonts/themify9f24.eot
assets/vendor/fonts/fontawesome/css/fontawesome-all.css
assets/vendor/fonts/circular-std/CircularStd-Black.woff
assets/vendor/datatables/css/fixedHeader.bootstrap4.css
assets/vendor/charts/chartist-bundle/chartist.min.js.un
assets/vendor/bootstrap-select/css/bootstrap-select.css
concept/assets/vendor/full-calendar/js/moment.min.js.un
assets/vendor/jvectormap/jquery-jvectormap-uk-mill-en.js
assets/vendor/fonts/circular-std/CircularStd-Medium.woff
assets/vendor/datatables/js/buttons.bootstrap4.min.js.un
assets/vendor/datatables/js/dataTables.bootstrap4.min.js
concept/assets/vendor/charts/c3charts/d3-5.4.0.min.js.un
concept/assets/vendor/bootstrap/css/bootstrap.min.css.un
assets/vendor/fonts/fontawesome/webfonts/fa-solid-900.ttf
assets/vendor/fonts/fontawesome/webfonts/fa-solid-900.svg
assets/vendor/fonts/fontawesome/webfonts/fa-solid-900.eot
assets/vendor/jvectormap/jquery-jvectormap-2.0.2.min.js.un
assets/vendor/fonts/fontawesome/webfonts/fa-solid-900.woff
assets/vendor/fonts/fontawesome/webfonts/fa-brands-400.ttf
assets/vendor/fonts/fontawesome/webfonts/fa-brands-400.svg
assets/vendor/fonts/fontawesome/webfonts/fa-brands-400.eot
concept/assets/vendor/full-calendar/js/jquery-ui.min.js.un
assets/vendor/jvectormap/jquery-jvectormap-world-mill-en.js
assets/vendor/fonts/weather-icons/css/weather-icons.min.css
assets/vendor/fonts/fontawesome/webfonts/fa-regular-400.ttf
assets/vendor/fonts/fontawesome/webfonts/fa-regular-400.svg
assets/vendor/fonts/fontawesome/webfonts/fa-regular-400.eot
assets/vendor/fonts/fontawesome/webfonts/fa-brands-400.woff
assets/vendor/datatables/js/dataTables.bootstrap4.min.js.un
concept/assets/vendor/shortable-nestable/Sortable.min.js.un
assets/vendor/fonts/fontawesome/webfonts/fa-regular-400.woff
assets/vendor/fonts/circular-std/CircularStd-BookItalic.woff
assets/vendor/fonts/circular-std/CircularStd-BoldItalic.woff
concept/assets/vendor/charts/morris-bundle/raphael.min.js.un
assets/vendor/fonts/fontawesome/webfonts/fa-solid-900d41d.eot
assets/vendor/fonts/circular-std/CircularStd-BlackItalic.woff
assets/vendor/fonts/weather-icons/css/weather-icons.min.css.un
assets/vendor/fonts/fontawesome/webfonts/fa-brands-400d41d.eot
assets/vendor/fonts/circular-std/CircularStd-MediumItalic.woff
concept/assets/vendor/fonts/flag-icon-css/flag-icon.min.css.un
assets/vendor/fonts/simple-line-icons/css/simple-line-icons.css
assets/vendor/fonts/fontawesome/webfonts/fa-regular-400d41d.eot
concept/assets/vendor/charts/chartist-bundle/chartist.min.js.un
concept/assets/vendor/datatables/js/buttons.bootstrap4.min.js.un
assets/vendor/charts/chartist-bundle/chartist-plugin-threshold.js
concept/assets/vendor/jvectormap/jquery-jvectormap-2.0.2.min.js.un
concept/assets/vendor/datatables/js/dataTables.bootstrap4.min.js.un
assets/vendor/fonts/simple-line-icons/fonts/Simple-Line-Iconsd41d.eot
assets/vendor/fonts/simple-line-icons/fonts/Simple-Line-Icons4c82.ttf
assets/vendor/fonts/simple-line-icons/fonts/Simple-Line-Icons4c82.svg
assets/vendor/fonts/simple-line-icons/fonts/Simple-Line-Icons4c82.eot
assets/vendor/fonts/simple-line-icons/fonts/Simple-Line-Icons4c82.woff
concept/assets/vendor/fonts/weather-icons/css/weather-icons.min.css.un
assets/vendor/fonts/weather-icons/fonts/weathericons-regular-webfont.eot
assets/vendor/bootstrap-colorpicker/jquery-asColor/dist/jquery-asColor.min.js
assets/vendor/bootstrap-colorpicker/jquery-asGradient/dist/jquery-asGradient.js
assets/vendor/fonts/material-design-iconic-font/css/materialdesignicons.min.css
assets/vendor/bootstrap-colorpicker/jquery-asColor/dist/jquery-asColor.min.js.un
assets/vendor/fonts/material-design-iconic-font/css/materialdesignicons.min.css.un
assets/vendor/bootstrap-colorpicker/@claviska/jquery-minicolors/jquery.minicolors.png
assets/vendor/bootstrap-colorpicker/%40claviska/jquery-minicolors/jquery.minicolors.css
concept/assets/vendor/bootstrap-colorpicker/jquery-asColor/dist/jquery-asColor.min.js.un
assets/vendor/bootstrap-colorpicker/jquery-asColorPicker/dist/jquery-asColorPicker.min.js
assets/vendor/fonts/material-design-iconic-font/fonts/materialdesignicons-webfontdc99.ttf
assets/vendor/fonts/material-design-iconic-font/fonts/materialdesignicons-webfontdc99.svg
assets/vendor/fonts/material-design-iconic-font/fonts/materialdesignicons-webfontdc99.eot
assets/vendor/fonts/material-design-iconic-font/fonts/materialdesignicons-webfontd41d.eot
assets/vendor/bootstrap-colorpicker/%40claviska/jquery-minicolors/jquery.minicolors.min.js
assets/vendor/fonts/material-design-iconic-font/fonts/materialdesignicons-webfontdc99.woff
concept/assets/vendor/fonts/material-design-iconic-font/css/materialdesignicons.min.css.un
assets/vendor/bootstrap-colorpicker/@claviska/jquery-minicolors/jquery.minicolors.min.js.un
assets/vendor/bootstrap-colorpicker/jquery-asColorPicker/dist/jquery-asColorPicker.min.js.un
assets/vendor/bootstrap-colorpicker/%40claviska/jquery-minicolors/jquery.minicolors.min.js.un
concept/assets/vendor/bootstrap-colorpicker/@claviska/jquery-minicolors/jquery.minicolors.min.js.un
concept/assets/vendor/bootstrap-colorpicker/jquery-asColorPicker/dist/jquery-asColorPicker.min.js.un
