{'404-page.html': ['pages/404-page.html', 'concept/pages/404-page.html'],
 'accordions.html': ['pages/accordions.html', 'concept/pages/accordions.html'],
 'blank-page-header.html': ['pages/blank-page-header.html',
                            'concept/pages/blank-page-header.html'],
 'blank-page.html': ['pages/blank-page.html', 'concept/pages/blank-page.html'],
 'bootstrap-select.html': ['pages/bootstrap-select.html',
                           'concept/pages/bootstrap-select.html'],
 'calendar.html': ['pages/calendar.html', 'concept/pages/calendar.html'],
 'cards.html': ['pages/cards.html', 'concept/pages/cards.html'],
 'carousel.html': ['pages/carousel.html', 'concept/pages/carousel.html'],
 'chart-c3.html': ['pages/chart-c3.html', 'concept/pages/chart-c3.html'],
 'chart-chartist.html': ['pages/chart-chartist.html',
                         'concept/pages/chart-chartist.html'],
 'chart-charts.html': ['pages/chart-charts.html',
                       'concept/pages/chart-charts.html'],
 'chart-gauge.html': ['pages/chart-gauge.html',
                      'concept/pages/chart-gauge.html'],
 'chart-morris.html': ['pages/chart-morris.html',
                       'concept/pages/chart-morris.html'],
 'chart-sparkline.html': ['pages/chart-sparkline.html',
                          'concept/pages/chart-sparkline.html'],
 'color-picker.html': ['pages/color-picker.html',
                       'concept/pages/color-picker.html'],
 'cropper-image.html': ['pages/cropper-image.html',
                        'concept/pages/cropper-image.html'],
 'dashboard-finance.html': ['concept/dashboard-finance.html'],
 'dashboard-influencer.html': ['concept/dashboard-influencer.html'],
 'dashboard-sales.html': ['concept/dashboard-sales.html'],
 'data-tables.html': ['pages/data-tables.html',
                      'concept/pages/data-tables.html'],
 'datepicker.html': ['pages/datepicker.html', 'concept/pages/datepicker.html'],
 'ecommerce-product-checkout.html': ['concept/ecommerce-product-checkout.html'],
 'ecommerce-product-single.html': ['concept/ecommerce-product-single.html'],
 'ecommerce-product.html': ['concept/ecommerce-product.html'],
 'email-compose.html': ['pages/email-compose.html',
                        'concept/pages/email-compose.html'],
 'email-details.html': ['pages/email-details.html',
                        'concept/pages/email-details.html'],
 'forgot-password.html': ['pages/forgot-password.html',
                          'concept/pages/forgot-password.html'],
 'form-elements.html': ['pages/form-elements.html',
                        'concept/pages/form-elements.html'],
 'form-validation.html': ['pages/form-validation.html',
                          'concept/pages/form-validation.html'],
 'general-table.html': ['pages/general-table.html',
                        'concept/pages/general-table.html'],
 'general.html': ['pages/general.html', 'concept/pages/general.html'],
 'icon-flag.html': ['pages/icon-flag.html', 'concept/pages/icon-flag.html'],
 'icon-fontawesome.html': ['pages/icon-fontawesome.html',
                           'concept/pages/icon-fontawesome.html'],
 'icon-material.html': ['pages/icon-material.html',
                        'concept/pages/icon-material.html'],
 'icon-simple-lineicon.html': ['pages/icon-simple-lineicon.html',
                               'concept/pages/icon-simple-lineicon.html'],
 'icon-themify.html': ['pages/icon-themify.html',
                       'concept/pages/icon-themify.html'],
 'icon-weather.html': ['pages/icon-weather.html',
                       'concept/pages/icon-weather.html'],
 'inbox.html': ['pages/inbox.html', 'concept/pages/inbox.html'],
 'index.html': ['pages/index.html',
                'concept/index.html',
                'documentation/index.html',
                'concept/pages/index.html',
                'concept/documentation/index.html'],
 'influencer-finder.html': ['concept/influencer-finder.html'],
 'influencer-profile.html': ['concept/influencer-profile.html'],
 'invoice.html': ['pages/invoice.html', 'concept/pages/invoice.html'],
 'jquery.multi-select.html': ['assets/vendor/custom-js/jquery.multi-select.html',
                              'concept/assets/vendor/custom-js/jquery.multi-select.html'],
 'listgroup.html': ['pages/listgroup.html', 'concept/pages/listgroup.html'],
 'login.html': ['pages/login.html', 'concept/pages/login.html'],
 'map-google.html': ['pages/map-google.html', 'concept/pages/map-google.html'],
 'map-vector.html': ['pages/map-vector.html', 'concept/pages/map-vector.html'],
 'media-object.html': ['pages/media-object.html',
                       'concept/pages/media-object.html'],
 'message-chat.html': ['pages/message-chat.html',
                       'concept/pages/message-chat.html'],
 'morrisjs.html': ['assets/vendor/charts/morris-bundle/morrisjs.html',
                   'concept/assets/vendor/charts/morris-bundle/morrisjs.html'],
 'multiselect.html': ['pages/multiselect.html',
                      'concept/pages/multiselect.html'],
 'pages-app.html': ['pages/pages-app.html', 'concept/pages/pages-app.html'],
 'pages-sign-up.html': ['pages/pages-sign-up.html',
                        'concept/pages/pages-sign-up.html'],
 'pricing.html': ['pages/pricing.html', 'concept/pages/pricing.html'],
 'sign-up.html': ['pages/sign-up.html', 'concept/pages/sign-up.html'],
 'sortable-nestable-lists.html': ['pages/sortable-nestable-lists.html',
                                  'concept/pages/sortable-nestable-lists.html'],
 'tabs.html': ['pages/tabs.html', 'concept/pages/tabs.html'],
 'timeline.html': ['pages/timeline.html', 'concept/pages/timeline.html'],
 'typography.html': ['pages/typography.html', 'concept/pages/typography.html'],
 'user-profile.html': ['pages/user-profile.html',
                       'concept/pages/user-profile.html'],
 'widgets.html': ['pages/widgets.html', 'concept/pages/widgets.html']}
