pages/tabs.html
pages/login.html
pages/index.html
pages/inbox.html
pages/cards.html
pages/widgets.html
pages/sign-up.html
pages/pricing.html
pages/invoice.html
pages/general.html
pages/cropped.html
concept/index.html
pages/timeline.html
pages/chart-c3.html
pages/carousel.html
pages/calendar.html
pages/404-page.html
pages/pages-app.html
pages/listgroup.html
pages/icon-flag.html
pages/typography.html
pages/map-google.html
pages/map-vector.html
pages/datepicker.html
pages/blank-page.html
pages/accordions.html
pages/multiselect.html
pages/data-tables.html
pages/chart-gauge.html
pages/user-profile.html
pages/message-chat.html
pages/media-object.html
pages/icon-themify.html
pages/icon-weather.html
pages/color-picker.html
pages/chart-morris.html
pages/chart-charts.html
concept/pages/tabs.html
pages/pages-sign-up.html
pages/icon-material.html
pages/form-elements.html
pages/email-details.html
pages/general-table.html
pages/cropper-image.html
pages/email-compose.html
documentation/index.html
concept/pages/login.html
concept/pages/index.html
concept/pages/inbox.html
concept/pages/cards.html
pages/chart-chartist.html
pages/form-validation.html
pages/forgot-password.html
pages/chart-sparkline.html
concept/pages/widgets.html
concept/pages/sign-up.html
concept/pages/pricing.html
concept/pages/invoice.html
concept/pages/general.html
concept/pages/cropped.html
pages/icon-fontawesome.html
pages/bootstrap-select.html
concept/pages/timeline.html
concept/pages/chart-c3.html
concept/pages/carousel.html
concept/pages/calendar.html
concept/pages/404-page.html
pages/blank-page-header.html
concept/pages/pages-app.html
concept/pages/listgroup.html
concept/pages/icon-flag.html
concept/dashboard-sales.html
concept/pages/typography.html
concept/pages/map-google.html
concept/pages/map-vector.html
concept/pages/datepicker.html
concept/pages/blank-page.html
concept/pages/accordions.html
concept/pages/multiselect.html
concept/pages/data-tables.html
concept/pages/chart-gauge.html
concept/influencer-finder.html
concept/ecommerce-product.html
concept/dashboard-finance.html
pages/icon-simple-lineicon.html
concept/pages/user-profile.html
concept/pages/message-chat.html
concept/pages/media-object.html
concept/pages/icon-weather.html
concept/pages/icon-themify.html
concept/pages/color-picker.html
concept/pages/chart-morris.html
concept/pages/chart-charts.html
concept/influencer-profile.html
concept/pages/pages-sign-up.html
concept/pages/icon-material.html
concept/pages/form-elements.html
concept/pages/general-table.html
concept/pages/email-details.html
concept/pages/email-compose.html
concept/pages/cropper-image.html
concept/documentation/index.html
concept/pages/chart-chartist.html
concept/dashboard-influencer.html
pages/sortable-nestable-lists.html
concept/pages/form-validation.html
concept/pages/forgot-password.html
concept/pages/chart-sparkline.html
concept/pages/icon-fontawesome.html
concept/pages/bootstrap-select.html
concept/pages/blank-page-header.html
concept/ecommerce-product-single.html
concept/pages/icon-simple-lineicon.html
concept/ecommerce-product-checkout.html
concept/pages/sortable-nestable-lists.html
assets/vendor/custom-js/jquery.multi-select.html
assets/vendor/charts/morris-bundle/morrisjs.html
concept/assets/vendor/custom-js/jquery.multi-select.html
concept/assets/vendor/charts/morris-bundle/morrisjs.html
assets/vendor/fonts/fontawesome/webfonts/fa-solid-900.html
assets/vendor/fonts/fontawesome/webfonts/fa-brands-400.html
assets/vendor/fonts/fontawesome/webfonts/fa-regular-400.html
concept/assets/vendor/fonts/fontawesome/webfonts/fa-solid-900.html
concept/assets/vendor/fonts/fontawesome/webfonts/fa-brands-400.html
concept/assets/vendor/fonts/fontawesome/webfonts/fa-regular-400.html
assets/vendor/fonts/simple-line-icons/fonts/Simple-Line-Icons4c82.html
concept/assets/vendor/fonts/simple-line-icons/fonts/Simple-Line-Icons4c82.html
assets/vendor/fonts/material-design-iconic-font/fonts/materialdesignicons-webfontdc99.html
concept/assets/vendor/fonts/material-design-iconic-font/fonts/materialdesignicons-webfontdc99.html
README.md
favicon.ico
sr_in_html.yml
concept/README.md
documentation/img/logo.png
documentation/css/style.css
documentation/img/favicon.ico
documentation/js/jstree.min.js
concept/assets/images/logo.png
concept/assets/images/slack.png
concept/assets/images/switch.png
concept/assets/images/github.png
concept/assets/images/loader.svg
documentation/js/bootstrap.min.js
documentation/js/jstree.active.js
documentation/css/tree-viewer.css
concept/assets/libs/js/main-js.js
concept/assets/libs/css/style.css
concept/assets/images/dropbox.png
concept/documentation/css/32px.png
concept/documentation/img/logo.png
concept/assets/images/card-img.jpg
concept/assets/images/dribbble.png
concept/assets/images/avatar-5.jpg
concept/assets/images/avatar-4.jpg
concept/assets/images/avatar-2.jpg
concept/assets/images/avatar-1.jpg
concept/assets/images/avatar-3.jpg
documentation/css/bootstrap.min.css
concept/documentation/css/style.css
concept/assets/libs/js/gmaps.min.js
concept/assets/images/error-img.png
concept/assets/images/bitbucket.png
documentation/js/jquery-3.1.0.min.js
concept/assets/vendor/gauge/gauge.js
concept/assets/libs/js/google_map.js
concept/assets/images/mail_chimp.png
concept/assets/images/card-img-3.jpg
concept/assets/images/down-arrow.png
concept/assets/images/card-img-1.jpg
concept/assets/images/card-img-2.jpg
concept/documentation/img/favicon.ico
concept/assets/images/product-pic.jpg
concept/documentation/js/jstree.min.js
concept/documentation/css/throbber.gif
concept/assets/images/product-pic-3.jpg
concept/assets/images/product-pic-4.jpg
concept/assets/images/product-pic-2.jpg
concept/assets/vendor/gauge/gauge.min.js
concept/assets/vendor/parsley/parsley.js
concept/assets/images/drag-indicator.png
concept/documentation/js/jstree.active.js
concept/documentation/js/bootstrap.min.js
concept/documentation/css/tree-viewer.css
concept/assets/vendor/timeline/js/main.js
concept/assets/libs/js/dashboard-sales.js
concept/assets/vendor/dropzone/dropzone.js
concept/assets/vendor/datepicker/moment.js
concept/assets/images/eco-slider-img-3.png
concept/assets/images/eco-slider-img-1.png
concept/assets/images/eco-slider-img-2.png
concept/documentation/css/bootstrap.min.css
concept/assets/vendor/vector-map/jqvmap.css
concept/assets/libs/js/jvectormap.custom.js
concept/assets/libs/js/dashboard-finance.js
concept/assets/images/eco-product-img-2.png
concept/assets/images/eco-product-img-1.png
concept/assets/images/eco-product-img-3.png
concept/assets/images/eco-product-img-4.png
concept/documentation/js/jquery-3.1.0.min.js
concept/assets/vendor/charts/c3charts/c3.css
concept/assets/vendor/select2/css/select2.css
concept/assets/libs/js/dashboard-ecommerce.js
concept/assets/vendor/datepicker/datepicker.js
concept/assets/libs/js/dashboard-influencer.js
concept/assets/vendor/select2/js/select2.min.js
concept/assets/vendor/charts/c3charts/c3.min.js
concept/assets/vendor/jquery/jquery-3.3.1.min.js
concept/assets/vendor/inputmask/css/inputmask.css
concept/assets/vendor/datatables/js/data-table.js
concept/assets/vendor/cropper/dist/cropper.min.js
concept/assets/vendor/cropper/dist/cropper-int.js
concept/assets/vendor/full-calendar/js/calendar.js
concept/assets/vendor/fonts/circular-std/style.css
concept/assets/vendor/cropper/dist/cropper.min.css
concept/assets/vendor/charts/c3charts/C3chartjs.js
concept/assets/vendor/charts/sparkline/spark-js.js
concept/assets/vendor/timeline/img/cd-icon-movie.svg
concept/assets/vendor/full-calendar/js/moment.min.js
concept/assets/vendor/charts/morris-bundle/morris.js
concept/assets/vendor/shortable-nestable/sort-nest.js
concept/assets/vendor/summernote/js/summernote-bs4.js
concept/assets/vendor/slimscroll/jquery.slimscroll.js
concept/assets/vendor/charts/morris-bundle/morris.css
concept/assets/vendor/charts/c3charts/d3-5.4.0.min.js
concept/assets/vendor/charts/charts-bundle/chartjs.js
concept/assets/vendor/bootstrap/css/bootstrap.min.css
concept/assets/vendor/timeline/img/cd-icon-picture.svg
concept/assets/vendor/full-calendar/js/fullcalendar.js
concept/assets/vendor/fonts/flag-icon-css/flags/zm.svg
concept/assets/vendor/fonts/flag-icon-css/flags/zw.svg
concept/assets/vendor/fonts/flag-icon-css/flags/vu.svg
concept/assets/vendor/fonts/flag-icon-css/flags/ws.svg
concept/assets/vendor/fonts/flag-icon-css/flags/za.svg
concept/assets/vendor/fonts/flag-icon-css/flags/ye.svg
concept/assets/vendor/fonts/flag-icon-css/flags/vi.svg
concept/assets/vendor/fonts/flag-icon-css/flags/wf.svg
concept/assets/vendor/fonts/flag-icon-css/flags/yt.svg
concept/assets/vendor/fonts/flag-icon-css/flags/vn.svg
concept/assets/vendor/fonts/flag-icon-css/flags/vg.svg
concept/assets/vendor/fonts/flag-icon-css/flags/ve.svg
concept/assets/vendor/fonts/flag-icon-css/flags/vc.svg
concept/assets/vendor/fonts/flag-icon-css/flags/va.svg
concept/assets/vendor/fonts/flag-icon-css/flags/uz.svg
concept/assets/vendor/fonts/flag-icon-css/flags/uy.svg
concept/assets/vendor/fonts/flag-icon-css/flags/us.svg
concept/assets/vendor/fonts/flag-icon-css/flags/um.svg
concept/assets/vendor/fonts/flag-icon-css/flags/tn.svg
concept/assets/vendor/fonts/flag-icon-css/flags/ua.svg
concept/assets/vendor/fonts/flag-icon-css/flags/tw.svg
concept/assets/vendor/fonts/flag-icon-css/flags/tz.svg
concept/assets/vendor/fonts/flag-icon-css/flags/tr.svg
concept/assets/vendor/fonts/flag-icon-css/flags/tv.svg
concept/assets/vendor/fonts/flag-icon-css/flags/tm.svg
concept/assets/vendor/fonts/flag-icon-css/flags/ug.svg
concept/assets/vendor/fonts/flag-icon-css/flags/to.svg
concept/assets/vendor/fonts/flag-icon-css/flags/tt.svg
concept/assets/vendor/fonts/flag-icon-css/flags/tk.svg
concept/assets/vendor/fonts/flag-icon-css/flags/tj.svg
concept/assets/vendor/fonts/flag-icon-css/flags/tc.svg
concept/assets/vendor/fonts/flag-icon-css/flags/tf.svg
concept/assets/vendor/fonts/flag-icon-css/flags/td.svg
concept/assets/vendor/fonts/flag-icon-css/flags/tl.svg
concept/assets/vendor/fonts/flag-icon-css/flags/tg.svg
concept/assets/vendor/fonts/flag-icon-css/flags/th.svg
concept/assets/vendor/fonts/flag-icon-css/flags/sz.svg
concept/assets/vendor/fonts/flag-icon-css/flags/sx.svg
concept/assets/vendor/fonts/flag-icon-css/flags/sy.svg
concept/assets/vendor/fonts/flag-icon-css/flags/sv.svg
concept/assets/vendor/fonts/flag-icon-css/flags/st.svg
concept/assets/vendor/fonts/flag-icon-css/flags/so.svg
concept/assets/vendor/fonts/flag-icon-css/flags/ss.svg
concept/assets/vendor/fonts/flag-icon-css/flags/sr.svg
concept/assets/vendor/fonts/flag-icon-css/flags/sn.svg
concept/assets/vendor/fonts/flag-icon-css/flags/sk.svg
concept/assets/vendor/fonts/flag-icon-css/flags/sm.svg
concept/assets/vendor/fonts/flag-icon-css/flags/sl.svg
concept/assets/vendor/fonts/flag-icon-css/flags/si.svg
concept/assets/vendor/fonts/flag-icon-css/flags/sh.svg
concept/assets/vendor/fonts/flag-icon-css/flags/sj.svg
concept/assets/vendor/fonts/flag-icon-css/flags/sg.svg
concept/assets/vendor/fonts/flag-icon-css/flags/sc.svg
concept/assets/vendor/fonts/flag-icon-css/flags/rs.svg
concept/assets/vendor/fonts/flag-icon-css/flags/sd.svg
concept/assets/vendor/fonts/flag-icon-css/flags/rw.svg
concept/assets/vendor/fonts/flag-icon-css/flags/ru.svg
concept/assets/vendor/fonts/flag-icon-css/flags/se.svg
concept/assets/vendor/fonts/flag-icon-css/flags/sa.svg
concept/assets/vendor/fonts/flag-icon-css/flags/sb.svg
concept/assets/vendor/fonts/flag-icon-css/flags/ro.svg
concept/assets/vendor/fonts/flag-icon-css/flags/qa.svg
concept/assets/vendor/fonts/flag-icon-css/flags/re.svg
concept/assets/vendor/fonts/flag-icon-css/flags/py.svg
concept/assets/vendor/fonts/flag-icon-css/flags/pr.svg
concept/assets/vendor/fonts/flag-icon-css/flags/pw.svg
concept/assets/vendor/fonts/flag-icon-css/flags/ps.svg
concept/assets/vendor/fonts/flag-icon-css/flags/pt.svg
concept/assets/vendor/fonts/flag-icon-css/flags/pn.svg
concept/assets/vendor/fonts/flag-icon-css/flags/pe.svg
concept/assets/vendor/fonts/flag-icon-css/flags/pm.svg
concept/assets/vendor/fonts/flag-icon-css/flags/pf.svg
concept/assets/vendor/fonts/flag-icon-css/flags/pg.svg
concept/assets/vendor/fonts/flag-icon-css/flags/pl.svg
concept/assets/vendor/fonts/flag-icon-css/flags/pa.svg
concept/assets/vendor/fonts/flag-icon-css/flags/ph.svg
concept/assets/vendor/fonts/flag-icon-css/flags/pk.svg
concept/assets/vendor/fonts/flag-icon-css/flags/np.svg
concept/assets/vendor/fonts/flag-icon-css/flags/nl.svg
concept/assets/vendor/fonts/flag-icon-css/flags/nu.svg
concept/assets/vendor/fonts/flag-icon-css/flags/nr.svg
concept/assets/vendor/fonts/flag-icon-css/flags/om.svg
concept/assets/vendor/fonts/flag-icon-css/flags/ni.svg
concept/assets/vendor/fonts/flag-icon-css/flags/nz.svg
concept/assets/vendor/fonts/flag-icon-css/flags/no.svg
concept/assets/vendor/fonts/flag-icon-css/flags/na.svg
concept/assets/vendor/fonts/flag-icon-css/flags/nf.svg
concept/assets/vendor/fonts/flag-icon-css/flags/nc.svg
concept/assets/vendor/fonts/flag-icon-css/flags/ne.svg
concept/assets/vendor/fonts/flag-icon-css/flags/ng.svg
concept/assets/vendor/fonts/flag-icon-css/flags/my.svg
concept/assets/vendor/fonts/flag-icon-css/flags/mw.svg
concept/assets/vendor/fonts/flag-icon-css/flags/mx.svg
concept/assets/vendor/fonts/flag-icon-css/flags/mz.svg
concept/assets/vendor/fonts/flag-icon-css/flags/mr.svg
concept/assets/vendor/fonts/flag-icon-css/flags/mu.svg
concept/assets/vendor/fonts/flag-icon-css/flags/mt.svg
concept/assets/vendor/fonts/flag-icon-css/flags/mp.svg
concept/assets/vendor/fonts/flag-icon-css/flags/mv.svg
concept/assets/vendor/fonts/flag-icon-css/flags/ms.svg
concept/assets/vendor/fonts/flag-icon-css/flags/mq.svg
concept/assets/vendor/fonts/flag-icon-css/flags/mg.svg
concept/assets/vendor/fonts/flag-icon-css/flags/mo.svg
concept/assets/vendor/fonts/flag-icon-css/flags/ml.svg
concept/assets/vendor/fonts/flag-icon-css/flags/mk.svg
concept/assets/vendor/fonts/flag-icon-css/flags/mm.svg
concept/assets/vendor/fonts/flag-icon-css/flags/mh.svg
concept/assets/vendor/fonts/flag-icon-css/flags/mn.svg
concept/assets/vendor/fonts/flag-icon-css/flags/me.svg
concept/assets/vendor/fonts/flag-icon-css/flags/mf.svg
concept/assets/vendor/fonts/flag-icon-css/flags/md.svg
concept/assets/vendor/fonts/flag-icon-css/flags/lr.svg
concept/assets/vendor/fonts/flag-icon-css/flags/ly.svg
concept/assets/vendor/fonts/flag-icon-css/flags/lk.svg
concept/assets/vendor/fonts/flag-icon-css/flags/lt.svg
concept/assets/vendor/fonts/flag-icon-css/flags/mc.svg
concept/assets/vendor/fonts/flag-icon-css/flags/ls.svg
concept/assets/vendor/fonts/flag-icon-css/flags/lv.svg
concept/assets/vendor/fonts/flag-icon-css/flags/lu.svg
concept/assets/vendor/fonts/flag-icon-css/flags/ma.svg
concept/assets/vendor/fonts/flag-icon-css/flags/la.svg
concept/assets/vendor/fonts/flag-icon-css/flags/lb.svg
concept/assets/vendor/fonts/flag-icon-css/flags/li.svg
concept/assets/vendor/fonts/flag-icon-css/flags/ky.svg
concept/assets/vendor/fonts/flag-icon-css/flags/kz.svg
concept/assets/vendor/fonts/flag-icon-css/flags/lc.svg
concept/assets/vendor/fonts/flag-icon-css/flags/kr.svg
concept/assets/vendor/fonts/flag-icon-css/flags/kp.svg
concept/assets/vendor/fonts/flag-icon-css/flags/kw.svg
concept/assets/vendor/fonts/flag-icon-css/flags/kn.svg
concept/assets/vendor/fonts/flag-icon-css/flags/km.svg
concept/assets/vendor/fonts/flag-icon-css/flags/jp.svg
concept/assets/vendor/fonts/flag-icon-css/flags/ki.svg
concept/assets/vendor/fonts/flag-icon-css/flags/kg.svg
concept/assets/vendor/fonts/flag-icon-css/flags/jo.svg
concept/assets/vendor/fonts/flag-icon-css/flags/jm.svg
concept/assets/vendor/fonts/flag-icon-css/flags/kh.svg
concept/assets/vendor/fonts/flag-icon-css/flags/ke.svg
concept/assets/vendor/fonts/flag-icon-css/flags/je.svg
concept/assets/vendor/fonts/flag-icon-css/flags/ir.svg
concept/assets/vendor/fonts/flag-icon-css/flags/in.svg
concept/assets/vendor/fonts/flag-icon-css/flags/it.svg
concept/assets/vendor/fonts/flag-icon-css/flags/is.svg
concept/assets/vendor/fonts/flag-icon-css/flags/iq.svg
concept/assets/vendor/fonts/flag-icon-css/flags/io.svg
concept/assets/vendor/fonts/flag-icon-css/flags/ie.svg
concept/assets/vendor/fonts/flag-icon-css/flags/id.svg
concept/assets/vendor/fonts/flag-icon-css/flags/il.svg
concept/assets/vendor/fonts/flag-icon-css/flags/im.svg
concept/assets/vendor/fonts/flag-icon-css/flags/hu.svg
concept/assets/vendor/fonts/flag-icon-css/flags/ht.svg
concept/assets/vendor/fonts/flag-icon-css/flags/hr.svg
concept/assets/vendor/fonts/flag-icon-css/flags/hn.svg
concept/assets/vendor/fonts/flag-icon-css/flags/hm.svg
concept/assets/vendor/fonts/flag-icon-css/flags/gu.svg
concept/assets/vendor/fonts/flag-icon-css/flags/gt.svg
concept/assets/vendor/fonts/flag-icon-css/flags/gw.svg
concept/assets/vendor/fonts/flag-icon-css/flags/hk.svg
concept/assets/vendor/fonts/flag-icon-css/flags/gy.svg
concept/assets/vendor/fonts/flag-icon-css/flags/gs.svg
concept/assets/vendor/fonts/flag-icon-css/flags/gi.svg
concept/assets/vendor/fonts/flag-icon-css/flags/gp.svg
concept/assets/vendor/fonts/flag-icon-css/flags/gr.svg
concept/assets/vendor/fonts/flag-icon-css/flags/gl.svg
concept/assets/vendor/fonts/flag-icon-css/flags/gm.svg
concept/assets/vendor/fonts/flag-icon-css/flags/gn.svg
concept/assets/vendor/fonts/flag-icon-css/flags/gq.svg
concept/assets/vendor/fonts/flag-icon-css/flags/ge.svg
concept/assets/vendor/fonts/flag-icon-css/flags/fm.svg
concept/assets/vendor/fonts/flag-icon-css/flags/fo.svg
concept/assets/vendor/fonts/flag-icon-css/flags/ga.svg
concept/assets/vendor/fonts/flag-icon-css/flags/gb.svg
concept/assets/vendor/fonts/flag-icon-css/flags/gd.svg
concept/assets/vendor/fonts/flag-icon-css/flags/gf.svg
concept/assets/vendor/fonts/flag-icon-css/flags/gh.svg
concept/assets/vendor/fonts/flag-icon-css/flags/fr.svg
concept/assets/vendor/fonts/flag-icon-css/flags/gg.svg
concept/assets/vendor/fonts/flag-icon-css/flags/fk.svg
concept/assets/vendor/fonts/flag-icon-css/flags/fj.svg
concept/assets/vendor/fonts/flag-icon-css/flags/et.svg
concept/assets/vendor/fonts/flag-icon-css/flags/fi.svg
concept/assets/vendor/fonts/flag-icon-css/flags/es.svg
concept/assets/vendor/fonts/flag-icon-css/flags/er.svg
concept/assets/vendor/fonts/flag-icon-css/flags/ee.svg
concept/assets/vendor/fonts/flag-icon-css/flags/eg.svg
concept/assets/vendor/fonts/flag-icon-css/flags/eh.svg
concept/assets/vendor/fonts/flag-icon-css/flags/ec.svg
concept/assets/vendor/fonts/flag-icon-css/flags/do.svg
concept/assets/vendor/fonts/flag-icon-css/flags/dz.svg
concept/assets/vendor/fonts/flag-icon-css/flags/dj.svg
concept/assets/vendor/fonts/flag-icon-css/flags/dm.svg
concept/assets/vendor/fonts/flag-icon-css/flags/dk.svg
concept/assets/vendor/fonts/flag-icon-css/flags/de.svg
concept/assets/vendor/fonts/flag-icon-css/flags/cn.svg
concept/assets/vendor/fonts/flag-icon-css/flags/cz.svg
concept/assets/vendor/fonts/flag-icon-css/flags/cx.svg
concept/assets/vendor/fonts/flag-icon-css/flags/cu.svg
concept/assets/vendor/fonts/flag-icon-css/flags/cr.svg
concept/assets/vendor/fonts/flag-icon-css/flags/cy.svg
concept/assets/vendor/fonts/flag-icon-css/flags/cv.svg
concept/assets/vendor/fonts/flag-icon-css/flags/cw.svg
concept/assets/vendor/fonts/flag-icon-css/flags/co.svg
concept/assets/vendor/fonts/flag-icon-css/flags/cd.svg
concept/assets/vendor/fonts/flag-icon-css/flags/bz.svg
concept/assets/vendor/fonts/flag-icon-css/flags/ca.svg
concept/assets/vendor/fonts/flag-icon-css/flags/cf.svg
concept/assets/vendor/fonts/flag-icon-css/flags/ci.svg
concept/assets/vendor/fonts/flag-icon-css/flags/cl.svg
concept/assets/vendor/fonts/flag-icon-css/flags/ch.svg
concept/assets/vendor/fonts/flag-icon-css/flags/cc.svg
concept/assets/vendor/fonts/flag-icon-css/flags/cm.svg
concept/assets/vendor/fonts/flag-icon-css/flags/cg.svg
concept/assets/vendor/fonts/flag-icon-css/flags/ck.svg
concept/assets/vendor/fonts/flag-icon-css/flags/bv.svg
concept/assets/vendor/fonts/flag-icon-css/flags/bt.svg
concept/assets/vendor/fonts/flag-icon-css/flags/by.svg
concept/assets/vendor/fonts/flag-icon-css/flags/bw.svg
concept/assets/vendor/fonts/flag-icon-css/flags/bs.svg
concept/assets/vendor/fonts/flag-icon-css/flags/bq.svg
concept/assets/vendor/fonts/flag-icon-css/flags/bn.svg
concept/assets/vendor/fonts/flag-icon-css/flags/bo.svg
concept/assets/vendor/fonts/flag-icon-css/flags/br.svg
concept/assets/vendor/fonts/flag-icon-css/flags/bg.svg
concept/assets/vendor/fonts/flag-icon-css/flags/bl.svg
concept/assets/vendor/fonts/flag-icon-css/flags/bj.svg
concept/assets/vendor/fonts/flag-icon-css/flags/bm.svg
concept/assets/vendor/fonts/flag-icon-css/flags/bh.svg
concept/assets/vendor/fonts/flag-icon-css/flags/bi.svg
concept/assets/vendor/fonts/flag-icon-css/flags/as.svg
concept/assets/vendor/fonts/flag-icon-css/flags/at.svg
concept/assets/vendor/fonts/flag-icon-css/flags/aw.svg
concept/assets/vendor/fonts/flag-icon-css/flags/bf.svg
concept/assets/vendor/fonts/flag-icon-css/flags/ax.svg
concept/assets/vendor/fonts/flag-icon-css/flags/bb.svg
concept/assets/vendor/fonts/flag-icon-css/flags/au.svg
concept/assets/vendor/fonts/flag-icon-css/flags/bd.svg
concept/assets/vendor/fonts/flag-icon-css/flags/be.svg
concept/assets/vendor/fonts/flag-icon-css/flags/az.svg
concept/assets/vendor/fonts/flag-icon-css/flags/ba.svg
concept/assets/vendor/fonts/flag-icon-css/flags/ao.svg
concept/assets/vendor/fonts/flag-icon-css/flags/am.svg
concept/assets/vendor/fonts/flag-icon-css/flags/aq.svg
concept/assets/vendor/fonts/flag-icon-css/flags/al.svg
concept/assets/vendor/fonts/flag-icon-css/flags/ar.svg
concept/assets/vendor/fonts/flag-icon-css/flags/af.svg
concept/assets/vendor/fonts/flag-icon-css/flags/ag.svg
concept/assets/vendor/fonts/flag-icon-css/flags/ai.svg
concept/assets/vendor/fonts/flag-icon-css/flags/ad.svg
concept/assets/vendor/fonts/flag-icon-css/flags/ae.svg
concept/assets/vendor/charts/morris-bundle/Morrisjs.js
concept/assets/vendor/bootstrap/js/bootstrap.bundle.js
concept/assets/vendor/timeline/img/cd-icon-location.svg
concept/assets/vendor/summernote/css/summernote-bs4.css
concept/assets/vendor/multi-select/css/multi-select.css
concept/assets/vendor/full-calendar/js/jquery-ui.min.js
concept/assets/vendor/shortable-nestable/Sortable.min.js
concept/assets/vendor/summernote/css/font/summernote.ttf
concept/assets/vendor/summernote/css/font/summernote.eot
concept/assets/vendor/full-calendar/css/fullcalendar.css
concept/assets/vendor/summernote/css/font/summernote.woff
concept/assets/vendor/daterangepicker/daterangepicker.css
concept/assets/vendor/charts/chartist-bundle/chartist.css
concept/assets/vendor/charts/morris-bundle/raphael.min.js
concept/assets/vendor/summernote/css/font/summernote.woff2
concept/assets/vendor/datatables/css/select.bootstrap4.css
concept/assets/vendor/charts/chartist-bundle/Chartistjs.js
concept/assets/vendor/charts/sparkline/jquery.sparkline.js
concept/assets/vendor/charts/charts-bundle/Chart.bundle.js
concept/assets/vendor/shortable-nestable/jquery.nestable.js
concept/assets/vendor/fonts/flag-icon-css/flag-icon.min.css
concept/assets/vendor/fonts/themify-icons/themify-icons.css
concept/assets/vendor/fonts/themify-icons/fonts/themify.ttf
concept/assets/vendor/datatables/css/buttons.bootstrap4.css
concept/assets/vendor/jvectormap/jquery-jvectormap-2.0.2.css
concept/assets/vendor/multi-select/js/jquery.multi-select.js
concept/assets/vendor/fonts/themify-icons/fonts/themify.woff
concept/assets/vendor/charts/chartist-bundle/chartist.min.js
concept/assets/vendor/jvectormap/jquery-jvectormap-in-mill.js
concept/assets/vendor/jvectormap/jquery-jvectormap-au-mill.js
concept/assets/vendor/inputmask/js/jquery.inputmask.bundle.js
concept/assets/vendor/datepicker/tempusdominus-bootstrap-4.js
concept/assets/vendor/datatables/js/buttons.bootstrap4.min.js
concept/assets/vendor/bootstrap-select/js/bootstrap-select.js
concept/assets/vendor/full-calendar/css/fullcalendar.print.css
concept/assets/vendor/fonts/circular-std/CircularStd-Book.woff
concept/assets/vendor/fonts/circular-std/CircularStd-Bold.woff
concept/assets/vendor/datepicker/tempusdominus-bootstrap-4.css
concept/assets/vendor/datatables/css/dataTables.bootstrap4.css
concept/assets/vendor/jvectormap/jquery-jvectormap-us-aea-en.js
concept/assets/vendor/jvectormap/jquery-jvectormap-2.0.2.min.js
concept/assets/vendor/fonts/themify-icons/fonts/themifyd41d.eot
concept/assets/vendor/fonts/themify-icons/fonts/themify9f24.svg
concept/assets/vendor/fonts/themify-icons/fonts/themify9f24.eot
concept/assets/vendor/fonts/fontawesome/css/fontawesome-all.css
concept/assets/vendor/fonts/circular-std/CircularStd-Black.woff
concept/assets/vendor/datatables/css/fixedHeader.bootstrap4.css
concept/assets/vendor/bootstrap-select/css/bootstrap-select.css
concept/assets/vendor/jvectormap/jquery-jvectormap-uk-mill-en.js
concept/assets/vendor/fonts/circular-std/CircularStd-Medium.woff
concept/assets/vendor/datatables/js/dataTables.bootstrap4.min.js
concept/assets/vendor/fonts/fontawesome/webfonts/fa-solid-900.ttf
concept/assets/vendor/fonts/fontawesome/webfonts/fa-solid-900.svg
concept/assets/vendor/fonts/fontawesome/webfonts/fa-solid-900.eot
concept/assets/vendor/fonts/fontawesome/webfonts/fa-solid-900.woff
concept/assets/vendor/fonts/fontawesome/webfonts/fa-brands-400.ttf
concept/assets/vendor/fonts/fontawesome/webfonts/fa-brands-400.svg
concept/assets/vendor/fonts/fontawesome/webfonts/fa-brands-400.eot
concept/assets/vendor/jvectormap/jquery-jvectormap-world-mill-en.js
concept/assets/vendor/fonts/weather-icons/css/weather-icons.min.css
concept/assets/vendor/fonts/fontawesome/webfonts/fa-regular-400.ttf
concept/assets/vendor/fonts/fontawesome/webfonts/fa-regular-400.svg
concept/assets/vendor/fonts/fontawesome/webfonts/fa-regular-400.eot
concept/assets/vendor/fonts/fontawesome/webfonts/fa-brands-400.woff
concept/assets/vendor/fonts/fontawesome/webfonts/fa-regular-400.woff
concept/assets/vendor/fonts/circular-std/CircularStd-BookItalic.woff
concept/assets/vendor/fonts/circular-std/CircularStd-BoldItalic.woff
concept/assets/vendor/fonts/fontawesome/webfonts/fa-solid-900d41d.eot
concept/assets/vendor/fonts/circular-std/CircularStd-BlackItalic.woff
concept/assets/vendor/fonts/fontawesome/webfonts/fa-brands-400d41d.eot
concept/assets/vendor/fonts/circular-std/CircularStd-MediumItalic.woff
concept/assets/vendor/fonts/simple-line-icons/css/simple-line-icons.css
concept/assets/vendor/fonts/fontawesome/webfonts/fa-regular-400d41d.eot
concept/assets/vendor/charts/chartist-bundle/chartist-plugin-threshold.js
concept/assets/vendor/fonts/simple-line-icons/fonts/Simple-Line-Iconsd41d.eot
concept/assets/vendor/fonts/simple-line-icons/fonts/Simple-Line-Icons4c82.ttf
concept/assets/vendor/fonts/simple-line-icons/fonts/Simple-Line-Icons4c82.svg
concept/assets/vendor/fonts/simple-line-icons/fonts/Simple-Line-Icons4c82.eot
concept/assets/vendor/fonts/simple-line-icons/fonts/Simple-Line-Icons4c82.woff
concept/assets/vendor/fonts/weather-icons/fonts/weathericons-regular-webfont.eot
assets/vendor/bootstrap-colorpicker/@claviska/jquery-minicolors/jquery.minicolors.css
concept/assets/vendor/bootstrap-colorpicker/jquery-asColor/dist/jquery-asColor.min.js
concept/assets/vendor/fonts/material-design-iconic-font/css/materialdesignicons.min.css
concept/assets/vendor/bootstrap-colorpicker/jquery-asGradient/dist/jquery-asGradient.js
assets/vendor/bootstrap-colorpicker/@claviska/jquery-minicolors/jquery.minicolors.min.js
concept/assets/vendor/bootstrap-colorpicker/@claviska/jquery-minicolors/jquery.minicolors.png
concept/assets/vendor/bootstrap-colorpicker/@claviska/jquery-minicolors/jquery.minicolors.css
concept/assets/vendor/bootstrap-colorpicker/@claviska/jquery-minicolors/jquery.minicolors.min.js
concept/assets/vendor/fonts/material-design-iconic-font/fonts/materialdesignicons-webfontdc99.ttf
concept/assets/vendor/fonts/material-design-iconic-font/fonts/materialdesignicons-webfontdc99.svg
concept/assets/vendor/fonts/material-design-iconic-font/fonts/materialdesignicons-webfontdc99.eot
concept/assets/vendor/fonts/material-design-iconic-font/fonts/materialdesignicons-webfontd41d.eot
concept/assets/vendor/bootstrap-colorpicker/jquery-asColorPicker/dist/jquery-asColorPicker.min.js
concept/assets/vendor/fonts/material-design-iconic-font/fonts/materialdesignicons-webfontdc99.woff
