assets/images/avatar-2.jpg
assets/images/avatar-3.jpg
assets/images/avatar-4.jpg
assets/images/avatar-5.jpg
assets/images/github.png
assets/images/dribbble.png
assets/images/dropbox.png
assets/images/bitbucket.png
assets/images/mail_chimp.png
assets/images/slack.png
assets/images/avatar-1.jpg
assets/images/product-pic.jpg
assets/images/product-pic-2.jpg
assets/images/product-pic-3.jpg
assets/images/product-pic-4.jpg
assets/images/eco-product-img-1.png
assets/images/eco-product-img-2.png
assets/images/eco-product-img-3.png
assets/images/eco-product-img-4.png
assets/images/eco-slider-img-1.png
assets/images/eco-slider-img-2.png
assets/images/eco-slider-img-3.png
assets/images/card-img-1.jpg
assets/images/card-img.jpg
assets/images/card-img-2.jpg
assets/images/card-img-3.jpg
assets/images/logo.png
assets/images/error-img.png
assets/vendor/timeline/img/cd-icon-picture.svg
assets/vendor/timeline/img/cd-icon-movie.svg
assets/vendor/timeline/img/cd-icon-location.svg
assets/images/loader.svg
