http://www.w3.org/2000/svg\
http://getbootstrap.com
https://github.com/twbs/bootstrap/blob/master/LICENSE
github.com/necolas/normalize.css
https://github.com/h5bp/html5-boilerplate/blob/master/src/css/main.css
http://www.cufonfonts.com
https://github.com/fengyuanchen/cropper
https://getbootstrap.com/
http://www.w3.org/2000/svg
https://summernote.org
https://fullcalendar.io/
http://twitter.github.com/bootstrap/
https://tempusdominus.github.io/bootstrap-4/
https://github.com/tempusdominus/bootstrap-3/blob/master/LICENSE
https://fontawesome.com
https://fontawesome.com/license
https://developer.snapappointments.com/bootstrap-select
https://github.com/snapappointments/bootstrap-select/blob/master/LICENSE
http://twitter.com/Erik_UX
http://erikflowers.github.io/weather-icons
http://scripts.sil.org/OFL
http://opensource.org/licenses/mit-license.html
http://creativecommons.org/licenses/by/3.0/
http://fontawesome.io
