"https://a.tile.openstreetmap.org/"
"http://www.w3.org/2000/svg\"
"http://www.w3.org/1999/xlink\"
"http://www.bohemiancoding.com/sketch/ns\"
'http://momentjs.com/guides/#/warnings/js-date/ for more info.'
"http://www.w3.org/2000/svg"
'http://google.com/'
'https://instagram.com/p/'
"http://summernote.org/"
"https://github.com/summernote/summernote"
"https://github.com/summernote/summernote/issues"
"http://www.w3.org/1999/xhtml"
"http://www.w3.org/1999/xlink"
"http://www.w3.org/XML/1998/namespace"
"http://www.w3.org/2000/xmlns/"
"http://raphaeljs.com/"
"http://www.w3.org/TR/SVG11/feature#BasicStructure"
"http://gionkunz.github.com/chartist-js/ct"
"http://www.w3.org/TR/SVG11/feature#"
'http://www.w3.org/1999/xlink'
"http://mathworld.wolfram.com/AlbersEqual-AreaConicProjection.html"
"http://mathworld.wolfram.com/LambertConformalConicProjection.html"
