pages/cards.html
pages/general.html
pages/carousel.html
pages/listgroup.html
pages/typography.html
pages/accordions.html
pages/tabs.html
pages/chart-c3.html
pages/chart-chartist.html
pages/chart-charts.html
pages/chart-morris.html
pages/chart-sparkline.html
pages/chart-gauge.html
pages/form-elements.html
pages/form-validation.html
pages/multiselect.html
pages/datepicker.html
pages/bootstrap-select.html
pages/general-table.html
pages/data-tables.html
pages/blank-page.html
pages/blank-page-header.html
pages/login.html
pages/404-page.html
pages/sign-up.html
pages/forgot-password.html
pages/pricing.html
pages/timeline.html
pages/calendar.html
pages/sortable-nestable-lists.html
pages/widgets.html
pages/media-object.html
pages/cropper-image.html
pages/color-picker.html
pages/inbox.html
pages/email-details.html
pages/email-compose.html
pages/message-chat.html
pages/icon-fontawesome.html
pages/icon-material.html
pages/icon-simple-lineicon.html
pages/icon-themify.html
pages/icon-flag.html
pages/icon-weather.html
pages/map-google.html
pages/map-vector.html
assets/vendor/charts/morris-bundle/morrisjs.html
pages/invoice.html
assets/vendor/custom-js/jquery.multi-select.html
pages/pages-sign-up.html
pages/user-profile.html
pages/pages-app.html
