partials/_footer.html
partials/_navbar.html
partials/_sidebar.html
corona-free-dark-bootstrap-admin-template/template/index.html
corona-free-dark-bootstrap-admin-template/template/pages/icons/mdi.html
corona-free-dark-bootstrap-admin-template/template/partials/_footer.html
corona-free-dark-bootstrap-admin-template/template/partials/_navbar.html
corona-free-dark-bootstrap-admin-template/template/partials/_sidebar.html
corona-free-dark-bootstrap-admin-template/documentation/documentation.html
corona-free-dark-bootstrap-admin-template/template/pages/samples/login.html
corona-free-dark-bootstrap-admin-template/template/pages/charts/chartjs.html
corona-free-dark-bootstrap-admin-template/template/pages/samples/register.html
corona-free-dark-bootstrap-admin-template/template/pages/samples/error-404.html
corona-free-dark-bootstrap-admin-template/template/pages/samples/error-500.html
corona-free-dark-bootstrap-admin-template/template/pages/samples/blank-page.html
corona-free-dark-bootstrap-admin-template/template/pages/tables/basic-table.html
corona-free-dark-bootstrap-admin-template/template/pages/ui-features/buttons.html
corona-free-dark-bootstrap-admin-template/template/pages/forms/basic_elements.html
corona-free-dark-bootstrap-admin-template/template/pages/ui-features/dropdowns.html
corona-free-dark-bootstrap-admin-template/template/pages/ui-features/typography.html
gulpfile.js
package.json
assets/js/db.js
assets/js/c3.js
assets/js/ace.js
package-lock.json
assets/js/tabs.js
assets/js/maps.js
gulp-tasks/serve.js
assets/js/morris.js
assets/js/wizard.js
assets/js/iCheck.js
assets/js/mapael.js
assets/js/alerts.js
gulp-tasks/inject.js
assets/js/popover.js
assets/js/widgets.js
assets/js/listify.js
assets/js/js-grid.js
assets/js/dragula.js
assets/js/dropify.js
assets/js/cropper.js
assets/js/avgrund.js
gulp-tasks/vendors.js
assets/js/rickshaw.js
assets/js/paginate.js
assets/js/tooltips.js
assets/js/dropzone.js
assets/js/chartist.js
assets/js/calendar.js
assets/scss/style.scss
assets/js/toastDemo.js
assets/js/sparkline.js
assets/js/just-gage.js
assets/js/inputmask.js
assets/js/clipboard.js
assets/js/x-editable.js
assets/js/tight-grid.js
assets/js/modal-demo.js
assets/js/editorDemo.js
assets/js/data-table.js
assets/js/flot-chart.js
assets/js/codeEditor.js
assets/js/codemirror.js
assets/scss/_navbar.scss
assets/js/tablesorter.js
assets/js/form-addons.js
assets/js/google-maps.js
assets/js/formpickers.js
assets/scss/_layouts.scss
assets/scss/_sidebar.scss
assets/js/progress-bar.js
assets/js/profile-demo.js
assets/js/no-ui-slider.js
assets/js/owl-carousel.js
assets/js/jq.tablesort.js
assets/js/context-menu.js
assets/js/bt-maxLength.js
assets/js/light-gallery.js
assets/js/google-charts.js
assets/js/form-repeater.js
assets/scss/_variables.scss
assets/js/form-validation.js
assets/js/bootstrap-table.js
assets/js/circle-progress.js
assets/js/mapael_example_1.js
assets/js/mapael_example_2.js
assets/js/ion-range-slider.js
assets/images/sprites/red.png
assets/images/samples/Mac.png
assets/images/faces/face7.jpg
assets/css/maps/style.css.map
assets/images/sprites/blue.png
assets/images/sprites/flag.png
assets/images/sprites/dark.png
assets/images/faces/face25.jpg
assets/images/faces/face22.jpg
assets/images/faces/face27.jpg
assets/images/faces/face21.jpg
assets/images/faces/face24.jpg
assets/images/faces/face23.jpg
assets/images/faces/face26.jpg
assets/images/faces/face14.jpg
assets/images/faces/face17.jpg
assets/images/faces/face13.jpg
assets/images/faces/face18.jpg
assets/images/faces/face19.jpg
assets/images/faces/face20.jpg
assets/images/faces/face10.jpg
assets/images/faces/face16.jpg
assets/js/jquery-file-upload.js
assets/images/sprites/green.png
assets/images/samples/popup.png
assets/images/samples/modal.png
assets/images/samples/html5.png
assets/images/samples/email.png
assets/images/samples/forms.png
assets/images/sprites/yellow.png
assets/images/samples/charts.png
assets/scss/components/_misc.scss
assets/scss/components/_tabs.scss
assets/scss/components/_demo.scss
assets/js/desktop-notification.js
assets/images/samples/widgets.png
assets/images/samples/editors.png
assets/images/dashboard/img_3.jpg
assets/images/dashboard/img_4.jpg
assets/images/dashboard/img_1.jpg
assets/images/dashboard/img_2.jpg
assets/vendors/codemirror/shell.js
assets/scss/components/_forms.scss
assets/scss/components/_reset.scss
assets/scss/components/_cards.scss
assets/scss/components/_icons.scss
assets/scss/components/_fonts.scss
assets/images/samples/Login_bg.jpg
assets/images/dashboard/circle.png
assets/images/dashboard/circle.svg
assets/images/auth/register-bg.jpg
assets/fonts/Rubik/Rubik-Black.ttf
assets/scss/components/_footer.scss
assets/scss/components/_tables.scss
assets/scss/components/_badges.scss
assets/images/sprites/logo-mini.svg
assets/images/samples/dashboard.png
assets/images/samples/angular-4.png
assets/images/samples/Login_bg2.jpg
assets/images/samples/Banner_bg.jpg
assets/images/samples/300x300/9.jpg
assets/images/samples/300x300/4.jpg
assets/images/samples/300x300/8.jpg
assets/images/samples/300x300/6.jpg
assets/images/samples/300x300/5.jpg
assets/images/samples/300x300/7.jpg
assets/images/samples/300x300/2.jpg
assets/images/samples/300x300/3.jpg
assets/images/samples/300x300/1.jpg
assets/images/carousel/banner_9.jpg
assets/images/carousel/banner_5.jpg
assets/images/carousel/banner_8.jpg
assets/images/carousel/banner_7.jpg
assets/images/carousel/banner_6.jpg
assets/images/carousel/banner_4.jpg
assets/images/carousel/banner_3.jpg
assets/images/carousel/banner_2.jpg
assets/images/carousel/banner_1.jpg
assets/scss/components/_buttons.scss
assets/scss/components/_preview.scss
assets/images/samples/e-commerce.png
assets/images/samples/300x300/14.jpg
assets/images/samples/300x300/15.jpg
assets/images/samples/300x300/12.jpg
assets/images/samples/300x300/13.jpg
assets/images/samples/300x300/11.jpg
assets/images/samples/300x300/10.jpg
assets/images/samples/1280x768/8.jpg
assets/images/samples/1280x768/9.jpg
assets/images/samples/1280x768/7.jpg
assets/images/samples/1280x768/6.jpg
assets/images/samples/1280x768/4.jpg
assets/images/samples/1280x768/5.jpg
assets/images/samples/1280x768/2.jpg
assets/images/samples/1280x768/3.jpg
assets/images/samples/1280x768/1.jpg
assets/images/carousel/banner_11.jpg
assets/images/carousel/banner_12.jpg
assets/images/carousel/banner_10.jpg
assets/scss/components/_dropdown.scss
assets/images/samples/1280x768/15.jpg
assets/images/samples/1280x768/14.jpg
assets/images/samples/1280x768/13.jpg
assets/images/samples/1280x768/12.jpg
assets/images/samples/1280x768/11.jpg
assets/images/samples/1280x768/10.jpg
assets/images/faces-clipart/pic-8.png
assets/vendors/js/bootstrap.min.js.map
assets/vendors/codemirror/ambiance.css
assets/scss/components/_utilities.scss
assets/scss/components/_functions.scss
assets/scss/components/_todo-list.scss
assets/images/sprites/jsgrid-icons.png
assets/images/lightbox/thumb-v-v-1.jpg
assets/images/lightbox/thumb-v-v-2.jpg
assets/images/lightbox/thumb-v-y-1.jpg
assets/images/lightbox/thumb-v-y-2.jpg
assets/images/lightbox/play-button.png
assets/vendors/codemirror/javascript.js
assets/vendors/codemirror/codemirror.js
assets/scss/components/_typography.scss
assets/scss/components/_background.scss
assets/images/samples/lockscreen-bg.jpg
assets/vendors/codemirror/codemirror.css
assets/scss/components/mixins/_misc.scss
assets/scss/components/_widget-grid.scss
assets/images/file-icons/64/002-tool.png
assets/scss/components/mixins/_cards.scss
assets/images/samples/bootstrap-stack.png
assets/images/file-icons/512/002-tool.png
assets/images/file-icons/256/002-tool.png
assets/images/file-icons/128/002-tool.png
assets/fonts/Assistant/Assistant-Bold.ttf
assets/fonts/Assistant/Assistant-Bold.eot
assets/scss/components/mixins/_badges.scss
assets/images/file-icons/64/006-record.png
assets/images/file-icons/64/007-folder.png
assets/fonts/Assistant/Assistant-Light.ttf
assets/fonts/Assistant/Assistant-Light.eot
assets/fonts/Assistant/Assistant-Bold.woff
assets/scss/vertical/_vertical-wrapper.scss
assets/scss/components/mixins/_buttons.scss
assets/scss/components/_checkbox-radio.scss
assets/images/file-icons/64/008-archive.png
assets/images/file-icons/512/006-record.png
assets/images/file-icons/512/007-folder.png
assets/images/file-icons/256/006-record.png
assets/images/file-icons/256/007-folder.png
assets/images/file-icons/128/006-record.png
assets/images/file-icons/128/007-folder.png
assets/fonts/Assistant/Assistant-Light.woff
assets/fonts/Assistant/Assistant-Bold.woff2
assets/vendors/pwstabs/jquery.pwstabs.min.js
assets/scss/components/mixins/_tooltips.scss
assets/scss/components/mixins/_popovers.scss
assets/scss/components/loaders/_loaders.scss
assets/images/screenshots/tinted-sidebar.jpg
assets/images/file-icons/64/004-folder-1.png
assets/images/file-icons/64/005-database.png
assets/images/file-icons/512/008-archive.png
assets/images/file-icons/256/008-archive.png
assets/images/file-icons/128/008-archive.png
assets/fonts/Assistant/Assistant-Regular.eot
assets/fonts/Assistant/Assistant-Regular.ttf
assets/fonts/Assistant/Assistant-Light.woff2
assets/vendors/pwstabs/jquery.pwstabs.min.css
assets/scss/components/mixins/_animation.scss
assets/images/screenshots/modern-vertical.jpg
assets/images/file-icons/64/003-interface.png
assets/images/file-icons/512/004-folder-1.png
assets/images/file-icons/512/005-database.png
assets/images/file-icons/256/004-folder-1.png
assets/images/file-icons/256/005-database.png
assets/images/file-icons/128/004-folder-1.png
assets/images/file-icons/128/005-database.png
assets/fonts/Assistant/Assistant-SemiBold.eot
assets/fonts/Assistant/Assistant-SemiBold.ttf
assets/fonts/Assistant/Assistant-Regular.woff
assets/scss/components/mixins/_pagination.scss
assets/scss/components/mixins/_background.scss
assets/scss/components/mixins/_blockqoute.scss
assets/scss/components/loaders/_variables.scss
assets/images/screenshots/classic-vertical.jpg
assets/images/file-icons/512/003-interface.png
assets/images/file-icons/256/003-interface.png
assets/images/file-icons/128/003-interface.png
assets/fonts/Assistant/Assistant-SemiBold.woff
assets/fonts/Assistant/Assistant-Regular.woff2
assets/fonts/Assistant/Assistant-ExtraBold.ttf
assets/fonts/Assistant/Assistant-ExtraBold.eot
assets/scss/components/mixins/_breadcrumbs.scss
assets/scss/components/loaders/_square-box.scss
assets/scss/components/loaders/_bar-loader.scss
assets/images/screenshots/modern-horizontal.jpg
assets/images/file-icons/64/001-interface-1.png
assets/fonts/Assistant/Assistant-SemiBold.woff2
assets/fonts/Assistant/Assistant-ExtraLight.ttf
assets/fonts/Assistant/Assistant-ExtraBold.woff
assets/fonts/Assistant/Assistant-ExtraLight.eot
assets/scss/components/plugin-overrides/_c3.scss
assets/scss/components/mixins/_no-ui-slider.scss
assets/images/screenshots/classic-horizontal.jpg
assets/images/file-icons/512/001-interface-1.png
assets/images/file-icons/256/001-interface-1.png
assets/images/file-icons/128/001-interface-1.png
assets/fonts/Assistant/Assistant-ExtraBold.woff2
assets/fonts/Assistant/Assistant-ExtraLight.woff
assets/scss/components/plugin-overrides/_ace.scss
assets/scss/components/loaders/_pixel-loader.scss
assets/scss/components/loaders/_glowing-ball.scss
assets/scss/components/landing-screens/_auth.scss
assets/fonts/Assistant/Assistant-ExtraLight.woff2
corona-free-dark-bootstrap-admin-template/LICENSE
assets/scss/components/plugin-overrides/_tags.scss
assets/scss/components/loaders/_circle-loader.scss
assets/scss/components/loaders/_colored-balls.scss
assets/scss/components/plugin-overrides/_quill.scss
assets/scss/components/plugin-overrides/_toast.scss
corona-free-dark-bootstrap-admin-template/README.md
corona-free-dark-bootstrap-admin-template/.DS_Store
assets/scss/components/plugin-overrides/_rating.scss
assets/scss/components/plugin-overrides/_wizard.scss
assets/scss/components/plugin-overrides/_icheck.scss
assets/scss/components/plugin-overrides/_morris.scss
assets/scss/components/plugin-overrides/_tinymce.scss
assets/scss/components/plugin-overrides/_select2.scss
assets/scss/components/plugin-overrides/_listify.scss
assets/scss/components/plugin-overrides/_colcade.scss
assets/scss/components/plugin-overrides/_js-grid.scss
assets/scss/components/plugin-overrides/_avgrund.scss
assets/scss/components/plugin-overrides/_dropify.scss
corona-free-dark-bootstrap-admin-template/preview.jpg
assets/vendors/mdi/css/materialdesignicons.min.css.map
assets/scss/components/plugin-overrides/_pws-tabs.scss
assets/scss/components/plugin-overrides/_chartist.scss
assets/scss/components/plugin-overrides/_dropzone.scss
corona-free-dark-bootstrap-admin-template/CHANGELOG.md
assets/scss/components/plugin-overrides/_typeahead.scss
assets/scss/components/plugin-overrides/_switchery.scss
assets/scss/components/plugin-overrides/_justguage.scss
assets/scss/components/loaders/_square-path-loader.scss
assets/scss/components/loaders/_dot-opacity-loader.scss
assets/scss/components/loaders/_flip-square-loader.scss
assets/scss/components/plugin-overrides/_x-editable.scss
assets/scss/components/plugin-overrides/_summernote.scss
assets/scss/components/plugin-overrides/_wysieditor.scss
assets/scss/components/plugin-overrides/_datepicker.scss
assets/scss/components/plugin-overrides/_jvectormap.scss
assets/scss/components/plugin-overrides/_flot-chart.scss
assets/scss/components/plugin-overrides/_codemirror.scss
assets/scss/components/loaders/_jumping-dots-loader.scss
assets/scss/components/plugin-overrides/_sweet-alert.scss
assets/scss/components/plugin-overrides/_colorpicker.scss
assets/scss/components/plugin-overrides/_data-tables.scss
assets/scss/components/loaders/_moving-square-loader.scss
assets/scss/components/plugin-overrides/_context-menu.scss
assets/scss/components/plugin-overrides/_owl-carousel.scss
assets/scss/components/plugin-overrides/_no-ui-slider.scss
assets/scss/components/plugin-overrides/_light-gallery.scss
assets/scss/components/plugin-overrides/_full-calendar.scss
assets/scss/components/plugin-overrides/_google-charts.scss
assets/scss/components/plugin-overrides/_progressbar-js.scss
corona-free-dark-bootstrap-admin-template/template/gulpfile.js
corona-free-dark-bootstrap-admin-template/template/package.json
assets/scss/components/plugin-overrides/_jquery-file-upload.scss
corona-free-dark-bootstrap-admin-template/documentation/style.css
corona-free-dark-bootstrap-admin-template/documentation/script.js
corona-free-dark-bootstrap-admin-template/template/assets/js/db.js
corona-free-dark-bootstrap-admin-template/template/assets/js/c3.js
corona-free-dark-bootstrap-admin-template/template/assets/js/ace.js
corona-free-dark-bootstrap-admin-template/template/package-lock.json
corona-free-dark-bootstrap-admin-template/template/assets/js/tabs.js
corona-free-dark-bootstrap-admin-template/template/assets/js/maps.js
corona-free-dark-bootstrap-admin-template/template/assets/js/misc.js
corona-free-dark-bootstrap-admin-template/template/assets/js/chart.js
corona-free-dark-bootstrap-admin-template/template/gulp-tasks/serve.js
corona-free-dark-bootstrap-admin-template/template/assets/js/morris.js
corona-free-dark-bootstrap-admin-template/template/assets/js/wizard.js
corona-free-dark-bootstrap-admin-template/template/assets/js/iCheck.js
corona-free-dark-bootstrap-admin-template/template/assets/js/mapael.js
corona-free-dark-bootstrap-admin-template/template/assets/js/alerts.js
corona-free-dark-bootstrap-admin-template/template/gulp-tasks/inject.js
corona-free-dark-bootstrap-admin-template/template/assets/js/select2.js
corona-free-dark-bootstrap-admin-template/template/assets/js/popover.js
corona-free-dark-bootstrap-admin-template/template/assets/js/widgets.js
corona-free-dark-bootstrap-admin-template/template/assets/js/listify.js
corona-free-dark-bootstrap-admin-template/template/assets/js/js-grid.js
corona-free-dark-bootstrap-admin-template/template/assets/js/dragula.js
corona-free-dark-bootstrap-admin-template/template/assets/js/dropify.js
corona-free-dark-bootstrap-admin-template/template/assets/js/cropper.js
corona-free-dark-bootstrap-admin-template/template/assets/js/avgrund.js
corona-free-dark-bootstrap-admin-template/template/assets/css/style.css
corona-free-dark-bootstrap-admin-template/template/gulp-tasks/vendors.js
corona-free-dark-bootstrap-admin-template/template/assets/js/rickshaw.js
corona-free-dark-bootstrap-admin-template/template/assets/js/todolist.js
corona-free-dark-bootstrap-admin-template/template/assets/js/settings.js
corona-free-dark-bootstrap-admin-template/template/assets/js/paginate.js
corona-free-dark-bootstrap-admin-template/template/assets/js/tooltips.js
corona-free-dark-bootstrap-admin-template/template/assets/js/dropzone.js
corona-free-dark-bootstrap-admin-template/template/assets/js/chartist.js
corona-free-dark-bootstrap-admin-template/template/assets/js/calendar.js
corona-free-dark-bootstrap-admin-template/template/assets/scss/style.scss
corona-free-dark-bootstrap-admin-template/template/assets/js/toastDemo.js
corona-free-dark-bootstrap-admin-template/template/assets/js/typeahead.js
corona-free-dark-bootstrap-admin-template/template/assets/js/sparkline.js
corona-free-dark-bootstrap-admin-template/template/assets/js/just-gage.js
corona-free-dark-bootstrap-admin-template/template/assets/js/inputmask.js
corona-free-dark-bootstrap-admin-template/template/assets/js/clipboard.js
corona-free-dark-bootstrap-admin-template/template/assets/js/dashboard.js
corona-free-dark-bootstrap-admin-template/template/assets/images/logo.svg
corona-free-dark-bootstrap-admin-template/template/assets/js/x-editable.js
corona-free-dark-bootstrap-admin-template/template/assets/js/tight-grid.js
corona-free-dark-bootstrap-admin-template/template/assets/js/off-canvas.js
corona-free-dark-bootstrap-admin-template/template/assets/js/modal-demo.js
corona-free-dark-bootstrap-admin-template/template/assets/js/editorDemo.js
corona-free-dark-bootstrap-admin-template/template/assets/js/data-table.js
corona-free-dark-bootstrap-admin-template/template/assets/js/flot-chart.js
corona-free-dark-bootstrap-admin-template/template/assets/js/codeEditor.js
corona-free-dark-bootstrap-admin-template/template/assets/js/codemirror.js
corona-free-dark-bootstrap-admin-template/template/assets/scss/_navbar.scss
corona-free-dark-bootstrap-admin-template/template/assets/js/tablesorter.js
corona-free-dark-bootstrap-admin-template/template/assets/js/form-addons.js
corona-free-dark-bootstrap-admin-template/template/assets/js/file-upload.js
corona-free-dark-bootstrap-admin-template/template/assets/js/google-maps.js
corona-free-dark-bootstrap-admin-template/template/assets/js/formpickers.js
corona-free-dark-bootstrap-admin-template/template/assets/scss/_layouts.scss
corona-free-dark-bootstrap-admin-template/template/assets/scss/_sidebar.scss
corona-free-dark-bootstrap-admin-template/template/assets/js/progress-bar.js
corona-free-dark-bootstrap-admin-template/template/assets/js/profile-demo.js
corona-free-dark-bootstrap-admin-template/template/assets/js/no-ui-slider.js
corona-free-dark-bootstrap-admin-template/template/assets/js/owl-carousel.js
corona-free-dark-bootstrap-admin-template/template/assets/js/jq.tablesort.js
corona-free-dark-bootstrap-admin-template/template/assets/js/context-menu.js
corona-free-dark-bootstrap-admin-template/template/assets/js/bt-maxLength.js
corona-free-dark-bootstrap-admin-template/template/assets/images/favicon.png
corona-free-dark-bootstrap-admin-template/template/assets/js/light-gallery.js
corona-free-dark-bootstrap-admin-template/template/assets/js/google-charts.js
corona-free-dark-bootstrap-admin-template/template/assets/js/form-repeater.js
corona-free-dark-bootstrap-admin-template/template/assets/scss/_variables.scss
corona-free-dark-bootstrap-admin-template/template/assets/images/logo-mini.svg
corona-free-dark-bootstrap-admin-template/template/assets/js/form-validation.js
corona-free-dark-bootstrap-admin-template/template/assets/js/bootstrap-table.js
corona-free-dark-bootstrap-admin-template/template/assets/js/circle-progress.js
corona-free-dark-bootstrap-admin-template/template/assets/js/mapael_example_1.js
corona-free-dark-bootstrap-admin-template/template/assets/js/mapael_example_2.js
corona-free-dark-bootstrap-admin-template/template/assets/js/ion-range-slider.js
corona-free-dark-bootstrap-admin-template/template/assets/images/sprites/red.png
corona-free-dark-bootstrap-admin-template/template/assets/images/samples/Mac.png
corona-free-dark-bootstrap-admin-template/template/assets/images/faces/face9.jpg
corona-free-dark-bootstrap-admin-template/template/assets/images/faces/face8.jpg
corona-free-dark-bootstrap-admin-template/template/assets/images/faces/face7.jpg
corona-free-dark-bootstrap-admin-template/template/assets/images/faces/face4.jpg
corona-free-dark-bootstrap-admin-template/template/assets/images/faces/face6.jpg
corona-free-dark-bootstrap-admin-template/template/assets/images/faces/face5.jpg
corona-free-dark-bootstrap-admin-template/template/assets/images/faces/face3.jpg
corona-free-dark-bootstrap-admin-template/template/assets/images/faces/face2.jpg
corona-free-dark-bootstrap-admin-template/template/assets/images/faces/face1.jpg
corona-free-dark-bootstrap-admin-template/template/assets/css/maps/style.css.map
corona-free-dark-bootstrap-admin-template/template/assets/images/sprites/blue.png
corona-free-dark-bootstrap-admin-template/template/assets/images/sprites/flag.png
corona-free-dark-bootstrap-admin-template/template/assets/images/sprites/dark.png
corona-free-dark-bootstrap-admin-template/template/assets/images/faces/face25.jpg
corona-free-dark-bootstrap-admin-template/template/assets/images/faces/face27.jpg
corona-free-dark-bootstrap-admin-template/template/assets/images/faces/face26.jpg
corona-free-dark-bootstrap-admin-template/template/assets/images/faces/face22.jpg
corona-free-dark-bootstrap-admin-template/template/assets/images/faces/face21.jpg
corona-free-dark-bootstrap-admin-template/template/assets/images/faces/face24.jpg
corona-free-dark-bootstrap-admin-template/template/assets/images/faces/face23.jpg
corona-free-dark-bootstrap-admin-template/template/assets/images/faces/face18.jpg
corona-free-dark-bootstrap-admin-template/template/assets/images/faces/face19.jpg
corona-free-dark-bootstrap-admin-template/template/assets/images/faces/face20.jpg
corona-free-dark-bootstrap-admin-template/template/assets/images/faces/face14.jpg
corona-free-dark-bootstrap-admin-template/template/assets/images/faces/face17.jpg
corona-free-dark-bootstrap-admin-template/template/assets/images/faces/face13.jpg
corona-free-dark-bootstrap-admin-template/template/assets/images/faces/face15.jpg
corona-free-dark-bootstrap-admin-template/template/assets/images/faces/face16.jpg
corona-free-dark-bootstrap-admin-template/template/assets/images/faces/face12.jpg
corona-free-dark-bootstrap-admin-template/template/assets/images/faces/face10.jpg
corona-free-dark-bootstrap-admin-template/template/assets/images/faces/face11.jpg
corona-free-dark-bootstrap-admin-template/template/assets/js/jquery-file-upload.js
corona-free-dark-bootstrap-admin-template/template/assets/js/hoverable-collapse.js
corona-free-dark-bootstrap-admin-template/template/assets/images/sprites/green.png
corona-free-dark-bootstrap-admin-template/template/assets/images/samples/popup.png
corona-free-dark-bootstrap-admin-template/template/assets/images/samples/modal.png
corona-free-dark-bootstrap-admin-template/template/assets/images/samples/html5.png
corona-free-dark-bootstrap-admin-template/template/assets/images/samples/forms.png
corona-free-dark-bootstrap-admin-template/template/assets/images/samples/email.png
corona-free-dark-bootstrap-admin-template/template/assets/images/auth/login-bg.jpg
corona-free-dark-bootstrap-admin-template/template/assets/images/auth/Login_bg.jpg
corona-free-dark-bootstrap-admin-template/template/assets/images/sprites/yellow.png
corona-free-dark-bootstrap-admin-template/template/assets/images/samples/charts.png
corona-free-dark-bootstrap-admin-template/template/assets/images/auth/Login_bg2.jpg
corona-free-dark-bootstrap-admin-template/template/assets/scss/components/_misc.scss
corona-free-dark-bootstrap-admin-template/template/assets/scss/components/_tabs.scss
corona-free-dark-bootstrap-admin-template/template/assets/scss/components/_demo.scss
corona-free-dark-bootstrap-admin-template/template/assets/js/desktop-notification.js
corona-free-dark-bootstrap-admin-template/template/assets/images/samples/widgets.png
corona-free-dark-bootstrap-admin-template/template/assets/images/samples/editors.png
corona-free-dark-bootstrap-admin-template/template/assets/images/dashboard/img_6.jpg
corona-free-dark-bootstrap-admin-template/template/assets/images/dashboard/img_4.jpg
corona-free-dark-bootstrap-admin-template/template/assets/images/dashboard/img_3.jpg
corona-free-dark-bootstrap-admin-template/template/assets/images/dashboard/img_1.jpg
corona-free-dark-bootstrap-admin-template/template/assets/images/dashboard/img_2.jpg
corona-free-dark-bootstrap-admin-template/template/assets/images/dashboard/Img_5.jpg
corona-free-dark-bootstrap-admin-template/template/assets/fonts/Rubik/Rubik-Bold.ttf
corona-free-dark-bootstrap-admin-template/template/assets/vendors/codemirror/shell.js
corona-free-dark-bootstrap-admin-template/template/assets/scss/components/_forms.scss
corona-free-dark-bootstrap-admin-template/template/assets/scss/components/_reset.scss
corona-free-dark-bootstrap-admin-template/template/assets/scss/components/_icons.scss
corona-free-dark-bootstrap-admin-template/template/assets/scss/components/_cards.scss
corona-free-dark-bootstrap-admin-template/template/assets/scss/components/_fonts.scss
corona-free-dark-bootstrap-admin-template/template/assets/images/samples/Login_bg.jpg
corona-free-dark-bootstrap-admin-template/template/assets/images/dashboard/circle.png
corona-free-dark-bootstrap-admin-template/template/assets/images/dashboard/circle.svg
corona-free-dark-bootstrap-admin-template/template/assets/images/auth/register-bg.jpg
corona-free-dark-bootstrap-admin-template/template/assets/fonts/Rubik/Rubik-Light.ttf
corona-free-dark-bootstrap-admin-template/template/assets/fonts/Rubik/Rubik-Black.ttf
corona-free-dark-bootstrap-admin-template/template/assets/scss/components/_footer.scss
corona-free-dark-bootstrap-admin-template/template/assets/scss/components/_tables.scss
corona-free-dark-bootstrap-admin-template/template/assets/scss/components/_badges.scss
corona-free-dark-bootstrap-admin-template/template/assets/images/sprites/logo-mini.svg
corona-free-dark-bootstrap-admin-template/template/assets/images/samples/dashboard.png
corona-free-dark-bootstrap-admin-template/template/assets/images/samples/angular-4.png
corona-free-dark-bootstrap-admin-template/template/assets/images/samples/Login_bg2.jpg
corona-free-dark-bootstrap-admin-template/template/assets/images/samples/Banner_bg.jpg
corona-free-dark-bootstrap-admin-template/template/assets/images/samples/300x300/9.jpg
corona-free-dark-bootstrap-admin-template/template/assets/images/samples/300x300/8.jpg
corona-free-dark-bootstrap-admin-template/template/assets/images/samples/300x300/7.jpg
corona-free-dark-bootstrap-admin-template/template/assets/images/samples/300x300/6.jpg
corona-free-dark-bootstrap-admin-template/template/assets/images/samples/300x300/5.jpg
corona-free-dark-bootstrap-admin-template/template/assets/images/samples/300x300/4.jpg
corona-free-dark-bootstrap-admin-template/template/assets/images/samples/300x300/2.jpg
corona-free-dark-bootstrap-admin-template/template/assets/images/samples/300x300/3.jpg
corona-free-dark-bootstrap-admin-template/template/assets/images/samples/300x300/1.jpg
corona-free-dark-bootstrap-admin-template/template/assets/images/carousel/banner_9.jpg
corona-free-dark-bootstrap-admin-template/template/assets/images/carousel/banner_8.jpg
corona-free-dark-bootstrap-admin-template/template/assets/images/carousel/banner_7.jpg
corona-free-dark-bootstrap-admin-template/template/assets/images/carousel/banner_5.jpg
corona-free-dark-bootstrap-admin-template/template/assets/images/carousel/banner_6.jpg
corona-free-dark-bootstrap-admin-template/template/assets/images/carousel/banner_4.jpg
corona-free-dark-bootstrap-admin-template/template/assets/images/carousel/banner_3.jpg
corona-free-dark-bootstrap-admin-template/template/assets/images/carousel/banner_2.jpg
corona-free-dark-bootstrap-admin-template/template/assets/images/carousel/banner_1.jpg
corona-free-dark-bootstrap-admin-template/template/assets/fonts/Rubik/Rubik-Medium.ttf
corona-free-dark-bootstrap-admin-template/template/assets/vendors/chart.js/Chart.min.js
corona-free-dark-bootstrap-admin-template/template/assets/scss/components/_preview.scss
corona-free-dark-bootstrap-admin-template/template/assets/scss/components/_buttons.scss
corona-free-dark-bootstrap-admin-template/template/assets/images/samples/e-commerce.png
corona-free-dark-bootstrap-admin-template/template/assets/images/samples/300x300/15.jpg
corona-free-dark-bootstrap-admin-template/template/assets/images/samples/300x300/14.jpg
corona-free-dark-bootstrap-admin-template/template/assets/images/samples/300x300/12.jpg
corona-free-dark-bootstrap-admin-template/template/assets/images/samples/300x300/13.jpg
corona-free-dark-bootstrap-admin-template/template/assets/images/samples/300x300/11.jpg
corona-free-dark-bootstrap-admin-template/template/assets/images/samples/300x300/10.jpg
corona-free-dark-bootstrap-admin-template/template/assets/images/samples/1280x768/9.jpg
corona-free-dark-bootstrap-admin-template/template/assets/images/samples/1280x768/8.jpg
corona-free-dark-bootstrap-admin-template/template/assets/images/samples/1280x768/7.jpg
corona-free-dark-bootstrap-admin-template/template/assets/images/samples/1280x768/6.jpg
corona-free-dark-bootstrap-admin-template/template/assets/images/samples/1280x768/5.jpg
corona-free-dark-bootstrap-admin-template/template/assets/images/samples/1280x768/4.jpg
corona-free-dark-bootstrap-admin-template/template/assets/images/samples/1280x768/3.jpg
corona-free-dark-bootstrap-admin-template/template/assets/images/samples/1280x768/2.jpg
corona-free-dark-bootstrap-admin-template/template/assets/images/samples/1280x768/1.jpg
corona-free-dark-bootstrap-admin-template/template/assets/images/carousel/banner_11.jpg
corona-free-dark-bootstrap-admin-template/template/assets/images/carousel/banner_12.jpg
corona-free-dark-bootstrap-admin-template/template/assets/images/carousel/banner_10.jpg
corona-free-dark-bootstrap-admin-template/template/assets/images/auth/lockscreen-bg.jpg
corona-free-dark-bootstrap-admin-template/template/assets/fonts/Rubik/Rubik-Regular.ttf
corona-free-dark-bootstrap-admin-template/template/assets/vendors/select2/select2.min.js
corona-free-dark-bootstrap-admin-template/template/assets/scss/components/_dropdown.scss
corona-free-dark-bootstrap-admin-template/template/assets/images/samples/1280x768/15.jpg
corona-free-dark-bootstrap-admin-template/template/assets/images/samples/1280x768/14.jpg
corona-free-dark-bootstrap-admin-template/template/assets/images/samples/1280x768/13.jpg
corona-free-dark-bootstrap-admin-template/template/assets/images/samples/1280x768/12.jpg
corona-free-dark-bootstrap-admin-template/template/assets/images/samples/1280x768/11.jpg
corona-free-dark-bootstrap-admin-template/template/assets/images/samples/1280x768/10.jpg
corona-free-dark-bootstrap-admin-template/template/assets/images/faces-clipart/pic-8.png
corona-free-dark-bootstrap-admin-template/template/assets/images/faces-clipart/pic-4.png
corona-free-dark-bootstrap-admin-template/template/assets/images/faces-clipart/pic-2.png
corona-free-dark-bootstrap-admin-template/template/assets/images/faces-clipart/pic-3.png
corona-free-dark-bootstrap-admin-template/template/assets/images/faces-clipart/pic-1.png
corona-free-dark-bootstrap-admin-template/template/assets/images/dashboard/Rectangle.jpg
corona-free-dark-bootstrap-admin-template/template/assets/vendors/select2/select2.min.css
corona-free-dark-bootstrap-admin-template/template/assets/vendors/js/bootstrap.min.js.map
corona-free-dark-bootstrap-admin-template/template/assets/vendors/codemirror/ambiance.css
corona-free-dark-bootstrap-admin-template/template/assets/scss/components/_utilities.scss
corona-free-dark-bootstrap-admin-template/template/assets/scss/components/_functions.scss
corona-free-dark-bootstrap-admin-template/template/assets/scss/components/_todo-list.scss
corona-free-dark-bootstrap-admin-template/template/assets/images/sprites/jsgrid-icons.png
corona-free-dark-bootstrap-admin-template/template/assets/images/lightbox/thumb-v-y-2.jpg
corona-free-dark-bootstrap-admin-template/template/assets/images/lightbox/thumb-v-y-1.jpg
corona-free-dark-bootstrap-admin-template/template/assets/images/lightbox/thumb-v-v-2.jpg
corona-free-dark-bootstrap-admin-template/template/assets/images/lightbox/thumb-v-v-1.jpg
corona-free-dark-bootstrap-admin-template/template/assets/images/lightbox/play-button.png
corona-free-dark-bootstrap-admin-template/template/assets/vendors/js/vendor.bundle.base.js
corona-free-dark-bootstrap-admin-template/template/assets/vendors/codemirror/javascript.js
corona-free-dark-bootstrap-admin-template/template/assets/vendors/codemirror/codemirror.js
corona-free-dark-bootstrap-admin-template/template/assets/scss/components/_typography.scss
corona-free-dark-bootstrap-admin-template/template/assets/scss/components/_background.scss
corona-free-dark-bootstrap-admin-template/template/assets/images/samples/lockscreen-bg.jpg
corona-free-dark-bootstrap-admin-template/template/assets/images/dashboard/Group126@2x.png
corona-free-dark-bootstrap-admin-template/template/assets/vendors/codemirror/codemirror.css
corona-free-dark-bootstrap-admin-template/template/assets/scss/components/mixins/_misc.scss
corona-free-dark-bootstrap-admin-template/template/assets/scss/components/_widget-grid.scss
corona-free-dark-bootstrap-admin-template/template/assets/images/file-icons/64/002-tool.png
corona-free-dark-bootstrap-admin-template/template/assets/vendors/css/vendor.bundle.base.css
corona-free-dark-bootstrap-admin-template/template/assets/scss/components/mixins/_cards.scss
corona-free-dark-bootstrap-admin-template/template/assets/images/samples/bootstrap-stack.png
corona-free-dark-bootstrap-admin-template/template/assets/images/file-icons/512/002-tool.png
corona-free-dark-bootstrap-admin-template/template/assets/images/file-icons/256/002-tool.png
corona-free-dark-bootstrap-admin-template/template/assets/images/file-icons/128/002-tool.png
corona-free-dark-bootstrap-admin-template/template/assets/fonts/Assistant/Assistant-Bold.ttf
corona-free-dark-bootstrap-admin-template/template/assets/fonts/Assistant/Assistant-Bold.eot
corona-free-dark-bootstrap-admin-template/template/assets/scss/components/mixins/_badges.scss
corona-free-dark-bootstrap-admin-template/template/assets/images/file-icons/64/006-record.png
corona-free-dark-bootstrap-admin-template/template/assets/images/file-icons/64/007-folder.png
corona-free-dark-bootstrap-admin-template/template/assets/fonts/Assistant/Assistant-Light.ttf
corona-free-dark-bootstrap-admin-template/template/assets/fonts/Assistant/Assistant-Light.eot
corona-free-dark-bootstrap-admin-template/template/assets/fonts/Assistant/Assistant-Bold.woff
corona-free-dark-bootstrap-admin-template/template/assets/scss/vertical/_vertical-wrapper.scss
corona-free-dark-bootstrap-admin-template/template/assets/scss/components/mixins/_buttons.scss
corona-free-dark-bootstrap-admin-template/template/assets/scss/components/_checkbox-radio.scss
corona-free-dark-bootstrap-admin-template/template/assets/images/file-icons/64/008-archive.png
corona-free-dark-bootstrap-admin-template/template/assets/images/file-icons/512/006-record.png
corona-free-dark-bootstrap-admin-template/template/assets/images/file-icons/512/007-folder.png
corona-free-dark-bootstrap-admin-template/template/assets/images/file-icons/256/006-record.png
corona-free-dark-bootstrap-admin-template/template/assets/images/file-icons/256/007-folder.png
corona-free-dark-bootstrap-admin-template/template/assets/images/file-icons/128/006-record.png
corona-free-dark-bootstrap-admin-template/template/assets/images/file-icons/128/007-folder.png
corona-free-dark-bootstrap-admin-template/template/assets/fonts/Assistant/Assistant-Light.woff
corona-free-dark-bootstrap-admin-template/template/assets/fonts/Assistant/Assistant-Bold.woff2
corona-free-dark-bootstrap-admin-template/template/assets/vendors/pwstabs/jquery.pwstabs.min.js
corona-free-dark-bootstrap-admin-template/template/assets/scss/components/mixins/_tooltips.scss
corona-free-dark-bootstrap-admin-template/template/assets/scss/components/mixins/_popovers.scss
corona-free-dark-bootstrap-admin-template/template/assets/scss/components/loaders/_loaders.scss
corona-free-dark-bootstrap-admin-template/template/assets/images/screenshots/tinted-sidebar.jpg
corona-free-dark-bootstrap-admin-template/template/assets/images/file-icons/64/004-folder-1.png
corona-free-dark-bootstrap-admin-template/template/assets/images/file-icons/64/005-database.png
corona-free-dark-bootstrap-admin-template/template/assets/images/file-icons/512/008-archive.png
corona-free-dark-bootstrap-admin-template/template/assets/images/file-icons/256/008-archive.png
corona-free-dark-bootstrap-admin-template/template/assets/images/file-icons/128/008-archive.png
corona-free-dark-bootstrap-admin-template/template/assets/fonts/Assistant/Assistant-Regular.ttf
corona-free-dark-bootstrap-admin-template/template/assets/fonts/Assistant/Assistant-Regular.eot
corona-free-dark-bootstrap-admin-template/template/assets/fonts/Assistant/Assistant-Light.woff2
corona-free-dark-bootstrap-admin-template/template/assets/vendors/pwstabs/jquery.pwstabs.min.css
corona-free-dark-bootstrap-admin-template/template/assets/vendors/flag-icon-css/flags/4x3/vu.svg
corona-free-dark-bootstrap-admin-template/template/assets/vendors/flag-icon-css/flags/4x3/ws.svg
corona-free-dark-bootstrap-admin-template/template/assets/vendors/flag-icon-css/flags/4x3/za.svg
corona-free-dark-bootstrap-admin-template/template/assets/vendors/flag-icon-css/flags/4x3/xk.svg
corona-free-dark-bootstrap-admin-template/template/assets/vendors/flag-icon-css/flags/4x3/ye.svg
corona-free-dark-bootstrap-admin-template/template/assets/vendors/flag-icon-css/flags/4x3/zm.svg
corona-free-dark-bootstrap-admin-template/template/assets/vendors/flag-icon-css/flags/4x3/zw.svg
corona-free-dark-bootstrap-admin-template/template/assets/vendors/flag-icon-css/flags/4x3/wf.svg
corona-free-dark-bootstrap-admin-template/template/assets/vendors/flag-icon-css/flags/4x3/yt.svg
corona-free-dark-bootstrap-admin-template/template/assets/vendors/flag-icon-css/flags/4x3/vn.svg
corona-free-dark-bootstrap-admin-template/template/assets/vendors/flag-icon-css/flags/4x3/ua.svg
corona-free-dark-bootstrap-admin-template/template/assets/vendors/flag-icon-css/flags/4x3/vg.svg
corona-free-dark-bootstrap-admin-template/template/assets/vendors/flag-icon-css/flags/4x3/uz.svg
corona-free-dark-bootstrap-admin-template/template/assets/vendors/flag-icon-css/flags/4x3/ve.svg
corona-free-dark-bootstrap-admin-template/template/assets/vendors/flag-icon-css/flags/4x3/tw.svg
corona-free-dark-bootstrap-admin-template/template/assets/vendors/flag-icon-css/flags/4x3/uy.svg
corona-free-dark-bootstrap-admin-template/template/assets/vendors/flag-icon-css/flags/4x3/vc.svg
corona-free-dark-bootstrap-admin-template/template/assets/vendors/flag-icon-css/flags/4x3/us.svg
corona-free-dark-bootstrap-admin-template/template/assets/vendors/flag-icon-css/flags/4x3/va.svg
corona-free-dark-bootstrap-admin-template/template/assets/vendors/flag-icon-css/flags/4x3/um.svg
corona-free-dark-bootstrap-admin-template/template/assets/vendors/flag-icon-css/flags/4x3/tz.svg
corona-free-dark-bootstrap-admin-template/template/assets/vendors/flag-icon-css/flags/4x3/vi.svg
corona-free-dark-bootstrap-admin-template/template/assets/vendors/flag-icon-css/flags/4x3/ug.svg
corona-free-dark-bootstrap-admin-template/template/assets/vendors/flag-icon-css/flags/4x3/un.svg
corona-free-dark-bootstrap-admin-template/template/assets/vendors/flag-icon-css/flags/4x3/sz.svg
corona-free-dark-bootstrap-admin-template/template/assets/vendors/flag-icon-css/flags/4x3/tn.svg
corona-free-dark-bootstrap-admin-template/template/assets/vendors/flag-icon-css/flags/4x3/tk.svg
corona-free-dark-bootstrap-admin-template/template/assets/vendors/flag-icon-css/flags/4x3/sx.svg
corona-free-dark-bootstrap-admin-template/template/assets/vendors/flag-icon-css/flags/4x3/st.svg
corona-free-dark-bootstrap-admin-template/template/assets/vendors/flag-icon-css/flags/4x3/tj.svg
corona-free-dark-bootstrap-admin-template/template/assets/vendors/flag-icon-css/flags/4x3/tc.svg
corona-free-dark-bootstrap-admin-template/template/assets/vendors/flag-icon-css/flags/4x3/tf.svg
corona-free-dark-bootstrap-admin-template/template/assets/vendors/flag-icon-css/flags/4x3/td.svg
corona-free-dark-bootstrap-admin-template/template/assets/vendors/flag-icon-css/flags/4x3/sy.svg
corona-free-dark-bootstrap-admin-template/template/assets/vendors/flag-icon-css/flags/4x3/tr.svg
corona-free-dark-bootstrap-admin-template/template/assets/vendors/flag-icon-css/flags/4x3/tv.svg
corona-free-dark-bootstrap-admin-template/template/assets/vendors/flag-icon-css/flags/4x3/tl.svg
corona-free-dark-bootstrap-admin-template/template/assets/vendors/flag-icon-css/flags/4x3/tm.svg
corona-free-dark-bootstrap-admin-template/template/assets/vendors/flag-icon-css/flags/4x3/to.svg
corona-free-dark-bootstrap-admin-template/template/assets/vendors/flag-icon-css/flags/4x3/tg.svg
corona-free-dark-bootstrap-admin-template/template/assets/vendors/flag-icon-css/flags/4x3/tt.svg
corona-free-dark-bootstrap-admin-template/template/assets/vendors/flag-icon-css/flags/4x3/th.svg
corona-free-dark-bootstrap-admin-template/template/assets/vendors/flag-icon-css/flags/4x3/sv.svg
corona-free-dark-bootstrap-admin-template/template/assets/vendors/flag-icon-css/flags/4x3/sg.svg
corona-free-dark-bootstrap-admin-template/template/assets/vendors/flag-icon-css/flags/4x3/sn.svg
corona-free-dark-bootstrap-admin-template/template/assets/vendors/flag-icon-css/flags/4x3/sc.svg
corona-free-dark-bootstrap-admin-template/template/assets/vendors/flag-icon-css/flags/4x3/sk.svg
corona-free-dark-bootstrap-admin-template/template/assets/vendors/flag-icon-css/flags/4x3/so.svg
corona-free-dark-bootstrap-admin-template/template/assets/vendors/flag-icon-css/flags/4x3/sm.svg
corona-free-dark-bootstrap-admin-template/template/assets/vendors/flag-icon-css/flags/4x3/sl.svg
corona-free-dark-bootstrap-admin-template/template/assets/vendors/flag-icon-css/flags/4x3/ss.svg
corona-free-dark-bootstrap-admin-template/template/assets/vendors/flag-icon-css/flags/4x3/sd.svg
corona-free-dark-bootstrap-admin-template/template/assets/vendors/flag-icon-css/flags/4x3/si.svg
corona-free-dark-bootstrap-admin-template/template/assets/vendors/flag-icon-css/flags/4x3/sh.svg
corona-free-dark-bootstrap-admin-template/template/assets/vendors/flag-icon-css/flags/4x3/se.svg
corona-free-dark-bootstrap-admin-template/template/assets/vendors/flag-icon-css/flags/4x3/sa.svg
corona-free-dark-bootstrap-admin-template/template/assets/vendors/flag-icon-css/flags/4x3/sr.svg
corona-free-dark-bootstrap-admin-template/template/assets/vendors/flag-icon-css/flags/4x3/sb.svg
corona-free-dark-bootstrap-admin-template/template/assets/vendors/flag-icon-css/flags/4x3/sj.svg
corona-free-dark-bootstrap-admin-template/template/assets/vendors/flag-icon-css/flags/4x3/py.svg
corona-free-dark-bootstrap-admin-template/template/assets/vendors/flag-icon-css/flags/4x3/pr.svg
corona-free-dark-bootstrap-admin-template/template/assets/vendors/flag-icon-css/flags/4x3/ro.svg
corona-free-dark-bootstrap-admin-template/template/assets/vendors/flag-icon-css/flags/4x3/rs.svg
corona-free-dark-bootstrap-admin-template/template/assets/vendors/flag-icon-css/flags/4x3/qa.svg
corona-free-dark-bootstrap-admin-template/template/assets/vendors/flag-icon-css/flags/4x3/pw.svg
corona-free-dark-bootstrap-admin-template/template/assets/vendors/flag-icon-css/flags/4x3/rw.svg
corona-free-dark-bootstrap-admin-template/template/assets/vendors/flag-icon-css/flags/4x3/ps.svg
corona-free-dark-bootstrap-admin-template/template/assets/vendors/flag-icon-css/flags/4x3/ru.svg
corona-free-dark-bootstrap-admin-template/template/assets/vendors/flag-icon-css/flags/4x3/pt.svg
corona-free-dark-bootstrap-admin-template/template/assets/vendors/flag-icon-css/flags/4x3/re.svg
corona-free-dark-bootstrap-admin-template/template/assets/vendors/flag-icon-css/flags/4x3/pn.svg
corona-free-dark-bootstrap-admin-template/template/assets/vendors/flag-icon-css/flags/4x3/np.svg
corona-free-dark-bootstrap-admin-template/template/assets/vendors/flag-icon-css/flags/4x3/pe.svg
corona-free-dark-bootstrap-admin-template/template/assets/vendors/flag-icon-css/flags/4x3/nl.svg
corona-free-dark-bootstrap-admin-template/template/assets/vendors/flag-icon-css/flags/4x3/pm.svg
corona-free-dark-bootstrap-admin-template/template/assets/vendors/flag-icon-css/flags/4x3/pf.svg
corona-free-dark-bootstrap-admin-template/template/assets/vendors/flag-icon-css/flags/4x3/pg.svg
corona-free-dark-bootstrap-admin-template/template/assets/vendors/flag-icon-css/flags/4x3/pl.svg
corona-free-dark-bootstrap-admin-template/template/assets/vendors/flag-icon-css/flags/4x3/nu.svg
corona-free-dark-bootstrap-admin-template/template/assets/vendors/flag-icon-css/flags/4x3/nr.svg
corona-free-dark-bootstrap-admin-template/template/assets/vendors/flag-icon-css/flags/4x3/om.svg
corona-free-dark-bootstrap-admin-template/template/assets/vendors/flag-icon-css/flags/4x3/ni.svg
corona-free-dark-bootstrap-admin-template/template/assets/vendors/flag-icon-css/flags/4x3/pa.svg
corona-free-dark-bootstrap-admin-template/template/assets/vendors/flag-icon-css/flags/4x3/nf.svg
corona-free-dark-bootstrap-admin-template/template/assets/vendors/flag-icon-css/flags/4x3/ph.svg
corona-free-dark-bootstrap-admin-template/template/assets/vendors/flag-icon-css/flags/4x3/ng.svg
corona-free-dark-bootstrap-admin-template/template/assets/vendors/flag-icon-css/flags/4x3/pk.svg
corona-free-dark-bootstrap-admin-template/template/assets/vendors/flag-icon-css/flags/4x3/nz.svg
corona-free-dark-bootstrap-admin-template/template/assets/vendors/flag-icon-css/flags/4x3/no.svg
corona-free-dark-bootstrap-admin-template/template/assets/vendors/flag-icon-css/flags/4x3/my.svg
corona-free-dark-bootstrap-admin-template/template/assets/vendors/flag-icon-css/flags/4x3/na.svg
corona-free-dark-bootstrap-admin-template/template/assets/vendors/flag-icon-css/flags/4x3/mv.svg
corona-free-dark-bootstrap-admin-template/template/assets/vendors/flag-icon-css/flags/4x3/mw.svg
corona-free-dark-bootstrap-admin-template/template/assets/vendors/flag-icon-css/flags/4x3/nc.svg
corona-free-dark-bootstrap-admin-template/template/assets/vendors/flag-icon-css/flags/4x3/mx.svg
corona-free-dark-bootstrap-admin-template/template/assets/vendors/flag-icon-css/flags/4x3/ne.svg
corona-free-dark-bootstrap-admin-template/template/assets/vendors/flag-icon-css/flags/4x3/mz.svg
corona-free-dark-bootstrap-admin-template/template/assets/vendors/flag-icon-css/flags/4x3/mg.svg
corona-free-dark-bootstrap-admin-template/template/assets/vendors/flag-icon-css/flags/4x3/mr.svg
corona-free-dark-bootstrap-admin-template/template/assets/vendors/flag-icon-css/flags/4x3/mu.svg
corona-free-dark-bootstrap-admin-template/template/assets/vendors/flag-icon-css/flags/4x3/mo.svg
corona-free-dark-bootstrap-admin-template/template/assets/vendors/flag-icon-css/flags/4x3/ml.svg
corona-free-dark-bootstrap-admin-template/template/assets/vendors/flag-icon-css/flags/4x3/mt.svg
corona-free-dark-bootstrap-admin-template/template/assets/vendors/flag-icon-css/flags/4x3/me.svg
corona-free-dark-bootstrap-admin-template/template/assets/vendors/flag-icon-css/flags/4x3/mp.svg
corona-free-dark-bootstrap-admin-template/template/assets/vendors/flag-icon-css/flags/4x3/mk.svg
corona-free-dark-bootstrap-admin-template/template/assets/vendors/flag-icon-css/flags/4x3/mm.svg
corona-free-dark-bootstrap-admin-template/template/assets/vendors/flag-icon-css/flags/4x3/mh.svg
corona-free-dark-bootstrap-admin-template/template/assets/vendors/flag-icon-css/flags/4x3/mf.svg
corona-free-dark-bootstrap-admin-template/template/assets/vendors/flag-icon-css/flags/4x3/ms.svg
corona-free-dark-bootstrap-admin-template/template/assets/vendors/flag-icon-css/flags/4x3/mq.svg
corona-free-dark-bootstrap-admin-template/template/assets/vendors/flag-icon-css/flags/4x3/mn.svg
corona-free-dark-bootstrap-admin-template/template/assets/vendors/flag-icon-css/flags/4x3/lr.svg
corona-free-dark-bootstrap-admin-template/template/assets/vendors/flag-icon-css/flags/4x3/la.svg
corona-free-dark-bootstrap-admin-template/template/assets/vendors/flag-icon-css/flags/4x3/ly.svg
corona-free-dark-bootstrap-admin-template/template/assets/vendors/flag-icon-css/flags/4x3/lk.svg
corona-free-dark-bootstrap-admin-template/template/assets/vendors/flag-icon-css/flags/4x3/lb.svg
corona-free-dark-bootstrap-admin-template/template/assets/vendors/flag-icon-css/flags/4x3/md.svg
corona-free-dark-bootstrap-admin-template/template/assets/vendors/flag-icon-css/flags/4x3/li.svg
corona-free-dark-bootstrap-admin-template/template/assets/vendors/flag-icon-css/flags/4x3/lt.svg
corona-free-dark-bootstrap-admin-template/template/assets/vendors/flag-icon-css/flags/4x3/mc.svg
corona-free-dark-bootstrap-admin-template/template/assets/vendors/flag-icon-css/flags/4x3/ls.svg
corona-free-dark-bootstrap-admin-template/template/assets/vendors/flag-icon-css/flags/4x3/ky.svg
corona-free-dark-bootstrap-admin-template/template/assets/vendors/flag-icon-css/flags/4x3/lv.svg
corona-free-dark-bootstrap-admin-template/template/assets/vendors/flag-icon-css/flags/4x3/kz.svg
corona-free-dark-bootstrap-admin-template/template/assets/vendors/flag-icon-css/flags/4x3/lu.svg
corona-free-dark-bootstrap-admin-template/template/assets/vendors/flag-icon-css/flags/4x3/ma.svg
corona-free-dark-bootstrap-admin-template/template/assets/vendors/flag-icon-css/flags/4x3/lc.svg
corona-free-dark-bootstrap-admin-template/template/assets/vendors/flag-icon-css/flags/4x3/kr.svg
corona-free-dark-bootstrap-admin-template/template/assets/vendors/flag-icon-css/flags/4x3/kp.svg
corona-free-dark-bootstrap-admin-template/template/assets/vendors/flag-icon-css/flags/4x3/jp.svg
corona-free-dark-bootstrap-admin-template/template/assets/vendors/flag-icon-css/flags/4x3/ir.svg
corona-free-dark-bootstrap-admin-template/template/assets/vendors/flag-icon-css/flags/4x3/ki.svg
corona-free-dark-bootstrap-admin-template/template/assets/vendors/flag-icon-css/flags/4x3/kw.svg
corona-free-dark-bootstrap-admin-template/template/assets/vendors/flag-icon-css/flags/4x3/in.svg
corona-free-dark-bootstrap-admin-template/template/assets/vendors/flag-icon-css/flags/4x3/kg.svg
corona-free-dark-bootstrap-admin-template/template/assets/vendors/flag-icon-css/flags/4x3/it.svg
corona-free-dark-bootstrap-admin-template/template/assets/vendors/flag-icon-css/flags/4x3/kn.svg
corona-free-dark-bootstrap-admin-template/template/assets/vendors/flag-icon-css/flags/4x3/jo.svg
corona-free-dark-bootstrap-admin-template/template/assets/vendors/flag-icon-css/flags/4x3/is.svg
corona-free-dark-bootstrap-admin-template/template/assets/vendors/flag-icon-css/flags/4x3/jm.svg
corona-free-dark-bootstrap-admin-template/template/assets/vendors/flag-icon-css/flags/4x3/km.svg
corona-free-dark-bootstrap-admin-template/template/assets/vendors/flag-icon-css/flags/4x3/kh.svg
corona-free-dark-bootstrap-admin-template/template/assets/vendors/flag-icon-css/flags/4x3/ke.svg
corona-free-dark-bootstrap-admin-template/template/assets/vendors/flag-icon-css/flags/4x3/iq.svg
corona-free-dark-bootstrap-admin-template/template/assets/vendors/flag-icon-css/flags/4x3/io.svg
corona-free-dark-bootstrap-admin-template/template/assets/vendors/flag-icon-css/flags/4x3/je.svg
corona-free-dark-bootstrap-admin-template/template/assets/vendors/flag-icon-css/flags/4x3/gu.svg
corona-free-dark-bootstrap-admin-template/template/assets/vendors/flag-icon-css/flags/4x3/gw.svg
corona-free-dark-bootstrap-admin-template/template/assets/vendors/flag-icon-css/flags/4x3/ie.svg
corona-free-dark-bootstrap-admin-template/template/assets/vendors/flag-icon-css/flags/4x3/hk.svg
corona-free-dark-bootstrap-admin-template/template/assets/vendors/flag-icon-css/flags/4x3/hn.svg
corona-free-dark-bootstrap-admin-template/template/assets/vendors/flag-icon-css/flags/4x3/id.svg
corona-free-dark-bootstrap-admin-template/template/assets/vendors/flag-icon-css/flags/4x3/gy.svg
corona-free-dark-bootstrap-admin-template/template/assets/vendors/flag-icon-css/flags/4x3/il.svg
corona-free-dark-bootstrap-admin-template/template/assets/vendors/flag-icon-css/flags/4x3/im.svg
corona-free-dark-bootstrap-admin-template/template/assets/vendors/flag-icon-css/flags/4x3/hu.svg
corona-free-dark-bootstrap-admin-template/template/assets/vendors/flag-icon-css/flags/4x3/hm.svg
corona-free-dark-bootstrap-admin-template/template/assets/vendors/flag-icon-css/flags/4x3/ht.svg
corona-free-dark-bootstrap-admin-template/template/assets/vendors/flag-icon-css/flags/4x3/hr.svg
corona-free-dark-bootstrap-admin-template/template/assets/vendors/flag-icon-css/flags/4x3/ge.svg
corona-free-dark-bootstrap-admin-template/template/assets/vendors/flag-icon-css/flags/4x3/gi.svg
corona-free-dark-bootstrap-admin-template/template/assets/vendors/flag-icon-css/flags/4x3/gt.svg
corona-free-dark-bootstrap-admin-template/template/assets/vendors/flag-icon-css/flags/4x3/gp.svg
corona-free-dark-bootstrap-admin-template/template/assets/vendors/flag-icon-css/flags/4x3/gr.svg
corona-free-dark-bootstrap-admin-template/template/assets/vendors/flag-icon-css/flags/4x3/gl.svg
corona-free-dark-bootstrap-admin-template/template/assets/vendors/flag-icon-css/flags/4x3/gb.svg
corona-free-dark-bootstrap-admin-template/template/assets/vendors/flag-icon-css/flags/4x3/gd.svg
corona-free-dark-bootstrap-admin-template/template/assets/vendors/flag-icon-css/flags/4x3/gf.svg
corona-free-dark-bootstrap-admin-template/template/assets/vendors/flag-icon-css/flags/4x3/gh.svg
corona-free-dark-bootstrap-admin-template/template/assets/vendors/flag-icon-css/flags/4x3/gm.svg
corona-free-dark-bootstrap-admin-template/template/assets/vendors/flag-icon-css/flags/4x3/gg.svg
corona-free-dark-bootstrap-admin-template/template/assets/vendors/flag-icon-css/flags/4x3/gn.svg
corona-free-dark-bootstrap-admin-template/template/assets/vendors/flag-icon-css/flags/4x3/gs.svg
corona-free-dark-bootstrap-admin-template/template/assets/vendors/flag-icon-css/flags/4x3/gq.svg
corona-free-dark-bootstrap-admin-template/template/assets/vendors/flag-icon-css/flags/4x3/fm.svg
corona-free-dark-bootstrap-admin-template/template/assets/vendors/flag-icon-css/flags/4x3/fo.svg
corona-free-dark-bootstrap-admin-template/template/assets/vendors/flag-icon-css/flags/4x3/ga.svg
corona-free-dark-bootstrap-admin-template/template/assets/vendors/flag-icon-css/flags/4x3/fj.svg
corona-free-dark-bootstrap-admin-template/template/assets/vendors/flag-icon-css/flags/4x3/fr.svg
corona-free-dark-bootstrap-admin-template/template/assets/vendors/flag-icon-css/flags/4x3/eu.svg
corona-free-dark-bootstrap-admin-template/template/assets/vendors/flag-icon-css/flags/4x3/et.svg
corona-free-dark-bootstrap-admin-template/template/assets/vendors/flag-icon-css/flags/4x3/fi.svg
corona-free-dark-bootstrap-admin-template/template/assets/vendors/flag-icon-css/flags/4x3/es.svg
corona-free-dark-bootstrap-admin-template/template/assets/vendors/flag-icon-css/flags/4x3/fk.svg
corona-free-dark-bootstrap-admin-template/template/assets/vendors/flag-icon-css/flags/4x3/do.svg
corona-free-dark-bootstrap-admin-template/template/assets/vendors/flag-icon-css/flags/4x3/ee.svg
corona-free-dark-bootstrap-admin-template/template/assets/vendors/flag-icon-css/flags/4x3/eg.svg
corona-free-dark-bootstrap-admin-template/template/assets/vendors/flag-icon-css/flags/4x3/eh.svg
corona-free-dark-bootstrap-admin-template/template/assets/vendors/flag-icon-css/flags/4x3/ec.svg
corona-free-dark-bootstrap-admin-template/template/assets/vendors/flag-icon-css/flags/4x3/dz.svg
corona-free-dark-bootstrap-admin-template/template/assets/vendors/flag-icon-css/flags/4x3/er.svg
corona-free-dark-bootstrap-admin-template/template/assets/vendors/flag-icon-css/flags/4x3/cn.svg
corona-free-dark-bootstrap-admin-template/template/assets/vendors/flag-icon-css/flags/4x3/cz.svg
corona-free-dark-bootstrap-admin-template/template/assets/vendors/flag-icon-css/flags/4x3/dj.svg
corona-free-dark-bootstrap-admin-template/template/assets/vendors/flag-icon-css/flags/4x3/cx.svg
corona-free-dark-bootstrap-admin-template/template/assets/vendors/flag-icon-css/flags/4x3/cu.svg
corona-free-dark-bootstrap-admin-template/template/assets/vendors/flag-icon-css/flags/4x3/cr.svg
corona-free-dark-bootstrap-admin-template/template/assets/vendors/flag-icon-css/flags/4x3/dm.svg
corona-free-dark-bootstrap-admin-template/template/assets/vendors/flag-icon-css/flags/4x3/cl.svg
corona-free-dark-bootstrap-admin-template/template/assets/vendors/flag-icon-css/flags/4x3/dk.svg
corona-free-dark-bootstrap-admin-template/template/assets/vendors/flag-icon-css/flags/4x3/cy.svg
corona-free-dark-bootstrap-admin-template/template/assets/vendors/flag-icon-css/flags/4x3/de.svg
corona-free-dark-bootstrap-admin-template/template/assets/vendors/flag-icon-css/flags/4x3/cm.svg
corona-free-dark-bootstrap-admin-template/template/assets/vendors/flag-icon-css/flags/4x3/cv.svg
corona-free-dark-bootstrap-admin-template/template/assets/vendors/flag-icon-css/flags/4x3/cw.svg
corona-free-dark-bootstrap-admin-template/template/assets/vendors/flag-icon-css/flags/4x3/co.svg
corona-free-dark-bootstrap-admin-template/template/assets/vendors/flag-icon-css/flags/4x3/ck.svg
corona-free-dark-bootstrap-admin-template/template/assets/vendors/flag-icon-css/flags/4x3/bv.svg
corona-free-dark-bootstrap-admin-template/template/assets/vendors/flag-icon-css/flags/4x3/cd.svg
corona-free-dark-bootstrap-admin-template/template/assets/vendors/flag-icon-css/flags/4x3/bt.svg
corona-free-dark-bootstrap-admin-template/template/assets/vendors/flag-icon-css/flags/4x3/bz.svg
corona-free-dark-bootstrap-admin-template/template/assets/vendors/flag-icon-css/flags/4x3/ca.svg
corona-free-dark-bootstrap-admin-template/template/assets/vendors/flag-icon-css/flags/4x3/by.svg
corona-free-dark-bootstrap-admin-template/template/assets/vendors/flag-icon-css/flags/4x3/cf.svg
corona-free-dark-bootstrap-admin-template/template/assets/vendors/flag-icon-css/flags/4x3/ci.svg
corona-free-dark-bootstrap-admin-template/template/assets/vendors/flag-icon-css/flags/4x3/ch.svg
corona-free-dark-bootstrap-admin-template/template/assets/vendors/flag-icon-css/flags/4x3/cc.svg
corona-free-dark-bootstrap-admin-template/template/assets/vendors/flag-icon-css/flags/4x3/bw.svg
corona-free-dark-bootstrap-admin-template/template/assets/vendors/flag-icon-css/flags/4x3/cg.svg
corona-free-dark-bootstrap-admin-template/template/assets/vendors/flag-icon-css/flags/4x3/bm.svg
corona-free-dark-bootstrap-admin-template/template/assets/vendors/flag-icon-css/flags/4x3/bs.svg
corona-free-dark-bootstrap-admin-template/template/assets/vendors/flag-icon-css/flags/4x3/bq.svg
corona-free-dark-bootstrap-admin-template/template/assets/vendors/flag-icon-css/flags/4x3/bn.svg
corona-free-dark-bootstrap-admin-template/template/assets/vendors/flag-icon-css/flags/4x3/bo.svg
corona-free-dark-bootstrap-admin-template/template/assets/vendors/flag-icon-css/flags/4x3/br.svg
corona-free-dark-bootstrap-admin-template/template/assets/vendors/flag-icon-css/flags/4x3/bg.svg
corona-free-dark-bootstrap-admin-template/template/assets/vendors/flag-icon-css/flags/4x3/bl.svg
corona-free-dark-bootstrap-admin-template/template/assets/vendors/flag-icon-css/flags/4x3/as.svg
corona-free-dark-bootstrap-admin-template/template/assets/vendors/flag-icon-css/flags/4x3/at.svg
corona-free-dark-bootstrap-admin-template/template/assets/vendors/flag-icon-css/flags/4x3/bj.svg
corona-free-dark-bootstrap-admin-template/template/assets/vendors/flag-icon-css/flags/4x3/aw.svg
corona-free-dark-bootstrap-admin-template/template/assets/vendors/flag-icon-css/flags/4x3/bf.svg
corona-free-dark-bootstrap-admin-template/template/assets/vendors/flag-icon-css/flags/4x3/ax.svg
corona-free-dark-bootstrap-admin-template/template/assets/vendors/flag-icon-css/flags/4x3/ao.svg
corona-free-dark-bootstrap-admin-template/template/assets/vendors/flag-icon-css/flags/4x3/am.svg
corona-free-dark-bootstrap-admin-template/template/assets/vendors/flag-icon-css/flags/4x3/bh.svg
corona-free-dark-bootstrap-admin-template/template/assets/vendors/flag-icon-css/flags/4x3/aq.svg
corona-free-dark-bootstrap-admin-template/template/assets/vendors/flag-icon-css/flags/4x3/bi.svg
corona-free-dark-bootstrap-admin-template/template/assets/vendors/flag-icon-css/flags/4x3/bb.svg
corona-free-dark-bootstrap-admin-template/template/assets/vendors/flag-icon-css/flags/4x3/au.svg
corona-free-dark-bootstrap-admin-template/template/assets/vendors/flag-icon-css/flags/4x3/bd.svg
corona-free-dark-bootstrap-admin-template/template/assets/vendors/flag-icon-css/flags/4x3/be.svg
corona-free-dark-bootstrap-admin-template/template/assets/vendors/flag-icon-css/flags/4x3/az.svg
corona-free-dark-bootstrap-admin-template/template/assets/vendors/flag-icon-css/flags/4x3/ba.svg
corona-free-dark-bootstrap-admin-template/template/assets/vendors/flag-icon-css/flags/4x3/ar.svg
corona-free-dark-bootstrap-admin-template/template/assets/vendors/flag-icon-css/flags/4x3/af.svg
corona-free-dark-bootstrap-admin-template/template/assets/vendors/flag-icon-css/flags/4x3/ad.svg
corona-free-dark-bootstrap-admin-template/template/assets/vendors/flag-icon-css/flags/4x3/ae.svg
corona-free-dark-bootstrap-admin-template/template/assets/vendors/flag-icon-css/flags/4x3/al.svg
corona-free-dark-bootstrap-admin-template/template/assets/vendors/flag-icon-css/flags/4x3/ag.svg
corona-free-dark-bootstrap-admin-template/template/assets/vendors/flag-icon-css/flags/4x3/ai.svg
corona-free-dark-bootstrap-admin-template/template/assets/vendors/flag-icon-css/flags/1x1/zw.svg
corona-free-dark-bootstrap-admin-template/template/assets/vendors/flag-icon-css/flags/1x1/vu.svg
corona-free-dark-bootstrap-admin-template/template/assets/vendors/flag-icon-css/flags/1x1/ws.svg
corona-free-dark-bootstrap-admin-template/template/assets/vendors/flag-icon-css/flags/1x1/za.svg
corona-free-dark-bootstrap-admin-template/template/assets/vendors/flag-icon-css/flags/1x1/vg.svg
corona-free-dark-bootstrap-admin-template/template/assets/vendors/flag-icon-css/flags/1x1/xk.svg
corona-free-dark-bootstrap-admin-template/template/assets/vendors/flag-icon-css/flags/1x1/ve.svg
corona-free-dark-bootstrap-admin-template/template/assets/vendors/flag-icon-css/flags/1x1/ye.svg
corona-free-dark-bootstrap-admin-template/template/assets/vendors/flag-icon-css/flags/1x1/vc.svg
corona-free-dark-bootstrap-admin-template/template/assets/vendors/flag-icon-css/flags/1x1/zm.svg
corona-free-dark-bootstrap-admin-template/template/assets/vendors/flag-icon-css/flags/1x1/vi.svg
corona-free-dark-bootstrap-admin-template/template/assets/vendors/flag-icon-css/flags/1x1/wf.svg
corona-free-dark-bootstrap-admin-template/template/assets/vendors/flag-icon-css/flags/1x1/yt.svg
corona-free-dark-bootstrap-admin-template/template/assets/vendors/flag-icon-css/flags/1x1/vn.svg
corona-free-dark-bootstrap-admin-template/template/assets/vendors/flag-icon-css/flags/1x1/ua.svg
corona-free-dark-bootstrap-admin-template/template/assets/vendors/flag-icon-css/flags/1x1/uz.svg
corona-free-dark-bootstrap-admin-template/template/assets/vendors/flag-icon-css/flags/1x1/uy.svg
corona-free-dark-bootstrap-admin-template/template/assets/vendors/flag-icon-css/flags/1x1/us.svg
corona-free-dark-bootstrap-admin-template/template/assets/vendors/flag-icon-css/flags/1x1/va.svg
corona-free-dark-bootstrap-admin-template/template/assets/vendors/flag-icon-css/flags/1x1/um.svg
corona-free-dark-bootstrap-admin-template/template/assets/vendors/flag-icon-css/flags/1x1/ug.svg
corona-free-dark-bootstrap-admin-template/template/assets/vendors/flag-icon-css/flags/1x1/un.svg
corona-free-dark-bootstrap-admin-template/template/assets/vendors/flag-icon-css/flags/1x1/tn.svg
corona-free-dark-bootstrap-admin-template/template/assets/vendors/flag-icon-css/flags/1x1/tk.svg
corona-free-dark-bootstrap-admin-template/template/assets/vendors/flag-icon-css/flags/1x1/tj.svg
corona-free-dark-bootstrap-admin-template/template/assets/vendors/flag-icon-css/flags/1x1/tw.svg
corona-free-dark-bootstrap-admin-template/template/assets/vendors/flag-icon-css/flags/1x1/tz.svg
corona-free-dark-bootstrap-admin-template/template/assets/vendors/flag-icon-css/flags/1x1/tr.svg
corona-free-dark-bootstrap-admin-template/template/assets/vendors/flag-icon-css/flags/1x1/tv.svg
corona-free-dark-bootstrap-admin-template/template/assets/vendors/flag-icon-css/flags/1x1/tl.svg
corona-free-dark-bootstrap-admin-template/template/assets/vendors/flag-icon-css/flags/1x1/tm.svg
corona-free-dark-bootstrap-admin-template/template/assets/vendors/flag-icon-css/flags/1x1/to.svg
corona-free-dark-bootstrap-admin-template/template/assets/vendors/flag-icon-css/flags/1x1/tg.svg
corona-free-dark-bootstrap-admin-template/template/assets/vendors/flag-icon-css/flags/1x1/tt.svg
corona-free-dark-bootstrap-admin-template/template/assets/vendors/flag-icon-css/flags/1x1/th.svg
corona-free-dark-bootstrap-admin-template/template/assets/vendors/flag-icon-css/flags/1x1/sz.svg
corona-free-dark-bootstrap-admin-template/template/assets/vendors/flag-icon-css/flags/1x1/sx.svg
corona-free-dark-bootstrap-admin-template/template/assets/vendors/flag-icon-css/flags/1x1/tc.svg
corona-free-dark-bootstrap-admin-template/template/assets/vendors/flag-icon-css/flags/1x1/tf.svg
corona-free-dark-bootstrap-admin-template/template/assets/vendors/flag-icon-css/flags/1x1/td.svg
corona-free-dark-bootstrap-admin-template/template/assets/vendors/flag-icon-css/flags/1x1/sy.svg
corona-free-dark-bootstrap-admin-template/template/assets/vendors/flag-icon-css/flags/1x1/sv.svg
corona-free-dark-bootstrap-admin-template/template/assets/vendors/flag-icon-css/flags/1x1/sn.svg
corona-free-dark-bootstrap-admin-template/template/assets/vendors/flag-icon-css/flags/1x1/sk.svg
corona-free-dark-bootstrap-admin-template/template/assets/vendors/flag-icon-css/flags/1x1/st.svg
corona-free-dark-bootstrap-admin-template/template/assets/vendors/flag-icon-css/flags/1x1/so.svg
corona-free-dark-bootstrap-admin-template/template/assets/vendors/flag-icon-css/flags/1x1/sm.svg
corona-free-dark-bootstrap-admin-template/template/assets/vendors/flag-icon-css/flags/1x1/sl.svg
corona-free-dark-bootstrap-admin-template/template/assets/vendors/flag-icon-css/flags/1x1/ss.svg
corona-free-dark-bootstrap-admin-template/template/assets/vendors/flag-icon-css/flags/1x1/si.svg
corona-free-dark-bootstrap-admin-template/template/assets/vendors/flag-icon-css/flags/1x1/sh.svg
corona-free-dark-bootstrap-admin-template/template/assets/vendors/flag-icon-css/flags/1x1/sr.svg
corona-free-dark-bootstrap-admin-template/template/assets/vendors/flag-icon-css/flags/1x1/sj.svg
corona-free-dark-bootstrap-admin-template/template/assets/vendors/flag-icon-css/flags/1x1/sg.svg
corona-free-dark-bootstrap-admin-template/template/assets/vendors/flag-icon-css/flags/1x1/sc.svg
corona-free-dark-bootstrap-admin-template/template/assets/vendors/flag-icon-css/flags/1x1/rs.svg
corona-free-dark-bootstrap-admin-template/template/assets/vendors/flag-icon-css/flags/1x1/sd.svg
corona-free-dark-bootstrap-admin-template/template/assets/vendors/flag-icon-css/flags/1x1/rw.svg
corona-free-dark-bootstrap-admin-template/template/assets/vendors/flag-icon-css/flags/1x1/ru.svg
corona-free-dark-bootstrap-admin-template/template/assets/vendors/flag-icon-css/flags/1x1/se.svg
corona-free-dark-bootstrap-admin-template/template/assets/vendors/flag-icon-css/flags/1x1/sa.svg
corona-free-dark-bootstrap-admin-template/template/assets/vendors/flag-icon-css/flags/1x1/sb.svg
corona-free-dark-bootstrap-admin-template/template/assets/vendors/flag-icon-css/flags/1x1/ro.svg
corona-free-dark-bootstrap-admin-template/template/assets/vendors/flag-icon-css/flags/1x1/pe.svg
corona-free-dark-bootstrap-admin-template/template/assets/vendors/flag-icon-css/flags/1x1/py.svg
corona-free-dark-bootstrap-admin-template/template/assets/vendors/flag-icon-css/flags/1x1/pr.svg
corona-free-dark-bootstrap-admin-template/template/assets/vendors/flag-icon-css/flags/1x1/pm.svg
corona-free-dark-bootstrap-admin-template/template/assets/vendors/flag-icon-css/flags/1x1/pf.svg
corona-free-dark-bootstrap-admin-template/template/assets/vendors/flag-icon-css/flags/1x1/pg.svg
corona-free-dark-bootstrap-admin-template/template/assets/vendors/flag-icon-css/flags/1x1/pl.svg
corona-free-dark-bootstrap-admin-template/template/assets/vendors/flag-icon-css/flags/1x1/qa.svg
corona-free-dark-bootstrap-admin-template/template/assets/vendors/flag-icon-css/flags/1x1/pw.svg
corona-free-dark-bootstrap-admin-template/template/assets/vendors/flag-icon-css/flags/1x1/ps.svg
corona-free-dark-bootstrap-admin-template/template/assets/vendors/flag-icon-css/flags/1x1/ph.svg
corona-free-dark-bootstrap-admin-template/template/assets/vendors/flag-icon-css/flags/1x1/pt.svg
corona-free-dark-bootstrap-admin-template/template/assets/vendors/flag-icon-css/flags/1x1/re.svg
corona-free-dark-bootstrap-admin-template/template/assets/vendors/flag-icon-css/flags/1x1/pk.svg
corona-free-dark-bootstrap-admin-template/template/assets/vendors/flag-icon-css/flags/1x1/pn.svg
corona-free-dark-bootstrap-admin-template/template/assets/vendors/flag-icon-css/flags/1x1/nu.svg
corona-free-dark-bootstrap-admin-template/template/assets/vendors/flag-icon-css/flags/1x1/nr.svg
corona-free-dark-bootstrap-admin-template/template/assets/vendors/flag-icon-css/flags/1x1/om.svg
corona-free-dark-bootstrap-admin-template/template/assets/vendors/flag-icon-css/flags/1x1/pa.svg
corona-free-dark-bootstrap-admin-template/template/assets/vendors/flag-icon-css/flags/1x1/nz.svg
corona-free-dark-bootstrap-admin-template/template/assets/vendors/flag-icon-css/flags/1x1/np.svg
corona-free-dark-bootstrap-admin-template/template/assets/vendors/flag-icon-css/flags/1x1/nl.svg
corona-free-dark-bootstrap-admin-template/template/assets/vendors/flag-icon-css/flags/1x1/my.svg
corona-free-dark-bootstrap-admin-template/template/assets/vendors/flag-icon-css/flags/1x1/ni.svg
corona-free-dark-bootstrap-admin-template/template/assets/vendors/flag-icon-css/flags/1x1/na.svg
corona-free-dark-bootstrap-admin-template/template/assets/vendors/flag-icon-css/flags/1x1/nf.svg
corona-free-dark-bootstrap-admin-template/template/assets/vendors/flag-icon-css/flags/1x1/nc.svg
corona-free-dark-bootstrap-admin-template/template/assets/vendors/flag-icon-css/flags/1x1/mx.svg
corona-free-dark-bootstrap-admin-template/template/assets/vendors/flag-icon-css/flags/1x1/ne.svg
corona-free-dark-bootstrap-admin-template/template/assets/vendors/flag-icon-css/flags/1x1/ng.svg
corona-free-dark-bootstrap-admin-template/template/assets/vendors/flag-icon-css/flags/1x1/no.svg
corona-free-dark-bootstrap-admin-template/template/assets/vendors/flag-icon-css/flags/1x1/mz.svg
corona-free-dark-bootstrap-admin-template/template/assets/vendors/flag-icon-css/flags/1x1/mr.svg
corona-free-dark-bootstrap-admin-template/template/assets/vendors/flag-icon-css/flags/1x1/mu.svg
corona-free-dark-bootstrap-admin-template/template/assets/vendors/flag-icon-css/flags/1x1/mt.svg
corona-free-dark-bootstrap-admin-template/template/assets/vendors/flag-icon-css/flags/1x1/mv.svg
corona-free-dark-bootstrap-admin-template/template/assets/vendors/flag-icon-css/flags/1x1/mw.svg
corona-free-dark-bootstrap-admin-template/template/assets/vendors/flag-icon-css/flags/1x1/ms.svg
corona-free-dark-bootstrap-admin-template/template/assets/vendors/flag-icon-css/flags/1x1/mq.svg
corona-free-dark-bootstrap-admin-template/template/assets/vendors/flag-icon-css/flags/1x1/mg.svg
corona-free-dark-bootstrap-admin-template/template/assets/vendors/flag-icon-css/flags/1x1/mo.svg
corona-free-dark-bootstrap-admin-template/template/assets/vendors/flag-icon-css/flags/1x1/ml.svg
corona-free-dark-bootstrap-admin-template/template/assets/vendors/flag-icon-css/flags/1x1/me.svg
corona-free-dark-bootstrap-admin-template/template/assets/vendors/flag-icon-css/flags/1x1/mp.svg
corona-free-dark-bootstrap-admin-template/template/assets/vendors/flag-icon-css/flags/1x1/mk.svg
corona-free-dark-bootstrap-admin-template/template/assets/vendors/flag-icon-css/flags/1x1/mm.svg
corona-free-dark-bootstrap-admin-template/template/assets/vendors/flag-icon-css/flags/1x1/mh.svg
corona-free-dark-bootstrap-admin-template/template/assets/vendors/flag-icon-css/flags/1x1/mf.svg
corona-free-dark-bootstrap-admin-template/template/assets/vendors/flag-icon-css/flags/1x1/mn.svg
corona-free-dark-bootstrap-admin-template/template/assets/vendors/flag-icon-css/flags/1x1/lr.svg
corona-free-dark-bootstrap-admin-template/template/assets/vendors/flag-icon-css/flags/1x1/ly.svg
corona-free-dark-bootstrap-admin-template/template/assets/vendors/flag-icon-css/flags/1x1/lk.svg
corona-free-dark-bootstrap-admin-template/template/assets/vendors/flag-icon-css/flags/1x1/lb.svg
corona-free-dark-bootstrap-admin-template/template/assets/vendors/flag-icon-css/flags/1x1/md.svg
corona-free-dark-bootstrap-admin-template/template/assets/vendors/flag-icon-css/flags/1x1/li.svg
corona-free-dark-bootstrap-admin-template/template/assets/vendors/flag-icon-css/flags/1x1/lt.svg
corona-free-dark-bootstrap-admin-template/template/assets/vendors/flag-icon-css/flags/1x1/mc.svg
corona-free-dark-bootstrap-admin-template/template/assets/vendors/flag-icon-css/flags/1x1/ls.svg
corona-free-dark-bootstrap-admin-template/template/assets/vendors/flag-icon-css/flags/1x1/lv.svg
corona-free-dark-bootstrap-admin-template/template/assets/vendors/flag-icon-css/flags/1x1/lu.svg
corona-free-dark-bootstrap-admin-template/template/assets/vendors/flag-icon-css/flags/1x1/ma.svg
corona-free-dark-bootstrap-admin-template/template/assets/vendors/flag-icon-css/flags/1x1/lc.svg
corona-free-dark-bootstrap-admin-template/template/assets/vendors/flag-icon-css/flags/1x1/la.svg
corona-free-dark-bootstrap-admin-template/template/assets/vendors/flag-icon-css/flags/1x1/kr.svg
corona-free-dark-bootstrap-admin-template/template/assets/vendors/flag-icon-css/flags/1x1/kp.svg
corona-free-dark-bootstrap-admin-template/template/assets/vendors/flag-icon-css/flags/1x1/ki.svg
corona-free-dark-bootstrap-admin-template/template/assets/vendors/flag-icon-css/flags/1x1/kw.svg
corona-free-dark-bootstrap-admin-template/template/assets/vendors/flag-icon-css/flags/1x1/kg.svg
corona-free-dark-bootstrap-admin-template/template/assets/vendors/flag-icon-css/flags/1x1/kn.svg
corona-free-dark-bootstrap-admin-template/template/assets/vendors/flag-icon-css/flags/1x1/km.svg
corona-free-dark-bootstrap-admin-template/template/assets/vendors/flag-icon-css/flags/1x1/kh.svg
corona-free-dark-bootstrap-admin-template/template/assets/vendors/flag-icon-css/flags/1x1/ky.svg
corona-free-dark-bootstrap-admin-template/template/assets/vendors/flag-icon-css/flags/1x1/kz.svg
corona-free-dark-bootstrap-admin-template/template/assets/vendors/flag-icon-css/flags/1x1/ke.svg
corona-free-dark-bootstrap-admin-template/template/assets/vendors/flag-icon-css/flags/1x1/jp.svg
corona-free-dark-bootstrap-admin-template/template/assets/vendors/flag-icon-css/flags/1x1/ie.svg
corona-free-dark-bootstrap-admin-template/template/assets/vendors/flag-icon-css/flags/1x1/ir.svg
corona-free-dark-bootstrap-admin-template/template/assets/vendors/flag-icon-css/flags/1x1/in.svg
corona-free-dark-bootstrap-admin-template/template/assets/vendors/flag-icon-css/flags/1x1/id.svg
corona-free-dark-bootstrap-admin-template/template/assets/vendors/flag-icon-css/flags/1x1/it.svg
corona-free-dark-bootstrap-admin-template/template/assets/vendors/flag-icon-css/flags/1x1/il.svg
corona-free-dark-bootstrap-admin-template/template/assets/vendors/flag-icon-css/flags/1x1/jo.svg
corona-free-dark-bootstrap-admin-template/template/assets/vendors/flag-icon-css/flags/1x1/is.svg
corona-free-dark-bootstrap-admin-template/template/assets/vendors/flag-icon-css/flags/1x1/jm.svg
corona-free-dark-bootstrap-admin-template/template/assets/vendors/flag-icon-css/flags/1x1/im.svg
corona-free-dark-bootstrap-admin-template/template/assets/vendors/flag-icon-css/flags/1x1/hu.svg
corona-free-dark-bootstrap-admin-template/template/assets/vendors/flag-icon-css/flags/1x1/iq.svg
corona-free-dark-bootstrap-admin-template/template/assets/vendors/flag-icon-css/flags/1x1/io.svg
corona-free-dark-bootstrap-admin-template/template/assets/vendors/flag-icon-css/flags/1x1/je.svg
corona-free-dark-bootstrap-admin-template/template/assets/vendors/flag-icon-css/flags/1x1/gu.svg
corona-free-dark-bootstrap-admin-template/template/assets/vendors/flag-icon-css/flags/1x1/gt.svg
corona-free-dark-bootstrap-admin-template/template/assets/vendors/flag-icon-css/flags/1x1/gw.svg
corona-free-dark-bootstrap-admin-template/template/assets/vendors/flag-icon-css/flags/1x1/hk.svg
corona-free-dark-bootstrap-admin-template/template/assets/vendors/flag-icon-css/flags/1x1/hn.svg
corona-free-dark-bootstrap-admin-template/template/assets/vendors/flag-icon-css/flags/1x1/gy.svg
corona-free-dark-bootstrap-admin-template/template/assets/vendors/flag-icon-css/flags/1x1/hm.svg
corona-free-dark-bootstrap-admin-template/template/assets/vendors/flag-icon-css/flags/1x1/ht.svg
corona-free-dark-bootstrap-admin-template/template/assets/vendors/flag-icon-css/flags/1x1/hr.svg
corona-free-dark-bootstrap-admin-template/template/assets/vendors/flag-icon-css/flags/1x1/gi.svg
corona-free-dark-bootstrap-admin-template/template/assets/vendors/flag-icon-css/flags/1x1/gp.svg
corona-free-dark-bootstrap-admin-template/template/assets/vendors/flag-icon-css/flags/1x1/gr.svg
corona-free-dark-bootstrap-admin-template/template/assets/vendors/flag-icon-css/flags/1x1/gl.svg
corona-free-dark-bootstrap-admin-template/template/assets/vendors/flag-icon-css/flags/1x1/gf.svg
corona-free-dark-bootstrap-admin-template/template/assets/vendors/flag-icon-css/flags/1x1/gh.svg
corona-free-dark-bootstrap-admin-template/template/assets/vendors/flag-icon-css/flags/1x1/gm.svg
corona-free-dark-bootstrap-admin-template/template/assets/vendors/flag-icon-css/flags/1x1/gg.svg
corona-free-dark-bootstrap-admin-template/template/assets/vendors/flag-icon-css/flags/1x1/gn.svg
corona-free-dark-bootstrap-admin-template/template/assets/vendors/flag-icon-css/flags/1x1/gs.svg
corona-free-dark-bootstrap-admin-template/template/assets/vendors/flag-icon-css/flags/1x1/gq.svg
corona-free-dark-bootstrap-admin-template/template/assets/vendors/flag-icon-css/flags/1x1/ge.svg
corona-free-dark-bootstrap-admin-template/template/assets/vendors/flag-icon-css/flags/1x1/fm.svg
corona-free-dark-bootstrap-admin-template/template/assets/vendors/flag-icon-css/flags/1x1/fo.svg
corona-free-dark-bootstrap-admin-template/template/assets/vendors/flag-icon-css/flags/1x1/ga.svg
corona-free-dark-bootstrap-admin-template/template/assets/vendors/flag-icon-css/flags/1x1/gb.svg
corona-free-dark-bootstrap-admin-template/template/assets/vendors/flag-icon-css/flags/1x1/gd.svg
corona-free-dark-bootstrap-admin-template/template/assets/vendors/flag-icon-css/flags/1x1/fr.svg
corona-free-dark-bootstrap-admin-template/template/assets/vendors/flag-icon-css/flags/1x1/fk.svg
corona-free-dark-bootstrap-admin-template/template/assets/vendors/flag-icon-css/flags/1x1/fj.svg
corona-free-dark-bootstrap-admin-template/template/assets/vendors/flag-icon-css/flags/1x1/eu.svg
corona-free-dark-bootstrap-admin-template/template/assets/vendors/flag-icon-css/flags/1x1/et.svg
corona-free-dark-bootstrap-admin-template/template/assets/vendors/flag-icon-css/flags/1x1/fi.svg
corona-free-dark-bootstrap-admin-template/template/assets/vendors/flag-icon-css/flags/1x1/es.svg
corona-free-dark-bootstrap-admin-template/template/assets/vendors/flag-icon-css/flags/1x1/do.svg
corona-free-dark-bootstrap-admin-template/template/assets/vendors/flag-icon-css/flags/1x1/ee.svg
corona-free-dark-bootstrap-admin-template/template/assets/vendors/flag-icon-css/flags/1x1/eg.svg
corona-free-dark-bootstrap-admin-template/template/assets/vendors/flag-icon-css/flags/1x1/eh.svg
corona-free-dark-bootstrap-admin-template/template/assets/vendors/flag-icon-css/flags/1x1/ec.svg
corona-free-dark-bootstrap-admin-template/template/assets/vendors/flag-icon-css/flags/1x1/dz.svg
corona-free-dark-bootstrap-admin-template/template/assets/vendors/flag-icon-css/flags/1x1/er.svg
corona-free-dark-bootstrap-admin-template/template/assets/vendors/flag-icon-css/flags/1x1/cz.svg
corona-free-dark-bootstrap-admin-template/template/assets/vendors/flag-icon-css/flags/1x1/dj.svg
corona-free-dark-bootstrap-admin-template/template/assets/vendors/flag-icon-css/flags/1x1/dm.svg
corona-free-dark-bootstrap-admin-template/template/assets/vendors/flag-icon-css/flags/1x1/dk.svg
corona-free-dark-bootstrap-admin-template/template/assets/vendors/flag-icon-css/flags/1x1/de.svg
corona-free-dark-bootstrap-admin-template/template/assets/vendors/flag-icon-css/flags/1x1/cn.svg
corona-free-dark-bootstrap-admin-template/template/assets/vendors/flag-icon-css/flags/1x1/cd.svg
corona-free-dark-bootstrap-admin-template/template/assets/vendors/flag-icon-css/flags/1x1/cx.svg
corona-free-dark-bootstrap-admin-template/template/assets/vendors/flag-icon-css/flags/1x1/bz.svg
corona-free-dark-bootstrap-admin-template/template/assets/vendors/flag-icon-css/flags/1x1/ca.svg
corona-free-dark-bootstrap-admin-template/template/assets/vendors/flag-icon-css/flags/1x1/cu.svg
corona-free-dark-bootstrap-admin-template/template/assets/vendors/flag-icon-css/flags/1x1/cr.svg
corona-free-dark-bootstrap-admin-template/template/assets/vendors/flag-icon-css/flags/1x1/cf.svg
corona-free-dark-bootstrap-admin-template/template/assets/vendors/flag-icon-css/flags/1x1/ci.svg
corona-free-dark-bootstrap-admin-template/template/assets/vendors/flag-icon-css/flags/1x1/cl.svg
corona-free-dark-bootstrap-admin-template/template/assets/vendors/flag-icon-css/flags/1x1/ch.svg
corona-free-dark-bootstrap-admin-template/template/assets/vendors/flag-icon-css/flags/1x1/cc.svg
corona-free-dark-bootstrap-admin-template/template/assets/vendors/flag-icon-css/flags/1x1/cy.svg
corona-free-dark-bootstrap-admin-template/template/assets/vendors/flag-icon-css/flags/1x1/cm.svg
corona-free-dark-bootstrap-admin-template/template/assets/vendors/flag-icon-css/flags/1x1/cg.svg
corona-free-dark-bootstrap-admin-template/template/assets/vendors/flag-icon-css/flags/1x1/cv.svg
corona-free-dark-bootstrap-admin-template/template/assets/vendors/flag-icon-css/flags/1x1/cw.svg
corona-free-dark-bootstrap-admin-template/template/assets/vendors/flag-icon-css/flags/1x1/co.svg
corona-free-dark-bootstrap-admin-template/template/assets/vendors/flag-icon-css/flags/1x1/ck.svg
corona-free-dark-bootstrap-admin-template/template/assets/vendors/flag-icon-css/flags/1x1/bv.svg
corona-free-dark-bootstrap-admin-template/template/assets/vendors/flag-icon-css/flags/1x1/bt.svg
corona-free-dark-bootstrap-admin-template/template/assets/vendors/flag-icon-css/flags/1x1/bs.svg
corona-free-dark-bootstrap-admin-template/template/assets/vendors/flag-icon-css/flags/1x1/by.svg
corona-free-dark-bootstrap-admin-template/template/assets/vendors/flag-icon-css/flags/1x1/bq.svg
corona-free-dark-bootstrap-admin-template/template/assets/vendors/flag-icon-css/flags/1x1/bo.svg
corona-free-dark-bootstrap-admin-template/template/assets/vendors/flag-icon-css/flags/1x1/br.svg
corona-free-dark-bootstrap-admin-template/template/assets/vendors/flag-icon-css/flags/1x1/bw.svg
corona-free-dark-bootstrap-admin-template/template/assets/vendors/flag-icon-css/flags/1x1/bl.svg
corona-free-dark-bootstrap-admin-template/template/assets/vendors/flag-icon-css/flags/1x1/bj.svg
corona-free-dark-bootstrap-admin-template/template/assets/vendors/flag-icon-css/flags/1x1/bm.svg
corona-free-dark-bootstrap-admin-template/template/assets/vendors/flag-icon-css/flags/1x1/bn.svg
corona-free-dark-bootstrap-admin-template/template/assets/vendors/flag-icon-css/flags/1x1/bg.svg
corona-free-dark-bootstrap-admin-template/template/assets/vendors/flag-icon-css/flags/1x1/as.svg
corona-free-dark-bootstrap-admin-template/template/assets/vendors/flag-icon-css/flags/1x1/at.svg
corona-free-dark-bootstrap-admin-template/template/assets/vendors/flag-icon-css/flags/1x1/aw.svg
corona-free-dark-bootstrap-admin-template/template/assets/vendors/flag-icon-css/flags/1x1/bf.svg
corona-free-dark-bootstrap-admin-template/template/assets/vendors/flag-icon-css/flags/1x1/ax.svg
corona-free-dark-bootstrap-admin-template/template/assets/vendors/flag-icon-css/flags/1x1/ao.svg
corona-free-dark-bootstrap-admin-template/template/assets/vendors/flag-icon-css/flags/1x1/am.svg
corona-free-dark-bootstrap-admin-template/template/assets/vendors/flag-icon-css/flags/1x1/bh.svg
corona-free-dark-bootstrap-admin-template/template/assets/vendors/flag-icon-css/flags/1x1/aq.svg
corona-free-dark-bootstrap-admin-template/template/assets/vendors/flag-icon-css/flags/1x1/bi.svg
corona-free-dark-bootstrap-admin-template/template/assets/vendors/flag-icon-css/flags/1x1/bb.svg
corona-free-dark-bootstrap-admin-template/template/assets/vendors/flag-icon-css/flags/1x1/au.svg
corona-free-dark-bootstrap-admin-template/template/assets/vendors/flag-icon-css/flags/1x1/bd.svg
corona-free-dark-bootstrap-admin-template/template/assets/vendors/flag-icon-css/flags/1x1/be.svg
corona-free-dark-bootstrap-admin-template/template/assets/vendors/flag-icon-css/flags/1x1/az.svg
corona-free-dark-bootstrap-admin-template/template/assets/vendors/flag-icon-css/flags/1x1/ba.svg
corona-free-dark-bootstrap-admin-template/template/assets/vendors/flag-icon-css/flags/1x1/ar.svg
corona-free-dark-bootstrap-admin-template/template/assets/vendors/flag-icon-css/flags/1x1/af.svg
corona-free-dark-bootstrap-admin-template/template/assets/vendors/flag-icon-css/flags/1x1/ad.svg
corona-free-dark-bootstrap-admin-template/template/assets/vendors/flag-icon-css/flags/1x1/ae.svg
corona-free-dark-bootstrap-admin-template/template/assets/vendors/flag-icon-css/flags/1x1/al.svg
corona-free-dark-bootstrap-admin-template/template/assets/vendors/flag-icon-css/flags/1x1/ag.svg
corona-free-dark-bootstrap-admin-template/template/assets/vendors/flag-icon-css/flags/1x1/ai.svg
corona-free-dark-bootstrap-admin-template/template/assets/scss/components/mixins/_animation.scss
corona-free-dark-bootstrap-admin-template/template/assets/images/screenshots/modern-vertical.jpg
corona-free-dark-bootstrap-admin-template/template/assets/images/file-icons/64/003-interface.png
corona-free-dark-bootstrap-admin-template/template/assets/images/file-icons/512/004-folder-1.png
corona-free-dark-bootstrap-admin-template/template/assets/images/file-icons/512/005-database.png
corona-free-dark-bootstrap-admin-template/template/assets/images/file-icons/256/004-folder-1.png
corona-free-dark-bootstrap-admin-template/template/assets/images/file-icons/256/005-database.png
corona-free-dark-bootstrap-admin-template/template/assets/images/file-icons/128/004-folder-1.png
corona-free-dark-bootstrap-admin-template/template/assets/images/file-icons/128/005-database.png
corona-free-dark-bootstrap-admin-template/template/assets/fonts/Assistant/Assistant-SemiBold.ttf
corona-free-dark-bootstrap-admin-template/template/assets/fonts/Assistant/Assistant-SemiBold.eot
corona-free-dark-bootstrap-admin-template/template/assets/fonts/Assistant/Assistant-Regular.woff
corona-free-dark-bootstrap-admin-template/template/assets/scss/components/mixins/_pagination.scss
corona-free-dark-bootstrap-admin-template/template/assets/scss/components/mixins/_background.scss
corona-free-dark-bootstrap-admin-template/template/assets/scss/components/mixins/_blockqoute.scss
corona-free-dark-bootstrap-admin-template/template/assets/scss/components/loaders/_variables.scss
corona-free-dark-bootstrap-admin-template/template/assets/images/screenshots/classic-vertical.jpg
corona-free-dark-bootstrap-admin-template/template/assets/images/file-icons/512/003-interface.png
corona-free-dark-bootstrap-admin-template/template/assets/images/file-icons/256/003-interface.png
corona-free-dark-bootstrap-admin-template/template/assets/images/file-icons/128/003-interface.png
corona-free-dark-bootstrap-admin-template/template/assets/fonts/Assistant/Assistant-SemiBold.woff
corona-free-dark-bootstrap-admin-template/template/assets/fonts/Assistant/Assistant-Regular.woff2
corona-free-dark-bootstrap-admin-template/template/assets/fonts/Assistant/Assistant-ExtraBold.ttf
corona-free-dark-bootstrap-admin-template/template/assets/fonts/Assistant/Assistant-ExtraBold.eot
corona-free-dark-bootstrap-admin-template/template/assets/vendors/jvectormap/jquery-jvectormap.css
corona-free-dark-bootstrap-admin-template/template/assets/scss/components/mixins/_breadcrumbs.scss
corona-free-dark-bootstrap-admin-template/template/assets/scss/components/loaders/_square-box.scss
corona-free-dark-bootstrap-admin-template/template/assets/scss/components/loaders/_bar-loader.scss
corona-free-dark-bootstrap-admin-template/template/assets/images/screenshots/modern-horizontal.jpg
corona-free-dark-bootstrap-admin-template/template/assets/images/file-icons/64/001-interface-1.png
corona-free-dark-bootstrap-admin-template/template/assets/fonts/Assistant/Assistant-SemiBold.woff2
corona-free-dark-bootstrap-admin-template/template/assets/fonts/Assistant/Assistant-ExtraLight.ttf
corona-free-dark-bootstrap-admin-template/template/assets/fonts/Assistant/Assistant-ExtraLight.eot
corona-free-dark-bootstrap-admin-template/template/assets/fonts/Assistant/Assistant-ExtraBold.woff
corona-free-dark-bootstrap-admin-template/template/assets/vendors/progressbar.js/progressbar.min.js
corona-free-dark-bootstrap-admin-template/template/assets/vendors/owl-carousel-2/owl.video.play.png
corona-free-dark-bootstrap-admin-template/template/assets/vendors/flag-icon-css/flags/4x3/es-ca.svg
corona-free-dark-bootstrap-admin-template/template/assets/vendors/flag-icon-css/flags/1x1/es-ca.svg
corona-free-dark-bootstrap-admin-template/template/assets/scss/components/plugin-overrides/_c3.scss
corona-free-dark-bootstrap-admin-template/template/assets/scss/components/mixins/_no-ui-slider.scss
corona-free-dark-bootstrap-admin-template/template/assets/images/screenshots/classic-horizontal.jpg
corona-free-dark-bootstrap-admin-template/template/assets/images/file-icons/512/001-interface-1.png
corona-free-dark-bootstrap-admin-template/template/assets/images/file-icons/256/001-interface-1.png
corona-free-dark-bootstrap-admin-template/template/assets/images/file-icons/128/001-interface-1.png
corona-free-dark-bootstrap-admin-template/template/assets/fonts/Assistant/Assistant-ExtraLight.woff
corona-free-dark-bootstrap-admin-template/template/assets/fonts/Assistant/Assistant-ExtraBold.woff2
corona-free-dark-bootstrap-admin-template/template/assets/vendors/owl-carousel-2/owl.carousel.min.js
corona-free-dark-bootstrap-admin-template/template/assets/vendors/flag-icon-css/flags/4x3/gb-wls.svg
corona-free-dark-bootstrap-admin-template/template/assets/vendors/flag-icon-css/flags/4x3/gb-nir.svg
corona-free-dark-bootstrap-admin-template/template/assets/vendors/flag-icon-css/flags/4x3/gb-eng.svg
corona-free-dark-bootstrap-admin-template/template/assets/vendors/flag-icon-css/flags/4x3/gb-sct.svg
corona-free-dark-bootstrap-admin-template/template/assets/vendors/flag-icon-css/flags/1x1/gb-wls.svg
corona-free-dark-bootstrap-admin-template/template/assets/vendors/flag-icon-css/flags/1x1/gb-nir.svg
corona-free-dark-bootstrap-admin-template/template/assets/vendors/flag-icon-css/flags/1x1/gb-eng.svg
corona-free-dark-bootstrap-admin-template/template/assets/vendors/flag-icon-css/flags/1x1/gb-sct.svg
corona-free-dark-bootstrap-admin-template/template/assets/scss/components/plugin-overrides/_ace.scss
corona-free-dark-bootstrap-admin-template/template/assets/scss/components/loaders/_pixel-loader.scss
corona-free-dark-bootstrap-admin-template/template/assets/scss/components/loaders/_glowing-ball.scss
corona-free-dark-bootstrap-admin-template/template/assets/scss/components/landing-screens/_auth.scss
corona-free-dark-bootstrap-admin-template/template/assets/fonts/Assistant/Assistant-ExtraLight.woff2
corona-free-dark-bootstrap-admin-template/template/assets/vendors/owl-carousel-2/owl.carousel.min.css
corona-free-dark-bootstrap-admin-template/template/assets/vendors/mdi/css/materialdesignicons.min.css
corona-free-dark-bootstrap-admin-template/template/assets/vendors/jvectormap/jquery-jvectormap.min.js
corona-free-dark-bootstrap-admin-template/template/assets/vendors/flag-icon-css/css/flag-icon.min.css
corona-free-dark-bootstrap-admin-template/template/assets/scss/components/plugin-overrides/_tags.scss
corona-free-dark-bootstrap-admin-template/template/assets/scss/components/loaders/_circle-loader.scss
corona-free-dark-bootstrap-admin-template/template/assets/scss/components/loaders/_colored-balls.scss
corona-free-dark-bootstrap-admin-template/template/assets/vendors/typeahead.js/typeahead.bundle.min.js
corona-free-dark-bootstrap-admin-template/template/assets/scss/components/plugin-overrides/_quill.scss
corona-free-dark-bootstrap-admin-template/template/assets/scss/components/plugin-overrides/_toast.scss
corona-free-dark-bootstrap-admin-template/template/assets/scss/components/plugin-overrides/_rating.scss
corona-free-dark-bootstrap-admin-template/template/assets/scss/components/plugin-overrides/_wizard.scss
corona-free-dark-bootstrap-admin-template/template/assets/scss/components/plugin-overrides/_icheck.scss
corona-free-dark-bootstrap-admin-template/template/assets/scss/components/plugin-overrides/_morris.scss
corona-free-dark-bootstrap-admin-template/template/assets/scss/components/plugin-overrides/_tinymce.scss
corona-free-dark-bootstrap-admin-template/template/assets/scss/components/plugin-overrides/_select2.scss
corona-free-dark-bootstrap-admin-template/template/assets/scss/components/plugin-overrides/_listify.scss
corona-free-dark-bootstrap-admin-template/template/assets/scss/components/plugin-overrides/_colcade.scss
corona-free-dark-bootstrap-admin-template/template/assets/scss/components/plugin-overrides/_js-grid.scss
corona-free-dark-bootstrap-admin-template/template/assets/scss/components/plugin-overrides/_dropify.scss
corona-free-dark-bootstrap-admin-template/template/assets/scss/components/plugin-overrides/_avgrund.scss
corona-free-dark-bootstrap-admin-template/template/assets/vendors/mdi/css/materialdesignicons.min.css.map
corona-free-dark-bootstrap-admin-template/template/assets/scss/components/plugin-overrides/_pws-tabs.scss
corona-free-dark-bootstrap-admin-template/template/assets/scss/components/plugin-overrides/_dropzone.scss
corona-free-dark-bootstrap-admin-template/template/assets/scss/components/plugin-overrides/_chartist.scss
corona-free-dark-bootstrap-admin-template/template/assets/vendors/owl-carousel-2/owl.theme.default.min.css
corona-free-dark-bootstrap-admin-template/template/assets/scss/components/plugin-overrides/_typeahead.scss
corona-free-dark-bootstrap-admin-template/template/assets/scss/components/plugin-overrides/_switchery.scss
corona-free-dark-bootstrap-admin-template/template/assets/scss/components/plugin-overrides/_justguage.scss
corona-free-dark-bootstrap-admin-template/template/assets/scss/components/loaders/_square-path-loader.scss
corona-free-dark-bootstrap-admin-template/template/assets/scss/components/loaders/_dot-opacity-loader.scss
corona-free-dark-bootstrap-admin-template/template/assets/scss/components/loaders/_flip-square-loader.scss
corona-free-dark-bootstrap-admin-template/template/assets/vendors/mdi/fonts/materialdesignicons-webfont.ttf
corona-free-dark-bootstrap-admin-template/template/assets/vendors/mdi/fonts/materialdesignicons-webfont.eot
corona-free-dark-bootstrap-admin-template/template/assets/scss/components/plugin-overrides/_x-editable.scss
corona-free-dark-bootstrap-admin-template/template/assets/scss/components/plugin-overrides/_summernote.scss
corona-free-dark-bootstrap-admin-template/template/assets/scss/components/plugin-overrides/_wysieditor.scss
corona-free-dark-bootstrap-admin-template/template/assets/scss/components/plugin-overrides/_datepicker.scss
corona-free-dark-bootstrap-admin-template/template/assets/scss/components/plugin-overrides/_jvectormap.scss
corona-free-dark-bootstrap-admin-template/template/assets/scss/components/plugin-overrides/_flot-chart.scss
corona-free-dark-bootstrap-admin-template/template/assets/scss/components/plugin-overrides/_codemirror.scss
corona-free-dark-bootstrap-admin-template/template/assets/scss/components/loaders/_jumping-dots-loader.scss
corona-free-dark-bootstrap-admin-template/template/assets/vendors/mdi/fonts/materialdesignicons-webfont.woff
corona-free-dark-bootstrap-admin-template/template/assets/scss/components/plugin-overrides/_sweet-alert.scss
corona-free-dark-bootstrap-admin-template/template/assets/scss/components/plugin-overrides/_colorpicker.scss
corona-free-dark-bootstrap-admin-template/template/assets/scss/components/plugin-overrides/_data-tables.scss
corona-free-dark-bootstrap-admin-template/template/assets/scss/components/loaders/_moving-square-loader.scss
corona-free-dark-bootstrap-admin-template/template/assets/vendors/mdi/fonts/materialdesignicons-webfont.woff2
corona-free-dark-bootstrap-admin-template/template/assets/scss/components/plugin-overrides/_context-menu.scss
corona-free-dark-bootstrap-admin-template/template/assets/scss/components/plugin-overrides/_owl-carousel.scss
corona-free-dark-bootstrap-admin-template/template/assets/scss/components/plugin-overrides/_no-ui-slider.scss
corona-free-dark-bootstrap-admin-template/template/assets/scss/components/plugin-overrides/_light-gallery.scss
corona-free-dark-bootstrap-admin-template/template/assets/scss/components/plugin-overrides/_full-calendar.scss
corona-free-dark-bootstrap-admin-template/template/assets/scss/components/plugin-overrides/_google-charts.scss
corona-free-dark-bootstrap-admin-template/template/assets/vendors/jvectormap/jquery-jvectormap-world-mill-en.js
corona-free-dark-bootstrap-admin-template/template/assets/scss/components/plugin-overrides/_progressbar-js.scss
corona-free-dark-bootstrap-admin-template/template/assets/vendors/select2-bootstrap-theme/select2-bootstrap.min.css
corona-free-dark-bootstrap-admin-template/template/assets/scss/components/plugin-overrides/_jquery-file-upload.scss
