assets/images/favicon.png
assets/images/logo.svg
assets/images/logo-mini.svg
assets/images/faces/face15.jpg
assets/images/faces/face4.jpg
assets/images/faces/face2.jpg
assets/images/faces/face3.jpg
assets/images/dashboard/Group126@2x.png
assets/images/faces/face1.jpg
assets/images/faces/face5.jpg
assets/images/faces/face6.jpg
assets/images/faces/face8.jpg
assets/images/faces/face9.jpg
assets/images/faces/face11.jpg
assets/images/dashboard/Rectangle.jpg
assets/images/dashboard/Img_5.jpg
assets/images/dashboard/img_6.jpg
assets/images/faces/face12.jpg
assets/images/faces-clipart/pic-1.png
assets/images/faces-clipart/pic-2.png
assets/images/faces-clipart/pic-3.png
assets/images/faces-clipart/pic-4.png
