assets/vendors/chart.js/Chart.min.js.un
assets/vendors/select2/select2.min.js.un
assets/vendors/select2/select2.min.css.un
assets/vendors/pwstabs/jquery.pwstabs.min.js.un
assets/vendors/pwstabs/jquery.pwstabs.min.css.un
assets/vendors/progressbar.js/progressbar.min.js.un
assets/vendors/owl-carousel-2/owl.carousel.min.js.un
assets/vendors/owl-carousel-2/owl.carousel.min.css.un
assets/vendors/mdi/css/materialdesignicons.min.css.un
assets/vendors/jvectormap/jquery-jvectormap.min.js.un
assets/vendors/flag-icon-css/css/flag-icon.min.css.un
assets/vendors/typeahead.js/typeahead.bundle.min.js.un
assets/vendors/owl-carousel-2/owl.theme.default.min.css.un
assets/vendors/select2-bootstrap-theme/select2-bootstrap.min.css.un
corona-free-dark-bootstrap-admin-template/template/assets/vendors/chart.js/Chart.min.js.un
corona-free-dark-bootstrap-admin-template/template/assets/vendors/select2/select2.min.js.un
corona-free-dark-bootstrap-admin-template/template/assets/vendors/select2/select2.min.css.un
corona-free-dark-bootstrap-admin-template/template/assets/vendors/pwstabs/jquery.pwstabs.min.js.un
corona-free-dark-bootstrap-admin-template/template/assets/vendors/pwstabs/jquery.pwstabs.min.css.un
corona-free-dark-bootstrap-admin-template/template/assets/vendors/progressbar.js/progressbar.min.js.un
corona-free-dark-bootstrap-admin-template/template/assets/vendors/owl-carousel-2/owl.carousel.min.js.un
corona-free-dark-bootstrap-admin-template/template/assets/vendors/owl-carousel-2/owl.carousel.min.css.un
corona-free-dark-bootstrap-admin-template/template/assets/vendors/mdi/css/materialdesignicons.min.css.un
corona-free-dark-bootstrap-admin-template/template/assets/vendors/jvectormap/jquery-jvectormap.min.js.un
corona-free-dark-bootstrap-admin-template/template/assets/vendors/flag-icon-css/css/flag-icon.min.css.un
corona-free-dark-bootstrap-admin-template/template/assets/vendors/typeahead.js/typeahead.bundle.min.js.un
corona-free-dark-bootstrap-admin-template/template/assets/vendors/owl-carousel-2/owl.theme.default.min.css.un
corona-free-dark-bootstrap-admin-template/template/assets/vendors/select2-bootstrap-theme/select2-bootstrap.min.css.un
