{'403.html': ['srtdash-admin-dashboard/srtdash/403.html'],
 '404.html': ['srtdash-admin-dashboard/srtdash/404.html'],
 '500.html': ['srtdash-admin-dashboard/srtdash/500.html'],
 'accordion.html': ['srtdash-admin-dashboard/srtdash/accordion.html'],
 'alert.html': ['srtdash-admin-dashboard/srtdash/alert.html'],
 'badge.html': ['srtdash-admin-dashboard/srtdash/badge.html'],
 'barchart.html': ['srtdash-admin-dashboard/srtdash/barchart.html'],
 'button-group.html': ['srtdash-admin-dashboard/srtdash/button-group.html'],
 'button.html': ['srtdash-admin-dashboard/srtdash/button.html'],
 'cards.html': ['srtdash-admin-dashboard/srtdash/cards.html'],
 'datatable.html': ['srtdash-admin-dashboard/srtdash/datatable.html'],
 'dropdown.html': ['srtdash-admin-dashboard/srtdash/dropdown.html'],
 'fontawesome.html': ['srtdash-admin-dashboard/srtdash/fontawesome.html'],
 'form.html': ['srtdash-admin-dashboard/srtdash/form.html'],
 'grid.html': ['srtdash-admin-dashboard/srtdash/grid.html'],
 'index.html': ['srtdash-admin-dashboard/srtdash/index.html',
                'srtdash-admin-dashboard/documentation/index.html'],
 'index2.html': ['srtdash-admin-dashboard/srtdash/index2.html'],
 'index3-horizontalmenu.html': ['srtdash-admin-dashboard/srtdash/index3-horizontalmenu.html'],
 'index3.html': ['srtdash-admin-dashboard/srtdash/index3.html'],
 'invoice.html': ['srtdash-admin-dashboard/srtdash/invoice.html'],
 'linechart.html': ['srtdash-admin-dashboard/srtdash/linechart.html'],
 'list-group.html': ['srtdash-admin-dashboard/srtdash/list-group.html'],
 'login.html': ['srtdash-admin-dashboard/srtdash/login.html'],
 'login2.html': ['srtdash-admin-dashboard/srtdash/login2.html'],
 'login3.html': ['srtdash-admin-dashboard/srtdash/login3.html'],
 'maps.html': ['srtdash-admin-dashboard/srtdash/maps.html'],
 'media-object.html': ['srtdash-admin-dashboard/srtdash/media-object.html'],
 'modal.html': ['srtdash-admin-dashboard/srtdash/modal.html'],
 'pagination.html': ['srtdash-admin-dashboard/srtdash/pagination.html'],
 'piechart.html': ['srtdash-admin-dashboard/srtdash/piechart.html'],
 'popovers.html': ['srtdash-admin-dashboard/srtdash/popovers.html'],
 'pricing.html': ['srtdash-admin-dashboard/srtdash/pricing.html'],
 'progressbar.html': ['srtdash-admin-dashboard/srtdash/progressbar.html'],
 'register.html': ['srtdash-admin-dashboard/srtdash/register.html'],
 'register2.html': ['srtdash-admin-dashboard/srtdash/register2.html'],
 'register3.html': ['srtdash-admin-dashboard/srtdash/register3.html'],
 'register4.html': ['srtdash-admin-dashboard/srtdash/register4.html'],
 'reset-pass.html': ['srtdash-admin-dashboard/srtdash/reset-pass.html'],
 'screenlock.html': ['srtdash-admin-dashboard/srtdash/screenlock.html'],
 'screenlock2.html': ['srtdash-admin-dashboard/srtdash/screenlock2.html'],
 'tab.html': ['srtdash-admin-dashboard/srtdash/tab.html'],
 'table-basic.html': ['srtdash-admin-dashboard/srtdash/table-basic.html'],
 'table-layout.html': ['srtdash-admin-dashboard/srtdash/table-layout.html'],
 'themify.html': ['srtdash-admin-dashboard/srtdash/themify.html'],
 'typography.html': ['srtdash-admin-dashboard/srtdash/typography.html']}
