tab.html
404.html
500.html
403.html
form.html
maps.html
grid.html
modal.html
cards.html
alert.html
index.html
login.html
badge.html
button.html
login3.html
login2.html
index3.html
index2.html
themify.html
pricing.html
invoice.html
popovers.html
dropdown.html
register.html
piechart.html
barchart.html
accordion.html
register3.html
register4.html
register2.html
linechart.html
datatable.html
list-group.html
typography.html
screenlock.html
reset-pass.html
pagination.html
table-basic.html
fontawesome.html
progressbar.html
screenlock2.html
table-layout.html
media-object.html
button-group.html
index3-horizontalmenu.html
favicon.ico
assets/js/maps.js
assets/js/plugins.js
assets/js/scripts.js
assets/css/styles.css
assets/js/pie-chart.js
assets/js/bar-chart.js
assets/js/popper.min.js
assets/js/line-chart.js
assets/css/metisMenu.css
assets/fonts/themify.ttf
assets/fonts/themify.svg
assets/fonts/themify.eot
assets/css/responsive.css
assets/css/typography.css
assets/fonts/themify.woff
assets/js/popper.min.js.un
assets/js/metisMenu.min.js
assets/js/bootstrap.min.js
assets/css/default-css.css
assets/css/slicknav.min.css
assets/images/icon/logo.png
assets/css/themify-icons.css
assets/css/bootstrap.min.css
assets/images/icon/logo2.png
assets/js/bootstrap.min.js.un
assets/js/metisMenu.min.js.un
assets/js/owl.carousel.min.js
assets/css/slicknav.min.css.un
assets/images/media/media1.jpg
assets/images/media/media2.jpg
assets/images/bg/singin-bg.jpg
assets/css/bootstrap.min.css.un
assets/css/font-awesome.min.css
assets/css/owl.carousel.min.css
assets/images/author/avatar.png
assets/js/owl.carousel.min.js.un
assets/js/jquery.slicknav.min.js
assets/images/card/card-img2.jpg
assets/images/card/card-img7.jpg
assets/images/card/card-img4.jpg
assets/images/card/card-img5.jpg
assets/images/card/card-img9.jpg
assets/images/card/card-img8.jpg
assets/images/card/card-img1.jpg
assets/images/card/card-img6.jpg
assets/images/card/card-img3.jpg
assets/js/jquery.slimscroll.min.js
assets/css/owl.carousel.min.css.un
assets/css/font-awesome.min.css.un
assets/images/blog/post-thumb1.jpg
assets/images/blog/post-thumb2.jpg
assets/js/jquery.slicknav.min.js.un
assets/images/team/team-author5.jpg
assets/images/team/team-author1.jpg
assets/images/team/team-author2.jpg
assets/images/team/team-author3.jpg
assets/images/team/team-author4.jpg
assets/js/vendor/jquery-2.2.4.min.js
assets/images/author/author-img2.jpg
assets/images/author/author-img1.jpg
assets/images/author/author-img3.jpg
assets/images/author/author-img4.jpg
assets/fonts/fontawesome-webfont.ttf
assets/fonts/fontawesome-webfont.svg
assets/fonts/fontawesome-webfont.eot
assets/js/jquery.slimscroll.min.js.un
assets/fonts/fontawesome-webfont.woff
assets/fonts/fontawesome-webfont.woff2
assets/js/vendor/jquery-2.2.4.min.js.un
assets/js/vendor/modernizr-2.8.3.min.js
assets/images/icon/market-value/icon3.png
assets/images/icon/market-value/icon2.png
assets/images/icon/market-value/icon4.png
assets/images/icon/market-value/icon1.png
assets/js/vendor/modernizr-2.8.3.min.js.un
assets/images/icon/market-value/triangle-up.png
assets/images/icon/market-value/triangle-down.png
assets/images/icon/market-value/trends-up-icon.png
srtdash-admin-dashboard/documentation/css/32px.png
assets/images/icon/market-value/trends-down-icon.png
srtdash-admin-dashboard/documentation/css/throbber.gif
srtdash-admin-dashboard/documentation/js/jstree.min.js.un
srtdash-admin-dashboard/srtdash/assets/js/popper.min.js.un
srtdash-admin-dashboard/documentation/js/bootstrap.min.js.un
srtdash-admin-dashboard/srtdash/assets/js/bootstrap.min.js.un
srtdash-admin-dashboard/srtdash/assets/js/metisMenu.min.js.un
srtdash-admin-dashboard/srtdash/assets/css/slicknav.min.css.un
srtdash-admin-dashboard/documentation/css/bootstrap.min.css.un
srtdash-admin-dashboard/srtdash/assets/css/bootstrap.min.css.un
srtdash-admin-dashboard/documentation/js/jquery-3.1.0.min.js.un
srtdash-admin-dashboard/srtdash/assets/js/owl.carousel.min.js.un
srtdash-admin-dashboard/srtdash/assets/css/owl.carousel.min.css.un
srtdash-admin-dashboard/srtdash/assets/css/font-awesome.min.css.un
srtdash-admin-dashboard/srtdash/assets/js/jquery.slicknav.min.js.un
srtdash-admin-dashboard/srtdash/assets/js/jquery.slimscroll.min.js.un
srtdash-admin-dashboard/srtdash/assets/js/vendor/jquery-2.2.4.min.js.un
srtdash-admin-dashboard/srtdash/assets/js/vendor/modernizr-2.8.3.min.js.un
