https://www.amcharts.com/lib/3/plugins/export/export.css
https://cdn.jsdelivr.net/npm/sweetalert2@7.12.15/dist/sweetalert2.all.min.js
http://browsehappy.com/
https://colorlib.com/wp/
https://cdnjs.cloudflare.com/ajax/libs/Chart.js/2.7.2/Chart.min.js
https://code.highcharts.com/highcharts.js
https://cdn.zingchart.com/zingchart.min.js
https://code.highcharts.com/modules/exporting.js
https://code.highcharts.com/modules/export-data.js
https://www.amcharts.com/lib/3/amcharts.js
https://www.amcharts.com/lib/3/ammap.js
https://www.amcharts.com/lib/3/maps/js/worldLow.js
https://www.amcharts.com/lib/3/serial.js
https://www.amcharts.com/lib/3/plugins/export/export.min.js
https://www.amcharts.com/lib/3/themes/light.js
https://www.amcharts.com/lib/3/pie.js
https://www.amcharts.com/lib/3/plugins/animate/animate.min.js
https://getbootstrap.com
https://cdn.datatables.net/1.10.19/css/jquery.dataTables.css
https://cdn.datatables.net/1.10.18/css/dataTables.bootstrap4.min.css
https://cdn.datatables.net/responsive/2.2.3/css/responsive.bootstrap.min.css
https://cdn.datatables.net/responsive/2.2.3/css/responsive.jqueryui.min.css
https://cdn.datatables.net/1.10.19/js/jquery.dataTables.js
https://cdn.datatables.net/1.10.18/js/jquery.dataTables.min.js
https://cdn.datatables.net/1.10.18/js/dataTables.bootstrap4.min.js
https://cdn.datatables.net/responsive/2.2.3/js/dataTables.responsive.min.js
https://cdn.datatables.net/responsive/2.2.3/js/responsive.bootstrap.min.js
https://maps.googleapis.com/maps/api/js?key=AIzaSyCbeBYsZSDkbIyfUkoIw1Rt38eRQOQQU0o
https://www.amcharts.com/lib/3/ammap_amcharts_extension.js
https://www.amcharts.com/lib/3/maps/js/continentsLow.js
