assets/js/popper.min.js.un
assets/js/metisMenu.min.js.un
assets/js/bootstrap.min.js.un
assets/css/slicknav.min.css.un
assets/css/bootstrap.min.css.un
assets/js/owl.carousel.min.js.un
assets/css/font-awesome.min.css.un
assets/css/owl.carousel.min.css.un
assets/js/jquery.slicknav.min.js.un
assets/js/jquery.slimscroll.min.js.un
assets/js/vendor/jquery-2.2.4.min.js.un
assets/js/vendor/modernizr-2.8.3.min.js.un
srtdash-admin-dashboard/documentation/js/jstree.min.js.un
srtdash-admin-dashboard/srtdash/assets/js/popper.min.js.un
srtdash-admin-dashboard/documentation/js/bootstrap.min.js.un
srtdash-admin-dashboard/srtdash/assets/js/metisMenu.min.js.un
srtdash-admin-dashboard/srtdash/assets/js/bootstrap.min.js.un
srtdash-admin-dashboard/srtdash/assets/css/slicknav.min.css.un
srtdash-admin-dashboard/documentation/css/bootstrap.min.css.un
srtdash-admin-dashboard/srtdash/assets/css/bootstrap.min.css.un
srtdash-admin-dashboard/documentation/js/jquery-3.1.0.min.js.un
srtdash-admin-dashboard/srtdash/assets/js/owl.carousel.min.js.un
srtdash-admin-dashboard/srtdash/assets/css/font-awesome.min.css.un
srtdash-admin-dashboard/srtdash/assets/css/owl.carousel.min.css.un
srtdash-admin-dashboard/srtdash/assets/js/jquery.slicknav.min.js.un
srtdash-admin-dashboard/srtdash/assets/js/jquery.slimscroll.min.js.un
srtdash-admin-dashboard/srtdash/assets/js/vendor/jquery-2.2.4.min.js.un
srtdash-admin-dashboard/srtdash/assets/js/vendor/modernizr-2.8.3.min.js.un
