starter.html
forgot-password.html
srtdash-admin-dashboard/srtdash/tab.html
srtdash-admin-dashboard/srtdash/404.html
srtdash-admin-dashboard/srtdash/500.html
srtdash-admin-dashboard/srtdash/403.html
srtdash-admin-dashboard/srtdash/maps.html
srtdash-admin-dashboard/srtdash/form.html
srtdash-admin-dashboard/srtdash/grid.html
srtdash-admin-dashboard/srtdash/modal.html
srtdash-admin-dashboard/srtdash/login.html
srtdash-admin-dashboard/srtdash/index.html
srtdash-admin-dashboard/srtdash/cards.html
srtdash-admin-dashboard/srtdash/badge.html
srtdash-admin-dashboard/srtdash/alert.html
srtdash-admin-dashboard/srtdash/login3.html
srtdash-admin-dashboard/srtdash/login2.html
srtdash-admin-dashboard/srtdash/index3.html
srtdash-admin-dashboard/srtdash/index2.html
srtdash-admin-dashboard/srtdash/button.html
srtdash-admin-dashboard/srtdash/themify.html
srtdash-admin-dashboard/srtdash/starter.html
srtdash-admin-dashboard/srtdash/pricing.html
srtdash-admin-dashboard/srtdash/invoice.html
srtdash-admin-dashboard/srtdash/register.html
srtdash-admin-dashboard/srtdash/popovers.html
srtdash-admin-dashboard/srtdash/piechart.html
srtdash-admin-dashboard/srtdash/dropdown.html
srtdash-admin-dashboard/srtdash/barchart.html
srtdash-admin-dashboard/srtdash/register3.html
srtdash-admin-dashboard/srtdash/register4.html
srtdash-admin-dashboard/srtdash/register2.html
srtdash-admin-dashboard/srtdash/linechart.html
srtdash-admin-dashboard/srtdash/datatable.html
srtdash-admin-dashboard/srtdash/accordion.html
srtdash-admin-dashboard/srtdash/typography.html
srtdash-admin-dashboard/srtdash/screenlock.html
srtdash-admin-dashboard/srtdash/reset-pass.html
srtdash-admin-dashboard/srtdash/pagination.html
srtdash-admin-dashboard/srtdash/list-group.html
srtdash-admin-dashboard/srtdash/table-basic.html
srtdash-admin-dashboard/srtdash/screenlock2.html
srtdash-admin-dashboard/srtdash/progressbar.html
srtdash-admin-dashboard/srtdash/fontawesome.html
srtdash-admin-dashboard/documentation/index.html
srtdash-admin-dashboard/srtdash/table-layout.html
srtdash-admin-dashboard/srtdash/media-object.html
srtdash-admin-dashboard/srtdash/button-group.html
srtdash-admin-dashboard/srtdash/forgot-password.html
srtdash-admin-dashboard/srtdash/index3-horizontalmenu.html
sr_in_html.yml
assets/images/icon/Thumbs.db
assets/fonts/FontAwesome.otf
assets/images/icon/loader.gif
assets/images/card/card-img10.jpg
srtdash-admin-dashboard/README.md
assets/images/icon/market-value/Thumbs.db
srtdash-admin-dashboard/srtdash/assets/js/maps.js
srtdash-admin-dashboard/documentation/img/logo.png
srtdash-admin-dashboard/documentation/css/style.css
srtdash-admin-dashboard/documentation/img/Thumbs.db
srtdash-admin-dashboard/srtdash/assets/js/plugins.js
srtdash-admin-dashboard/srtdash/assets/js/scripts.js
srtdash-admin-dashboard/srtdash/assets/css/styles.css
srtdash-admin-dashboard/srtdash/assets/js/pie-chart.js
srtdash-admin-dashboard/srtdash/assets/js/bar-chart.js
srtdash-admin-dashboard/documentation/js/jstree.min.js
srtdash-admin-dashboard/srtdash/assets/js/popper.min.js
srtdash-admin-dashboard/srtdash/assets/js/line-chart.js
srtdash-admin-dashboard/srtdash/assets/css/metisMenu.css
srtdash-admin-dashboard/srtdash/assets/fonts/themify.ttf
srtdash-admin-dashboard/srtdash/assets/fonts/themify.svg
srtdash-admin-dashboard/srtdash/assets/fonts/themify.eot
srtdash-admin-dashboard/srtdash/assets/css/typography.css
srtdash-admin-dashboard/srtdash/assets/css/responsive.css
srtdash-admin-dashboard/srtdash/assets/fonts/themify.woff
srtdash-admin-dashboard/documentation/js/jstree.active.js
srtdash-admin-dashboard/documentation/js/bootstrap.min.js
srtdash-admin-dashboard/documentation/css/tree-viewer.css
srtdash-admin-dashboard/srtdash/assets/js/metisMenu.min.js
srtdash-admin-dashboard/srtdash/assets/js/bootstrap.min.js
srtdash-admin-dashboard/srtdash/assets/css/default-css.css
srtdash-admin-dashboard/srtdash/assets/css/slicknav.min.css
srtdash-admin-dashboard/srtdash/assets/images/icon/logo.png
srtdash-admin-dashboard/documentation/css/bootstrap.min.css
srtdash-admin-dashboard/srtdash/assets/css/themify-icons.css
srtdash-admin-dashboard/srtdash/assets/css/bootstrap.min.css
srtdash-admin-dashboard/srtdash/assets/images/icon/logo2.png
srtdash-admin-dashboard/srtdash/assets/images/icon/Thumbs.db
srtdash-admin-dashboard/srtdash/assets/fonts/FontAwesome.otf
srtdash-admin-dashboard/documentation/js/jquery-3.1.0.min.js
srtdash-admin-dashboard/srtdash/assets/js/owl.carousel.min.js
srtdash-admin-dashboard/srtdash/assets/images/icon/loader.gif
srtdash-admin-dashboard/srtdash/assets/images/media/media1.jpg
srtdash-admin-dashboard/srtdash/assets/images/media/media2.jpg
srtdash-admin-dashboard/srtdash/assets/images/bg/singin-bg.jpg
srtdash-admin-dashboard/srtdash/assets/css/font-awesome.min.css
srtdash-admin-dashboard/srtdash/assets/css/owl.carousel.min.css
srtdash-admin-dashboard/srtdash/assets/images/author/avatar.png
srtdash-admin-dashboard/srtdash/assets/js/jquery.slicknav.min.js
srtdash-admin-dashboard/srtdash/assets/images/card/card-img9.jpg
srtdash-admin-dashboard/srtdash/assets/images/card/card-img2.jpg
srtdash-admin-dashboard/srtdash/assets/images/card/card-img7.jpg
srtdash-admin-dashboard/srtdash/assets/images/card/card-img4.jpg
srtdash-admin-dashboard/srtdash/assets/images/card/card-img5.jpg
srtdash-admin-dashboard/srtdash/assets/images/card/card-img8.jpg
srtdash-admin-dashboard/srtdash/assets/images/card/card-img6.jpg
srtdash-admin-dashboard/srtdash/assets/images/card/card-img3.jpg
srtdash-admin-dashboard/srtdash/assets/images/card/card-img1.jpg
srtdash-admin-dashboard/srtdash/assets/images/card/card-img10.jpg
srtdash-admin-dashboard/srtdash/assets/js/jquery.slimscroll.min.js
srtdash-admin-dashboard/srtdash/assets/images/blog/post-thumb1.jpg
srtdash-admin-dashboard/srtdash/assets/images/blog/post-thumb2.jpg
srtdash-admin-dashboard/srtdash/assets/images/team/team-author5.jpg
srtdash-admin-dashboard/srtdash/assets/images/team/team-author1.jpg
srtdash-admin-dashboard/srtdash/assets/images/team/team-author2.jpg
srtdash-admin-dashboard/srtdash/assets/images/team/team-author3.jpg
srtdash-admin-dashboard/srtdash/assets/images/team/team-author4.jpg
srtdash-admin-dashboard/srtdash/assets/js/vendor/jquery-2.2.4.min.js
srtdash-admin-dashboard/srtdash/assets/images/author/author-img4.jpg
srtdash-admin-dashboard/srtdash/assets/images/author/author-img2.jpg
srtdash-admin-dashboard/srtdash/assets/images/author/author-img1.jpg
srtdash-admin-dashboard/srtdash/assets/images/author/author-img3.jpg
srtdash-admin-dashboard/srtdash/assets/fonts/fontawesome-webfont.ttf
srtdash-admin-dashboard/srtdash/assets/fonts/fontawesome-webfont.svg
srtdash-admin-dashboard/srtdash/assets/fonts/fontawesome-webfont.eot
srtdash-admin-dashboard/srtdash/assets/fonts/fontawesome-webfont.woff
srtdash-admin-dashboard/srtdash/assets/fonts/fontawesome-webfont.woff2
srtdash-admin-dashboard/srtdash/assets/js/vendor/modernizr-2.8.3.min.js
srtdash-admin-dashboard/srtdash/assets/images/icon/market-value/icon3.png
srtdash-admin-dashboard/srtdash/assets/images/icon/market-value/icon2.png
srtdash-admin-dashboard/srtdash/assets/images/icon/market-value/icon4.png
srtdash-admin-dashboard/srtdash/assets/images/icon/market-value/icon1.png
srtdash-admin-dashboard/srtdash/assets/images/icon/market-value/Thumbs.db
srtdash-admin-dashboard/srtdash/assets/images/icon/market-value/triangle-up.png
srtdash-admin-dashboard/srtdash/assets/images/icon/market-value/triangle-down.png
srtdash-admin-dashboard/srtdash/assets/images/icon/market-value/trends-up-icon.png
srtdash-admin-dashboard/srtdash/assets/images/icon/market-value/trends-down-icon.png
