mdi.html
login.html
index.html
login-2.html
chartjs.html
buttons.html
register.html
register-2.html
typography.html
lock-screen.html
basic-table.html
documentation.html
basic_elements.html
js/chart.js
js/select2.js
css/style.css
js/template.js
js/typeahead.js
js/dashboard.js
images/logo.svg
js/file-upload.js
images/favicon.png
images/logo-mini.svg
images/faces/face7.jpg
images/faces/face4.jpg
images/faces/face3.jpg
images/faces/face6.jpg
images/faces/face5.jpg
images/faces/face2.jpg
images/faces/face1.jpg
images/faces/face28.png
images/faces/face13.jpg
images/dashboard/bg.png
images/auth/login-bg.jpg
images/dashboard/live.png
images/dashboard/face29.png
images/auth/register-bg.jpg
vendors/justgage/justgage.js
vendors/chart.js/Chart.min.js
images/auth/lockscreen-bg.jpg
vendors/select2/select2.min.js
vendors/select2/select2.min.css
vendors/base/vendor.bundle.base.js
vendors/base/vendor.bundle.base.css
vendors/justgage/raphael-2.1.4.min.js
vendors/progressbar.js/progressbar.min.js
fonts/sourcesanspro/SourceSansPro-Bold.ttf
fonts/sourcesanspro/SourceSansPro-Bold.eot
vendors/mdi/css/materialdesignicons.min.css
fonts/sourcesanspro/SourceSansPro-Light.eot
fonts/sourcesanspro/SourceSansPro-Bold.woff
fonts/sourcesanspro/SourceSansPro-Black.ttf
fonts/sourcesanspro/SourceSansPro-Black.eot
vendors/typeahead.js/typeahead.bundle.min.js
fonts/sourcesanspro/SourceSansPro-Light.woff
fonts/sourcesanspro/SourceSansPro-Bold.woff2
fonts/sourcesanspro/SourceSansPro-Black.woff
fonts/sourcesanspro/SourceSansPro-Regular.ttf
fonts/sourcesanspro/SourceSansPro-Light.woff2
fonts/sourcesanspro/SourceSansPro-Regular.eot
fonts/sourcesanspro/SourceSansPro-Black.woff2
fonts/sourcesanspro/SourceSansPro-SemiBold.ttf
fonts/sourcesanspro/SourceSansPro-SemiBold.eot
fonts/sourcesanspro/SourceSansPro-Regular.woff
fonts/sourcesanspro/SourceSansPro-SemiBold.woff
fonts/sourcesanspro/SourceSansPro-Regular.woff2
fonts/sourcesanspro/SourceSansPro-SemiBold.woff2
fonts/sourcesanspro/SourceSansPro-ExtraLight.ttf
fonts/sourcesanspro/SourceSansPro-ExtraLight.eot
vendors/mdi/fonts/materialdesignicons-webfont.ttf
vendors/mdi/fonts/materialdesignicons-webfont.eot
fonts/sourcesanspro/SourceSansPro-ExtraLight.woff
vendors/mdi/fonts/materialdesignicons-webfont.woff
fonts/sourcesanspro/SourceSansPro-ExtraLight.woff2
vendors/mdi/fonts/materialdesignicons-webfont.woff2
vendors/select2-bootstrap-theme/select2-bootstrap.min.css
vendors/chartjs-plugin-datalabels/chartjs-plugin-datalabels.js
vendors/chart.js/Chart.min.js.un
vendors/select2/select2.min.js.un
vendors/raphael/raphael.min.js.un
vendors/select2/select2.min.css.un
vendors/justgage/raphael-2.1.4.min.js.un
vendors/progressbar.js/progressbar.min.js.un
vendors/mdi/css/materialdesignicons.min.css.un
vendors/jvectormap/jquery-jvectormap.min.js.un
vendors/typeahead.js/typeahead.bundle.min.js.un
vendors/select2-bootstrap-theme/select2-bootstrap.min.css.un
vendors/chartjs-plugin-datalabels/chartjs-plugin-datalabels.min.js.un
Kapella-Free-Bootstrap-Admin-Template/template/vendors/chart.js/Chart.min.js.un
Kapella-Free-Bootstrap-Admin-Template/template/vendors/select2/select2.min.js.un
Kapella-Free-Bootstrap-Admin-Template/template/vendors/raphael/raphael.min.js.un
Kapella-Free-Bootstrap-Admin-Template/template/vendors/select2/select2.min.css.un
Kapella-Free-Bootstrap-Admin-Template/template/vendors/justgage/raphael-2.1.4.min.js.un
Kapella-Free-Bootstrap-Admin-Template/template/vendors/progressbar.js/progressbar.min.js.un
Kapella-Free-Bootstrap-Admin-Template/template/vendors/mdi/css/materialdesignicons.min.css.un
Kapella-Free-Bootstrap-Admin-Template/template/vendors/jvectormap/jquery-jvectormap.min.js.un
Kapella-Free-Bootstrap-Admin-Template/template/vendors/typeahead.js/typeahead.bundle.min.js.un
Kapella-Free-Bootstrap-Admin-Template/template/vendors/select2-bootstrap-theme/select2-bootstrap.min.css.un
Kapella-Free-Bootstrap-Admin-Template/template/vendors/chartjs-plugin-datalabels/chartjs-plugin-datalabels.min.js.un
