vendors/chart.js/Chart.min.js.un
vendors/select2/select2.min.js.un
vendors/raphael/raphael.min.js.un
vendors/select2/select2.min.css.un
vendors/justgage/raphael-2.1.4.min.js.un
vendors/progressbar.js/progressbar.min.js.un
vendors/mdi/css/materialdesignicons.min.css.un
vendors/jvectormap/jquery-jvectormap.min.js.un
vendors/typeahead.js/typeahead.bundle.min.js.un
vendors/select2-bootstrap-theme/select2-bootstrap.min.css.un
vendors/chartjs-plugin-datalabels/chartjs-plugin-datalabels.min.js.un
Kapella-Free-Bootstrap-Admin-Template/template/vendors/chart.js/Chart.min.js.un
Kapella-Free-Bootstrap-Admin-Template/template/vendors/select2/select2.min.js.un
Kapella-Free-Bootstrap-Admin-Template/template/vendors/raphael/raphael.min.js.un
Kapella-Free-Bootstrap-Admin-Template/template/vendors/select2/select2.min.css.un
Kapella-Free-Bootstrap-Admin-Template/template/vendors/justgage/raphael-2.1.4.min.js.un
Kapella-Free-Bootstrap-Admin-Template/template/vendors/progressbar.js/progressbar.min.js.un
Kapella-Free-Bootstrap-Admin-Template/template/vendors/mdi/css/materialdesignicons.min.css.un
Kapella-Free-Bootstrap-Admin-Template/template/vendors/jvectormap/jquery-jvectormap.min.js.un
Kapella-Free-Bootstrap-Admin-Template/template/vendors/typeahead.js/typeahead.bundle.min.js.un
Kapella-Free-Bootstrap-Admin-Template/template/vendors/select2-bootstrap-theme/select2-bootstrap.min.css.un
Kapella-Free-Bootstrap-Admin-Template/template/vendors/chartjs-plugin-datalabels/chartjs-plugin-datalabels.min.js.un
