pages/icons/mdi.html
partials/_footer.html
docs/documentation.html
pages/samples/login.html
pages/charts/chartjs.html
pages/samples/login-2.html
pages/samples/register.html
pages/samples/register-2.html
pages/tables/basic-table.html
pages/ui-features/buttons.html
pages/samples/lock-screen.html
pages/forms/basic_elements.html
partials/_horizontal-navbar.html
pages/ui-features/typography.html
Kapella-Free-Bootstrap-Admin-Template/template/index.html
Kapella-Free-Bootstrap-Admin-Template/template/pages/icons/mdi.html
Kapella-Free-Bootstrap-Admin-Template/template/partials/_footer.html
Kapella-Free-Bootstrap-Admin-Template/template/docs/documentation.html
Kapella-Free-Bootstrap-Admin-Template/template/pages/samples/login.html
Kapella-Free-Bootstrap-Admin-Template/template/pages/charts/chartjs.html
Kapella-Free-Bootstrap-Admin-Template/template/pages/samples/login-2.html
Kapella-Free-Bootstrap-Admin-Template/template/pages/samples/register.html
Kapella-Free-Bootstrap-Admin-Template/template/pages/samples/register-2.html
Kapella-Free-Bootstrap-Admin-Template/template/pages/tables/basic-table.html
Kapella-Free-Bootstrap-Admin-Template/template/pages/ui-features/buttons.html
Kapella-Free-Bootstrap-Admin-Template/template/pages/samples/lock-screen.html
Kapella-Free-Bootstrap-Admin-Template/template/pages/forms/basic_elements.html
Kapella-Free-Bootstrap-Admin-Template/template/partials/_horizontal-navbar.html
Kapella-Free-Bootstrap-Admin-Template/template/pages/ui-features/typography.html
.DS_Store
gulpfile.js
package.json
js/.DS_Store
css/.DS_Store
sr_in_html.yml
scss/.DS_Store
scss/style.scss
scss/_misc.scss
scss/_demo.scss
pages/.DS_Store
fonts/.DS_Store
scss/_reset.scss
scss/common.scss
scss/_fonts.scss
images/.DS_Store
vendors/.DS_Store
scss/_footer.scss
package-lock.json
css/maps/.DS_Store
scss/_utilities.scss
scss/_variables.scss
scss/_functions.scss
scss/_dashboard.scss
scss/mixins/.DS_Store
scss/_typography.scss
scss/_background.scss
pages/forms/.DS_Store
pages/icons/.DS_Store
images/auth/.DS_Store
docs/documentation.js
scss/mixins/_menu.scss
scss/mixins/_misc.scss
pages/tables/.DS_Store
pages/charts/.DS_Store
images/faces/face9.jpg
images/faces/face8.jpg
images/faces/.DS_Store
css/maps/style.css.map
scss/mixins/_cards.scss
pages/samples/.DS_Store
images/faces/face25.jpg
images/faces/face27.jpg
images/faces/face24.jpg
images/faces/face22.jpg
images/faces/face21.jpg
images/faces/face23.jpg
images/faces/face20.jpg
images/faces/face26.jpg
images/faces/face14.jpg
images/faces/face17.jpg
images/faces/face18.jpg
images/faces/face15.jpg
images/faces/face19.jpg
images/faces/face16.jpg
images/faces/face12.jpg
images/faces/face10.jpg
images/faces/face11.jpg
scss/mixins/_buttons.scss
scss/components/.DS_Store
scss/components/_tabs.scss
scss/_horizontal-menu.scss
images/dashboard/.DS_Store
scss/mixins/_animation.scss
scss/components/_forms.scss
scss/components/_cards.scss
scss/components/_icons.scss
scss/components/_lists.scss
pages/ui-features/.DS_Store
scss/mixins/_blockqoute.scss
scss/components/_tables.scss
scss/components/_buttons.scss
scss/components/_preview.scss
fonts/sourcesanspro/.DS_Store
vendors/raphael/raphael.min.js
scss/components/_dropdown.scss
scss/_horizontal-wrappers.scss
scss/landing-screens/_auth.scss
vendors/base/bootstrap.min.js.map
scss/components/_toggle-switch.scss
scss/components/_checkbox-radio.scss
vendors/jvectormap/jquery-jvectormap.css
scss/components/_bootstrap-progress.scss
vendors/jquery-file-upload/uploadfile.css
scss/components/plugin-overrides/.DS_Store
vendors/jvectormap/jquery-jvectormap.min.js
fonts/sourcesanspro/SourceSansPro-Light.ttf
vendors/progressbar.js/progressbar.min.js.map
css/maps/horizontal-layout-light/style.css.map
vendors/mdi/css/materialdesignicons.min.css.map
Kapella-Free-Bootstrap-Admin-Template/README.md
Kapella-Free-Bootstrap-Admin-Template/.DS_Store
scss/components/plugin-overrides/_typeahead.scss
Kapella-Free-Bootstrap-Admin-Template/LICENSE.md
scss/components/plugin-overrides/_jvectormap.scss
Kapella-Free-Bootstrap-Admin-Template/preview.jpg
Kapella-Free-Bootstrap-Admin-Template/CHANGELOG.md
vendors/jvectormap/jquery-jvectormap-world-mill-en.js
scss/components/plugin-overrides/_progressbar-js.scss
Kapella-Free-Bootstrap-Admin-Template/template/.DS_Store
Kapella-Free-Bootstrap-Admin-Template/template/js/chart.js
Kapella-Free-Bootstrap-Admin-Template/template/gulpfile.js
Kapella-Free-Bootstrap-Admin-Template/template/package.json
Kapella-Free-Bootstrap-Admin-Template/template/js/.DS_Store
Kapella-Free-Bootstrap-Admin-Template/template/js/select2.js
Kapella-Free-Bootstrap-Admin-Template/template/css/style.css
Kapella-Free-Bootstrap-Admin-Template/template/css/.DS_Store
Kapella-Free-Bootstrap-Admin-Template/template/scss/.DS_Store
Kapella-Free-Bootstrap-Admin-Template/template/js/template.js
Kapella-Free-Bootstrap-Admin-Template/template/scss/style.scss
Kapella-Free-Bootstrap-Admin-Template/template/scss/_misc.scss
Kapella-Free-Bootstrap-Admin-Template/template/scss/_demo.scss
Kapella-Free-Bootstrap-Admin-Template/template/pages/.DS_Store
Kapella-Free-Bootstrap-Admin-Template/template/js/typeahead.js
Kapella-Free-Bootstrap-Admin-Template/template/js/dashboard.js
Kapella-Free-Bootstrap-Admin-Template/template/images/logo.svg
Kapella-Free-Bootstrap-Admin-Template/template/fonts/.DS_Store
Kapella-Free-Bootstrap-Admin-Template/template/scss/_reset.scss
Kapella-Free-Bootstrap-Admin-Template/template/scss/common.scss
Kapella-Free-Bootstrap-Admin-Template/template/scss/_fonts.scss
Kapella-Free-Bootstrap-Admin-Template/template/images/.DS_Store
Kapella-Free-Bootstrap-Admin-Template/template/vendors/.DS_Store
Kapella-Free-Bootstrap-Admin-Template/template/scss/_footer.scss
Kapella-Free-Bootstrap-Admin-Template/template/package-lock.json
Kapella-Free-Bootstrap-Admin-Template/template/js/file-upload.js
Kapella-Free-Bootstrap-Admin-Template/template/images/favicon.png
Kapella-Free-Bootstrap-Admin-Template/template/css/maps/.DS_Store
vendors/chartjs-plugin-datalabels/chartjs-plugin-datalabels.min.js
Kapella-Free-Bootstrap-Admin-Template/template/scss/_utilities.scss
Kapella-Free-Bootstrap-Admin-Template/template/scss/_variables.scss
Kapella-Free-Bootstrap-Admin-Template/template/scss/_functions.scss
Kapella-Free-Bootstrap-Admin-Template/template/scss/_dashboard.scss
Kapella-Free-Bootstrap-Admin-Template/template/images/logo-mini.svg
Kapella-Free-Bootstrap-Admin-Template/template/scss/mixins/.DS_Store
Kapella-Free-Bootstrap-Admin-Template/template/scss/_typography.scss
Kapella-Free-Bootstrap-Admin-Template/template/scss/_background.scss
Kapella-Free-Bootstrap-Admin-Template/template/pages/forms/.DS_Store
Kapella-Free-Bootstrap-Admin-Template/template/pages/icons/.DS_Store
Kapella-Free-Bootstrap-Admin-Template/template/images/auth/.DS_Store
Kapella-Free-Bootstrap-Admin-Template/template/docs/documentation.js
Kapella-Free-Bootstrap-Admin-Template/template/scss/mixins/_menu.scss
Kapella-Free-Bootstrap-Admin-Template/template/scss/mixins/_misc.scss
Kapella-Free-Bootstrap-Admin-Template/template/pages/tables/.DS_Store
Kapella-Free-Bootstrap-Admin-Template/template/pages/charts/.DS_Store
Kapella-Free-Bootstrap-Admin-Template/template/images/faces/face9.jpg
Kapella-Free-Bootstrap-Admin-Template/template/images/faces/face8.jpg
Kapella-Free-Bootstrap-Admin-Template/template/images/faces/face7.jpg
Kapella-Free-Bootstrap-Admin-Template/template/images/faces/face4.jpg
Kapella-Free-Bootstrap-Admin-Template/template/images/faces/face3.jpg
Kapella-Free-Bootstrap-Admin-Template/template/images/faces/face6.jpg
Kapella-Free-Bootstrap-Admin-Template/template/images/faces/face5.jpg
Kapella-Free-Bootstrap-Admin-Template/template/images/faces/face2.jpg
Kapella-Free-Bootstrap-Admin-Template/template/images/faces/face1.jpg
Kapella-Free-Bootstrap-Admin-Template/template/images/faces/.DS_Store
Kapella-Free-Bootstrap-Admin-Template/template/css/maps/style.css.map
Kapella-Free-Bootstrap-Admin-Template/template/scss/mixins/_cards.scss
Kapella-Free-Bootstrap-Admin-Template/template/pages/samples/.DS_Store
Kapella-Free-Bootstrap-Admin-Template/template/images/faces/face25.jpg
Kapella-Free-Bootstrap-Admin-Template/template/images/faces/face27.jpg
Kapella-Free-Bootstrap-Admin-Template/template/images/faces/face24.jpg
Kapella-Free-Bootstrap-Admin-Template/template/images/faces/face28.png
Kapella-Free-Bootstrap-Admin-Template/template/images/faces/face26.jpg
Kapella-Free-Bootstrap-Admin-Template/template/images/faces/face22.jpg
Kapella-Free-Bootstrap-Admin-Template/template/images/faces/face21.jpg
Kapella-Free-Bootstrap-Admin-Template/template/images/faces/face23.jpg
Kapella-Free-Bootstrap-Admin-Template/template/images/faces/face20.jpg
Kapella-Free-Bootstrap-Admin-Template/template/images/faces/face18.jpg
Kapella-Free-Bootstrap-Admin-Template/template/images/faces/face19.jpg
Kapella-Free-Bootstrap-Admin-Template/template/images/faces/face17.jpg
Kapella-Free-Bootstrap-Admin-Template/template/images/faces/face15.jpg
Kapella-Free-Bootstrap-Admin-Template/template/images/faces/face16.jpg
Kapella-Free-Bootstrap-Admin-Template/template/images/faces/face14.jpg
Kapella-Free-Bootstrap-Admin-Template/template/images/faces/face13.jpg
Kapella-Free-Bootstrap-Admin-Template/template/images/faces/face12.jpg
Kapella-Free-Bootstrap-Admin-Template/template/images/faces/face10.jpg
Kapella-Free-Bootstrap-Admin-Template/template/images/faces/face11.jpg
Kapella-Free-Bootstrap-Admin-Template/template/images/dashboard/bg.png
Kapella-Free-Bootstrap-Admin-Template/template/images/auth/login-bg.jpg
Kapella-Free-Bootstrap-Admin-Template/template/scss/mixins/_buttons.scss
Kapella-Free-Bootstrap-Admin-Template/template/scss/components/.DS_Store
Kapella-Free-Bootstrap-Admin-Template/template/images/dashboard/live.png
Kapella-Free-Bootstrap-Admin-Template/template/scss/components/_tabs.scss
Kapella-Free-Bootstrap-Admin-Template/template/scss/_horizontal-menu.scss
Kapella-Free-Bootstrap-Admin-Template/template/images/dashboard/.DS_Store
Kapella-Free-Bootstrap-Admin-Template/template/scss/mixins/_animation.scss
Kapella-Free-Bootstrap-Admin-Template/template/scss/components/_forms.scss
Kapella-Free-Bootstrap-Admin-Template/template/scss/components/_cards.scss
Kapella-Free-Bootstrap-Admin-Template/template/scss/components/_icons.scss
Kapella-Free-Bootstrap-Admin-Template/template/scss/components/_lists.scss
Kapella-Free-Bootstrap-Admin-Template/template/pages/ui-features/.DS_Store
Kapella-Free-Bootstrap-Admin-Template/template/images/dashboard/face29.png
Kapella-Free-Bootstrap-Admin-Template/template/images/auth/register-bg.jpg
Kapella-Free-Bootstrap-Admin-Template/template/vendors/justgage/justgage.js
Kapella-Free-Bootstrap-Admin-Template/template/scss/mixins/_blockqoute.scss
Kapella-Free-Bootstrap-Admin-Template/template/scss/components/_tables.scss
Kapella-Free-Bootstrap-Admin-Template/template/vendors/chart.js/Chart.min.js
Kapella-Free-Bootstrap-Admin-Template/template/scss/components/_buttons.scss
Kapella-Free-Bootstrap-Admin-Template/template/scss/components/_preview.scss
Kapella-Free-Bootstrap-Admin-Template/template/images/auth/lockscreen-bg.jpg
Kapella-Free-Bootstrap-Admin-Template/template/fonts/sourcesanspro/.DS_Store
Kapella-Free-Bootstrap-Admin-Template/template/vendors/select2/select2.min.js
Kapella-Free-Bootstrap-Admin-Template/template/vendors/raphael/raphael.min.js
Kapella-Free-Bootstrap-Admin-Template/template/scss/components/_dropdown.scss
Kapella-Free-Bootstrap-Admin-Template/template/scss/_horizontal-wrappers.scss
Kapella-Free-Bootstrap-Admin-Template/template/vendors/select2/select2.min.css
Kapella-Free-Bootstrap-Admin-Template/template/scss/landing-screens/_auth.scss
Kapella-Free-Bootstrap-Admin-Template/template/vendors/base/bootstrap.min.js.map
Kapella-Free-Bootstrap-Admin-Template/template/vendors/base/vendor.bundle.base.js
Kapella-Free-Bootstrap-Admin-Template/template/vendors/base/vendor.bundle.base.css
Kapella-Free-Bootstrap-Admin-Template/template/scss/components/_toggle-switch.scss
Kapella-Free-Bootstrap-Admin-Template/template/scss/components/_checkbox-radio.scss
Kapella-Free-Bootstrap-Admin-Template/template/vendors/justgage/raphael-2.1.4.min.js
Kapella-Free-Bootstrap-Admin-Template/template/vendors/jvectormap/jquery-jvectormap.css
Kapella-Free-Bootstrap-Admin-Template/template/scss/components/_bootstrap-progress.scss
Kapella-Free-Bootstrap-Admin-Template/template/vendors/progressbar.js/progressbar.min.js
Kapella-Free-Bootstrap-Admin-Template/template/vendors/jquery-file-upload/uploadfile.css
Kapella-Free-Bootstrap-Admin-Template/template/scss/components/plugin-overrides/.DS_Store
Kapella-Free-Bootstrap-Admin-Template/template/fonts/sourcesanspro/SourceSansPro-Bold.ttf
Kapella-Free-Bootstrap-Admin-Template/template/fonts/sourcesanspro/SourceSansPro-Bold.eot
Kapella-Free-Bootstrap-Admin-Template/template/vendors/mdi/css/materialdesignicons.min.css
Kapella-Free-Bootstrap-Admin-Template/template/vendors/jvectormap/jquery-jvectormap.min.js
Kapella-Free-Bootstrap-Admin-Template/template/fonts/sourcesanspro/SourceSansPro-Light.ttf
Kapella-Free-Bootstrap-Admin-Template/template/fonts/sourcesanspro/SourceSansPro-Light.eot
Kapella-Free-Bootstrap-Admin-Template/template/fonts/sourcesanspro/SourceSansPro-Bold.woff
Kapella-Free-Bootstrap-Admin-Template/template/fonts/sourcesanspro/SourceSansPro-Black.ttf
Kapella-Free-Bootstrap-Admin-Template/template/fonts/sourcesanspro/SourceSansPro-Black.eot
Kapella-Free-Bootstrap-Admin-Template/template/vendors/typeahead.js/typeahead.bundle.min.js
Kapella-Free-Bootstrap-Admin-Template/template/fonts/sourcesanspro/SourceSansPro-Light.woff
Kapella-Free-Bootstrap-Admin-Template/template/fonts/sourcesanspro/SourceSansPro-Bold.woff2
Kapella-Free-Bootstrap-Admin-Template/template/fonts/sourcesanspro/SourceSansPro-Black.woff
Kapella-Free-Bootstrap-Admin-Template/template/vendors/progressbar.js/progressbar.min.js.map
Kapella-Free-Bootstrap-Admin-Template/template/fonts/sourcesanspro/SourceSansPro-Regular.ttf
Kapella-Free-Bootstrap-Admin-Template/template/fonts/sourcesanspro/SourceSansPro-Regular.eot
Kapella-Free-Bootstrap-Admin-Template/template/fonts/sourcesanspro/SourceSansPro-Light.woff2
Kapella-Free-Bootstrap-Admin-Template/template/fonts/sourcesanspro/SourceSansPro-Black.woff2
Kapella-Free-Bootstrap-Admin-Template/template/fonts/sourcesanspro/SourceSansPro-SemiBold.ttf
Kapella-Free-Bootstrap-Admin-Template/template/fonts/sourcesanspro/SourceSansPro-SemiBold.eot
Kapella-Free-Bootstrap-Admin-Template/template/fonts/sourcesanspro/SourceSansPro-Regular.woff
Kapella-Free-Bootstrap-Admin-Template/template/css/maps/horizontal-layout-light/style.css.map
Kapella-Free-Bootstrap-Admin-Template/template/vendors/mdi/css/materialdesignicons.min.css.map
Kapella-Free-Bootstrap-Admin-Template/template/fonts/sourcesanspro/SourceSansPro-SemiBold.woff
Kapella-Free-Bootstrap-Admin-Template/template/fonts/sourcesanspro/SourceSansPro-Regular.woff2
Kapella-Free-Bootstrap-Admin-Template/template/scss/components/plugin-overrides/_typeahead.scss
Kapella-Free-Bootstrap-Admin-Template/template/fonts/sourcesanspro/SourceSansPro-SemiBold.woff2
Kapella-Free-Bootstrap-Admin-Template/template/fonts/sourcesanspro/SourceSansPro-ExtraLight.ttf
Kapella-Free-Bootstrap-Admin-Template/template/fonts/sourcesanspro/SourceSansPro-ExtraLight.eot
Kapella-Free-Bootstrap-Admin-Template/template/vendors/mdi/fonts/materialdesignicons-webfont.ttf
Kapella-Free-Bootstrap-Admin-Template/template/vendors/mdi/fonts/materialdesignicons-webfont.eot
Kapella-Free-Bootstrap-Admin-Template/template/scss/components/plugin-overrides/_jvectormap.scss
Kapella-Free-Bootstrap-Admin-Template/template/fonts/sourcesanspro/SourceSansPro-ExtraLight.woff
Kapella-Free-Bootstrap-Admin-Template/template/vendors/mdi/fonts/materialdesignicons-webfont.woff
Kapella-Free-Bootstrap-Admin-Template/template/fonts/sourcesanspro/SourceSansPro-ExtraLight.woff2
Kapella-Free-Bootstrap-Admin-Template/template/vendors/mdi/fonts/materialdesignicons-webfont.woff2
Kapella-Free-Bootstrap-Admin-Template/template/vendors/jvectormap/jquery-jvectormap-world-mill-en.js
Kapella-Free-Bootstrap-Admin-Template/template/scss/components/plugin-overrides/_progressbar-js.scss
Kapella-Free-Bootstrap-Admin-Template/template/vendors/select2-bootstrap-theme/select2-bootstrap.min.css
Kapella-Free-Bootstrap-Admin-Template/template/vendors/chartjs-plugin-datalabels/chartjs-plugin-datalabels.js
Kapella-Free-Bootstrap-Admin-Template/template/vendors/chartjs-plugin-datalabels/chartjs-plugin-datalabels.min.js
