{'basic-table.html': ['pages/tables/basic-table.html',
                      'Kapella-Free-Bootstrap-Admin-Template/template/pages/tables/basic-table.html'],
 'basic_elements.html': ['pages/forms/basic_elements.html',
                         'Kapella-Free-Bootstrap-Admin-Template/template/pages/forms/basic_elements.html'],
 'buttons.html': ['pages/ui-features/buttons.html',
                  'Kapella-Free-Bootstrap-Admin-Template/template/pages/ui-features/buttons.html'],
 'chartjs.html': ['pages/charts/chartjs.html',
                  'Kapella-Free-Bootstrap-Admin-Template/template/pages/charts/chartjs.html'],
 'documentation.html': ['docs/documentation.html',
                        'Kapella-Free-Bootstrap-Admin-Template/template/docs/documentation.html'],
 'index.html': ['Kapella-Free-Bootstrap-Admin-Template/template/index.html'],
 'lock-screen.html': ['pages/samples/lock-screen.html',
                      'Kapella-Free-Bootstrap-Admin-Template/template/pages/samples/lock-screen.html'],
 'login-2.html': ['pages/samples/login-2.html',
                  'Kapella-Free-Bootstrap-Admin-Template/template/pages/samples/login-2.html'],
 'login.html': ['pages/samples/login.html',
                'Kapella-Free-Bootstrap-Admin-Template/template/pages/samples/login.html'],
 'mdi.html': ['pages/icons/mdi.html',
              'Kapella-Free-Bootstrap-Admin-Template/template/pages/icons/mdi.html'],
 'register-2.html': ['pages/samples/register-2.html',
                     'Kapella-Free-Bootstrap-Admin-Template/template/pages/samples/register-2.html'],
 'register.html': ['pages/samples/register.html',
                   'Kapella-Free-Bootstrap-Admin-Template/template/pages/samples/register.html'],
 'typography.html': ['pages/ui-features/typography.html',
                     'Kapella-Free-Bootstrap-Admin-Template/template/pages/ui-features/typography.html']}
