images/admin.png
images/band.png
images/blog.png
images/cards.png
images/cheatsheet.png
images/cover.png
images/documentation.jpg
images/forum.png
images/hello-parallax.png
images/ghost-blog.png
images/hero.png
images/inbox.png
images/instaalbum.png
images/kanban.png
images/kanban2.png
images/landing.png
images/login.png
images/modalcards.png
images/neumorphic-login.png
images/personal.png
images/showcase.png
images/register.png
images/tabs.png
images/contact.png
images/blog2.png
images/absurd2.png
images/fav_icon.png
images/favicon.png
images/bulma.png
images/first-post.png
images/undraw_Camera_re_cnp4.svg
