index.html
admin.html
band.html
blog.html
cards.html
cheatsheet.html
cover.html
documentation.html
forum.html
hello-parallax.html
ghost-blog.html
hero.html
inbox.html
instaAlbum.html
kanban.html
kanban[search].html
landing.html
login.html
modal-cards.html
neumorphic-login.html
personal.html
showcase.html
register.html
tabs.html
contact.html
blog-tailsaw.html
absurd.html
search.html
js/tabs.js
js/bulma.js
js/kanban.js
css/hero.css
css/tabs.css
css/blog.css
css/prism.css
css/login.css
css/inbox.css
css/index.css
css/forum.css
css/cards.css
css/admin.css
js/showcase.js
css/kanban.css
js/cardsData.js
images/tabs.png
images/hero.png
images/blog.png
images/band.png
css/landing.css
css/contact.css
images/login.png
images/inbox.png
images/forum.png
images/cards.png
images/cover.png
images/bulma.png
images/blog2.png
images/admin.png
css/personal.css
css/showcase.css
css/register.css
images/kanban.png
images/landing.png
images/kanban2.png
images/favicon.png
images/contact.png
images/absurd2.png
css/ghost-blog.css
css/instaAlbum.css
css/cheatsheet.css
images/showcase.png
images/register.png
images/personal.png
images/fav_icon.png
images/modalcards.png
images/instaalbum.png
images/ghost-blog.png
images/first-post.png
images/cheatsheet.png
css/documentation.css
css/hello-parallax.css
images/documentation.jpg
css/neumorphic-login.css
images/hello-parallax.png
css/bulma-divider.min.css
images/neumorphic-login.png
images/undraw_Camera_re_cnp4.svg
css/bulma-divider.min.css.un
