{'absurd.html': ['bulma-templates/templates/absurd.html'],
 'admin.html': ['bulma-templates/templates/admin.html'],
 'band.html': ['bulma-templates/templates/band.html'],
 'blog-tailsaw.html': ['bulma-templates/templates/blog-tailsaw.html'],
 'blog.html': ['bulma-templates/templates/blog.html'],
 'cards.html': ['bulma-templates/templates/cards.html'],
 'cheatsheet.html': ['bulma-templates/templates/cheatsheet.html'],
 'contact.html': ['bulma-templates/templates/contact.html'],
 'cover.html': ['bulma-templates/templates/cover.html'],
 'documentation.html': ['bulma-templates/templates/documentation.html'],
 'forum.html': ['bulma-templates/templates/forum.html'],
 'ghost-blog.html': ['bulma-templates/templates/ghost-blog.html'],
 'hello-parallax.html': ['bulma-templates/templates/hello-parallax.html'],
 'hero.html': ['bulma-templates/templates/hero.html'],
 'inbox.html': ['bulma-templates/templates/inbox.html'],
 'index.html': ['templates/index.html',
                'bulma-templates/index.html',
                'bulma-templates/templates/index.html'],
 'instaAlbum.html': ['bulma-templates/templates/instaAlbum.html'],
 'kanban.html': ['bulma-templates/templates/kanban.html'],
 'kanban[search].html': ['bulma-templates/templates/kanban[search].html'],
 'landing.html': ['bulma-templates/templates/landing.html'],
 'login.html': ['bulma-templates/templates/login.html'],
 'modal-cards.html': ['bulma-templates/templates/modal-cards.html'],
 'neumorphic-login.html': ['bulma-templates/templates/neumorphic-login.html'],
 'personal.html': ['bulma-templates/templates/personal.html'],
 'register.html': ['bulma-templates/templates/register.html'],
 'search.html': ['bulma-templates/templates/search.html'],
 'showcase.html': ['bulma-templates/templates/showcase.html'],
 'tabs.html': ['bulma-templates/templates/tabs.html']}
