https://cdn.rawgit.com/jgthms/bulma/master/docs/favicons/favicon-32x32.png
https://unpkg.com/bulma@0.9.0/css/bulma.min.css
https://cdn.jsdelivr.net/npm/sweetalert2@7.12.15/dist/sweetalert2.all.min.js
http://bulma.io
https://github.com/BulmaTemplates/bulma-templates
https://github.com/BulmaTemplates/bulma-templates/fork
https://github.com/jgthms/bulma/releases/tag/0.9.0
https://github.com/BulmaTemplates/bulma-templates/blob/master/templates/admin.html
https://github.com/BulmaTemplates/bulma-templates/blob/master/templates/band.html
https://github.com/BulmaTemplates/bulma-templates/blob/master/templates/blog.html
https://github.com/BulmaTemplates/bulma-templates/blob/master/templates/cards.html
https://github.com/BulmaTemplates/bulma-templates/blob/master/templates/cheatsheet.html
https://github.com/BulmaTemplates/bulma-templates/blob/master/templates/cover.html
https://github.com/BulmaTemplates/bulma-templates/blob/master/templates/forum.html
https://github.com/BulmaTemplates/bulma-templates/blob/master/templates/hello-parallax.html
https://github.com/BulmaTemplates/bulma-templates/blob/master/templates/ghost-blog.html
https://github.com/BulmaTemplates/bulma-templates/blob/master/templates/hero.html
https://github.com/BulmaTemplates/bulma-templates/blob/master/templates/inbox.html
https://github.com/BulmaTemplates/bulma-templates/blob/master/templates/instaAlbum.html
https://github.com/BulmaTemplates/bulma-templates/blob/master/templates/kanban.html
https://github.com/BulmaTemplates/bulma-templates/blob/master/templates/kanban[search].html
https://github.com/BulmaTemplates/bulma-templates/blob/master/templates/landing.html
https://github.com/BulmaTemplates/bulma-templates/blob/master/templates/login.html
https://github.com/BulmaTemplates/bulma-templates/blob/master/templates/modal-cards.html
https://github.com/BulmaTemplates/bulma-templates/blob/master/templates/neumorphic-login.html
https://github.com/BulmaTemplates/bulma-templates/blob/master/templates/personal.html
https://github.com/BulmaTemplates/bulma-templates/blob/master/templates/showcase.html
https://github.com/BulmaTemplates/bulma-templates/blob/master/templates/register.html
https://github.com/BulmaTemplates/bulma-templates/blob/master/templates/tabs.html
https://github.com/BulmaTemplates/bulma-templates/blob/master/templates/contact.html
https://github.com/BulmaTemplates/bulma-templates/blob/master/templates/blog-tailsaw.html
https://github.com/jgthms/bulma/releases/tag/0.9.1
https://github.com/BulmaTemplates/bulma-templates/blob/master/templates/absurd.html
https://github.com/dansup
https://github.com/BulmaTemplates/bulma-templates/graphs/contributors
http://opensource.org/licenses/mit-license.php
http://www.w3.org/2000/svg
https://kit.fontawesome.com/7dc3015a44.js
https://buttons.github.io/buttons.js
https://maxcdn.bootstrapcdn.com/font-awesome/4.7.0/css/font-awesome.min.css
https://fonts.googleapis.com/css?family=Open+Sans:300,400,700
https://use.fontawesome.com/releases/v5.0.10/js/all.js
https://bulma.io
https://bulma.io/images/bulma-logo.png
https://bulma.io/
https://bulma.io/documentation/modifiers/syntax/
https://bulma.io/documentation/columns/basics/
https://images.pexels.com/photos/167636/pexels-photo-167636.jpeg?auto=compress&amp;cs=tinysrgb&amp;dpr=2&amp;h=650&amp;w=940
https://images.pexels.com/photos/167635/pexels-photo-167635.jpeg?auto=compress&amp;cs=tinysrgb&amp;dpr=2&amp;h=650&amp;w=940
https://images.pexels.com/photos/374710/pexels-photo-374710.jpeg?auto=compress&amp;cs=tinysrgb&amp;dpr=2&amp;h=750&amp;w=1260
https://bulma.io/images/made-with-bulma.png
https://cdnjs.cloudflare.com/ajax/libs/overlayscrollbars/1.9.1/css/OverlayScrollbars.min.css
https://fonts.googleapis.com/css?family=Open+Sans
http://www.radfaces.com/images/avatars/daria-morgendorffer.jpg
http://www.radfaces.com/images/avatars/angela-chase.jpg
https://cdnjs.cloudflare.com/ajax/libs/overlayscrollbars/1.9.1/js/OverlayScrollbars.min.js
https://cdn.jsdelivr.net/npm/vue
https://cdn.emk.dev/templates/bulma-logo-light.png
http://jgthms.com
https://cdnjs.cloudflare.com/ajax/libs/normalize/8.0.1/normalize.min.css
https://kingsora.github.io/OverlayScrollbars/etc/os-theme-thin-dark.css
https://codepen.io/melanieseltzer/pen/odOXWM
https://cdnjs.cloudflare.com/ajax/libs/prism/9000.0.1/prism.js
https://picsum.photos/800/600/?random
http://bulma.io/images/placeholders/128x128.png
https://fonts.googleapis.com/css2?family=Nunito+Sans:wght@400;600;800&amp;display=swap
https://kit.fontawesome.com/15181efa86.js
https://jgthms.com
http://creativecommons.org/licenses/by-nc-sa/4.0/
https://cdn.emk.dev/templates/featured-image.png
https://ghost.io
https://cdn.emk.dev/templates/post-img.png
https://unpkg.com/bulma-modal-fx/dist/css/modal-fx.min.css
http://bulma.io/images/bulma-type-white.png
https://picsum.photos/640/480/?random
http://bulma.io/images/bulma-logo.png
https://placehold.it/128x128
https://cdnjs.cloudflare.com/ajax/libs/jquery/3.1.1/jquery.min.js
https://unpkg.com/vue@2.5.16/dist/vue.min.js
https://cdnjs.cloudflare.com/ajax/libs/Faker/3.1.0/faker.min.js
https://cdnjs.cloudflare.com/ajax/libs/moment.js/2.15.1/moment.min.js
https://fonts.googleapis.com/icon?family=Material+Icons
https://source.unsplash.com/random/96x96
https://source.unsplash.com/random/1280x960
https://cdnjs.cloudflare.com/ajax/libs/vue/2.5.17/vue.js
https://fonts.googleapis.com/css?family=Questrial&amp;display=swap
https://source.unsplash.com/RWnpyGtY1aU
https://source.unsplash.com/6Ticnhs1AG0
https://res.cloudinary.com/ameo/image/upload/v1568711475/pexels-photo-1302883_fjje0f.jpg
https://source.unsplash.com/hLyd1LukQ7E
http://www.radfaces.com/images/avatars/linda-barret.jpg
https://source.unsplash.com/zFrUz_tNjCY
https://unpkg.com/bulma-modal-fx/dist/js/modal-fx.min.js
https://code.jquery.com/jquery-3.3.1.slim.min.js
https://fonts.googleapis.com/css2?family=Nunito+Sans:wght@400;600&amp;display=swap
https://logoipsum.com/logo/logo-1.svg
https://use.fontawesome.com/releases/v5.4.1/css/all.css
https://github.com/jgthms/bulma/releases/tag/0.7.2
https://dummyimage.com/555x255/000/fff
https://mubaidr.js.org
https://kit.fontawesome.com/2828f7885a.js
https://picsum.photos/id/366/600/375
https://picsum.photos/320/180?image=0
https://picsum.photos/320/180?image=10
https://picsum.photos/320/180?image=20
https://picsum.photos/320/180?image=30
https://picsum.photos/320/180?image=40
https://picsum.photos/320/180?image=50
https://picsum.photos/320/180?image=60
https://picsum.photos/320/180?image=70
https://cdnjs.cloudflare.com/ajax/libs/jquery/3.3.1/jquery.min.js
https://cdn.rawgit.com/michalsnik/aos/2.1.1/dist/aos.css
https://cdn.rawgit.com/michalsnik/aos/2.1.1/dist/aos.js
https://fonts.googleapis.com/css2?family=Nunito+Sans:wght@400;500;700&amp;display=swap
https://twitter.com/intent/tweet?text=get free bulma templates:;url=https://github.com/BulmaTemplates/bulma-templates
https://source.unsplash.com/0_xMuEbpFAQ/400x400
https://source.unsplash.com/wPMvPMD9KBI/800x600
https://player.vimeo.com/video/261794608
https://bulma.io/images/placeholders/256x256.png
https://stackpath.bootstrapcdn.com/font-awesome/4.7.0/css/font-awesome.min.css
https://facebook.com
https://instagram.com
https://twitter.com
https://gonzalojs.com
http://jigsaw-blog-staging.tighten.co/
https://cdnjs.cloudflare.com/ajax/libs/bulma/0.9.1/css/bulma.min.css
https://fonts.googleapis.com/css2?family=Merriweather&amp;display=swap
https://unpkg.com/aos@next/dist/aos.css
https://cdnjs.cloudflare.com/ajax/libs/TypewriterJS/2.13.1/core.min.js
https://unpkg.com/aos@next/dist/aos.js
https://cdnjs.cloudflare.com/ajax/libs/font-awesome/4.7.0/css/font-awesome.min.css
