templates/index.html
templates/aside.html
templates/skeleton.html
bulma-templates/index.html
templates/kanban-switch.html
bulma-templates/templates/tabs.html
bulma-templates/templates/hero.html
bulma-templates/templates/band.html
bulma-templates/templates/blog.html
bulma-templates/templates/login.html
bulma-templates/templates/index.html
bulma-templates/templates/inbox.html
bulma-templates/templates/cards.html
bulma-templates/templates/forum.html
bulma-templates/templates/cover.html
bulma-templates/templates/admin.html
bulma-templates/templates/aside.html
bulma-templates/templates/search.html
bulma-templates/templates/kanban.html
bulma-templates/templates/absurd.html
bulma-templates/templates/landing.html
bulma-templates/templates/contact.html
bulma-templates/templates/skeleton.html
bulma-templates/templates/showcase.html
bulma-templates/templates/personal.html
bulma-templates/templates/register.html
bulma-templates/templates/instaAlbum.html
bulma-templates/templates/ghost-blog.html
bulma-templates/templates/cheatsheet.html
bulma-templates/templates/modal-cards.html
bulma-templates/templates/blog-tailsaw.html
bulma-templates/templates/kanban-switch.html
bulma-templates/templates/documentation.html
bulma-templates/templates/kanban[search].html
bulma-templates/templates/hello-parallax.html
bulma-templates/templates/neumorphic-login.html
LICENSE
index.css
README.md
css/aside.css
CODE_OF_CONDUCT.md
js/kanban-switch.js
