templates/admin.html
templates/band.html
templates/blog.html
templates/cards.html
templates/cheatsheet.html
templates/cover.html
templates/documentation.html
templates/forum.html
templates/hello-parallax.html
templates/ghost-blog.html
templates/hero.html
templates/inbox.html
templates/instaAlbum.html
templates/kanban.html
templates/kanban[search].html
templates/landing.html
templates/login.html
templates/modal-cards.html
templates/neumorphic-login.html
templates/personal.html
templates/showcase.html
templates/register.html
templates/tabs.html
templates/contact.html
templates/blog-tailsaw.html
templates/absurd.html
templates/search.html
