ui.html
404.html
index.html
login.html
forms.html
tables.html
modals.html
buttons.html
register.html
main.js
dist/all.css
dist/styles.css
webfonts/fa-solid-900.ttf
webfonts/fa-solid-900.svg
webfonts/fa-solid-900.eot
webfonts/fa-solid-900.woff
webfonts/fa-brands-400.ttf
webfonts/fa-brands-400.svg
webfonts/fa-brands-400.eot
dist/images/login-new.jpeg
webfonts/fa-solid-900.woff2
webfonts/fa-regular-400.ttf
webfonts/fa-regular-400.eot
webfonts/fa-regular-400.svg
webfonts/fa-brands-400.woff
webfonts/fa-brands-400.woff2
webfonts/fa-regular-400.woff
webfonts/fa-regular-400.woff2
src/jquery-3.3.1.min.js.un
