js/sb-admin.min.js.un
css/sb-admin.min.css.un
vendor/jquery/jquery.min.js.un
vendor/chart.js/Chart.min.js.un
vendor/jquery/jquery.slim.min.js.un
vendor/chart.js/Chart.bundle.min.js.un
vendor/bootstrap/js/bootstrap.min.js.un
vendor/fontawesome-free/js/all.min.js.un
vendor/bootstrap/css/bootstrap.min.css.un
vendor/fontawesome-free/css/all.min.css.un
vendor/fontawesome-free/js/solid.min.js.un
vendor/fontawesome-free/js/brands.min.js.un
vendor/jquery-easing/jquery.easing.min.js.un
vendor/fontawesome-free/css/solid.min.css.un
vendor/fontawesome-free/js/regular.min.js.un
vendor/datatables/jquery.dataTables.min.js.un
vendor/fontawesome-free/css/brands.min.css.un
vendor/fontawesome-free/js/v4-shims.min.js.un
vendor/bootstrap/css/bootstrap-grid.min.css.un
vendor/bootstrap/js/bootstrap.bundle.min.js.un
vendor/fontawesome-free/css/regular.min.css.un
vendor/fontawesome-free/css/v4-shims.min.css.un
vendor/bootstrap/css/bootstrap-reboot.min.css.un
vendor/fontawesome-free/js/fontawesome.min.js.un
vendor/datatables/dataTables.bootstrap4.min.js.un
vendor/datatables/dataTables.bootstrap4.min.css.un
vendor/fontawesome-free/css/fontawesome.min.css.un
vendor/fontawesome-free/css/svg-with-js.min.css.un
