LICENSE
README.md
.gitignore
favicon.ico
.travis.yml
gulpfile.js
package.json
js/sb-admin.js
sr_in_html.yml
scss/_cards.scss
scss/_login.scss
package-lock.json
scss/_global.scss
scss/_mixins.scss
scss/_footer.scss
scss/_navbar.scss
scss/sb-admin.scss
css/sb-admin.min.css
scss/_utilities.scss
scss/_variables.scss
vendor/jquery/jquery.js
vendor/chart.js/Chart.js
vendor/jquery/jquery.min.map
vendor/jquery/jquery.slim.js
vendor/chart.js/Chart.bundle.js
vendor/jquery/jquery.slim.min.js
vendor/bootstrap/js/bootstrap.js
vendor/jquery/jquery.slim.min.map
vendor/fontawesome-free/js/all.js
vendor/fontawesome-free/README.md
vendor/bootstrap/css/bootstrap.css
vendor/chart.js/Chart.bundle.min.js
vendor/fontawesome-free/css/all.css
vendor/fontawesome-free/js/solid.js
vendor/fontawesome-free/LICENSE.txt
vendor/bootstrap/js/bootstrap.js.map
vendor/bootstrap/js/bootstrap.min.js
vendor/fontawesome-free/js/brands.js
vendor/fontawesome-free/package.json
vendor/jquery-easing/jquery.easing.js
vendor/fontawesome-free/css/solid.css
vendor/fontawesome-free/js/all.min.js
vendor/fontawesome-free/js/regular.js
vendor/bootstrap/css/bootstrap.css.map
vendor/fontawesome-free/css/brands.css
vendor/fontawesome-free/js/v4-shims.js
vendor/bootstrap/css/bootstrap-grid.css
vendor/bootstrap/js/bootstrap.bundle.js
vendor/fontawesome-free/css/regular.css
vendor/fontawesome-free/js/solid.min.js
vendor/fontawesome-free/less/_core.less
vendor/fontawesome-free/less/_list.less
vendor/fontawesome-free/less/solid.less
vendor/fontawesome-free/scss/_core.scss
vendor/fontawesome-free/scss/_list.scss
vendor/fontawesome-free/scss/solid.scss
vendor/bootstrap/js/bootstrap.min.js.map
vendor/fontawesome-free/css/v4-shims.css
vendor/fontawesome-free/js/brands.min.js
vendor/fontawesome-free/less/_icons.less
vendor/fontawesome-free/less/_shims.less
vendor/fontawesome-free/less/brands.less
vendor/fontawesome-free/scss/_icons.scss
vendor/fontawesome-free/scss/_shims.scss
vendor/fontawesome-free/scss/brands.scss
vendor/bootstrap/css/bootstrap-reboot.css
vendor/fontawesome-free/css/solid.min.css
vendor/fontawesome-free/js/fontawesome.js
vendor/fontawesome-free/js/regular.min.js
vendor/fontawesome-free/less/_larger.less
vendor/fontawesome-free/less/_mixins.less
vendor/fontawesome-free/less/regular.less
vendor/fontawesome-free/scss/_mixins.scss
vendor/fontawesome-free/scss/_larger.scss
vendor/fontawesome-free/scss/regular.scss
vendor/fontawesome-free/sprites/solid.svg
vendor/fontawesome-free/svgs/solid/ad.svg
vendor/fontawesome-free/svgs/solid/at.svg
vendor/fontawesome-free/svgs/solid/om.svg
vendor/fontawesome-free/svgs/solid/th.svg
vendor/fontawesome-free/svgs/solid/tv.svg
vendor/datatables/jquery.dataTables.min.js
vendor/bootstrap/css/bootstrap.min.css.map
vendor/fontawesome-free/css/brands.min.css
vendor/fontawesome-free/js/v4-shims.min.js
vendor/fontawesome-free/less/_stacked.less
vendor/fontawesome-free/less/v4-shims.less
vendor/fontawesome-free/scss/_stacked.scss
vendor/fontawesome-free/scss/v4-shims.scss
vendor/fontawesome-free/sprites/brands.svg
vendor/fontawesome-free/svgs/brands/gg.svg
vendor/fontawesome-free/svgs/brands/js.svg
vendor/fontawesome-free/svgs/brands/qq.svg
vendor/fontawesome-free/svgs/brands/vk.svg
vendor/fontawesome-free/svgs/solid/ban.svg
vendor/fontawesome-free/svgs/solid/bed.svg
vendor/fontawesome-free/svgs/solid/box.svg
vendor/fontawesome-free/svgs/solid/bug.svg
vendor/fontawesome-free/svgs/solid/bus.svg
vendor/fontawesome-free/svgs/solid/car.svg
vendor/fontawesome-free/svgs/solid/cog.svg
vendor/fontawesome-free/svgs/solid/cut.svg
vendor/fontawesome-free/svgs/solid/dna.svg
vendor/fontawesome-free/svgs/solid/eye.svg
vendor/fontawesome-free/svgs/solid/fax.svg
vendor/fontawesome-free/svgs/solid/gem.svg
vendor/fontawesome-free/svgs/solid/hdd.svg
vendor/fontawesome-free/svgs/solid/key.svg
vendor/fontawesome-free/svgs/solid/map.svg
vendor/fontawesome-free/svgs/solid/meh.svg
vendor/fontawesome-free/svgs/solid/paw.svg
vendor/fontawesome-free/svgs/solid/pen.svg
vendor/fontawesome-free/svgs/solid/poo.svg
vendor/fontawesome-free/svgs/solid/rss.svg
vendor/fontawesome-free/svgs/solid/spa.svg
vendor/fontawesome-free/svgs/solid/sun.svg
vendor/fontawesome-free/svgs/solid/tag.svg
vendor/fontawesome-free/svgs/solid/tty.svg
vendor/bootstrap/css/bootstrap-grid.min.css
vendor/bootstrap/js/bootstrap.bundle.js.map
vendor/fontawesome-free/css/fontawesome.css
vendor/fontawesome-free/css/svg-with-js.css
vendor/fontawesome-free/css/regular.min.css
vendor/fontawesome-free/less/_animated.less
vendor/fontawesome-free/scss/_animated.scss
vendor/fontawesome-free/sprites/regular.svg
vendor/fontawesome-free/svgs/brands/adn.svg
vendor/fontawesome-free/svgs/brands/aws.svg
vendor/fontawesome-free/svgs/brands/btc.svg
vendor/fontawesome-free/svgs/brands/fly.svg
vendor/fontawesome-free/svgs/brands/git.svg
vendor/fontawesome-free/svgs/brands/mix.svg
vendor/fontawesome-free/svgs/brands/npm.svg
vendor/fontawesome-free/svgs/brands/ns8.svg
vendor/fontawesome-free/svgs/brands/osi.svg
vendor/fontawesome-free/svgs/brands/php.svg
vendor/fontawesome-free/svgs/brands/rev.svg
vendor/fontawesome-free/svgs/brands/usb.svg
vendor/fontawesome-free/svgs/brands/vnv.svg
vendor/fontawesome-free/svgs/brands/wix.svg
vendor/fontawesome-free/svgs/solid/ankh.svg
vendor/fontawesome-free/svgs/solid/atom.svg
vendor/fontawesome-free/svgs/solid/bars.svg
vendor/fontawesome-free/svgs/solid/bath.svg
vendor/fontawesome-free/svgs/solid/bell.svg
vendor/fontawesome-free/svgs/solid/beer.svg
vendor/fontawesome-free/svgs/solid/bold.svg
vendor/fontawesome-free/svgs/solid/bone.svg
vendor/fontawesome-free/svgs/solid/bomb.svg
vendor/fontawesome-free/svgs/solid/bong.svg
vendor/fontawesome-free/svgs/solid/bolt.svg
vendor/fontawesome-free/svgs/solid/book.svg
vendor/fontawesome-free/svgs/solid/burn.svg
vendor/fontawesome-free/svgs/solid/city.svg
vendor/fontawesome-free/svgs/solid/cogs.svg
vendor/fontawesome-free/svgs/solid/code.svg
vendor/fontawesome-free/svgs/solid/copy.svg
vendor/fontawesome-free/svgs/solid/crop.svg
vendor/fontawesome-free/svgs/solid/crow.svg
vendor/fontawesome-free/svgs/solid/cube.svg
vendor/fontawesome-free/svgs/solid/deaf.svg
vendor/fontawesome-free/svgs/solid/dice.svg
vendor/fontawesome-free/svgs/solid/dove.svg
vendor/fontawesome-free/svgs/solid/edit.svg
vendor/fontawesome-free/svgs/solid/drum.svg
vendor/fontawesome-free/svgs/solid/file.svg
vendor/fontawesome-free/svgs/solid/film.svg
vendor/fontawesome-free/svgs/solid/fill.svg
vendor/fontawesome-free/svgs/solid/fish.svg
vendor/fontawesome-free/svgs/solid/fire.svg
vendor/fontawesome-free/svgs/solid/flag.svg
vendor/fontawesome-free/svgs/solid/font.svg
vendor/fontawesome-free/svgs/solid/frog.svg
vendor/fontawesome-free/svgs/solid/gift.svg
vendor/fontawesome-free/svgs/solid/grin.svg
vendor/fontawesome-free/svgs/solid/home.svg
vendor/fontawesome-free/svgs/solid/info.svg
vendor/fontawesome-free/svgs/solid/jedi.svg
vendor/fontawesome-free/svgs/solid/kiss.svg
vendor/fontawesome-free/svgs/solid/leaf.svg
vendor/fontawesome-free/svgs/solid/link.svg
vendor/fontawesome-free/svgs/solid/list.svg
vendor/fontawesome-free/svgs/solid/lock.svg
vendor/fontawesome-free/svgs/solid/male.svg
vendor/fontawesome-free/svgs/solid/mars.svg
vendor/fontawesome-free/svgs/solid/moon.svg
vendor/fontawesome-free/svgs/solid/play.svg
vendor/fontawesome-free/svgs/solid/plug.svg
vendor/fontawesome-free/svgs/solid/poll.svg
vendor/fontawesome-free/svgs/solid/plus.svg
vendor/fontawesome-free/svgs/solid/poop.svg
vendor/fontawesome-free/svgs/solid/pray.svg
vendor/fontawesome-free/svgs/solid/redo.svg
vendor/fontawesome-free/svgs/solid/road.svg
vendor/fontawesome-free/svgs/solid/save.svg
vendor/fontawesome-free/svgs/solid/ship.svg
vendor/fontawesome-free/svgs/solid/sign.svg
vendor/fontawesome-free/svgs/solid/sort.svg
vendor/fontawesome-free/svgs/solid/star.svg
vendor/fontawesome-free/svgs/solid/stop.svg
vendor/fontawesome-free/svgs/solid/sync.svg
vendor/fontawesome-free/svgs/solid/taxi.svg
vendor/fontawesome-free/svgs/solid/tags.svg
vendor/fontawesome-free/svgs/solid/tape.svg
vendor/fontawesome-free/svgs/solid/tint.svg
vendor/fontawesome-free/svgs/solid/tree.svg
vendor/fontawesome-free/svgs/solid/undo.svg
vendor/fontawesome-free/svgs/solid/user.svg
vendor/fontawesome-free/svgs/solid/vial.svg
vendor/fontawesome-free/svgs/solid/wifi.svg
vendor/fontawesome-free/css/v4-shims.min.css
vendor/fontawesome-free/less/_variables.less
vendor/fontawesome-free/scss/_variables.scss
vendor/fontawesome-free/svgs/brands/bity.svg
vendor/fontawesome-free/svgs/brands/css3.svg
vendor/fontawesome-free/svgs/brands/digg.svg
vendor/fontawesome-free/svgs/brands/ebay.svg
vendor/fontawesome-free/svgs/brands/edge.svg
vendor/fontawesome-free/svgs/brands/ello.svg
vendor/fontawesome-free/svgs/brands/etsy.svg
vendor/fontawesome-free/svgs/brands/grav.svg
vendor/fontawesome-free/svgs/brands/gulp.svg
vendor/fontawesome-free/svgs/brands/hips.svg
vendor/fontawesome-free/svgs/brands/imdb.svg
vendor/fontawesome-free/svgs/brands/java.svg
vendor/fontawesome-free/svgs/brands/less.svg
vendor/fontawesome-free/svgs/brands/line.svg
vendor/fontawesome-free/svgs/brands/lyft.svg
vendor/fontawesome-free/svgs/brands/modx.svg
vendor/fontawesome-free/svgs/brands/neos.svg
vendor/fontawesome-free/svgs/brands/node.svg
vendor/fontawesome-free/svgs/brands/sass.svg
vendor/fontawesome-free/svgs/brands/sith.svg
vendor/fontawesome-free/svgs/brands/uber.svg
vendor/fontawesome-free/svgs/brands/vine.svg
vendor/fontawesome-free/svgs/brands/xbox.svg
vendor/fontawesome-free/svgs/brands/xing.svg
vendor/fontawesome-free/svgs/brands/yelp.svg
vendor/fontawesome-free/svgs/regular/eye.svg
vendor/fontawesome-free/svgs/regular/gem.svg
vendor/fontawesome-free/svgs/regular/hdd.svg
vendor/fontawesome-free/svgs/regular/map.svg
vendor/fontawesome-free/svgs/regular/meh.svg
vendor/fontawesome-free/svgs/regular/sun.svg
vendor/fontawesome-free/svgs/solid/angry.svg
vendor/fontawesome-free/svgs/solid/atlas.svg
vendor/fontawesome-free/svgs/solid/award.svg
vendor/fontawesome-free/svgs/solid/bible.svg
vendor/fontawesome-free/svgs/solid/blind.svg
vendor/fontawesome-free/svgs/solid/brain.svg
vendor/fontawesome-free/svgs/solid/boxes.svg
vendor/fontawesome-free/svgs/solid/broom.svg
vendor/fontawesome-free/svgs/solid/brush.svg
vendor/fontawesome-free/svgs/solid/check.svg
vendor/fontawesome-free/svgs/solid/chess.svg
vendor/fontawesome-free/svgs/solid/child.svg
vendor/fontawesome-free/svgs/solid/clone.svg
vendor/fontawesome-free/svgs/solid/clock.svg
vendor/fontawesome-free/svgs/solid/cloud.svg
vendor/fontawesome-free/svgs/solid/coins.svg
vendor/fontawesome-free/svgs/solid/couch.svg
vendor/fontawesome-free/svgs/solid/cross.svg
vendor/fontawesome-free/svgs/solid/crown.svg
vendor/fontawesome-free/svgs/solid/cubes.svg
vendor/fontawesome-free/svgs/solid/dizzy.svg
vendor/fontawesome-free/svgs/solid/dolly.svg
vendor/fontawesome-free/svgs/solid/eject.svg
vendor/fontawesome-free/svgs/solid/flask.svg
vendor/fontawesome-free/svgs/solid/frown.svg
vendor/fontawesome-free/svgs/solid/gavel.svg
vendor/fontawesome-free/svgs/solid/globe.svg
vendor/fontawesome-free/svgs/solid/hamsa.svg
vendor/fontawesome-free/svgs/solid/hands.svg
vendor/fontawesome-free/svgs/solid/heart.svg
vendor/fontawesome-free/svgs/solid/hotel.svg
vendor/fontawesome-free/svgs/solid/image.svg
vendor/fontawesome-free/svgs/solid/inbox.svg
vendor/fontawesome-free/svgs/solid/joint.svg
vendor/fontawesome-free/svgs/solid/kaaba.svg
vendor/fontawesome-free/svgs/solid/laugh.svg
vendor/fontawesome-free/svgs/solid/lemon.svg
vendor/fontawesome-free/svgs/solid/magic.svg
vendor/fontawesome-free/svgs/solid/medal.svg
vendor/fontawesome-free/svgs/solid/minus.svg
vendor/fontawesome-free/svgs/solid/music.svg
vendor/fontawesome-free/svgs/solid/paste.svg
vendor/fontawesome-free/svgs/solid/peace.svg
vendor/fontawesome-free/svgs/solid/pause.svg
vendor/fontawesome-free/svgs/solid/pills.svg
vendor/fontawesome-free/svgs/solid/phone.svg
vendor/fontawesome-free/svgs/solid/plane.svg
vendor/fontawesome-free/svgs/solid/print.svg
vendor/fontawesome-free/svgs/solid/quran.svg
vendor/fontawesome-free/svgs/solid/reply.svg
vendor/fontawesome-free/svgs/solid/robot.svg
vendor/fontawesome-free/svgs/solid/route.svg
vendor/fontawesome-free/svgs/solid/ruler.svg
vendor/fontawesome-free/svgs/solid/share.svg
vendor/fontawesome-free/svgs/solid/skull.svg
vendor/fontawesome-free/svgs/solid/smile.svg
vendor/fontawesome-free/svgs/solid/socks.svg
vendor/fontawesome-free/svgs/solid/stamp.svg
vendor/fontawesome-free/svgs/solid/store.svg
vendor/fontawesome-free/svgs/solid/table.svg
vendor/fontawesome-free/svgs/solid/teeth.svg
vendor/fontawesome-free/svgs/solid/tasks.svg
vendor/fontawesome-free/svgs/solid/times.svg
vendor/fontawesome-free/svgs/solid/tired.svg
vendor/fontawesome-free/svgs/solid/torah.svg
vendor/fontawesome-free/svgs/solid/tooth.svg
vendor/fontawesome-free/svgs/solid/train.svg
vendor/fontawesome-free/svgs/solid/trash.svg
vendor/fontawesome-free/svgs/solid/truck.svg
vendor/fontawesome-free/svgs/solid/users.svg
vendor/fontawesome-free/svgs/solid/venus.svg
vendor/fontawesome-free/svgs/solid/vials.svg
vendor/fontawesome-free/svgs/solid/video.svg
vendor/fontawesome-free/svgs/solid/x-ray.svg
vendor/bootstrap/css/bootstrap-reboot.min.css
vendor/fontawesome-free/js/fontawesome.min.js
vendor/fontawesome-free/less/fontawesome.less
vendor/fontawesome-free/scss/fontawesome.scss
vendor/fontawesome-free/svgs/brands/500px.svg
vendor/fontawesome-free/svgs/brands/apper.svg
vendor/fontawesome-free/svgs/brands/apple.svg
vendor/fontawesome-free/svgs/brands/ember.svg
vendor/fontawesome-free/svgs/brands/glide.svg
vendor/fontawesome-free/svgs/brands/grunt.svg
vendor/fontawesome-free/svgs/brands/hooli.svg
vendor/fontawesome-free/svgs/brands/html5.svg
vendor/fontawesome-free/svgs/brands/houzz.svg
vendor/fontawesome-free/svgs/brands/joget.svg
vendor/fontawesome-free/svgs/brands/linux.svg
vendor/fontawesome-free/svgs/brands/medrt.svg
vendor/fontawesome-free/svgs/brands/page4.svg
vendor/fontawesome-free/svgs/brands/opera.svg
vendor/fontawesome-free/svgs/brands/react.svg
vendor/fontawesome-free/svgs/brands/quora.svg
vendor/fontawesome-free/svgs/brands/rebel.svg
vendor/fontawesome-free/svgs/brands/skype.svg
vendor/fontawesome-free/svgs/brands/slack.svg
vendor/fontawesome-free/svgs/brands/steam.svg
vendor/fontawesome-free/svgs/brands/typo3.svg
vendor/fontawesome-free/svgs/brands/uikit.svg
vendor/fontawesome-free/svgs/brands/viber.svg
vendor/fontawesome-free/svgs/brands/vimeo.svg
vendor/fontawesome-free/svgs/brands/vuejs.svg
vendor/fontawesome-free/svgs/brands/weibo.svg
vendor/fontawesome-free/svgs/brands/whmcs.svg
vendor/fontawesome-free/svgs/brands/yahoo.svg
vendor/fontawesome-free/svgs/brands/zhihu.svg
vendor/fontawesome-free/svgs/brands/yoast.svg
vendor/fontawesome-free/svgs/regular/bell.svg
vendor/fontawesome-free/svgs/regular/copy.svg
vendor/fontawesome-free/svgs/regular/edit.svg
vendor/fontawesome-free/svgs/regular/file.svg
vendor/fontawesome-free/svgs/regular/flag.svg
vendor/fontawesome-free/svgs/regular/grin.svg
vendor/fontawesome-free/svgs/regular/kiss.svg
vendor/fontawesome-free/svgs/regular/moon.svg
vendor/fontawesome-free/svgs/regular/save.svg
vendor/fontawesome-free/svgs/regular/star.svg
vendor/fontawesome-free/svgs/regular/user.svg
vendor/fontawesome-free/svgs/solid/adjust.svg
vendor/fontawesome-free/svgs/solid/anchor.svg
vendor/fontawesome-free/svgs/solid/camera.svg
vendor/fontawesome-free/svgs/solid/church.svg
vendor/fontawesome-free/svgs/solid/circle.svg
vendor/fontawesome-free/svgs/solid/coffee.svg
vendor/fontawesome-free/svgs/solid/cookie.svg
vendor/fontawesome-free/svgs/solid/divide.svg
vendor/fontawesome-free/svgs/solid/donate.svg
vendor/fontawesome-free/svgs/solid/eraser.svg
vendor/fontawesome-free/svgs/solid/equals.svg
vendor/fontawesome-free/svgs/solid/expand.svg
vendor/fontawesome-free/svgs/solid/female.svg
vendor/fontawesome-free/svgs/solid/filter.svg
vendor/fontawesome-free/svgs/solid/folder.svg
vendor/fontawesome-free/svgs/solid/futbol.svg
vendor/fontawesome-free/svgs/solid/haykal.svg
vendor/fontawesome-free/svgs/solid/indent.svg
vendor/fontawesome-free/svgs/solid/images.svg
vendor/fontawesome-free/svgs/solid/italic.svg
vendor/fontawesome-free/svgs/solid/khanda.svg
vendor/fontawesome-free/svgs/solid/laptop.svg
vendor/fontawesome-free/svgs/solid/magnet.svg
vendor/fontawesome-free/svgs/solid/marker.svg
vendor/fontawesome-free/svgs/solid/medkit.svg
vendor/fontawesome-free/svgs/solid/memory.svg
vendor/fontawesome-free/svgs/solid/mobile.svg
vendor/fontawesome-free/svgs/solid/mosque.svg
vendor/fontawesome-free/svgs/solid/neuter.svg
vendor/fontawesome-free/svgs/solid/pallet.svg
vendor/fontawesome-free/svgs/solid/poll-h.svg
vendor/fontawesome-free/svgs/solid/qrcode.svg
vendor/fontawesome-free/svgs/solid/random.svg
vendor/fontawesome-free/svgs/solid/rocket.svg
vendor/fontawesome-free/svgs/solid/ribbon.svg
vendor/fontawesome-free/svgs/solid/school.svg
vendor/fontawesome-free/svgs/solid/search.svg
vendor/fontawesome-free/svgs/solid/server.svg
vendor/fontawesome-free/svgs/solid/shapes.svg
vendor/fontawesome-free/svgs/solid/shower.svg
vendor/fontawesome-free/svgs/solid/signal.svg
vendor/fontawesome-free/svgs/solid/square.svg
vendor/fontawesome-free/svgs/solid/stream.svg
vendor/fontawesome-free/svgs/solid/subway.svg
vendor/fontawesome-free/svgs/solid/tablet.svg
vendor/fontawesome-free/svgs/solid/trophy.svg
vendor/fontawesome-free/svgs/solid/tshirt.svg
vendor/fontawesome-free/svgs/solid/unlink.svg
vendor/fontawesome-free/svgs/solid/upload.svg
vendor/fontawesome-free/svgs/solid/unlock.svg
vendor/fontawesome-free/svgs/solid/vihara.svg
vendor/fontawesome-free/svgs/solid/wallet.svg
vendor/fontawesome-free/svgs/solid/weight.svg
vendor/fontawesome-free/svgs/solid/wrench.svg
vendor/datatables/dataTables.bootstrap4.min.js
vendor/fontawesome-free/less/_fixed-width.less
vendor/fontawesome-free/scss/_fixed-width.scss
vendor/fontawesome-free/svgs/brands/amilia.svg
vendor/fontawesome-free/svgs/brands/amazon.svg
vendor/fontawesome-free/svgs/brands/alipay.svg
vendor/fontawesome-free/svgs/brands/aviato.svg
vendor/fontawesome-free/svgs/brands/cc-jcb.svg
vendor/fontawesome-free/svgs/brands/chrome.svg
vendor/fontawesome-free/svgs/brands/contao.svg
vendor/fontawesome-free/svgs/brands/cpanel.svg
vendor/fontawesome-free/svgs/brands/docker.svg
vendor/fontawesome-free/svgs/brands/dochub.svg
vendor/fontawesome-free/svgs/brands/drupal.svg
vendor/fontawesome-free/svgs/brands/dyalog.svg
vendor/fontawesome-free/svgs/brands/envira.svg
vendor/fontawesome-free/svgs/brands/erlang.svg
vendor/fontawesome-free/svgs/brands/empire.svg
vendor/fontawesome-free/svgs/brands/flickr.svg
vendor/fontawesome-free/svgs/brands/github.svg
vendor/fontawesome-free/svgs/brands/gitlab.svg
vendor/fontawesome-free/svgs/brands/gitter.svg
vendor/fontawesome-free/svgs/brands/gofore.svg
vendor/fontawesome-free/svgs/brands/google.svg
vendor/fontawesome-free/svgs/brands/hotjar.svg
vendor/fontawesome-free/svgs/brands/itunes.svg
vendor/fontawesome-free/svgs/brands/joomla.svg
vendor/fontawesome-free/svgs/brands/kaggle.svg
vendor/fontawesome-free/svgs/brands/keycdn.svg
vendor/fontawesome-free/svgs/brands/korvue.svg
vendor/fontawesome-free/svgs/brands/lastfm.svg
vendor/fontawesome-free/svgs/brands/linode.svg
vendor/fontawesome-free/svgs/brands/maxcdn.svg
vendor/fontawesome-free/svgs/brands/medium.svg
vendor/fontawesome-free/svgs/brands/meetup.svg
vendor/fontawesome-free/svgs/brands/mizuni.svg
vendor/fontawesome-free/svgs/brands/nimblr.svg
vendor/fontawesome-free/svgs/brands/monero.svg
vendor/fontawesome-free/svgs/brands/openid.svg
vendor/fontawesome-free/svgs/brands/palfed.svg
vendor/fontawesome-free/svgs/brands/paypal.svg
vendor/fontawesome-free/svgs/brands/python.svg
vendor/fontawesome-free/svgs/brands/pushed.svg
vendor/fontawesome-free/svgs/brands/readme.svg
vendor/fontawesome-free/svgs/brands/renren.svg
vendor/fontawesome-free/svgs/brands/replyd.svg
vendor/fontawesome-free/svgs/brands/reddit.svg
vendor/fontawesome-free/svgs/brands/safari.svg
vendor/fontawesome-free/svgs/brands/schlix.svg
vendor/fontawesome-free/svgs/brands/scribd.svg
vendor/fontawesome-free/svgs/brands/sellsy.svg
vendor/fontawesome-free/svgs/brands/strava.svg
vendor/fontawesome-free/svgs/brands/stripe.svg
vendor/fontawesome-free/svgs/brands/supple.svg
vendor/fontawesome-free/svgs/brands/trello.svg
vendor/fontawesome-free/svgs/brands/tumblr.svg
vendor/fontawesome-free/svgs/brands/twitch.svg
vendor/fontawesome-free/svgs/brands/vaadin.svg
vendor/fontawesome-free/svgs/brands/viadeo.svg
vendor/fontawesome-free/svgs/brands/weebly.svg
vendor/fontawesome-free/svgs/brands/weixin.svg
vendor/fontawesome-free/svgs/brands/yandex.svg
vendor/fontawesome-free/svgs/regular/angry.svg
vendor/fontawesome-free/svgs/regular/clone.svg
vendor/fontawesome-free/svgs/regular/clock.svg
vendor/fontawesome-free/svgs/regular/dizzy.svg
vendor/fontawesome-free/svgs/regular/frown.svg
vendor/fontawesome-free/svgs/regular/image.svg
vendor/fontawesome-free/svgs/regular/heart.svg
vendor/fontawesome-free/svgs/regular/laugh.svg
vendor/fontawesome-free/svgs/regular/lemon.svg
vendor/fontawesome-free/svgs/regular/smile.svg
vendor/fontawesome-free/svgs/regular/tired.svg
vendor/fontawesome-free/svgs/solid/archway.svg
vendor/fontawesome-free/svgs/solid/archive.svg
vendor/fontawesome-free/svgs/solid/barcode.svg
vendor/fontawesome-free/svgs/solid/bicycle.svg
vendor/fontawesome-free/svgs/solid/blender.svg
vendor/fontawesome-free/svgs/solid/braille.svg
vendor/fontawesome-free/svgs/solid/bus-alt.svg
vendor/fontawesome-free/svgs/solid/car-alt.svg
vendor/fontawesome-free/svgs/solid/columns.svg
vendor/fontawesome-free/svgs/solid/comment.svg
vendor/fontawesome-free/svgs/solid/compass.svg
vendor/fontawesome-free/svgs/solid/desktop.svg
vendor/fontawesome-free/svgs/solid/feather.svg
vendor/fontawesome-free/svgs/solid/flushed.svg
vendor/fontawesome-free/svgs/solid/forward.svg
vendor/fontawesome-free/svgs/solid/gamepad.svg
vendor/fontawesome-free/svgs/solid/glasses.svg
vendor/fontawesome-free/svgs/solid/grimace.svg
vendor/fontawesome-free/svgs/solid/gopuram.svg
vendor/fontawesome-free/svgs/solid/heading.svg
vendor/fontawesome-free/svgs/solid/hashtag.svg
vendor/fontawesome-free/svgs/solid/headset.svg
vendor/fontawesome-free/svgs/solid/history.svg
vendor/fontawesome-free/svgs/solid/hot-tub.svg
vendor/fontawesome-free/svgs/solid/id-card.svg
vendor/fontawesome-free/svgs/solid/list-ul.svg
vendor/fontawesome-free/svgs/solid/list-ol.svg
vendor/fontawesome-free/svgs/solid/map-pin.svg
vendor/fontawesome-free/svgs/solid/mercury.svg
vendor/fontawesome-free/svgs/solid/menorah.svg
vendor/fontawesome-free/svgs/solid/outdent.svg
vendor/fontawesome-free/svgs/solid/oil-can.svg
vendor/fontawesome-free/svgs/solid/palette.svg
vendor/fontawesome-free/svgs/solid/parking.svg
vendor/fontawesome-free/svgs/solid/pen-alt.svg
vendor/fontawesome-free/svgs/solid/pen-nib.svg
vendor/fontawesome-free/svgs/solid/percent.svg
vendor/fontawesome-free/svgs/solid/podcast.svg
vendor/fontawesome-free/svgs/solid/recycle.svg
vendor/fontawesome-free/svgs/solid/receipt.svg
vendor/fontawesome-free/svgs/solid/retweet.svg
vendor/fontawesome-free/svgs/solid/sad-cry.svg
vendor/fontawesome-free/svgs/solid/sitemap.svg
vendor/fontawesome-free/svgs/solid/smoking.svg
vendor/fontawesome-free/svgs/solid/sort-up.svg
vendor/fontawesome-free/svgs/solid/spinner.svg
vendor/fontawesome-free/svgs/solid/splotch.svg
vendor/fontawesome-free/svgs/solid/swimmer.svg
vendor/fontawesome-free/svgs/solid/syringe.svg
vendor/fontawesome-free/svgs/solid/tablets.svg
vendor/fontawesome-free/svgs/solid/th-list.svg
vendor/fontawesome-free/svgs/solid/toolbox.svg
vendor/fontawesome-free/svgs/solid/user-md.svg
vendor/fontawesome-free/svgs/solid/walking.svg
vendor/datatables/dataTables.bootstrap4.min.css
vendor/bootstrap/js/bootstrap.bundle.min.js.map
vendor/fontawesome-free/css/fontawesome.min.css
vendor/fontawesome-free/css/svg-with-js.min.css
vendor/fontawesome-free/svgs/brands/algolia.svg
vendor/fontawesome-free/svgs/brands/android.svg
vendor/fontawesome-free/svgs/brands/angular.svg
vendor/fontawesome-free/svgs/brands/audible.svg
vendor/fontawesome-free/svgs/brands/behance.svg
vendor/fontawesome-free/svgs/brands/avianex.svg
vendor/fontawesome-free/svgs/brands/bitcoin.svg
vendor/fontawesome-free/svgs/brands/blogger.svg
vendor/fontawesome-free/svgs/brands/cc-amex.svg
vendor/fontawesome-free/svgs/brands/cc-visa.svg
vendor/fontawesome-free/svgs/brands/codepen.svg
vendor/fontawesome-free/svgs/brands/d-and-d.svg
vendor/fontawesome-free/svgs/brands/deskpro.svg
vendor/fontawesome-free/svgs/brands/discord.svg
vendor/fontawesome-free/svgs/brands/dropbox.svg
vendor/fontawesome-free/svgs/brands/firefox.svg
vendor/fontawesome-free/svgs/brands/freebsd.svg
vendor/fontawesome-free/svgs/brands/fulcrum.svg
vendor/fontawesome-free/svgs/brands/glide-g.svg
vendor/fontawesome-free/svgs/brands/hubspot.svg
vendor/fontawesome-free/svgs/brands/ioxhost.svg
vendor/fontawesome-free/svgs/brands/jenkins.svg
vendor/fontawesome-free/svgs/brands/keybase.svg
vendor/fontawesome-free/svgs/brands/leanpub.svg
vendor/fontawesome-free/svgs/brands/laravel.svg
vendor/fontawesome-free/svgs/brands/magento.svg
vendor/fontawesome-free/svgs/brands/medapps.svg
vendor/fontawesome-free/svgs/brands/napster.svg
vendor/fontawesome-free/svgs/brands/node-js.svg
vendor/fontawesome-free/svgs/brands/patreon.svg
vendor/fontawesome-free/svgs/brands/ravelry.svg
vendor/fontawesome-free/svgs/brands/rendact.svg
vendor/fontawesome-free/svgs/brands/rockrms.svg
vendor/fontawesome-free/svgs/brands/sistrix.svg
vendor/fontawesome-free/svgs/brands/spotify.svg
vendor/fontawesome-free/svgs/brands/speakap.svg
vendor/fontawesome-free/svgs/brands/themeco.svg
vendor/fontawesome-free/svgs/brands/twitter.svg
vendor/fontawesome-free/svgs/brands/untappd.svg
vendor/fontawesome-free/svgs/brands/viacoin.svg
vendor/fontawesome-free/svgs/brands/vimeo-v.svg
vendor/fontawesome-free/svgs/brands/windows.svg
vendor/fontawesome-free/svgs/brands/wpforms.svg
vendor/fontawesome-free/svgs/brands/youtube.svg
vendor/fontawesome-free/svgs/regular/circle.svg
vendor/fontawesome-free/svgs/regular/folder.svg
vendor/fontawesome-free/svgs/regular/futbol.svg
vendor/fontawesome-free/svgs/regular/images.svg
vendor/fontawesome-free/svgs/regular/square.svg
vendor/fontawesome-free/svgs/solid/angle-up.svg
vendor/fontawesome-free/svgs/solid/arrow-up.svg
vendor/fontawesome-free/svgs/solid/asterisk.svg
vendor/fontawesome-free/svgs/solid/backward.svg
vendor/fontawesome-free/svgs/solid/band-aid.svg
vendor/fontawesome-free/svgs/solid/bookmark.svg
vendor/fontawesome-free/svgs/solid/box-open.svg
vendor/fontawesome-free/svgs/solid/building.svg
vendor/fontawesome-free/svgs/solid/bullseye.svg
vendor/fontawesome-free/svgs/solid/bullhorn.svg
vendor/fontawesome-free/svgs/solid/calendar.svg
vendor/fontawesome-free/svgs/solid/cannabis.svg
vendor/fontawesome-free/svgs/solid/capsules.svg
vendor/fontawesome-free/svgs/solid/car-side.svg
vendor/fontawesome-free/svgs/solid/caret-up.svg
vendor/fontawesome-free/svgs/solid/cocktail.svg
vendor/fontawesome-free/svgs/solid/compress.svg
vendor/fontawesome-free/svgs/solid/comments.svg
vendor/fontawesome-free/svgs/solid/crop-alt.svg
vendor/fontawesome-free/svgs/solid/database.svg
vendor/fontawesome-free/svgs/solid/dice-six.svg
vendor/fontawesome-free/svgs/solid/dice-two.svg
vendor/fontawesome-free/svgs/solid/dice-one.svg
vendor/fontawesome-free/svgs/solid/download.svg
vendor/fontawesome-free/svgs/solid/dumbbell.svg
vendor/fontawesome-free/svgs/solid/envelope.svg
vendor/fontawesome-free/svgs/solid/file-alt.svg
vendor/fontawesome-free/svgs/solid/file-pdf.svg
vendor/fontawesome-free/svgs/solid/gas-pump.svg
vendor/fontawesome-free/svgs/solid/grin-alt.svg
vendor/fontawesome-free/svgs/solid/h-square.svg
vendor/fontawesome-free/svgs/solid/hospital.svg
vendor/fontawesome-free/svgs/solid/id-badge.svg
vendor/fontawesome-free/svgs/solid/i-cursor.svg
vendor/fontawesome-free/svgs/solid/industry.svg
vendor/fontawesome-free/svgs/solid/infinity.svg
vendor/fontawesome-free/svgs/solid/keyboard.svg
vendor/fontawesome-free/svgs/solid/language.svg
vendor/fontawesome-free/svgs/solid/landmark.svg
vendor/fontawesome-free/svgs/solid/list-alt.svg
vendor/fontawesome-free/svgs/solid/monument.svg
vendor/fontawesome-free/svgs/solid/passport.svg
vendor/fontawesome-free/svgs/solid/portrait.svg
vendor/fontawesome-free/svgs/solid/question.svg
vendor/fontawesome-free/svgs/solid/redo-alt.svg
vendor/fontawesome-free/svgs/solid/sad-tear.svg
vendor/fontawesome-free/svgs/solid/seedling.svg
vendor/fontawesome-free/svgs/solid/suitcase.svg
vendor/fontawesome-free/svgs/solid/surprise.svg
vendor/fontawesome-free/svgs/solid/sync-alt.svg
vendor/fontawesome-free/svgs/solid/th-large.svg
vendor/fontawesome-free/svgs/solid/terminal.svg
vendor/fontawesome-free/svgs/solid/umbrella.svg
vendor/fontawesome-free/svgs/solid/undo-alt.svg
vendor/fontawesome-free/svgs/solid/user-alt.svg
vendor/fontawesome-free/svgs/solid/user-cog.svg
vendor/fontawesome-free/svgs/solid/user-tag.svg
vendor/fontawesome-free/svgs/solid/user-tie.svg
vendor/fontawesome-free/svgs/solid/utensils.svg
vendor/fontawesome-free/svgs/solid/yen-sign.svg
vendor/fontawesome-free/svgs/solid/won-sign.svg
vendor/fontawesome-free/svgs/solid/yin-yang.svg
vendor/fontawesome-free/less/_screen-reader.less
vendor/fontawesome-free/scss/_screen-reader.scss
vendor/fontawesome-free/svgs/brands/adversal.svg
vendor/fontawesome-free/svgs/brands/accusoft.svg
vendor/fontawesome-free/svgs/brands/bandcamp.svg
vendor/fontawesome-free/svgs/brands/codiepie.svg
vendor/fontawesome-free/svgs/brands/css3-alt.svg
vendor/fontawesome-free/svgs/brands/dashcube.svg
vendor/fontawesome-free/svgs/brands/dribbble.svg
vendor/fontawesome-free/svgs/brands/ethereum.svg
vendor/fontawesome-free/svgs/brands/facebook.svg
vendor/fontawesome-free/svgs/brands/forumbee.svg
vendor/fontawesome-free/svgs/brands/gripfire.svg
vendor/fontawesome-free/svgs/brands/gratipay.svg
vendor/fontawesome-free/svgs/brands/hornbill.svg
vendor/fontawesome-free/svgs/brands/jsfiddle.svg
vendor/fontawesome-free/svgs/brands/linkedin.svg
vendor/fontawesome-free/svgs/brands/mastodon.svg
vendor/fontawesome-free/svgs/brands/markdown.svg
vendor/fontawesome-free/svgs/brands/megaport.svg
vendor/fontawesome-free/svgs/brands/medium-m.svg
vendor/fontawesome-free/svgs/brands/mixcloud.svg
vendor/fontawesome-free/svgs/brands/opencart.svg
vendor/fontawesome-free/svgs/brands/sellcast.svg
vendor/fontawesome-free/svgs/brands/skyatlas.svg
vendor/fontawesome-free/svgs/brands/shopware.svg
vendor/fontawesome-free/svgs/brands/snapchat.svg
vendor/fontawesome-free/svgs/brands/stripe-s.svg
vendor/fontawesome-free/svgs/brands/telegram.svg
vendor/fontawesome-free/svgs/brands/ussunnah.svg
vendor/fontawesome-free/svgs/brands/whatsapp.svg
vendor/fontawesome-free/svgs/regular/compass.svg
vendor/fontawesome-free/svgs/regular/comment.svg
vendor/fontawesome-free/svgs/regular/flushed.svg
vendor/fontawesome-free/svgs/regular/grimace.svg
vendor/fontawesome-free/svgs/regular/id-card.svg
vendor/fontawesome-free/svgs/regular/sad-cry.svg
vendor/fontawesome-free/svgs/solid/ambulance.svg
vendor/fontawesome-free/svgs/solid/allergies.svg
vendor/fontawesome-free/svgs/solid/apple-alt.svg
vendor/fontawesome-free/svgs/solid/backspace.svg
vendor/fontawesome-free/svgs/solid/book-open.svg
vendor/fontawesome-free/svgs/solid/briefcase.svg
vendor/fontawesome-free/svgs/solid/car-crash.svg
vendor/fontawesome-free/svgs/solid/cart-plus.svg
vendor/fontawesome-free/svgs/solid/chart-bar.svg
vendor/fontawesome-free/svgs/solid/chart-pie.svg
vendor/fontawesome-free/svgs/solid/clipboard.svg
vendor/fontawesome-free/svgs/solid/copyright.svg
vendor/fontawesome-free/svgs/solid/diagnoses.svg
vendor/fontawesome-free/svgs/solid/dice-four.svg
vendor/fontawesome-free/svgs/solid/dice-five.svg
vendor/fontawesome-free/svgs/solid/door-open.svg
vendor/fontawesome-free/svgs/solid/euro-sign.svg
vendor/fontawesome-free/svgs/solid/eye-slash.svg
vendor/fontawesome-free/svgs/solid/file-code.svg
vendor/fontawesome-free/svgs/solid/file-word.svg
vendor/fontawesome-free/svgs/solid/fill-drip.svg
vendor/fontawesome-free/svgs/solid/first-aid.svg
vendor/fontawesome-free/svgs/solid/golf-ball.svg
vendor/fontawesome-free/svgs/solid/grin-beam.svg
vendor/fontawesome-free/svgs/solid/grin-wink.svg
vendor/fontawesome-free/svgs/solid/hand-rock.svg
vendor/fontawesome-free/svgs/solid/handshake.svg
vendor/fontawesome-free/svgs/solid/heartbeat.svg
vendor/fontawesome-free/svgs/solid/hourglass.svg
vendor/fontawesome-free/svgs/solid/kiss-beam.svg
vendor/fontawesome-free/svgs/solid/kiwi-bird.svg
vendor/fontawesome-free/svgs/solid/less-than.svg
vendor/fontawesome-free/svgs/solid/lightbulb.svg
vendor/fontawesome-free/svgs/solid/life-ring.svg
vendor/fontawesome-free/svgs/solid/lira-sign.svg
vendor/fontawesome-free/svgs/solid/lock-open.svg
vendor/fontawesome-free/svgs/solid/mail-bulk.svg
vendor/fontawesome-free/svgs/solid/map-signs.svg
vendor/fontawesome-free/svgs/solid/meh-blank.svg
vendor/fontawesome-free/svgs/solid/microchip.svg
vendor/fontawesome-free/svgs/solid/not-equal.svg
vendor/fontawesome-free/svgs/solid/newspaper.svg
vendor/fontawesome-free/svgs/solid/paperclip.svg
vendor/fontawesome-free/svgs/solid/paragraph.svg
vendor/fontawesome-free/svgs/solid/pen-fancy.svg
vendor/fontawesome-free/svgs/solid/power-off.svg
vendor/fontawesome-free/svgs/solid/quidditch.svg
vendor/fontawesome-free/svgs/solid/reply-all.svg
vendor/fontawesome-free/svgs/solid/share-alt.svg
vendor/fontawesome-free/svgs/solid/sliders-h.svg
vendor/fontawesome-free/svgs/solid/signature.svg
vendor/fontawesome-free/svgs/solid/snowflake.svg
vendor/fontawesome-free/svgs/solid/sort-down.svg
vendor/fontawesome-free/svgs/solid/spray-can.svg
vendor/fontawesome-free/svgs/solid/star-half.svg
vendor/fontawesome-free/svgs/solid/stopwatch.svg
vendor/fontawesome-free/svgs/solid/store-alt.svg
vendor/fontawesome-free/svgs/solid/subscript.svg
vendor/fontawesome-free/svgs/solid/synagogue.svg
vendor/fontawesome-free/svgs/solid/thumbtack.svg
vendor/fontawesome-free/svgs/solid/thumbs-up.svg
vendor/fontawesome-free/svgs/solid/toggle-on.svg
vendor/fontawesome-free/svgs/solid/trademark.svg
vendor/fontawesome-free/svgs/solid/trash-alt.svg
vendor/fontawesome-free/svgs/solid/underline.svg
vendor/fontawesome-free/svgs/solid/user-edit.svg
vendor/fontawesome-free/svgs/solid/user-lock.svg
vendor/fontawesome-free/svgs/solid/user-plus.svg
vendor/fontawesome-free/svgs/solid/users-cog.svg
vendor/fontawesome-free/svgs/solid/volume-up.svg
vendor/fontawesome-free/svgs/solid/warehouse.svg
vendor/fontawesome-free/svgs/brands/angellist.svg
vendor/fontawesome-free/svgs/brands/app-store.svg
vendor/fontawesome-free/svgs/brands/apple-pay.svg
vendor/fontawesome-free/svgs/brands/bitbucket.svg
vendor/fontawesome-free/svgs/brands/bimobject.svg
vendor/fontawesome-free/svgs/brands/black-tie.svg
vendor/fontawesome-free/svgs/brands/bluetooth.svg
vendor/fontawesome-free/svgs/brands/blogger-b.svg
vendor/fontawesome-free/svgs/brands/cc-paypal.svg
vendor/fontawesome-free/svgs/brands/cc-stripe.svg
vendor/fontawesome-free/svgs/brands/deploydog.svg
vendor/fontawesome-free/svgs/brands/delicious.svg
vendor/fontawesome-free/svgs/brands/discourse.svg
vendor/fontawesome-free/svgs/brands/elementor.svg
vendor/fontawesome-free/svgs/brands/flipboard.svg
vendor/fontawesome-free/svgs/brands/fonticons.svg
vendor/fontawesome-free/svgs/brands/gg-circle.svg
vendor/fontawesome-free/svgs/brands/gitkraken.svg
vendor/fontawesome-free/svgs/brands/goodreads.svg
vendor/fontawesome-free/svgs/brands/instagram.svg
vendor/fontawesome-free/svgs/brands/js-square.svg
vendor/fontawesome-free/svgs/brands/mailchimp.svg
vendor/fontawesome-free/svgs/brands/microsoft.svg
vendor/fontawesome-free/svgs/brands/pagelines.svg
vendor/fontawesome-free/svgs/brands/periscope.svg
vendor/fontawesome-free/svgs/brands/pinterest.svg
vendor/fontawesome-free/svgs/brands/r-project.svg
vendor/fontawesome-free/svgs/brands/quinscape.svg
vendor/fontawesome-free/svgs/brands/red-river.svg
vendor/fontawesome-free/svgs/brands/resolving.svg
vendor/fontawesome-free/svgs/brands/teamspeak.svg
vendor/fontawesome-free/svgs/brands/themeisle.svg
vendor/fontawesome-free/svgs/brands/wordpress.svg
vendor/fontawesome-free/svgs/regular/bookmark.svg
vendor/fontawesome-free/svgs/regular/building.svg
vendor/fontawesome-free/svgs/regular/calendar.svg
vendor/fontawesome-free/svgs/regular/comments.svg
vendor/fontawesome-free/svgs/regular/envelope.svg
vendor/fontawesome-free/svgs/regular/file-alt.svg
vendor/fontawesome-free/svgs/regular/file-pdf.svg
vendor/fontawesome-free/svgs/regular/grin-alt.svg
vendor/fontawesome-free/svgs/regular/id-badge.svg
vendor/fontawesome-free/svgs/regular/hospital.svg
vendor/fontawesome-free/svgs/regular/keyboard.svg
vendor/fontawesome-free/svgs/regular/list-alt.svg
vendor/fontawesome-free/svgs/regular/sad-tear.svg
vendor/fontawesome-free/svgs/regular/surprise.svg
vendor/fontawesome-free/svgs/solid/align-left.svg
vendor/fontawesome-free/svgs/solid/angle-left.svg
vendor/fontawesome-free/svgs/solid/angle-down.svg
vendor/fontawesome-free/svgs/solid/arrow-left.svg
vendor/fontawesome-free/svgs/solid/arrow-down.svg
vendor/fontawesome-free/svgs/solid/arrows-alt.svg
vendor/fontawesome-free/svgs/solid/bell-slash.svg
vendor/fontawesome-free/svgs/solid/binoculars.svg
vendor/fontawesome-free/svgs/solid/calculator.svg
vendor/fontawesome-free/svgs/solid/caret-down.svg
vendor/fontawesome-free/svgs/solid/caret-left.svg
vendor/fontawesome-free/svgs/solid/chart-area.svg
vendor/fontawesome-free/svgs/solid/chalkboard.svg
vendor/fontawesome-free/svgs/solid/chart-line.svg
vendor/fontawesome-free/svgs/solid/chess-king.svg
vendor/fontawesome-free/svgs/solid/chess-rook.svg
vendor/fontawesome-free/svgs/solid/chess-pawn.svg
vendor/fontawesome-free/svgs/solid/chevron-up.svg
vendor/fontawesome-free/svgs/solid/crosshairs.svg
vendor/fontawesome-free/svgs/solid/dice-three.svg
vendor/fontawesome-free/svgs/solid/directions.svg
vendor/fontawesome-free/svgs/solid/dot-circle.svg
vendor/fontawesome-free/svgs/solid/ellipsis-h.svg
vendor/fontawesome-free/svgs/solid/ellipsis-v.svg
vendor/fontawesome-free/svgs/solid/file-audio.svg
vendor/fontawesome-free/svgs/solid/file-excel.svg
vendor/fontawesome-free/svgs/solid/file-image.svg
vendor/fontawesome-free/svgs/solid/file-video.svg
vendor/fontawesome-free/svgs/solid/frown-open.svg
vendor/fontawesome-free/svgs/solid/genderless.svg
vendor/fontawesome-free/svgs/solid/globe-asia.svg
vendor/fontawesome-free/svgs/solid/grin-tears.svg
vendor/fontawesome-free/svgs/solid/grin-stars.svg
vendor/fontawesome-free/svgs/solid/hand-peace.svg
vendor/fontawesome-free/svgs/solid/hand-paper.svg
vendor/fontawesome-free/svgs/solid/hand-spock.svg
vendor/fontawesome-free/svgs/solid/helicopter.svg
vendor/fontawesome-free/svgs/solid/headphones.svg
vendor/fontawesome-free/svgs/solid/laugh-beam.svg
vendor/fontawesome-free/svgs/solid/laugh-wink.svg
vendor/fontawesome-free/svgs/solid/low-vision.svg
vendor/fontawesome-free/svgs/solid/map-marker.svg
vendor/fontawesome-free/svgs/solid/map-marked.svg
vendor/fontawesome-free/svgs/solid/microphone.svg
vendor/fontawesome-free/svgs/solid/microscope.svg
vendor/fontawesome-free/svgs/solid/mobile-alt.svg
vendor/fontawesome-free/svgs/solid/money-bill.svg
vendor/fontawesome-free/svgs/solid/motorcycle.svg
vendor/fontawesome-free/svgs/solid/pen-square.svg
vendor/fontawesome-free/svgs/solid/pencil-alt.svg
vendor/fontawesome-free/svgs/solid/percentage.svg
vendor/fontawesome-free/svgs/solid/piggy-bank.svg
vendor/fontawesome-free/svgs/solid/pound-sign.svg
vendor/fontawesome-free/svgs/solid/procedures.svg
vendor/fontawesome-free/svgs/solid/quote-left.svg
vendor/fontawesome-free/svgs/solid/registered.svg
vendor/fontawesome-free/svgs/solid/rss-square.svg
vendor/fontawesome-free/svgs/solid/ruble-sign.svg
vendor/fontawesome-free/svgs/solid/rupee-sign.svg
vendor/fontawesome-free/svgs/solid/shield-alt.svg
vendor/fontawesome-free/svgs/solid/smile-wink.svg
vendor/fontawesome-free/svgs/solid/smile-beam.svg
vendor/fontawesome-free/svgs/solid/swatchbook.svg
vendor/fontawesome-free/svgs/solid/tablet-alt.svg
vendor/fontawesome-free/svgs/solid/teeth-open.svg
vendor/fontawesome-free/svgs/solid/text-width.svg
vendor/fontawesome-free/svgs/solid/tint-slash.svg
vendor/fontawesome-free/svgs/solid/ticket-alt.svg
vendor/fontawesome-free/svgs/solid/toggle-off.svg
vendor/fontawesome-free/svgs/solid/torii-gate.svg
vendor/fontawesome-free/svgs/solid/university.svg
vendor/fontawesome-free/svgs/solid/unlock-alt.svg
vendor/fontawesome-free/svgs/solid/user-check.svg
vendor/fontawesome-free/svgs/solid/user-clock.svg
vendor/fontawesome-free/svgs/solid/user-ninja.svg
vendor/fontawesome-free/svgs/solid/user-minus.svg
vendor/fontawesome-free/svgs/solid/user-slash.svg
vendor/fontawesome-free/svgs/solid/user-times.svg
vendor/fontawesome-free/svgs/solid/venus-mars.svg
vendor/fontawesome-free/svgs/solid/volume-off.svg
vendor/fontawesome-free/svgs/solid/wheelchair.svg
vendor/fontawesome-free/svgs/solid/wine-glass.svg
vendor/fontawesome-free/less/_bordered-pulled.less
vendor/fontawesome-free/less/_rotated-flipped.less
vendor/fontawesome-free/scss/_bordered-pulled.scss
vendor/fontawesome-free/scss/_rotated-flipped.scss
vendor/fontawesome-free/svgs/brands/amazon-pay.svg
vendor/fontawesome-free/svgs/brands/asymmetrik.svg
vendor/fontawesome-free/svgs/brands/blackberry.svg
vendor/fontawesome-free/svgs/brands/buysellads.svg
vendor/fontawesome-free/svgs/brands/cloudscale.svg
vendor/fontawesome-free/svgs/brands/cloudsmith.svg
vendor/fontawesome-free/svgs/brands/centercode.svg
vendor/fontawesome-free/svgs/brands/cuttlefish.svg
vendor/fontawesome-free/svgs/brands/deviantart.svg
vendor/fontawesome-free/svgs/brands/earlybirds.svg
vendor/fontawesome-free/svgs/brands/facebook-f.svg
vendor/fontawesome-free/svgs/brands/firstdraft.svg
vendor/fontawesome-free/svgs/brands/foursquare.svg
vendor/fontawesome-free/svgs/brands/get-pocket.svg
vendor/fontawesome-free/svgs/brands/github-alt.svg
vendor/fontawesome-free/svgs/brands/git-square.svg
vendor/fontawesome-free/svgs/brands/hackerrank.svg
vendor/fontawesome-free/svgs/brands/jedi-order.svg
vendor/fontawesome-free/svgs/brands/pied-piper.svg
vendor/fontawesome-free/svgs/brands/rocketchat.svg
vendor/fontawesome-free/svgs/brands/slack-hash.svg
vendor/fontawesome-free/svgs/brands/slideshare.svg
vendor/fontawesome-free/svgs/brands/soundcloud.svg
vendor/fontawesome-free/svgs/brands/staylinked.svg
vendor/fontawesome-free/svgs/brands/wpbeginner.svg
vendor/fontawesome-free/svgs/brands/wpexplorer.svg
vendor/fontawesome-free/svgs/regular/chart-bar.svg
vendor/fontawesome-free/svgs/regular/clipboard.svg
vendor/fontawesome-free/svgs/regular/copyright.svg
vendor/fontawesome-free/svgs/regular/eye-slash.svg
vendor/fontawesome-free/svgs/regular/file-code.svg
vendor/fontawesome-free/svgs/regular/file-word.svg
vendor/fontawesome-free/svgs/regular/grin-beam.svg
vendor/fontawesome-free/svgs/regular/grin-wink.svg
vendor/fontawesome-free/svgs/regular/handshake.svg
vendor/fontawesome-free/svgs/regular/hand-rock.svg
vendor/fontawesome-free/svgs/regular/hourglass.svg
vendor/fontawesome-free/svgs/regular/kiss-beam.svg
vendor/fontawesome-free/svgs/regular/meh-blank.svg
vendor/fontawesome-free/svgs/regular/lightbulb.svg
vendor/fontawesome-free/svgs/regular/life-ring.svg
vendor/fontawesome-free/svgs/regular/newspaper.svg
vendor/fontawesome-free/svgs/regular/star-half.svg
vendor/fontawesome-free/svgs/regular/snowflake.svg
vendor/fontawesome-free/svgs/regular/trash-alt.svg
vendor/fontawesome-free/svgs/regular/thumbs-up.svg
vendor/fontawesome-free/svgs/solid/align-right.svg
vendor/fontawesome-free/svgs/solid/angle-right.svg
vendor/fontawesome-free/svgs/solid/arrow-right.svg
vendor/fontawesome-free/svgs/solid/book-reader.svg
vendor/fontawesome-free/svgs/solid/car-battery.svg
vendor/fontawesome-free/svgs/solid/caret-right.svg
vendor/fontawesome-free/svgs/solid/certificate.svg
vendor/fontawesome-free/svgs/solid/chess-board.svg
vendor/fontawesome-free/svgs/solid/chess-queen.svg
vendor/fontawesome-free/svgs/solid/comment-alt.svg
vendor/fontawesome-free/svgs/solid/code-branch.svg
vendor/fontawesome-free/svgs/solid/cookie-bite.svg
vendor/fontawesome-free/svgs/solid/credit-card.svg
vendor/fontawesome-free/svgs/solid/dollar-sign.svg
vendor/fontawesome-free/svgs/solid/door-closed.svg
vendor/fontawesome-free/svgs/solid/exclamation.svg
vendor/fontawesome-free/svgs/solid/eye-dropper.svg
vendor/fontawesome-free/svgs/solid/feather-alt.svg
vendor/fontawesome-free/svgs/solid/fighter-jet.svg
vendor/fontawesome-free/svgs/solid/file-import.svg
vendor/fontawesome-free/svgs/solid/file-export.svg
vendor/fontawesome-free/svgs/solid/file-upload.svg
vendor/fontawesome-free/svgs/solid/fingerprint.svg
vendor/fontawesome-free/svgs/solid/folder-open.svg
vendor/fontawesome-free/svgs/solid/folder-plus.svg
vendor/fontawesome-free/svgs/solid/grin-hearts.svg
vendor/fontawesome-free/svgs/solid/grin-squint.svg
vendor/fontawesome-free/svgs/solid/grin-tongue.svg
vendor/fontawesome-free/svgs/solid/hand-lizard.svg
vendor/fontawesome-free/svgs/solid/highlighter.svg
vendor/fontawesome-free/svgs/solid/hockey-puck.svg
vendor/fontawesome-free/svgs/solid/id-card-alt.svg
vendor/fontawesome-free/svgs/solid/info-circle.svg
vendor/fontawesome-free/svgs/solid/laptop-code.svg
vendor/fontawesome-free/svgs/solid/layer-group.svg
vendor/fontawesome-free/svgs/solid/mars-double.svg
vendor/fontawesome-free/svgs/solid/mars-stroke.svg
vendor/fontawesome-free/svgs/solid/money-check.svg
vendor/fontawesome-free/svgs/solid/paint-brush.svg
vendor/fontawesome-free/svgs/solid/paper-plane.svg
vendor/fontawesome-free/svgs/solid/phone-slash.svg
vendor/fontawesome-free/svgs/solid/plus-circle.svg
vendor/fontawesome-free/svgs/solid/plus-square.svg
vendor/fontawesome-free/svgs/solid/play-circle.svg
vendor/fontawesome-free/svgs/solid/quote-right.svg
vendor/fontawesome-free/svgs/solid/screwdriver.svg
vendor/fontawesome-free/svgs/solid/search-plus.svg
vendor/fontawesome-free/svgs/solid/shekel-sign.svg
vendor/fontawesome-free/svgs/solid/shoe-prints.svg
vendor/fontawesome-free/svgs/solid/shuttle-van.svg
vendor/fontawesome-free/svgs/solid/sign-in-alt.svg
vendor/fontawesome-free/svgs/solid/smoking-ban.svg
vendor/fontawesome-free/svgs/solid/solar-panel.svg
vendor/fontawesome-free/svgs/solid/square-full.svg
vendor/fontawesome-free/svgs/solid/sticky-note.svg
vendor/fontawesome-free/svgs/solid/stethoscope.svg
vendor/fontawesome-free/svgs/solid/stop-circle.svg
vendor/fontawesome-free/svgs/solid/street-view.svg
vendor/fontawesome-free/svgs/solid/stroopwafel.svg
vendor/fontawesome-free/svgs/solid/superscript.svg
vendor/fontawesome-free/svgs/solid/text-height.svg
vendor/fontawesome-free/svgs/solid/thermometer.svg
vendor/fontawesome-free/svgs/solid/thumbs-down.svg
vendor/fontawesome-free/svgs/solid/transgender.svg
vendor/fontawesome-free/svgs/solid/user-circle.svg
vendor/fontawesome-free/svgs/solid/user-secret.svg
vendor/fontawesome-free/svgs/solid/user-shield.svg
vendor/fontawesome-free/svgs/solid/video-slash.svg
vendor/fontawesome-free/svgs/solid/volume-down.svg
vendor/jquery-easing/jquery.easing.compatibility.js
vendor/fontawesome-free/svgs/brands/bluetooth-b.svg
vendor/fontawesome-free/svgs/brands/cc-discover.svg
vendor/fontawesome-free/svgs/brands/first-order.svg
vendor/fontawesome-free/svgs/brands/goodreads-g.svg
vendor/fontawesome-free/svgs/brands/google-play.svg
vendor/fontawesome-free/svgs/brands/google-plus.svg
vendor/fontawesome-free/svgs/brands/hacker-news.svg
vendor/fontawesome-free/svgs/brands/itunes-note.svg
vendor/fontawesome-free/svgs/brands/kickstarter.svg
vendor/fontawesome-free/svgs/brands/linkedin-in.svg
vendor/fontawesome-free/svgs/brands/mandalorian.svg
vendor/fontawesome-free/svgs/brands/nutritionix.svg
vendor/fontawesome-free/svgs/brands/phabricator.svg
vendor/fontawesome-free/svgs/brands/pinterest-p.svg
vendor/fontawesome-free/svgs/brands/playstation.svg
vendor/fontawesome-free/svgs/brands/searchengin.svg
vendor/fontawesome-free/svgs/brands/simplybuilt.svg
vendor/fontawesome-free/svgs/brands/squarespace.svg
vendor/fontawesome-free/svgs/brands/stumbleupon.svg
vendor/fontawesome-free/svgs/brands/superpowers.svg
vendor/fontawesome-free/svgs/brands/tripadvisor.svg
vendor/fontawesome-free/svgs/brands/uniregistry.svg
vendor/fontawesome-free/svgs/brands/wikipedia-w.svg
vendor/fontawesome-free/svgs/brands/xing-square.svg
vendor/fontawesome-free/svgs/regular/bell-slash.svg
vendor/fontawesome-free/svgs/regular/dot-circle.svg
vendor/fontawesome-free/svgs/regular/file-audio.svg
vendor/fontawesome-free/svgs/regular/file-excel.svg
vendor/fontawesome-free/svgs/regular/file-image.svg
vendor/fontawesome-free/svgs/regular/file-video.svg
vendor/fontawesome-free/svgs/regular/frown-open.svg
vendor/fontawesome-free/svgs/regular/grin-tears.svg
vendor/fontawesome-free/svgs/regular/grin-stars.svg
vendor/fontawesome-free/svgs/regular/hand-peace.svg
vendor/fontawesome-free/svgs/regular/hand-paper.svg
vendor/fontawesome-free/svgs/regular/hand-spock.svg
vendor/fontawesome-free/svgs/regular/laugh-beam.svg
vendor/fontawesome-free/svgs/regular/laugh-wink.svg
vendor/fontawesome-free/svgs/regular/registered.svg
vendor/fontawesome-free/svgs/regular/smile-wink.svg
vendor/fontawesome-free/svgs/regular/smile-beam.svg
vendor/fontawesome-free/svgs/solid/align-center.svg
vendor/fontawesome-free/svgs/solid/address-book.svg
vendor/fontawesome-free/svgs/solid/address-card.svg
vendor/fontawesome-free/svgs/solid/arrows-alt-h.svg
vendor/fontawesome-free/svgs/solid/arrows-alt-v.svg
vendor/fontawesome-free/svgs/solid/battery-full.svg
vendor/fontawesome-free/svgs/solid/battery-half.svg
vendor/fontawesome-free/svgs/solid/bezier-curve.svg
vendor/fontawesome-free/svgs/solid/bowling-ball.svg
vendor/fontawesome-free/svgs/solid/calendar-alt.svg
vendor/fontawesome-free/svgs/solid/camera-retro.svg
vendor/fontawesome-free/svgs/solid/check-double.svg
vendor/fontawesome-free/svgs/solid/check-circle.svg
vendor/fontawesome-free/svgs/solid/check-square.svg
vendor/fontawesome-free/svgs/solid/chess-bishop.svg
vendor/fontawesome-free/svgs/solid/chess-knight.svg
vendor/fontawesome-free/svgs/solid/chevron-down.svg
vendor/fontawesome-free/svgs/solid/chevron-left.svg
vendor/fontawesome-free/svgs/solid/circle-notch.svg
vendor/fontawesome-free/svgs/solid/comment-dots.svg
vendor/fontawesome-free/svgs/solid/compact-disc.svg
vendor/fontawesome-free/svgs/solid/dharmachakra.svg
vendor/fontawesome-free/svgs/solid/draw-polygon.svg
vendor/fontawesome-free/svgs/solid/exchange-alt.svg
vendor/fontawesome-free/svgs/solid/fast-forward.svg
vendor/fontawesome-free/svgs/solid/file-archive.svg
vendor/fontawesome-free/svgs/solid/file-medical.svg
vendor/fontawesome-free/svgs/solid/file-invoice.svg
vendor/fontawesome-free/svgs/solid/folder-minus.svg
vendor/fontawesome-free/svgs/solid/globe-africa.svg
vendor/fontawesome-free/svgs/solid/greater-than.svg
vendor/fontawesome-free/svgs/solid/hand-holding.svg
vendor/fontawesome-free/svgs/solid/hand-pointer.svg
vendor/fontawesome-free/svgs/solid/hospital-alt.svg
vendor/fontawesome-free/svgs/solid/laugh-squint.svg
vendor/fontawesome-free/svgs/solid/level-up-alt.svg
vendor/fontawesome-free/svgs/solid/luggage-cart.svg
vendor/fontawesome-free/svgs/solid/minus-circle.svg
vendor/fontawesome-free/svgs/solid/minus-square.svg
vendor/fontawesome-free/svgs/solid/object-group.svg
vendor/fontawesome-free/svgs/solid/paint-roller.svg
vendor/fontawesome-free/svgs/solid/pause-circle.svg
vendor/fontawesome-free/svgs/solid/people-carry.svg
vendor/fontawesome-free/svgs/solid/pencil-ruler.svg
vendor/fontawesome-free/svgs/solid/phone-square.svg
vendor/fontawesome-free/svgs/solid/phone-volume.svg
vendor/fontawesome-free/svgs/solid/prescription.svg
vendor/fontawesome-free/svgs/solid/puzzle-piece.svg
vendor/fontawesome-free/svgs/solid/search-minus.svg
vendor/fontawesome-free/svgs/solid/share-square.svg
vendor/fontawesome-free/svgs/solid/shopping-bag.svg
vendor/fontawesome-free/svgs/solid/sign-out-alt.svg
vendor/fontawesome-free/svgs/solid/star-of-life.svg
vendor/fontawesome-free/svgs/solid/step-forward.svg
vendor/fontawesome-free/svgs/solid/table-tennis.svg
vendor/fontawesome-free/svgs/solid/times-circle.svg
vendor/fontawesome-free/svgs/solid/truck-pickup.svg
vendor/fontawesome-free/svgs/solid/truck-moving.svg
vendor/fontawesome-free/svgs/solid/user-friends.svg
vendor/fontawesome-free/svgs/solid/venus-double.svg
vendor/fontawesome-free/svgs/solid/window-close.svg
vendor/fontawesome-free/svgs/brands/autoprefixer.svg
vendor/fontawesome-free/svgs/brands/cc-apple-pay.svg
vendor/fontawesome-free/svgs/brands/cloudversify.svg
vendor/fontawesome-free/svgs/brands/expeditedssl.svg
vendor/fontawesome-free/svgs/brands/font-awesome.svg
vendor/fontawesome-free/svgs/brands/fort-awesome.svg
vendor/fontawesome-free/svgs/brands/fonticons-fi.svg
vendor/fontawesome-free/svgs/brands/google-drive.svg
vendor/fontawesome-free/svgs/brands/old-republic.svg
vendor/fontawesome-free/svgs/brands/product-hunt.svg
vendor/fontawesome-free/svgs/brands/reddit-alien.svg
vendor/fontawesome-free/svgs/brands/researchgate.svg
vendor/fontawesome-free/svgs/brands/servicestack.svg
vendor/fontawesome-free/svgs/brands/shirtsinbulk.svg
vendor/fontawesome-free/svgs/brands/steam-symbol.svg
vendor/fontawesome-free/svgs/brands/steam-square.svg
vendor/fontawesome-free/svgs/brands/sticker-mule.svg
vendor/fontawesome-free/svgs/brands/studiovinari.svg
vendor/fontawesome-free/svgs/brands/the-red-yeti.svg
vendor/fontawesome-free/svgs/brands/vimeo-square.svg
vendor/fontawesome-free/svgs/brands/y-combinator.svg
vendor/fontawesome-free/svgs/regular/comment-alt.svg
vendor/fontawesome-free/svgs/regular/credit-card.svg
vendor/fontawesome-free/svgs/regular/folder-open.svg
vendor/fontawesome-free/svgs/regular/grin-hearts.svg
vendor/fontawesome-free/svgs/regular/grin-squint.svg
vendor/fontawesome-free/svgs/regular/grin-tongue.svg
vendor/fontawesome-free/svgs/regular/hand-lizard.svg
vendor/fontawesome-free/svgs/regular/paper-plane.svg
vendor/fontawesome-free/svgs/regular/plus-square.svg
vendor/fontawesome-free/svgs/regular/play-circle.svg
vendor/fontawesome-free/svgs/regular/sticky-note.svg
vendor/fontawesome-free/svgs/regular/stop-circle.svg
vendor/fontawesome-free/svgs/regular/thumbs-down.svg
vendor/fontawesome-free/svgs/regular/user-circle.svg
vendor/fontawesome-free/svgs/solid/air-freshener.svg
vendor/fontawesome-free/svgs/solid/align-justify.svg
vendor/fontawesome-free/svgs/solid/balance-scale.svg
vendor/fontawesome-free/svgs/solid/baseball-ball.svg
vendor/fontawesome-free/svgs/solid/battery-empty.svg
vendor/fontawesome-free/svgs/solid/birthday-cake.svg
vendor/fontawesome-free/svgs/solid/business-time.svg
vendor/fontawesome-free/svgs/solid/calendar-plus.svg
vendor/fontawesome-free/svgs/solid/chevron-right.svg
vendor/fontawesome-free/svgs/solid/comment-slash.svg
vendor/fontawesome-free/svgs/solid/dolly-flatbed.svg
vendor/fontawesome-free/svgs/solid/drum-steelpan.svg
vendor/fontawesome-free/svgs/solid/envelope-open.svg
vendor/fontawesome-free/svgs/solid/fast-backward.svg
vendor/fontawesome-free/svgs/solid/file-contract.svg
vendor/fontawesome-free/svgs/solid/file-download.svg
vendor/fontawesome-free/svgs/solid/football-ball.svg
vendor/fontawesome-free/svgs/solid/funnel-dollar.svg
vendor/fontawesome-free/svgs/solid/glass-martini.svg
vendor/fontawesome-free/svgs/solid/grip-vertical.svg
vendor/fontawesome-free/svgs/solid/hand-point-up.svg
vendor/fontawesome-free/svgs/solid/hands-helping.svg
vendor/fontawesome-free/svgs/solid/hand-scissors.svg
vendor/fontawesome-free/svgs/solid/hourglass-end.svg
vendor/fontawesome-free/svgs/solid/mars-stroke-h.svg
vendor/fontawesome-free/svgs/solid/mars-stroke-v.svg
vendor/fontawesome-free/svgs/solid/mortar-pestle.svg
vendor/fontawesome-free/svgs/solid/mouse-pointer.svg
vendor/fontawesome-free/svgs/solid/notes-medical.svg
vendor/fontawesome-free/svgs/solid/parachute-box.svg
vendor/fontawesome-free/svgs/solid/plane-arrival.svg
vendor/fontawesome-free/svgs/solid/praying-hands.svg
vendor/fontawesome-free/svgs/solid/search-dollar.svg
vendor/fontawesome-free/svgs/solid/shopping-cart.svg
vendor/fontawesome-free/svgs/solid/shipping-fast.svg
vendor/fontawesome-free/svgs/solid/sign-language.svg
vendor/fontawesome-free/svgs/solid/sort-alpha-up.svg
vendor/fontawesome-free/svgs/solid/space-shuttle.svg
vendor/fontawesome-free/svgs/solid/star-half-alt.svg
vendor/fontawesome-free/svgs/solid/star-of-david.svg
vendor/fontawesome-free/svgs/solid/step-backward.svg
vendor/fontawesome-free/svgs/solid/strikethrough.svg
vendor/fontawesome-free/svgs/solid/swimming-pool.svg
vendor/fontawesome-free/svgs/solid/theater-masks.svg
vendor/fontawesome-free/svgs/solid/traffic-light.svg
vendor/fontawesome-free/svgs/solid/truck-monster.svg
vendor/fontawesome-free/svgs/solid/truck-loading.svg
vendor/fontawesome-free/svgs/solid/user-graduate.svg
vendor/fontawesome-free/svgs/solid/utensil-spoon.svg
vendor/fontawesome-free/svgs/solid/vector-square.svg
vendor/fontawesome-free/svgs/brands/app-store-ios.svg
vendor/fontawesome-free/svgs/brands/angrycreative.svg
vendor/fontawesome-free/svgs/brands/cc-amazon-pay.svg
vendor/fontawesome-free/svgs/brands/cc-mastercard.svg
vendor/fontawesome-free/svgs/brands/digital-ocean.svg
vendor/fontawesome-free/svgs/brands/draft2digital.svg
vendor/fontawesome-free/svgs/brands/github-square.svg
vendor/fontawesome-free/svgs/brands/google-plus-g.svg
vendor/fontawesome-free/svgs/brands/google-wallet.svg
vendor/fontawesome-free/svgs/brands/hire-a-helper.svg
vendor/fontawesome-free/svgs/brands/kickstarter-k.svg
vendor/fontawesome-free/svgs/brands/lastfm-square.svg
vendor/fontawesome-free/svgs/brands/odnoklassniki.svg
vendor/fontawesome-free/svgs/brands/optin-monster.svg
vendor/fontawesome-free/svgs/brands/pied-piper-pp.svg
vendor/fontawesome-free/svgs/brands/reddit-square.svg
vendor/fontawesome-free/svgs/brands/tencent-weibo.svg
vendor/fontawesome-free/svgs/brands/tumblr-square.svg
vendor/fontawesome-free/svgs/brands/viadeo-square.svg
vendor/fontawesome-free/svgs/regular/address-book.svg
vendor/fontawesome-free/svgs/regular/address-card.svg
vendor/fontawesome-free/svgs/regular/calendar-alt.svg
vendor/fontawesome-free/svgs/regular/check-circle.svg
vendor/fontawesome-free/svgs/regular/check-square.svg
vendor/fontawesome-free/svgs/regular/comment-dots.svg
vendor/fontawesome-free/svgs/regular/file-archive.svg
vendor/fontawesome-free/svgs/regular/hand-pointer.svg
vendor/fontawesome-free/svgs/regular/laugh-squint.svg
vendor/fontawesome-free/svgs/regular/minus-square.svg
vendor/fontawesome-free/svgs/regular/pause-circle.svg
vendor/fontawesome-free/svgs/regular/object-group.svg
vendor/fontawesome-free/svgs/regular/share-square.svg
vendor/fontawesome-free/svgs/regular/times-circle.svg
vendor/fontawesome-free/svgs/regular/window-close.svg
vendor/fontawesome-free/svgs/solid/calendar-check.svg
vendor/fontawesome-free/svgs/solid/calendar-minus.svg
vendor/fontawesome-free/svgs/solid/calendar-times.svg
vendor/fontawesome-free/svgs/solid/clipboard-list.svg
vendor/fontawesome-free/svgs/solid/comment-dollar.svg
vendor/fontawesome-free/svgs/solid/concierge-bell.svg
vendor/fontawesome-free/svgs/solid/file-signature.svg
vendor/fontawesome-free/svgs/solid/flag-checkered.svg
vendor/fontawesome-free/svgs/solid/globe-americas.svg
vendor/fontawesome-free/svgs/solid/graduation-cap.svg
vendor/fontawesome-free/svgs/solid/headphones-alt.svg
vendor/fontawesome-free/svgs/solid/hourglass-half.svg
vendor/fontawesome-free/svgs/solid/journal-whills.svg
vendor/fontawesome-free/svgs/solid/level-down-alt.svg
vendor/fontawesome-free/svgs/solid/location-arrow.svg
vendor/fontawesome-free/svgs/solid/map-marked-alt.svg
vendor/fontawesome-free/svgs/solid/map-marker-alt.svg
vendor/fontawesome-free/svgs/solid/microphone-alt.svg
vendor/fontawesome-free/svgs/solid/money-bill-alt.svg
vendor/fontawesome-free/svgs/solid/object-ungroup.svg
vendor/fontawesome-free/svgs/solid/pastafarianism.svg
vendor/fontawesome-free/svgs/solid/ruler-combined.svg
vendor/fontawesome-free/svgs/solid/ruler-vertical.svg
vendor/fontawesome-free/svgs/solid/sort-amount-up.svg
vendor/fontawesome-free/svgs/solid/tachometer-alt.svg
vendor/fontawesome-free/svgs/solid/umbrella-beach.svg
vendor/fontawesome-free/svgs/solid/user-alt-slash.svg
vendor/fontawesome-free/svgs/solid/user-astronaut.svg
vendor/fontawesome-free/svgs/solid/weight-hanging.svg
vendor/fontawesome-free/svgs/solid/window-restore.svg
vendor/fontawesome-free/svgs/solid/wine-glass-alt.svg
vendor/fontawesome-free/svgs/brands/affiliatetheme.svg
vendor/fontawesome-free/svgs/brands/behance-square.svg
vendor/fontawesome-free/svgs/brands/cc-diners-club.svg
vendor/fontawesome-free/svgs/brands/connectdevelop.svg
vendor/fontawesome-free/svgs/brands/free-code-camp.svg
vendor/fontawesome-free/svgs/brands/pied-piper-alt.svg
vendor/fontawesome-free/svgs/brands/pied-piper-hat.svg
vendor/fontawesome-free/svgs/brands/snapchat-ghost.svg
vendor/fontawesome-free/svgs/brands/stack-overflow.svg
vendor/fontawesome-free/svgs/brands/stack-exchange.svg
vendor/fontawesome-free/svgs/brands/telegram-plane.svg
vendor/fontawesome-free/svgs/brands/twitter-square.svg
vendor/fontawesome-free/svgs/brands/youtube-square.svg
vendor/fontawesome-free/svgs/regular/calendar-plus.svg
vendor/fontawesome-free/svgs/regular/envelope-open.svg
vendor/fontawesome-free/svgs/regular/hand-point-up.svg
vendor/fontawesome-free/svgs/regular/hand-scissors.svg
vendor/fontawesome-free/svgs/solid/angle-double-up.svg
vendor/fontawesome-free/svgs/solid/arrow-circle-up.svg
vendor/fontawesome-free/svgs/solid/basketball-ball.svg
vendor/fontawesome-free/svgs/solid/battery-quarter.svg
vendor/fontawesome-free/svgs/solid/broadcast-tower.svg
vendor/fontawesome-free/svgs/solid/cart-arrow-down.svg
vendor/fontawesome-free/svgs/solid/caret-square-up.svg
vendor/fontawesome-free/svgs/solid/clipboard-check.svg
vendor/fontawesome-free/svgs/solid/comments-dollar.svg
vendor/fontawesome-free/svgs/solid/envelope-square.svg
vendor/fontawesome-free/svgs/solid/file-powerpoint.svg
vendor/fontawesome-free/svgs/solid/grin-beam-sweat.svg
vendor/fontawesome-free/svgs/solid/grip-horizontal.svg
vendor/fontawesome-free/svgs/solid/hand-point-left.svg
vendor/fontawesome-free/svgs/solid/hand-point-down.svg
vendor/fontawesome-free/svgs/solid/hospital-symbol.svg
vendor/fontawesome-free/svgs/solid/hourglass-start.svg
vendor/fontawesome-free/svgs/solid/kiss-wink-heart.svg
vendor/fontawesome-free/svgs/solid/less-than-equal.svg
vendor/fontawesome-free/svgs/solid/money-bill-wave.svg
vendor/fontawesome-free/svgs/solid/money-check-alt.svg
vendor/fontawesome-free/svgs/solid/plane-departure.svg
vendor/fontawesome-free/svgs/solid/question-circle.svg
vendor/fontawesome-free/svgs/solid/project-diagram.svg
vendor/fontawesome-free/svgs/solid/search-location.svg
vendor/fontawesome-free/svgs/solid/shopping-basket.svg
vendor/fontawesome-free/svgs/solid/sort-alpha-down.svg
vendor/fontawesome-free/svgs/solid/sort-numeric-up.svg
vendor/fontawesome-free/svgs/solid/square-root-alt.svg
vendor/fontawesome-free/svgs/solid/transgender-alt.svg
vendor/fontawesome-free/svgs/solid/volleyball-ball.svg
vendor/fontawesome-free/svgs/solid/window-minimize.svg
vendor/fontawesome-free/svgs/solid/window-maximize.svg
vendor/fontawesome-free/svgs/brands/accessible-icon.svg
vendor/fontawesome-free/svgs/brands/dribbble-square.svg
vendor/fontawesome-free/svgs/brands/facebook-square.svg
vendor/fontawesome-free/svgs/brands/first-order-alt.svg
vendor/fontawesome-free/svgs/brands/galactic-senate.svg
vendor/fontawesome-free/svgs/brands/nintendo-switch.svg
vendor/fontawesome-free/svgs/brands/snapchat-square.svg
vendor/fontawesome-free/svgs/brands/whatsapp-square.svg
vendor/fontawesome-free/svgs/regular/calendar-check.svg
vendor/fontawesome-free/svgs/regular/calendar-times.svg
vendor/fontawesome-free/svgs/regular/calendar-minus.svg
vendor/fontawesome-free/svgs/regular/money-bill-alt.svg
vendor/fontawesome-free/svgs/regular/object-ungroup.svg
vendor/fontawesome-free/svgs/regular/window-restore.svg
vendor/fontawesome-free/svgs/solid/charging-station.svg
vendor/fontawesome-free/svgs/solid/cloud-upload-alt.svg
vendor/fontawesome-free/svgs/solid/drafting-compass.svg
vendor/fontawesome-free/svgs/solid/file-medical-alt.svg
vendor/fontawesome-free/svgs/solid/grin-tongue-wink.svg
vendor/fontawesome-free/svgs/solid/hand-holding-usd.svg
vendor/fontawesome-free/svgs/solid/hand-point-right.svg
vendor/fontawesome-free/svgs/solid/meh-rolling-eyes.svg
vendor/fontawesome-free/svgs/solid/microphone-slash.svg
vendor/fontawesome-free/svgs/solid/place-of-worship.svg
vendor/fontawesome-free/svgs/solid/ruler-horizontal.svg
vendor/fontawesome-free/svgs/solid/share-alt-square.svg
vendor/fontawesome-free/svgs/solid/sort-amount-down.svg
vendor/fontawesome-free/svgs/solid/suitcase-rolling.svg
vendor/fontawesome-free/svgs/solid/thermometer-full.svg
vendor/fontawesome-free/svgs/solid/thermometer-half.svg
vendor/fontawesome-free/svgs/solid/universal-access.svg
vendor/fontawesome-free/svgs/brands/buromobelexperte.svg
vendor/fontawesome-free/svgs/brands/creative-commons.svg
vendor/fontawesome-free/svgs/brands/font-awesome-alt.svg
vendor/fontawesome-free/svgs/brands/fort-awesome-alt.svg
vendor/fontawesome-free/svgs/brands/phoenix-squadron.svg
vendor/fontawesome-free/svgs/brands/pinterest-square.svg
vendor/fontawesome-free/svgs/brands/trade-federation.svg
vendor/fontawesome-free/svgs/brands/wordpress-simple.svg
vendor/fontawesome-free/svgs/regular/caret-square-up.svg
vendor/fontawesome-free/svgs/regular/file-powerpoint.svg
vendor/fontawesome-free/svgs/regular/grin-beam-sweat.svg
vendor/fontawesome-free/svgs/regular/hand-point-left.svg
vendor/fontawesome-free/svgs/regular/hand-point-down.svg
vendor/fontawesome-free/svgs/regular/kiss-wink-heart.svg
vendor/fontawesome-free/svgs/regular/question-circle.svg
vendor/fontawesome-free/svgs/regular/window-minimize.svg
vendor/fontawesome-free/svgs/regular/window-maximize.svg
vendor/fontawesome-free/svgs/solid/angle-double-down.svg
vendor/fontawesome-free/svgs/solid/angle-double-left.svg
vendor/fontawesome-free/svgs/solid/arrow-circle-down.svg
vendor/fontawesome-free/svgs/solid/arrow-circle-left.svg
vendor/fontawesome-free/svgs/solid/audio-description.svg
vendor/fontawesome-free/svgs/solid/briefcase-medical.svg
vendor/fontawesome-free/svgs/solid/caret-square-down.svg
vendor/fontawesome-free/svgs/solid/caret-square-left.svg
vendor/fontawesome-free/svgs/solid/chevron-circle-up.svg
vendor/fontawesome-free/svgs/solid/closed-captioning.svg
vendor/fontawesome-free/svgs/solid/external-link-alt.svg
vendor/fontawesome-free/svgs/solid/expand-arrows-alt.svg
vendor/fontawesome-free/svgs/solid/file-prescription.svg
vendor/fontawesome-free/svgs/solid/fire-extinguisher.svg
vendor/fontawesome-free/svgs/solid/glass-martini-alt.svg
vendor/fontawesome-free/svgs/solid/grin-squint-tears.svg
vendor/fontawesome-free/svgs/solid/long-arrow-alt-up.svg
vendor/fontawesome-free/svgs/solid/sort-numeric-down.svg
vendor/fontawesome-free/svgs/solid/star-and-crescent.svg
vendor/fontawesome-free/svgs/solid/thermometer-empty.svg
vendor/fontawesome-free/svgs/brands/font-awesome-flag.svg
vendor/fontawesome-free/svgs/brands/galactic-republic.svg
vendor/fontawesome-free/svgs/brands/internet-explorer.svg
vendor/fontawesome-free/svgs/brands/phoenix-framework.svg
vendor/fontawesome-free/svgs/regular/grin-tongue-wink.svg
vendor/fontawesome-free/svgs/regular/hand-point-right.svg
vendor/fontawesome-free/svgs/regular/meh-rolling-eyes.svg
vendor/fontawesome-free/svgs/solid/angle-double-right.svg
vendor/fontawesome-free/svgs/solid/arrow-circle-right.svg
vendor/fontawesome-free/svgs/solid/caret-square-right.svg
vendor/fontawesome-free/svgs/solid/chalkboard-teacher.svg
vendor/fontawesome-free/svgs/solid/cloud-download-alt.svg
vendor/fontawesome-free/svgs/solid/digital-tachograph.svg
vendor/fontawesome-free/svgs/solid/envelope-open-text.svg
vendor/fontawesome-free/svgs/solid/exclamation-circle.svg
vendor/fontawesome-free/svgs/solid/greater-than-equal.svg
vendor/fontawesome-free/svgs/solid/grin-tongue-squint.svg
vendor/fontawesome-free/svgs/solid/hand-holding-heart.svg
vendor/fontawesome-free/svgs/brands/facebook-messenger.svg
vendor/fontawesome-free/svgs/brands/google-plus-square.svg
vendor/fontawesome-free/svgs/brands/hacker-news-square.svg
vendor/fontawesome-free/svgs/brands/stumbleupon-circle.svg
vendor/fontawesome-free/svgs/regular/caret-square-down.svg
vendor/fontawesome-free/svgs/regular/caret-square-left.svg
vendor/fontawesome-free/svgs/regular/closed-captioning.svg
vendor/fontawesome-free/svgs/regular/grin-squint-tears.svg
vendor/fontawesome-free/svgs/solid/arrow-alt-circle-up.svg
vendor/fontawesome-free/svgs/solid/chevron-circle-left.svg
vendor/fontawesome-free/svgs/solid/chevron-circle-down.svg
vendor/fontawesome-free/svgs/solid/file-invoice-dollar.svg
vendor/fontawesome-free/svgs/solid/long-arrow-alt-down.svg
vendor/fontawesome-free/svgs/solid/long-arrow-alt-left.svg
vendor/fontawesome-free/svgs/solid/money-bill-wave-alt.svg
vendor/fontawesome-free/svgs/solid/prescription-bottle.svg
vendor/fontawesome-free/svgs/solid/thermometer-quarter.svg
vendor/fontawesome-free/svgs/brands/creative-commons-by.svg
vendor/fontawesome-free/svgs/brands/creative-commons-nc.svg
vendor/fontawesome-free/svgs/brands/creative-commons-sa.svg
vendor/fontawesome-free/svgs/brands/creative-commons-pd.svg
vendor/fontawesome-free/svgs/brands/creative-commons-nd.svg
vendor/fontawesome-free/svgs/brands/wolf-pack-battalion.svg
vendor/fontawesome-free/svgs/regular/caret-square-right.svg
vendor/fontawesome-free/svgs/regular/grin-tongue-squint.svg
vendor/fontawesome-free/svgs/solid/chevron-circle-right.svg
vendor/fontawesome-free/svgs/solid/exclamation-triangle.svg
vendor/fontawesome-free/svgs/solid/long-arrow-alt-right.svg
vendor/fontawesome-free/svgs/solid/microphone-alt-slash.svg
vendor/fontawesome-free/svgs/brands/odnoklassniki-square.svg
vendor/fontawesome-free/svgs/brands/yandex-international.svg
vendor/fontawesome-free/svgs/regular/arrow-alt-circle-up.svg
vendor/fontawesome-free/svgs/solid/arrow-alt-circle-down.svg
vendor/fontawesome-free/svgs/solid/arrow-alt-circle-left.svg
vendor/fontawesome-free/svgs/solid/arrow-alt-circle-right.svg
vendor/fontawesome-free/svgs/solid/battery-three-quarters.svg
vendor/fontawesome-free/svgs/solid/font-awesome-logo-full.svg
vendor/fontawesome-free/svgs/brands/creative-commons-nc-eu.svg
vendor/fontawesome-free/svgs/brands/creative-commons-nc-jp.svg
vendor/fontawesome-free/svgs/brands/creative-commons-remix.svg
vendor/fontawesome-free/svgs/brands/creative-commons-share.svg
vendor/fontawesome-free/svgs/brands/font-awesome-logo-full.svg
vendor/fontawesome-free/svgs/regular/arrow-alt-circle-down.svg
vendor/fontawesome-free/svgs/regular/arrow-alt-circle-left.svg
vendor/fontawesome-free/svgs/solid/prescription-bottle-alt.svg
vendor/fontawesome-free/svgs/brands/creative-commons-pd-alt.svg
vendor/fontawesome-free/svgs/regular/arrow-alt-circle-right.svg
vendor/fontawesome-free/svgs/regular/font-awesome-logo-full.svg
vendor/fontawesome-free/svgs/solid/external-link-square-alt.svg
vendor/fontawesome-free/svgs/brands/creative-commons-sampling.svg
vendor/fontawesome-free/svgs/solid/thermometer-three-quarters.svg
vendor/fontawesome-free/svgs/solid/assistive-listening-systems.svg
vendor/fontawesome-free/svgs/brands/creative-commons-sampling-plus.svg
vendor/fontawesome-free/svgs/solid/american-sign-language-interpreting.svg
