404.html
blank.html
index.html
login.html
charts.html
tables.html
register.html
forgot-password.html
css/sb-admin.css
js/sb-admin.min.js
js/sb-admin.min.js.un
css/sb-admin.min.css.un
js/demo/chart-pie-demo.js
js/demo/chart-bar-demo.js
js/demo/chart-area-demo.js
js/demo/datatables-demo.js
vendor/jquery/jquery.min.js
vendor/chart.js/Chart.min.js
vendor/jquery/jquery.min.js.un
vendor/chart.js/Chart.min.js.un
vendor/jquery/jquery.slim.min.js.un
vendor/datatables/jquery.dataTables.js
vendor/chart.js/Chart.bundle.min.js.un
vendor/bootstrap/css/bootstrap.min.css
vendor/bootstrap/js/bootstrap.min.js.un
vendor/fontawesome-free/css/all.min.css
vendor/fontawesome-free/js/all.min.js.un
vendor/jquery-easing/jquery.easing.min.js
vendor/bootstrap/css/bootstrap.min.css.un
vendor/datatables/dataTables.bootstrap4.js
vendor/fontawesome-free/css/all.min.css.un
vendor/fontawesome-free/js/solid.min.js.un
vendor/datatables/dataTables.bootstrap4.css
vendor/bootstrap/js/bootstrap.bundle.min.js
vendor/fontawesome-free/js/brands.min.js.un
vendor/jquery-easing/jquery.easing.min.js.un
vendor/fontawesome-free/css/solid.min.css.un
vendor/fontawesome-free/js/regular.min.js.un
vendor/datatables/jquery.dataTables.min.js.un
vendor/fontawesome-free/css/brands.min.css.un
vendor/fontawesome-free/js/v4-shims.min.js.un
vendor/bootstrap/css/bootstrap-grid.min.css.un
vendor/bootstrap/js/bootstrap.bundle.min.js.un
vendor/fontawesome-free/css/regular.min.css.un
vendor/fontawesome-free/css/v4-shims.min.css.un
vendor/bootstrap/css/bootstrap-reboot.min.css.un
vendor/fontawesome-free/js/fontawesome.min.js.un
vendor/datatables/dataTables.bootstrap4.min.js.un
vendor/fontawesome-free/webfonts/fa-solid-900.eot
vendor/fontawesome-free/webfonts/fa-solid-900.svg
vendor/fontawesome-free/webfonts/fa-solid-900.ttf
vendor/datatables/dataTables.bootstrap4.min.css.un
vendor/fontawesome-free/css/svg-with-js.min.css.un
vendor/fontawesome-free/css/fontawesome.min.css.un
vendor/fontawesome-free/webfonts/fa-brands-400.eot
vendor/fontawesome-free/webfonts/fa-brands-400.svg
vendor/fontawesome-free/webfonts/fa-brands-400.ttf
vendor/fontawesome-free/webfonts/fa-solid-900.woff
vendor/fontawesome-free/webfonts/fa-regular-400.eot
vendor/fontawesome-free/webfonts/fa-brands-400.woff
vendor/fontawesome-free/webfonts/fa-regular-400.svg
vendor/fontawesome-free/webfonts/fa-regular-400.ttf
vendor/fontawesome-free/webfonts/fa-solid-900.woff2
vendor/fontawesome-free/webfonts/fa-brands-400.woff2
vendor/fontawesome-free/webfonts/fa-regular-400.woff
vendor/fontawesome-free/webfonts/fa-regular-400.woff2
