https://themesberg.com/product/admin-dashboard/volt-premium-bootstrap-5-dashboard
https://demo.themesberg.com/volt-pro
https://themesberg.s3.us-east-2.amazonaws.com/public/products/volt-pro-bootstrap-5-dashboard/volt-pro-preview.jpg
//cdn.jsdelivr.net/npm/sweetalert2@10
http://www.w3.org/2000/svg
https://github.com/themesberg/volt-bootstrap-5-dashboard
https://themesberg.com
https://themesberg.com/docs/volt-bootstrap-5-dashboard/components/accordions/
https://demo.themesberg.com/volt-pro/pages/kanban.html
https://themesberg.com/docs/volt-bootstrap-5-dashboard/plugins/kanban/
https://demo.themesberg.com/volt-pro/pages/map.html
https://themesberg.com/docs/volt-bootstrap-5-dashboard/plugins/mapbox/
https://demo.themesberg.com/volt-pro/pages/calendar.html
https://themesberg.com/docs/volt-bootstrap-5-dashboard/plugins/calendar/
https://themesberg.com/docs/volt-bootstrap-5-dashboard/getting-started/file-structure/
https://themesberg.com/docs/rocket/getting-started/overview/
https://demo.themesberg.com/volt-pro/index.html
https://themesberg.com/product/admin-dashboard/volt-bootstrap-5-dashboard
https://demo.themesberg.com/volt-react-dashboard/#/
https://twitter.com/themesberg
https://www.facebook.com/themesberg/
https://github.com/themesberg
https://dribbble.com/themesberg
https://themesberg.com/blog
https://themesberg.com/products
https://themesberg.com/about
https://themesberg.com/contact
https://themesberg.com/docs/volt-bootstrap-5-dashboard/getting-started/quick-start/
https://themesberg.com/docs/volt-bootstrap-5-dashboard/getting-started/changelog/
https://themesberg.com/licensing
https://cdnjs.cloudflare.com/ajax/libs/moment.js/2.27.0/moment.min.js
https://buttons.github.io/buttons.js
https://themesberg.com/themes
https://themesberg.com/docs/volt-bootstrap-5-dashboard/components/tables/
https://themesberg.com/docs/volt-bootstrap-5-dashboard/components/buttons/
https://themesberg.com/docs/volt-bootstrap-5-dashboard/plugins/sweet-alerts/
https://themesberg.com/docs/volt-bootstrap-5-dashboard/plugins/notifications/
https://themesberg.com/docs/volt-bootstrap-5-dashboard/components/forms/
https://themesberg.com/docs/volt-bootstrap-5-dashboard/components/modals/
https://themesberg.com/docs/volt-bootstrap-5-dashboard/foundation/typography/
