{'404.html': ['volt-bootstrap-5-dashboard/src/pages/examples/404.html',
              'volt-bootstrap-5-dashboard/html&css/pages/examples/404.html'],
 '500.html': ['volt-bootstrap-5-dashboard/src/pages/examples/500.html',
              'volt-bootstrap-5-dashboard/html&css/pages/examples/500.html'],
 'bootstrap-tables.html': ['volt-bootstrap-5-dashboard/src/pages/tables/bootstrap-tables.html',
                           'volt-bootstrap-5-dashboard/html&css/pages/tables/bootstrap-tables.html'],
 'buttons.html': ['volt-bootstrap-5-dashboard/src/pages/components/buttons.html',
                  'volt-bootstrap-5-dashboard/html&css/pages/components/buttons.html'],
 'dashboard.html': ['volt-bootstrap-5-dashboard/src/pages/dashboard/dashboard.html',
                    'volt-bootstrap-5-dashboard/html&css/pages/dashboard/dashboard.html'],
 'forgot-password.html': ['volt-bootstrap-5-dashboard/src/pages/examples/forgot-password.html',
                          'volt-bootstrap-5-dashboard/html&css/pages/examples/forgot-password.html'],
 'forms.html': ['volt-bootstrap-5-dashboard/src/pages/components/forms.html',
                'volt-bootstrap-5-dashboard/html&css/pages/components/forms.html'],
 'index.html': ['volt-bootstrap-5-dashboard/src/index.html',
                'volt-bootstrap-5-dashboard/html&css/index.html'],
 'lock.html': ['volt-bootstrap-5-dashboard/src/pages/examples/lock.html',
               'volt-bootstrap-5-dashboard/html&css/pages/examples/lock.html'],
 'modals.html': ['volt-bootstrap-5-dashboard/src/pages/components/modals.html',
                 'volt-bootstrap-5-dashboard/html&css/pages/components/modals.html'],
 'notifications.html': ['volt-bootstrap-5-dashboard/src/pages/components/notifications.html',
                        'volt-bootstrap-5-dashboard/html&css/pages/components/notifications.html'],
 'reset-password.html': ['volt-bootstrap-5-dashboard/src/pages/examples/reset-password.html',
                         'volt-bootstrap-5-dashboard/html&css/pages/examples/reset-password.html'],
 'settings.html': ['volt-bootstrap-5-dashboard/src/pages/settings.html',
                   'volt-bootstrap-5-dashboard/html&css/pages/settings.html'],
 'sign-in.html': ['volt-bootstrap-5-dashboard/src/pages/examples/sign-in.html',
                  'volt-bootstrap-5-dashboard/html&css/pages/examples/sign-in.html'],
 'sign-up.html': ['volt-bootstrap-5-dashboard/src/pages/examples/sign-up.html',
                  'volt-bootstrap-5-dashboard/html&css/pages/examples/sign-up.html'],
 'transactions.html': ['volt-bootstrap-5-dashboard/src/pages/transactions.html',
                       'volt-bootstrap-5-dashboard/html&css/pages/transactions.html'],
 'typography.html': ['volt-bootstrap-5-dashboard/src/pages/components/typography.html',
                     'volt-bootstrap-5-dashboard/html&css/pages/components/typography.html'],
 'upgrade-to-pro.html': ['volt-bootstrap-5-dashboard/src/pages/upgrade-to-pro.html',
                         'volt-bootstrap-5-dashboard/html&css/pages/upgrade-to-pro.html']}
