assets/img/favicon/apple-touch-icon.png
assets/img/favicon/favicon-32x32.png
assets/img/favicon/favicon-16x16.png
assets/img/favicon/safari-pinned-tab.svg
assets/img/brand/light.svg
assets/img/themesberg.svg
assets/img/mockup-presentation.png
assets/img/illustrations/bs5-illustrations.svg
assets/img/mockup-kanban-presentation.png
assets/img/mockup-map-presentation.png
assets/img/mockup-calendar-presentation.png
assets/img/pages/overview.jpg
assets/img/pages/transactions.jpg
assets/img/pages/settings.jpg
assets/img/pages/sign-in.jpg
assets/img/pages/sign-up.jpg
assets/img/pages/lock.jpg
assets/img/pages/forgot-password.jpg
assets/img/pages/reset-password.jpg
assets/img/pages/404.jpg
assets/img/pages/500.jpg
assets/img/technologies/bootstrap-5-logo.svg
assets/img/technologies/react-logo.svg
assets/img/themesberg-logo-alt.svg
assets/img/brand/dark.svg
assets/img/team/profile-picture-3.jpg
assets/img/team/profile-picture-1.jpg
assets/img/team/profile-picture-2.jpg
assets/img/team/profile-picture-4.jpg
assets/img/team/profile-picture-5.jpg
assets/img/illustrations/signin.svg
assets/img/profile-cover.jpg
assets/img/illustrations/404.svg
assets/img/illustrations/500.svg
assets/img/flags/united-states-of-america.svg
assets/img/flags/canada.svg
assets/img/flags/united-kingdom.svg
assets/img/flags/france.svg
assets/img/flags/japan.svg
assets/img/flags/germany.svg
