index.html
dashboard.html
sign-in.html
sign-up.html
lock.html
transactions.html
settings.html
forgot-password.html
reset-password.html
404.html
500.html
bootstrap-tables.html
buttons.html
notifications.html
forms.html
modals.html
typography.html
upgrade-to-pro.html
css/volt.css
assets/js/volt.js
assets/img/pages/404.jpg
assets/img/pages/500.jpg
vendor/notyf/notyf.min.js
assets/img/pages/lock.jpg
assets/img/brand/dark.svg
assets/img/themesberg.svg
vendor/notyf/notyf.min.css
assets/img/flags/japan.svg
assets/img/brand/light.svg
assets/img/flags/canada.svg
assets/img/flags/france.svg
assets/img/pages/sign-up.jpg
assets/img/pages/sign-in.jpg
assets/img/flags/germany.svg
assets/img/profile-cover.jpg
assets/img/pages/overview.jpg
assets/img/pages/settings.jpg
assets/img/illustrations/500.svg
assets/img/illustrations/404.svg
assets/img/pages/transactions.jpg
assets/img/themesberg-logo-alt.svg
assets/img/mockup-presentation.png
assets/img/pages/reset-password.jpg
assets/img/illustrations/signin.svg
assets/img/flags/united-kingdom.svg
assets/img/favicon/site.webmanifest
vendor/chartist/dist/chartist.min.js
assets/img/pages/forgot-password.jpg
assets/img/favicon/favicon-16x16.png
assets/img/favicon/favicon-32x32.png
assets/img/team/profile-picture-5.jpg
assets/img/team/profile-picture-4.jpg
assets/img/team/profile-picture-3.jpg
assets/img/team/profile-picture-1.jpg
assets/img/team/profile-picture-2.jpg
vendor/simplebar/dist/simplebar.min.js
assets/img/technologies/react-logo.svg
assets/img/mockup-map-presentation.png
assets/img/favicon/apple-touch-icon.png
assets/img/favicon/safari-pinned-tab.svg
vendor/onscreen/dist/on-screen.umd.min.js
vendor/bootstrap/dist/js/bootstrap.min.js
assets/img/mockup-kanban-presentation.png
vendor/sweetalert2/dist/sweetalert2.min.css
assets/img/mockup-calendar-presentation.png
vendor/@popperjs/core/dist/umd/popper.min.js
assets/img/technologies/bootstrap-5-logo.svg
assets/img/flags/united-states-of-america.svg
vendor/sweetalert2/dist/sweetalert2.all.min.js
vendor/nouislider/distribute/nouislider.min.js
assets/img/illustrations/bs5-illustrations.svg
vendor/@fortawesome/fontawesome-free/css/all.min.css
vendor/vanillajs-datepicker/dist/js/datepicker.min.js
vendor/smooth-scroll/dist/smooth-scroll.polyfills.min.js
vendor/@fortawesome/fontawesome-free/webfonts/fa-solid-900.ttf
vendor/@fortawesome/fontawesome-free/webfonts/fa-solid-900.eot
vendor/@fortawesome/fontawesome-free/webfonts/fa-solid-900.svg
vendor/@fortawesome/fontawesome-free/webfonts/fa-brands-400.svg
vendor/@fortawesome/fontawesome-free/webfonts/fa-brands-400.ttf
vendor/@fortawesome/fontawesome-free/webfonts/fa-solid-900.woff
vendor/@fortawesome/fontawesome-free/webfonts/fa-brands-400.eot
vendor/@fortawesome/fontawesome-free/webfonts/fa-regular-400.ttf
vendor/@fortawesome/fontawesome-free/webfonts/fa-regular-400.eot
vendor/@fortawesome/fontawesome-free/webfonts/fa-regular-400.svg
vendor/@fortawesome/fontawesome-free/webfonts/fa-solid-900.woff2
vendor/@fortawesome/fontawesome-free/webfonts/fa-brands-400.woff
vendor/@fortawesome/fontawesome-free/webfonts/fa-brands-400.woff2
vendor/@fortawesome/fontawesome-free/webfonts/fa-regular-400.woff
vendor/@fortawesome/fontawesome-free/webfonts/fa-regular-400.woff2
vendor/chartist-plugin-tooltips/dist/chartist-plugin-tooltip.min.js
vendor/notyf/notyf.min.js.un
vendor/notyf/notyf.min.css.un
vendor/chartist/dist/chartist.min.js.un
vendor/chartist/dist/chartist.min.css.un
vendor/simplebar/dist/simplebar.min.js.un
vendor/simplebar/dist/simplebar.min.css.un
vendor/onscreen/dist/on-screen.umd.min.js.un
vendor/bootstrap/dist/js/bootstrap.min.js.un
vendor/sweetalert2/dist/sweetalert2.min.js.un
vendor/waypoints/lib/zepto.waypoints.min.js.un
vendor/sweetalert2/dist/sweetalert2.min.css.un
vendor/bootstrap/dist/css/bootstrap.min.css.un
vendor/waypoints/lib/shortcuts/sticky.min.js.un
vendor/waypoints/lib/shortcuts/inview.min.js.un
vendor/waypoints/lib/jquery.waypoints.min.js.un
vendor/@popperjs/core/dist/umd/popper.min.js.un
vendor/bootstrap/dist/js/bootstrap.esm.min.js.un
vendor/waypoints/lib/shortcuts/infinite.min.js.un
vendor/sweetalert2/dist/sweetalert2.all.min.js.un
vendor/smooth-scroll/dist/smooth-scroll.min.js.un
vendor/nouislider/distribute/nouislider.min.js.un
vendor/nouislider/distribute/nouislider.min.css.un
vendor/bootstrap/dist/css/bootstrap.rtl.min.css.un
vendor/bootstrap/dist/css/bootstrap-grid.min.css.un
vendor/bootstrap/dist/js/bootstrap.bundle.min.js.un
vendor/waypoints/lib/noframework.waypoints.min.js.un
vendor/@popperjs/core/dist/umd/popper-lite.min.js.un
vendor/@popperjs/core/dist/umd/popper-base.min.js.un
vendor/bootstrap/dist/css/bootstrap-reboot.min.css.un
vendor/@fortawesome/fontawesome-free/js/all.min.js.un
vendor/bootstrap/dist/css/bootstrap-grid.rtl.min.css.un
vendor/@fortawesome/fontawesome-free/js/solid.min.js.un
vendor/@fortawesome/fontawesome-free/css/all.min.css.un
vendor/vanillajs-datepicker/dist/js/datepicker.min.js.un
vendor/bootstrap/dist/css/bootstrap-utilities.min.css.un
vendor/@fortawesome/fontawesome-free/js/brands.min.js.un
vendor/bootstrap/dist/css/bootstrap-reboot.rtl.min.css.un
vendor/@fortawesome/fontawesome-free/js/regular.min.js.un
vendor/@fortawesome/fontawesome-free/css/solid.min.css.un
vendor/vanillajs-datepicker/dist/css/datepicker.min.css.un
vendor/@fortawesome/fontawesome-free/js/v4-shims.min.js.un
vendor/@fortawesome/fontawesome-free/css/brands.min.css.un
vendor/smooth-scroll/dist/smooth-scroll.polyfills.min.js.un
vendor/@fortawesome/fontawesome-free/css/regular.min.css.un
vendor/bootstrap/dist/css/bootstrap-utilities.rtl.min.css.un
vendor/@fortawesome/fontawesome-free/css/v4-shims.min.css.un
vendor/vanillajs-datepicker/dist/js/datepicker-full.min.js.un
vendor/@fortawesome/fontawesome-free/js/fontawesome.min.js.un
vendor/vanillajs-datepicker/dist/css/datepicker-bs4.min.css.un
vendor/@fortawesome/fontawesome-free/css/fontawesome.min.css.un
vendor/@fortawesome/fontawesome-free/css/svg-with-js.min.css.un
vendor/vanillajs-datepicker/dist/css/datepicker-bulma.min.css.un
volt-bootstrap-5-dashboard/html&css/vendor/notyf/notyf.min.js.un
volt-bootstrap-5-dashboard/html&css/vendor/notyf/notyf.min.css.un
vendor/@fortawesome/fontawesome-free/js/conflict-detection.min.js.un
vendor/vanillajs-datepicker/dist/css/datepicker-foundation.min.css.un
vendor/chartist-plugin-tooltips/dist/chartist-plugin-tooltip.min.js.un
volt-bootstrap-5-dashboard/html&css/vendor/chartist/dist/chartist.min.js.un
volt-bootstrap-5-dashboard/html&css/vendor/chartist/dist/chartist.min.css.un
volt-bootstrap-5-dashboard/html&css/vendor/simplebar/dist/simplebar.min.js.un
volt-bootstrap-5-dashboard/html&css/vendor/simplebar/dist/simplebar.min.css.un
volt-bootstrap-5-dashboard/html&css/vendor/onscreen/dist/on-screen.umd.min.js.un
volt-bootstrap-5-dashboard/html&css/vendor/bootstrap/dist/js/bootstrap.min.js.un
volt-bootstrap-5-dashboard/html&css/vendor/sweetalert2/dist/sweetalert2.min.js.un
volt-bootstrap-5-dashboard/html&css/vendor/waypoints/lib/zepto.waypoints.min.js.un
volt-bootstrap-5-dashboard/html&css/vendor/sweetalert2/dist/sweetalert2.min.css.un
volt-bootstrap-5-dashboard/html&css/vendor/bootstrap/dist/css/bootstrap.min.css.un
volt-bootstrap-5-dashboard/html&css/vendor/waypoints/lib/shortcuts/sticky.min.js.un
volt-bootstrap-5-dashboard/html&css/vendor/waypoints/lib/shortcuts/inview.min.js.un
volt-bootstrap-5-dashboard/html&css/vendor/waypoints/lib/jquery.waypoints.min.js.un
volt-bootstrap-5-dashboard/html&css/vendor/@popperjs/core/dist/umd/popper.min.js.un
volt-bootstrap-5-dashboard/html&css/vendor/bootstrap/dist/js/bootstrap.esm.min.js.un
volt-bootstrap-5-dashboard/html&css/vendor/waypoints/lib/shortcuts/infinite.min.js.un
volt-bootstrap-5-dashboard/html&css/vendor/sweetalert2/dist/sweetalert2.all.min.js.un
volt-bootstrap-5-dashboard/html&css/vendor/smooth-scroll/dist/smooth-scroll.min.js.un
volt-bootstrap-5-dashboard/html&css/vendor/nouislider/distribute/nouislider.min.js.un
volt-bootstrap-5-dashboard/html&css/vendor/nouislider/distribute/nouislider.min.css.un
volt-bootstrap-5-dashboard/html&css/vendor/bootstrap/dist/css/bootstrap.rtl.min.css.un
volt-bootstrap-5-dashboard/html&css/vendor/bootstrap/dist/css/bootstrap-grid.min.css.un
volt-bootstrap-5-dashboard/html&css/vendor/bootstrap/dist/js/bootstrap.bundle.min.js.un
volt-bootstrap-5-dashboard/html&css/vendor/waypoints/lib/noframework.waypoints.min.js.un
volt-bootstrap-5-dashboard/html&css/vendor/@popperjs/core/dist/umd/popper-lite.min.js.un
volt-bootstrap-5-dashboard/html&css/vendor/@popperjs/core/dist/umd/popper-base.min.js.un
volt-bootstrap-5-dashboard/html&css/vendor/bootstrap/dist/css/bootstrap-reboot.min.css.un
volt-bootstrap-5-dashboard/html&css/vendor/@fortawesome/fontawesome-free/js/all.min.js.un
volt-bootstrap-5-dashboard/html&css/vendor/bootstrap/dist/css/bootstrap-grid.rtl.min.css.un
volt-bootstrap-5-dashboard/html&css/vendor/@fortawesome/fontawesome-free/js/solid.min.js.un
volt-bootstrap-5-dashboard/html&css/vendor/@fortawesome/fontawesome-free/css/all.min.css.un
volt-bootstrap-5-dashboard/html&css/vendor/vanillajs-datepicker/dist/js/datepicker.min.js.un
volt-bootstrap-5-dashboard/html&css/vendor/bootstrap/dist/css/bootstrap-utilities.min.css.un
volt-bootstrap-5-dashboard/html&css/vendor/@fortawesome/fontawesome-free/js/brands.min.js.un
volt-bootstrap-5-dashboard/html&css/vendor/bootstrap/dist/css/bootstrap-reboot.rtl.min.css.un
volt-bootstrap-5-dashboard/html&css/vendor/@fortawesome/fontawesome-free/js/regular.min.js.un
volt-bootstrap-5-dashboard/html&css/vendor/@fortawesome/fontawesome-free/css/solid.min.css.un
volt-bootstrap-5-dashboard/html&css/vendor/vanillajs-datepicker/dist/css/datepicker.min.css.un
volt-bootstrap-5-dashboard/html&css/vendor/@fortawesome/fontawesome-free/js/v4-shims.min.js.un
volt-bootstrap-5-dashboard/html&css/vendor/@fortawesome/fontawesome-free/css/brands.min.css.un
volt-bootstrap-5-dashboard/html&css/vendor/smooth-scroll/dist/smooth-scroll.polyfills.min.js.un
volt-bootstrap-5-dashboard/html&css/vendor/@fortawesome/fontawesome-free/css/regular.min.css.un
volt-bootstrap-5-dashboard/html&css/vendor/bootstrap/dist/css/bootstrap-utilities.rtl.min.css.un
volt-bootstrap-5-dashboard/html&css/vendor/@fortawesome/fontawesome-free/css/v4-shims.min.css.un
volt-bootstrap-5-dashboard/html&css/vendor/vanillajs-datepicker/dist/js/datepicker-full.min.js.un
volt-bootstrap-5-dashboard/html&css/vendor/@fortawesome/fontawesome-free/js/fontawesome.min.js.un
volt-bootstrap-5-dashboard/html&css/vendor/vanillajs-datepicker/dist/css/datepicker-bs4.min.css.un
volt-bootstrap-5-dashboard/html&css/vendor/@fortawesome/fontawesome-free/css/fontawesome.min.css.un
volt-bootstrap-5-dashboard/html&css/vendor/@fortawesome/fontawesome-free/css/svg-with-js.min.css.un
volt-bootstrap-5-dashboard/html&css/vendor/vanillajs-datepicker/dist/css/datepicker-bulma.min.css.un
volt-bootstrap-5-dashboard/html&css/vendor/@fortawesome/fontawesome-free/js/conflict-detection.min.js.un
volt-bootstrap-5-dashboard/html&css/vendor/vanillajs-datepicker/dist/css/datepicker-foundation.min.css.un
volt-bootstrap-5-dashboard/html&css/vendor/chartist-plugin-tooltips/dist/chartist-plugin-tooltip.min.js.un
